ARM GAS  C:\Users\jthem\AppData\Local\Temp\cc6wwKYD.s 			page 1


   1              		.syntax unified
   2              		.cpu cortex-m3
   3              		.fpu softvfp
   4              		.eabi_attribute 20, 1
   5              		.eabi_attribute 21, 1
   6              		.eabi_attribute 23, 3
   7              		.eabi_attribute 24, 1
   8              		.eabi_attribute 25, 1
   9              		.eabi_attribute 26, 1
  10              		.eabi_attribute 30, 6
  11              		.eabi_attribute 34, 1
  12              		.eabi_attribute 18, 4
  13              		.thumb
  14              		.file	"PrISM_PM.c"
  15              		.text
  16              	.Ltext0:
  17              		.cfi_sections	.debug_frame
  18              		.data
  19              		.align	2
  20              		.type	PrISM_backup, %object
  21              		.size	PrISM_backup, 8
  22              	PrISM_backup:
  23 0000 00       		.byte	0
  24 0001 00       		.byte	0
  25 0002 FF0F     		.short	4095
  26 0004 FF0F     		.short	4095
  27 0006 A00C     		.short	3232
  28              		.section	.text.PrISM_SaveConfig,"ax",%progbits
  29              		.align	2
  30              		.global	PrISM_SaveConfig
  31              		.thumb
  32              		.thumb_func
  33              		.type	PrISM_SaveConfig, %function
  34              	PrISM_SaveConfig:
  35              	.LFB0:
  36              		.file 1 ".\\Generated_Source\\PSoC5\\PrISM_PM.c"
   1:.\Generated_Source\PSoC5/PrISM_PM.c **** /*******************************************************************************
   2:.\Generated_Source\PSoC5/PrISM_PM.c **** * File Name: PrISM_PM.c
   3:.\Generated_Source\PSoC5/PrISM_PM.c **** * Version 2.20
   4:.\Generated_Source\PSoC5/PrISM_PM.c **** *
   5:.\Generated_Source\PSoC5/PrISM_PM.c **** * Description:
   6:.\Generated_Source\PSoC5/PrISM_PM.c **** *  This file provides Sleep/WakeUp APIs functionality of the PrISM component
   7:.\Generated_Source\PSoC5/PrISM_PM.c **** *
   8:.\Generated_Source\PSoC5/PrISM_PM.c **** * Note:
   9:.\Generated_Source\PSoC5/PrISM_PM.c **** *
  10:.\Generated_Source\PSoC5/PrISM_PM.c **** ********************************************************************************
  11:.\Generated_Source\PSoC5/PrISM_PM.c **** * Copyright 2008-2012, Cypress Semiconductor Corporation.  All rights reserved.
  12:.\Generated_Source\PSoC5/PrISM_PM.c **** * You may use this file only in accordance with the license, terms, conditions, 
  13:.\Generated_Source\PSoC5/PrISM_PM.c **** * disclaimers, and limitations in the end user license agreement accompanying 
  14:.\Generated_Source\PSoC5/PrISM_PM.c **** * the software package with which this file was provided.
  15:.\Generated_Source\PSoC5/PrISM_PM.c **** *******************************************************************************/
  16:.\Generated_Source\PSoC5/PrISM_PM.c **** 
  17:.\Generated_Source\PSoC5/PrISM_PM.c **** #include "PrISM.h"
  18:.\Generated_Source\PSoC5/PrISM_PM.c **** 
  19:.\Generated_Source\PSoC5/PrISM_PM.c **** 
  20:.\Generated_Source\PSoC5/PrISM_PM.c **** /***************************************
  21:.\Generated_Source\PSoC5/PrISM_PM.c **** * Local data allocation
ARM GAS  C:\Users\jthem\AppData\Local\Temp\cc6wwKYD.s 			page 2


  22:.\Generated_Source\PSoC5/PrISM_PM.c **** ***************************************/
  23:.\Generated_Source\PSoC5/PrISM_PM.c **** static PrISM_BACKUP_STRUCT  PrISM_backup = 
  24:.\Generated_Source\PSoC5/PrISM_PM.c **** {
  25:.\Generated_Source\PSoC5/PrISM_PM.c ****     /* enableState */
  26:.\Generated_Source\PSoC5/PrISM_PM.c ****     0u,
  27:.\Generated_Source\PSoC5/PrISM_PM.c ****     /* cr */
  28:.\Generated_Source\PSoC5/PrISM_PM.c ****     #if(!PrISM_PULSE_TYPE_HARDCODED)
  29:.\Generated_Source\PSoC5/PrISM_PM.c ****        (((PrISM_GREATERTHAN_OR_EQUAL == PrISM_COMPARE0) ? \
  30:.\Generated_Source\PSoC5/PrISM_PM.c ****                                                 PrISM_CTRL_COMPARE_TYPE0_GREATER_THAN_OR_EQUAL : 0u
  31:.\Generated_Source\PSoC5/PrISM_PM.c ****         ((PrISM_GREATERTHAN_OR_EQUAL == PrISM_COMPARE1) ? \
  32:.\Generated_Source\PSoC5/PrISM_PM.c ****                                                 PrISM_CTRL_COMPARE_TYPE1_GREATER_THAN_OR_EQUAL : 0u
  33:.\Generated_Source\PSoC5/PrISM_PM.c ****     #endif /* End PrISM_PULSE_TYPE_HARDCODED */
  34:.\Generated_Source\PSoC5/PrISM_PM.c ****     /* seed */    
  35:.\Generated_Source\PSoC5/PrISM_PM.c ****     PrISM_SEED,
  36:.\Generated_Source\PSoC5/PrISM_PM.c ****     /* seed_copy */    
  37:.\Generated_Source\PSoC5/PrISM_PM.c ****     PrISM_SEED,
  38:.\Generated_Source\PSoC5/PrISM_PM.c ****     /* polynom */
  39:.\Generated_Source\PSoC5/PrISM_PM.c ****     PrISM_POLYNOM,
  40:.\Generated_Source\PSoC5/PrISM_PM.c ****     #if(CY_UDB_V0)
  41:.\Generated_Source\PSoC5/PrISM_PM.c ****         /* density0 */
  42:.\Generated_Source\PSoC5/PrISM_PM.c ****         PrISM_DENSITY0,
  43:.\Generated_Source\PSoC5/PrISM_PM.c ****         /* density1 */
  44:.\Generated_Source\PSoC5/PrISM_PM.c ****         PrISM_DENSITY1,
  45:.\Generated_Source\PSoC5/PrISM_PM.c ****     #endif /*End CY_UDB_V0*/
  46:.\Generated_Source\PSoC5/PrISM_PM.c **** };
  47:.\Generated_Source\PSoC5/PrISM_PM.c **** 
  48:.\Generated_Source\PSoC5/PrISM_PM.c **** 
  49:.\Generated_Source\PSoC5/PrISM_PM.c **** /*******************************************************************************
  50:.\Generated_Source\PSoC5/PrISM_PM.c **** * Function Name: PrISM_SaveConfig
  51:.\Generated_Source\PSoC5/PrISM_PM.c **** ********************************************************************************
  52:.\Generated_Source\PSoC5/PrISM_PM.c **** *
  53:.\Generated_Source\PSoC5/PrISM_PM.c **** * Summary:
  54:.\Generated_Source\PSoC5/PrISM_PM.c **** *  Saves the current user configuration.
  55:.\Generated_Source\PSoC5/PrISM_PM.c **** *  
  56:.\Generated_Source\PSoC5/PrISM_PM.c **** * Parameters:  
  57:.\Generated_Source\PSoC5/PrISM_PM.c **** *  None.
  58:.\Generated_Source\PSoC5/PrISM_PM.c **** *
  59:.\Generated_Source\PSoC5/PrISM_PM.c **** * Return: 
  60:.\Generated_Source\PSoC5/PrISM_PM.c **** *  None.
  61:.\Generated_Source\PSoC5/PrISM_PM.c **** *
  62:.\Generated_Source\PSoC5/PrISM_PM.c **** * Global Variables:
  63:.\Generated_Source\PSoC5/PrISM_PM.c **** *  PrISM_backup - modified when non-retention registers are saved.
  64:.\Generated_Source\PSoC5/PrISM_PM.c **** *
  65:.\Generated_Source\PSoC5/PrISM_PM.c **** * Reentrant:
  66:.\Generated_Source\PSoC5/PrISM_PM.c **** *  No.
  67:.\Generated_Source\PSoC5/PrISM_PM.c **** *
  68:.\Generated_Source\PSoC5/PrISM_PM.c **** *******************************************************************************/
  69:.\Generated_Source\PSoC5/PrISM_PM.c **** void PrISM_SaveConfig(void) 
  70:.\Generated_Source\PSoC5/PrISM_PM.c **** {
  37              		.loc 1 70 0
  38              		.cfi_startproc
  39              		@ args = 0, pretend = 0, frame = 0
  40              		@ frame_needed = 1, uses_anonymous_args = 0
  41 0000 80B5     		push	{r7, lr}
  42              		.cfi_def_cfa_offset 8
  43              		.cfi_offset 7, -8
  44              		.cfi_offset 14, -4
ARM GAS  C:\Users\jthem\AppData\Local\Temp\cc6wwKYD.s 			page 3


  45 0002 00AF     		add	r7, sp, #0
  46              		.cfi_def_cfa_register 7
  71:.\Generated_Source\PSoC5/PrISM_PM.c ****     #if (CY_UDB_V0)
  72:.\Generated_Source\PSoC5/PrISM_PM.c ****         #if(!PrISM_PULSE_TYPE_HARDCODED)
  73:.\Generated_Source\PSoC5/PrISM_PM.c ****             PrISM_backup.cr = PrISM_CONTROL_REG;
  74:.\Generated_Source\PSoC5/PrISM_PM.c ****         #endif /* End PrISM_PULSE_TYPE_HARDCODED */
  75:.\Generated_Source\PSoC5/PrISM_PM.c ****         PrISM_backup.seed = PrISM_ReadSeed();
  76:.\Generated_Source\PSoC5/PrISM_PM.c ****         PrISM_backup.seed_copy = CY_GET_REG16(PrISM_SEED_COPY_PTR);
  77:.\Generated_Source\PSoC5/PrISM_PM.c ****         PrISM_backup.polynom = PrISM_ReadPolynomial();
  78:.\Generated_Source\PSoC5/PrISM_PM.c ****         PrISM_backup.density0 = PrISM_ReadPulse0();
  79:.\Generated_Source\PSoC5/PrISM_PM.c ****         PrISM_backup.density1 = PrISM_ReadPulse1();
  80:.\Generated_Source\PSoC5/PrISM_PM.c ****     #else /* CY_UDB_V1 */
  81:.\Generated_Source\PSoC5/PrISM_PM.c ****         #if(!PrISM_PULSE_TYPE_HARDCODED)
  82:.\Generated_Source\PSoC5/PrISM_PM.c ****             PrISM_backup.cr = PrISM_CONTROL_REG;
  47              		.loc 1 82 0
  48 0004 0B4B     		ldr	r3, .L2
  49 0006 1B78     		ldrb	r3, [r3]
  50 0008 DAB2     		uxtb	r2, r3
  51 000a 0B4B     		ldr	r3, .L2+4
  52 000c 5A70     		strb	r2, [r3, #1]
  83:.\Generated_Source\PSoC5/PrISM_PM.c ****         #endif /* End PrISM_PULSE_TYPE_HARDCODED */
  84:.\Generated_Source\PSoC5/PrISM_PM.c ****         PrISM_backup.seed = PrISM_ReadSeed();
  53              		.loc 1 84 0
  54 000e FFF7FEFF 		bl	PrISM_ReadSeed
  55 0012 0346     		mov	r3, r0
  56 0014 1A46     		mov	r2, r3
  57 0016 084B     		ldr	r3, .L2+4
  58 0018 5A80     		strh	r2, [r3, #2]	@ movhi
  85:.\Generated_Source\PSoC5/PrISM_PM.c ****         PrISM_backup.seed_copy = CY_GET_REG16(PrISM_SEED_COPY_PTR);
  59              		.loc 1 85 0
  60 001a 084B     		ldr	r3, .L2+8
  61 001c 1B88     		ldrh	r3, [r3]	@ movhi
  62 001e 9AB2     		uxth	r2, r3
  63 0020 054B     		ldr	r3, .L2+4
  64 0022 9A80     		strh	r2, [r3, #4]	@ movhi
  86:.\Generated_Source\PSoC5/PrISM_PM.c ****         PrISM_backup.polynom = PrISM_ReadPolynomial();
  65              		.loc 1 86 0
  66 0024 FFF7FEFF 		bl	PrISM_ReadPolynomial
  67 0028 0346     		mov	r3, r0
  68 002a 1A46     		mov	r2, r3
  69 002c 024B     		ldr	r3, .L2+4
  70 002e DA80     		strh	r2, [r3, #6]	@ movhi
  87:.\Generated_Source\PSoC5/PrISM_PM.c ****     #endif  /* CY_UDB_V0 */
  88:.\Generated_Source\PSoC5/PrISM_PM.c **** }
  71              		.loc 1 88 0
  72 0030 80BD     		pop	{r7, pc}
  73              	.L3:
  74 0032 00BF     		.align	2
  75              	.L2:
  76 0034 7B640040 		.word	1073767547
  77 0038 00000000 		.word	PrISM_backup
  78 003c 94680040 		.word	1073768596
  79              		.cfi_endproc
  80              	.LFE0:
  81              		.size	PrISM_SaveConfig, .-PrISM_SaveConfig
  82              		.section	.text.PrISM_RestoreConfig,"ax",%progbits
  83              		.align	2
ARM GAS  C:\Users\jthem\AppData\Local\Temp\cc6wwKYD.s 			page 4


  84              		.global	PrISM_RestoreConfig
  85              		.thumb
  86              		.thumb_func
  87              		.type	PrISM_RestoreConfig, %function
  88              	PrISM_RestoreConfig:
  89              	.LFB1:
  89:.\Generated_Source\PSoC5/PrISM_PM.c **** 
  90:.\Generated_Source\PSoC5/PrISM_PM.c **** 
  91:.\Generated_Source\PSoC5/PrISM_PM.c **** /*******************************************************************************
  92:.\Generated_Source\PSoC5/PrISM_PM.c **** * Function Name: PrISM_RestoreConfig
  93:.\Generated_Source\PSoC5/PrISM_PM.c **** ********************************************************************************
  94:.\Generated_Source\PSoC5/PrISM_PM.c **** *
  95:.\Generated_Source\PSoC5/PrISM_PM.c **** * Summary:
  96:.\Generated_Source\PSoC5/PrISM_PM.c **** *  Restores the current user configuration.
  97:.\Generated_Source\PSoC5/PrISM_PM.c **** *
  98:.\Generated_Source\PSoC5/PrISM_PM.c **** * Parameters:  
  99:.\Generated_Source\PSoC5/PrISM_PM.c **** *  None.
 100:.\Generated_Source\PSoC5/PrISM_PM.c **** *
 101:.\Generated_Source\PSoC5/PrISM_PM.c **** * Return: 
 102:.\Generated_Source\PSoC5/PrISM_PM.c **** *  None.
 103:.\Generated_Source\PSoC5/PrISM_PM.c **** *
 104:.\Generated_Source\PSoC5/PrISM_PM.c **** * Global Variables:
 105:.\Generated_Source\PSoC5/PrISM_PM.c **** *  PrISM_backup - used when non-retention registers are restored.
 106:.\Generated_Source\PSoC5/PrISM_PM.c **** *
 107:.\Generated_Source\PSoC5/PrISM_PM.c **** *******************************************************************************/
 108:.\Generated_Source\PSoC5/PrISM_PM.c **** void PrISM_RestoreConfig(void) 
 109:.\Generated_Source\PSoC5/PrISM_PM.c **** {
  90              		.loc 1 109 0
  91              		.cfi_startproc
  92              		@ args = 0, pretend = 0, frame = 0
  93              		@ frame_needed = 1, uses_anonymous_args = 0
  94 0000 80B5     		push	{r7, lr}
  95              		.cfi_def_cfa_offset 8
  96              		.cfi_offset 7, -8
  97              		.cfi_offset 14, -4
  98 0002 00AF     		add	r7, sp, #0
  99              		.cfi_def_cfa_register 7
 110:.\Generated_Source\PSoC5/PrISM_PM.c ****     #if (CY_UDB_V0)
 111:.\Generated_Source\PSoC5/PrISM_PM.c ****     
 112:.\Generated_Source\PSoC5/PrISM_PM.c ****         uint8 enableInterrupts;
 113:.\Generated_Source\PSoC5/PrISM_PM.c ****         
 114:.\Generated_Source\PSoC5/PrISM_PM.c ****         #if(!PrISM_PULSE_TYPE_HARDCODED)
 115:.\Generated_Source\PSoC5/PrISM_PM.c ****             PrISM_CONTROL_REG = PrISM_backup.cr;
 116:.\Generated_Source\PSoC5/PrISM_PM.c ****         #endif /* End PrISM_PULSE_TYPE_HARDCODED */
 117:.\Generated_Source\PSoC5/PrISM_PM.c **** 
 118:.\Generated_Source\PSoC5/PrISM_PM.c ****         CY_SET_REG16(PrISM_SEED_COPY_PTR, PrISM_backup.seed_copy);
 119:.\Generated_Source\PSoC5/PrISM_PM.c ****         CY_SET_REG16(PrISM_SEED_PTR, PrISM_backup.seed);
 120:.\Generated_Source\PSoC5/PrISM_PM.c ****         PrISM_WritePolynomial(PrISM_backup.polynom);
 121:.\Generated_Source\PSoC5/PrISM_PM.c ****         PrISM_WritePulse0(PrISM_backup.density0);
 122:.\Generated_Source\PSoC5/PrISM_PM.c ****         PrISM_WritePulse1(PrISM_backup.density1);
 123:.\Generated_Source\PSoC5/PrISM_PM.c ****         
 124:.\Generated_Source\PSoC5/PrISM_PM.c ****         enableInterrupts = CyEnterCriticalSection();
 125:.\Generated_Source\PSoC5/PrISM_PM.c ****         /* Set FIFO0_CLR bit to use FIFO0 as a simple one-byte buffer*/
 126:.\Generated_Source\PSoC5/PrISM_PM.c ****         CY_SET_REG16(PrISM_AUX_CONTROL_PTR, 
 127:.\Generated_Source\PSoC5/PrISM_PM.c ****                         CY_GET_REG16(PrISM_AUX_CONTROL_PTR) | PrISM_FIFO0_CLR);
 128:.\Generated_Source\PSoC5/PrISM_PM.c ****         CyExitCriticalSection(enableInterrupts);
 129:.\Generated_Source\PSoC5/PrISM_PM.c **** 
ARM GAS  C:\Users\jthem\AppData\Local\Temp\cc6wwKYD.s 			page 5


 130:.\Generated_Source\PSoC5/PrISM_PM.c ****     #else   /* CY_UDB_V1 */
 131:.\Generated_Source\PSoC5/PrISM_PM.c **** 
 132:.\Generated_Source\PSoC5/PrISM_PM.c ****         #if(!PrISM_PULSE_TYPE_HARDCODED)
 133:.\Generated_Source\PSoC5/PrISM_PM.c ****             PrISM_CONTROL_REG = PrISM_backup.cr;
 100              		.loc 1 133 0
 101 0004 084B     		ldr	r3, .L5
 102 0006 094A     		ldr	r2, .L5+4
 103 0008 5278     		ldrb	r2, [r2, #1]	@ zero_extendqisi2
 104 000a 1A70     		strb	r2, [r3]
 134:.\Generated_Source\PSoC5/PrISM_PM.c ****         #endif /* End PrISM_PULSE_TYPE_HARDCODED */
 135:.\Generated_Source\PSoC5/PrISM_PM.c **** 
 136:.\Generated_Source\PSoC5/PrISM_PM.c ****         CY_SET_REG16(PrISM_SEED_COPY_PTR, PrISM_backup.seed_copy);
 105              		.loc 1 136 0
 106 000c 084B     		ldr	r3, .L5+8
 107 000e 074A     		ldr	r2, .L5+4
 108 0010 9288     		ldrh	r2, [r2, #4]
 109 0012 1A80     		strh	r2, [r3]	@ movhi
 137:.\Generated_Source\PSoC5/PrISM_PM.c ****         CY_SET_REG16(PrISM_SEED_PTR, PrISM_backup.seed);
 110              		.loc 1 137 0
 111 0014 074B     		ldr	r3, .L5+12
 112 0016 054A     		ldr	r2, .L5+4
 113 0018 5288     		ldrh	r2, [r2, #2]
 114 001a 1A80     		strh	r2, [r3]	@ movhi
 138:.\Generated_Source\PSoC5/PrISM_PM.c ****         PrISM_WritePolynomial(PrISM_backup.polynom);
 115              		.loc 1 138 0
 116 001c 034B     		ldr	r3, .L5+4
 117 001e DB88     		ldrh	r3, [r3, #6]
 118 0020 1846     		mov	r0, r3
 119 0022 FFF7FEFF 		bl	PrISM_WritePolynomial
 139:.\Generated_Source\PSoC5/PrISM_PM.c ****     
 140:.\Generated_Source\PSoC5/PrISM_PM.c ****     #endif  /* End CY_UDB_V0 */
 141:.\Generated_Source\PSoC5/PrISM_PM.c **** }
 120              		.loc 1 141 0
 121 0026 80BD     		pop	{r7, pc}
 122              	.L6:
 123              		.align	2
 124              	.L5:
 125 0028 7B640040 		.word	1073767547
 126 002c 00000000 		.word	PrISM_backup
 127 0030 94680040 		.word	1073768596
 128 0034 14680040 		.word	1073768468
 129              		.cfi_endproc
 130              	.LFE1:
 131              		.size	PrISM_RestoreConfig, .-PrISM_RestoreConfig
 132              		.section	.text.PrISM_Sleep,"ax",%progbits
 133              		.align	2
 134              		.global	PrISM_Sleep
 135              		.thumb
 136              		.thumb_func
 137              		.type	PrISM_Sleep, %function
 138              	PrISM_Sleep:
 139              	.LFB2:
 142:.\Generated_Source\PSoC5/PrISM_PM.c **** 
 143:.\Generated_Source\PSoC5/PrISM_PM.c **** 
 144:.\Generated_Source\PSoC5/PrISM_PM.c **** /*******************************************************************************
 145:.\Generated_Source\PSoC5/PrISM_PM.c **** * Function Name: PrISM_Sleep
 146:.\Generated_Source\PSoC5/PrISM_PM.c **** ********************************************************************************
ARM GAS  C:\Users\jthem\AppData\Local\Temp\cc6wwKYD.s 			page 6


 147:.\Generated_Source\PSoC5/PrISM_PM.c **** *
 148:.\Generated_Source\PSoC5/PrISM_PM.c **** * Summary:
 149:.\Generated_Source\PSoC5/PrISM_PM.c **** *  Stops and saves the user configuration
 150:.\Generated_Source\PSoC5/PrISM_PM.c **** *  
 151:.\Generated_Source\PSoC5/PrISM_PM.c **** * Parameters:  
 152:.\Generated_Source\PSoC5/PrISM_PM.c **** *  None.
 153:.\Generated_Source\PSoC5/PrISM_PM.c **** *
 154:.\Generated_Source\PSoC5/PrISM_PM.c **** * Return: 
 155:.\Generated_Source\PSoC5/PrISM_PM.c **** *  None.
 156:.\Generated_Source\PSoC5/PrISM_PM.c **** *
 157:.\Generated_Source\PSoC5/PrISM_PM.c **** * Global Variables:
 158:.\Generated_Source\PSoC5/PrISM_PM.c **** *  PrISM_backup - modified when non-retention registers are saved.
 159:.\Generated_Source\PSoC5/PrISM_PM.c **** *
 160:.\Generated_Source\PSoC5/PrISM_PM.c **** * Reentrant:
 161:.\Generated_Source\PSoC5/PrISM_PM.c **** *  No.
 162:.\Generated_Source\PSoC5/PrISM_PM.c **** *
 163:.\Generated_Source\PSoC5/PrISM_PM.c **** *******************************************************************************/
 164:.\Generated_Source\PSoC5/PrISM_PM.c **** void PrISM_Sleep(void) 
 165:.\Generated_Source\PSoC5/PrISM_PM.c **** {
 140              		.loc 1 165 0
 141              		.cfi_startproc
 142              		@ args = 0, pretend = 0, frame = 0
 143              		@ frame_needed = 1, uses_anonymous_args = 0
 144 0000 80B5     		push	{r7, lr}
 145              		.cfi_def_cfa_offset 8
 146              		.cfi_offset 7, -8
 147              		.cfi_offset 14, -4
 148 0002 00AF     		add	r7, sp, #0
 149              		.cfi_def_cfa_register 7
 166:.\Generated_Source\PSoC5/PrISM_PM.c ****     #if(!PrISM_PULSE_TYPE_HARDCODED)
 167:.\Generated_Source\PSoC5/PrISM_PM.c ****         if((PrISM_CONTROL_REG & PrISM_CTRL_ENABLE) != 0u) 
 150              		.loc 1 167 0
 151 0004 094B     		ldr	r3, .L10
 152 0006 1B78     		ldrb	r3, [r3]
 153 0008 DBB2     		uxtb	r3, r3
 154 000a 03F00103 		and	r3, r3, #1
 155 000e 002B     		cmp	r3, #0
 156 0010 03D0     		beq	.L8
 168:.\Generated_Source\PSoC5/PrISM_PM.c ****         {
 169:.\Generated_Source\PSoC5/PrISM_PM.c ****             PrISM_backup.enableState = 1u;
 157              		.loc 1 169 0
 158 0012 074B     		ldr	r3, .L10+4
 159 0014 0122     		movs	r2, #1
 160 0016 1A70     		strb	r2, [r3]
 161 0018 02E0     		b	.L9
 162              	.L8:
 170:.\Generated_Source\PSoC5/PrISM_PM.c ****         }
 171:.\Generated_Source\PSoC5/PrISM_PM.c ****         else
 172:.\Generated_Source\PSoC5/PrISM_PM.c ****         {
 173:.\Generated_Source\PSoC5/PrISM_PM.c ****             PrISM_backup.enableState = 0u;
 163              		.loc 1 173 0
 164 001a 054B     		ldr	r3, .L10+4
 165 001c 0022     		movs	r2, #0
 166 001e 1A70     		strb	r2, [r3]
 167              	.L9:
 174:.\Generated_Source\PSoC5/PrISM_PM.c ****         }
 175:.\Generated_Source\PSoC5/PrISM_PM.c ****     #endif /* End PrISM_PULSE_TYPE_HARDCODED */
ARM GAS  C:\Users\jthem\AppData\Local\Temp\cc6wwKYD.s 			page 7


 176:.\Generated_Source\PSoC5/PrISM_PM.c ****     PrISM_Stop();
 168              		.loc 1 176 0
 169 0020 FFF7FEFF 		bl	PrISM_Stop
 177:.\Generated_Source\PSoC5/PrISM_PM.c ****     PrISM_SaveConfig();
 170              		.loc 1 177 0
 171 0024 FFF7FEFF 		bl	PrISM_SaveConfig
 178:.\Generated_Source\PSoC5/PrISM_PM.c **** }
 172              		.loc 1 178 0
 173 0028 80BD     		pop	{r7, pc}
 174              	.L11:
 175 002a 00BF     		.align	2
 176              	.L10:
 177 002c 7B640040 		.word	1073767547
 178 0030 00000000 		.word	PrISM_backup
 179              		.cfi_endproc
 180              	.LFE2:
 181              		.size	PrISM_Sleep, .-PrISM_Sleep
 182              		.section	.text.PrISM_Wakeup,"ax",%progbits
 183              		.align	2
 184              		.global	PrISM_Wakeup
 185              		.thumb
 186              		.thumb_func
 187              		.type	PrISM_Wakeup, %function
 188              	PrISM_Wakeup:
 189              	.LFB3:
 179:.\Generated_Source\PSoC5/PrISM_PM.c **** 
 180:.\Generated_Source\PSoC5/PrISM_PM.c **** 
 181:.\Generated_Source\PSoC5/PrISM_PM.c **** /*******************************************************************************
 182:.\Generated_Source\PSoC5/PrISM_PM.c **** * Function Name: PrISM_Wakeup
 183:.\Generated_Source\PSoC5/PrISM_PM.c **** ********************************************************************************
 184:.\Generated_Source\PSoC5/PrISM_PM.c **** *
 185:.\Generated_Source\PSoC5/PrISM_PM.c **** * Summary:
 186:.\Generated_Source\PSoC5/PrISM_PM.c **** *  Restores and enables the user configuration
 187:.\Generated_Source\PSoC5/PrISM_PM.c **** *  
 188:.\Generated_Source\PSoC5/PrISM_PM.c **** * Parameters:  
 189:.\Generated_Source\PSoC5/PrISM_PM.c **** *  None.
 190:.\Generated_Source\PSoC5/PrISM_PM.c **** *
 191:.\Generated_Source\PSoC5/PrISM_PM.c **** * Return: 
 192:.\Generated_Source\PSoC5/PrISM_PM.c **** *  None.
 193:.\Generated_Source\PSoC5/PrISM_PM.c **** *
 194:.\Generated_Source\PSoC5/PrISM_PM.c **** * Global Variables:
 195:.\Generated_Source\PSoC5/PrISM_PM.c **** *  PrISM_backup - used when non-retention registers are restored.
 196:.\Generated_Source\PSoC5/PrISM_PM.c **** *
 197:.\Generated_Source\PSoC5/PrISM_PM.c **** *******************************************************************************/
 198:.\Generated_Source\PSoC5/PrISM_PM.c **** void PrISM_Wakeup(void) 
 199:.\Generated_Source\PSoC5/PrISM_PM.c **** {
 190              		.loc 1 199 0
 191              		.cfi_startproc
 192              		@ args = 0, pretend = 0, frame = 0
 193              		@ frame_needed = 1, uses_anonymous_args = 0
 194 0000 80B5     		push	{r7, lr}
 195              		.cfi_def_cfa_offset 8
 196              		.cfi_offset 7, -8
 197              		.cfi_offset 14, -4
 198 0002 00AF     		add	r7, sp, #0
 199              		.cfi_def_cfa_register 7
 200:.\Generated_Source\PSoC5/PrISM_PM.c ****     PrISM_RestoreConfig();
ARM GAS  C:\Users\jthem\AppData\Local\Temp\cc6wwKYD.s 			page 8


 200              		.loc 1 200 0
 201 0004 FFF7FEFF 		bl	PrISM_RestoreConfig
 201:.\Generated_Source\PSoC5/PrISM_PM.c ****     if(PrISM_backup.enableState != 0u)
 202              		.loc 1 201 0
 203 0008 034B     		ldr	r3, .L14
 204 000a 1B78     		ldrb	r3, [r3]	@ zero_extendqisi2
 205 000c 002B     		cmp	r3, #0
 206 000e 01D0     		beq	.L12
 202:.\Generated_Source\PSoC5/PrISM_PM.c ****     {
 203:.\Generated_Source\PSoC5/PrISM_PM.c ****         PrISM_Enable();
 207              		.loc 1 203 0
 208 0010 FFF7FEFF 		bl	PrISM_Enable
 209              	.L12:
 204:.\Generated_Source\PSoC5/PrISM_PM.c ****     } 
 205:.\Generated_Source\PSoC5/PrISM_PM.c **** }
 210              		.loc 1 205 0
 211 0014 80BD     		pop	{r7, pc}
 212              	.L15:
 213 0016 00BF     		.align	2
 214              	.L14:
 215 0018 00000000 		.word	PrISM_backup
 216              		.cfi_endproc
 217              	.LFE3:
 218              		.size	PrISM_Wakeup, .-PrISM_Wakeup
 219              		.text
 220              	.Letext0:
 221              		.file 2 ".\\Generated_Source\\PSoC5\\cytypes.h"
 222              		.file 3 ".\\Generated_Source\\PSoC5\\PrISM.h"
 223              		.section	.debug_info,"",%progbits
 224              	.Ldebug_info0:
 225 0000 62010000 		.4byte	0x162
 226 0004 0400     		.2byte	0x4
 227 0006 00000000 		.4byte	.Ldebug_abbrev0
 228 000a 04       		.byte	0x4
 229 000b 01       		.uleb128 0x1
 230 000c B8000000 		.4byte	.LASF26
 231 0010 01       		.byte	0x1
 232 0011 5E010000 		.4byte	.LASF27
 233 0015 1A000000 		.4byte	.LASF28
 234 0019 00000000 		.4byte	.Ldebug_ranges0+0
 235 001d 00000000 		.4byte	0
 236 0021 00000000 		.4byte	.Ldebug_line0
 237 0025 02       		.uleb128 0x2
 238 0026 04       		.byte	0x4
 239 0027 05       		.byte	0x5
 240 0028 696E7400 		.ascii	"int\000"
 241 002c 03       		.uleb128 0x3
 242 002d 04       		.byte	0x4
 243 002e 07       		.byte	0x7
 244 002f 8E010000 		.4byte	.LASF0
 245 0033 03       		.uleb128 0x3
 246 0034 01       		.byte	0x1
 247 0035 06       		.byte	0x6
 248 0036 1B020000 		.4byte	.LASF1
 249 003a 03       		.uleb128 0x3
 250 003b 01       		.byte	0x1
 251 003c 08       		.byte	0x8
ARM GAS  C:\Users\jthem\AppData\Local\Temp\cc6wwKYD.s 			page 9


 252 003d 7C000000 		.4byte	.LASF2
 253 0041 03       		.uleb128 0x3
 254 0042 02       		.byte	0x2
 255 0043 05       		.byte	0x5
 256 0044 F7010000 		.4byte	.LASF3
 257 0048 03       		.uleb128 0x3
 258 0049 02       		.byte	0x2
 259 004a 07       		.byte	0x7
 260 004b 63000000 		.4byte	.LASF4
 261 004f 03       		.uleb128 0x3
 262 0050 04       		.byte	0x4
 263 0051 05       		.byte	0x5
 264 0052 06020000 		.4byte	.LASF5
 265 0056 03       		.uleb128 0x3
 266 0057 04       		.byte	0x4
 267 0058 07       		.byte	0x7
 268 0059 A0000000 		.4byte	.LASF6
 269 005d 03       		.uleb128 0x3
 270 005e 08       		.byte	0x8
 271 005f 05       		.byte	0x5
 272 0060 D7010000 		.4byte	.LASF7
 273 0064 03       		.uleb128 0x3
 274 0065 08       		.byte	0x8
 275 0066 07       		.byte	0x7
 276 0067 9B010000 		.4byte	.LASF8
 277 006b 03       		.uleb128 0x3
 278 006c 04       		.byte	0x4
 279 006d 07       		.byte	0x7
 280 006e CE010000 		.4byte	.LASF9
 281 0072 03       		.uleb128 0x3
 282 0073 01       		.byte	0x1
 283 0074 08       		.byte	0x8
 284 0075 F2010000 		.4byte	.LASF10
 285 0079 04       		.uleb128 0x4
 286 007a B2000000 		.4byte	.LASF11
 287 007e 02       		.byte	0x2
 288 007f 3801     		.2byte	0x138
 289 0081 3A000000 		.4byte	0x3a
 290 0085 04       		.uleb128 0x4
 291 0086 57010000 		.4byte	.LASF12
 292 008a 02       		.byte	0x2
 293 008b 3901     		.2byte	0x139
 294 008d 48000000 		.4byte	0x48
 295 0091 03       		.uleb128 0x3
 296 0092 04       		.byte	0x4
 297 0093 04       		.byte	0x4
 298 0094 76000000 		.4byte	.LASF13
 299 0098 03       		.uleb128 0x3
 300 0099 08       		.byte	0x8
 301 009a 04       		.byte	0x4
 302 009b 46010000 		.4byte	.LASF14
 303 009f 04       		.uleb128 0x4
 304 00a0 8A000000 		.4byte	.LASF15
 305 00a4 02       		.byte	0x2
 306 00a5 E201     		.2byte	0x1e2
 307 00a7 AB000000 		.4byte	0xab
 308 00ab 05       		.uleb128 0x5
ARM GAS  C:\Users\jthem\AppData\Local\Temp\cc6wwKYD.s 			page 10


 309 00ac 79000000 		.4byte	0x79
 310 00b0 04       		.uleb128 0x4
 311 00b1 00000000 		.4byte	.LASF16
 312 00b5 02       		.byte	0x2
 313 00b6 E301     		.2byte	0x1e3
 314 00b8 BC000000 		.4byte	0xbc
 315 00bc 05       		.uleb128 0x5
 316 00bd 85000000 		.4byte	0x85
 317 00c1 06       		.uleb128 0x6
 318 00c2 08       		.byte	0x8
 319 00c3 03       		.byte	0x3
 320 00c4 33       		.byte	0x33
 321 00c5 05010000 		.4byte	0x105
 322 00c9 07       		.uleb128 0x7
 323 00ca 0F020000 		.4byte	.LASF17
 324 00ce 03       		.byte	0x3
 325 00cf 35       		.byte	0x35
 326 00d0 79000000 		.4byte	0x79
 327 00d4 00       		.byte	0
 328 00d5 08       		.uleb128 0x8
 329 00d6 637200   		.ascii	"cr\000"
 330 00d9 03       		.byte	0x3
 331 00da 37       		.byte	0x37
 332 00db 79000000 		.4byte	0x79
 333 00df 01       		.byte	0x1
 334 00e0 07       		.uleb128 0x7
 335 00e1 01020000 		.4byte	.LASF18
 336 00e5 03       		.byte	0x3
 337 00e6 39       		.byte	0x39
 338 00e7 85000000 		.4byte	0x85
 339 00eb 02       		.byte	0x2
 340 00ec 07       		.uleb128 0x7
 341 00ed 4D010000 		.4byte	.LASF19
 342 00f1 03       		.byte	0x3
 343 00f2 3A       		.byte	0x3a
 344 00f3 85000000 		.4byte	0x85
 345 00f7 04       		.byte	0x4
 346 00f8 07       		.uleb128 0x7
 347 00f9 C6010000 		.4byte	.LASF20
 348 00fd 03       		.byte	0x3
 349 00fe 3B       		.byte	0x3b
 350 00ff 85000000 		.4byte	0x85
 351 0103 06       		.byte	0x6
 352 0104 00       		.byte	0
 353 0105 09       		.uleb128 0x9
 354 0106 B2010000 		.4byte	.LASF21
 355 010a 03       		.byte	0x3
 356 010b 40       		.byte	0x40
 357 010c C1000000 		.4byte	0xc1
 358 0110 0A       		.uleb128 0xa
 359 0111 8F000000 		.4byte	.LASF22
 360 0115 01       		.byte	0x1
 361 0116 45       		.byte	0x45
 362 0117 00000000 		.4byte	.LFB0
 363 011b 40000000 		.4byte	.LFE0-.LFB0
 364 011f 01       		.uleb128 0x1
 365 0120 9C       		.byte	0x9c
ARM GAS  C:\Users\jthem\AppData\Local\Temp\cc6wwKYD.s 			page 11


 366 0121 0A       		.uleb128 0xa
 367 0122 06000000 		.4byte	.LASF23
 368 0126 01       		.byte	0x1
 369 0127 6C       		.byte	0x6c
 370 0128 00000000 		.4byte	.LFB1
 371 012c 38000000 		.4byte	.LFE1-.LFB1
 372 0130 01       		.uleb128 0x1
 373 0131 9C       		.byte	0x9c
 374 0132 0A       		.uleb128 0xa
 375 0133 82010000 		.4byte	.LASF24
 376 0137 01       		.byte	0x1
 377 0138 A4       		.byte	0xa4
 378 0139 00000000 		.4byte	.LFB2
 379 013d 34000000 		.4byte	.LFE2-.LFB2
 380 0141 01       		.uleb128 0x1
 381 0142 9C       		.byte	0x9c
 382 0143 0A       		.uleb128 0xa
 383 0144 27020000 		.4byte	.LASF25
 384 0148 01       		.byte	0x1
 385 0149 C6       		.byte	0xc6
 386 014a 00000000 		.4byte	.LFB3
 387 014e 1C000000 		.4byte	.LFE3-.LFB3
 388 0152 01       		.uleb128 0x1
 389 0153 9C       		.byte	0x9c
 390 0154 0B       		.uleb128 0xb
 391 0155 E5010000 		.4byte	.LASF29
 392 0159 01       		.byte	0x1
 393 015a 17       		.byte	0x17
 394 015b 05010000 		.4byte	0x105
 395 015f 05       		.uleb128 0x5
 396 0160 03       		.byte	0x3
 397 0161 00000000 		.4byte	PrISM_backup
 398 0165 00       		.byte	0
 399              		.section	.debug_abbrev,"",%progbits
 400              	.Ldebug_abbrev0:
 401 0000 01       		.uleb128 0x1
 402 0001 11       		.uleb128 0x11
 403 0002 01       		.byte	0x1
 404 0003 25       		.uleb128 0x25
 405 0004 0E       		.uleb128 0xe
 406 0005 13       		.uleb128 0x13
 407 0006 0B       		.uleb128 0xb
 408 0007 03       		.uleb128 0x3
 409 0008 0E       		.uleb128 0xe
 410 0009 1B       		.uleb128 0x1b
 411 000a 0E       		.uleb128 0xe
 412 000b 55       		.uleb128 0x55
 413 000c 17       		.uleb128 0x17
 414 000d 11       		.uleb128 0x11
 415 000e 01       		.uleb128 0x1
 416 000f 10       		.uleb128 0x10
 417 0010 17       		.uleb128 0x17
 418 0011 00       		.byte	0
 419 0012 00       		.byte	0
 420 0013 02       		.uleb128 0x2
 421 0014 24       		.uleb128 0x24
 422 0015 00       		.byte	0
ARM GAS  C:\Users\jthem\AppData\Local\Temp\cc6wwKYD.s 			page 12


 423 0016 0B       		.uleb128 0xb
 424 0017 0B       		.uleb128 0xb
 425 0018 3E       		.uleb128 0x3e
 426 0019 0B       		.uleb128 0xb
 427 001a 03       		.uleb128 0x3
 428 001b 08       		.uleb128 0x8
 429 001c 00       		.byte	0
 430 001d 00       		.byte	0
 431 001e 03       		.uleb128 0x3
 432 001f 24       		.uleb128 0x24
 433 0020 00       		.byte	0
 434 0021 0B       		.uleb128 0xb
 435 0022 0B       		.uleb128 0xb
 436 0023 3E       		.uleb128 0x3e
 437 0024 0B       		.uleb128 0xb
 438 0025 03       		.uleb128 0x3
 439 0026 0E       		.uleb128 0xe
 440 0027 00       		.byte	0
 441 0028 00       		.byte	0
 442 0029 04       		.uleb128 0x4
 443 002a 16       		.uleb128 0x16
 444 002b 00       		.byte	0
 445 002c 03       		.uleb128 0x3
 446 002d 0E       		.uleb128 0xe
 447 002e 3A       		.uleb128 0x3a
 448 002f 0B       		.uleb128 0xb
 449 0030 3B       		.uleb128 0x3b
 450 0031 05       		.uleb128 0x5
 451 0032 49       		.uleb128 0x49
 452 0033 13       		.uleb128 0x13
 453 0034 00       		.byte	0
 454 0035 00       		.byte	0
 455 0036 05       		.uleb128 0x5
 456 0037 35       		.uleb128 0x35
 457 0038 00       		.byte	0
 458 0039 49       		.uleb128 0x49
 459 003a 13       		.uleb128 0x13
 460 003b 00       		.byte	0
 461 003c 00       		.byte	0
 462 003d 06       		.uleb128 0x6
 463 003e 13       		.uleb128 0x13
 464 003f 01       		.byte	0x1
 465 0040 0B       		.uleb128 0xb
 466 0041 0B       		.uleb128 0xb
 467 0042 3A       		.uleb128 0x3a
 468 0043 0B       		.uleb128 0xb
 469 0044 3B       		.uleb128 0x3b
 470 0045 0B       		.uleb128 0xb
 471 0046 01       		.uleb128 0x1
 472 0047 13       		.uleb128 0x13
 473 0048 00       		.byte	0
 474 0049 00       		.byte	0
 475 004a 07       		.uleb128 0x7
 476 004b 0D       		.uleb128 0xd
 477 004c 00       		.byte	0
 478 004d 03       		.uleb128 0x3
 479 004e 0E       		.uleb128 0xe
ARM GAS  C:\Users\jthem\AppData\Local\Temp\cc6wwKYD.s 			page 13


 480 004f 3A       		.uleb128 0x3a
 481 0050 0B       		.uleb128 0xb
 482 0051 3B       		.uleb128 0x3b
 483 0052 0B       		.uleb128 0xb
 484 0053 49       		.uleb128 0x49
 485 0054 13       		.uleb128 0x13
 486 0055 38       		.uleb128 0x38
 487 0056 0B       		.uleb128 0xb
 488 0057 00       		.byte	0
 489 0058 00       		.byte	0
 490 0059 08       		.uleb128 0x8
 491 005a 0D       		.uleb128 0xd
 492 005b 00       		.byte	0
 493 005c 03       		.uleb128 0x3
 494 005d 08       		.uleb128 0x8
 495 005e 3A       		.uleb128 0x3a
 496 005f 0B       		.uleb128 0xb
 497 0060 3B       		.uleb128 0x3b
 498 0061 0B       		.uleb128 0xb
 499 0062 49       		.uleb128 0x49
 500 0063 13       		.uleb128 0x13
 501 0064 38       		.uleb128 0x38
 502 0065 0B       		.uleb128 0xb
 503 0066 00       		.byte	0
 504 0067 00       		.byte	0
 505 0068 09       		.uleb128 0x9
 506 0069 16       		.uleb128 0x16
 507 006a 00       		.byte	0
 508 006b 03       		.uleb128 0x3
 509 006c 0E       		.uleb128 0xe
 510 006d 3A       		.uleb128 0x3a
 511 006e 0B       		.uleb128 0xb
 512 006f 3B       		.uleb128 0x3b
 513 0070 0B       		.uleb128 0xb
 514 0071 49       		.uleb128 0x49
 515 0072 13       		.uleb128 0x13
 516 0073 00       		.byte	0
 517 0074 00       		.byte	0
 518 0075 0A       		.uleb128 0xa
 519 0076 2E       		.uleb128 0x2e
 520 0077 00       		.byte	0
 521 0078 3F       		.uleb128 0x3f
 522 0079 19       		.uleb128 0x19
 523 007a 03       		.uleb128 0x3
 524 007b 0E       		.uleb128 0xe
 525 007c 3A       		.uleb128 0x3a
 526 007d 0B       		.uleb128 0xb
 527 007e 3B       		.uleb128 0x3b
 528 007f 0B       		.uleb128 0xb
 529 0080 27       		.uleb128 0x27
 530 0081 19       		.uleb128 0x19
 531 0082 11       		.uleb128 0x11
 532 0083 01       		.uleb128 0x1
 533 0084 12       		.uleb128 0x12
 534 0085 06       		.uleb128 0x6
 535 0086 40       		.uleb128 0x40
 536 0087 18       		.uleb128 0x18
ARM GAS  C:\Users\jthem\AppData\Local\Temp\cc6wwKYD.s 			page 14


 537 0088 9642     		.uleb128 0x2116
 538 008a 19       		.uleb128 0x19
 539 008b 00       		.byte	0
 540 008c 00       		.byte	0
 541 008d 0B       		.uleb128 0xb
 542 008e 34       		.uleb128 0x34
 543 008f 00       		.byte	0
 544 0090 03       		.uleb128 0x3
 545 0091 0E       		.uleb128 0xe
 546 0092 3A       		.uleb128 0x3a
 547 0093 0B       		.uleb128 0xb
 548 0094 3B       		.uleb128 0x3b
 549 0095 0B       		.uleb128 0xb
 550 0096 49       		.uleb128 0x49
 551 0097 13       		.uleb128 0x13
 552 0098 02       		.uleb128 0x2
 553 0099 18       		.uleb128 0x18
 554 009a 00       		.byte	0
 555 009b 00       		.byte	0
 556 009c 00       		.byte	0
 557              		.section	.debug_aranges,"",%progbits
 558 0000 34000000 		.4byte	0x34
 559 0004 0200     		.2byte	0x2
 560 0006 00000000 		.4byte	.Ldebug_info0
 561 000a 04       		.byte	0x4
 562 000b 00       		.byte	0
 563 000c 0000     		.2byte	0
 564 000e 0000     		.2byte	0
 565 0010 00000000 		.4byte	.LFB0
 566 0014 40000000 		.4byte	.LFE0-.LFB0
 567 0018 00000000 		.4byte	.LFB1
 568 001c 38000000 		.4byte	.LFE1-.LFB1
 569 0020 00000000 		.4byte	.LFB2
 570 0024 34000000 		.4byte	.LFE2-.LFB2
 571 0028 00000000 		.4byte	.LFB3
 572 002c 1C000000 		.4byte	.LFE3-.LFB3
 573 0030 00000000 		.4byte	0
 574 0034 00000000 		.4byte	0
 575              		.section	.debug_ranges,"",%progbits
 576              	.Ldebug_ranges0:
 577 0000 00000000 		.4byte	.LFB0
 578 0004 40000000 		.4byte	.LFE0
 579 0008 00000000 		.4byte	.LFB1
 580 000c 38000000 		.4byte	.LFE1
 581 0010 00000000 		.4byte	.LFB2
 582 0014 34000000 		.4byte	.LFE2
 583 0018 00000000 		.4byte	.LFB3
 584 001c 1C000000 		.4byte	.LFE3
 585 0020 00000000 		.4byte	0
 586 0024 00000000 		.4byte	0
 587              		.section	.debug_line,"",%progbits
 588              	.Ldebug_line0:
 589 0000 B0000000 		.section	.debug_str,"MS",%progbits,1
 589      02005200 
 589      00000201 
 589      FB0E0D00 
 589      01010101 
ARM GAS  C:\Users\jthem\AppData\Local\Temp\cc6wwKYD.s 			page 15


 590              	.LASF16:
 591 0000 72656731 		.ascii	"reg16\000"
 591      3600
 592              	.LASF23:
 593 0006 50724953 		.ascii	"PrISM_RestoreConfig\000"
 593      4D5F5265 
 593      73746F72 
 593      65436F6E 
 593      66696700 
 594              	.LASF28:
 595 001a 433A5C55 		.ascii	"C:\\Users\\jthem\\Documents\\PSoC Creator\\PWMExamp"
 595      73657273 
 595      5C6A7468 
 595      656D5C44 
 595      6F63756D 
 596 0048 6C653031 		.ascii	"le01\\ADC_SAR_PrISM01.cydsn\000"
 596      5C414443 
 596      5F534152 
 596      5F507249 
 596      534D3031 
 597              	.LASF4:
 598 0063 73686F72 		.ascii	"short unsigned int\000"
 598      7420756E 
 598      7369676E 
 598      65642069 
 598      6E7400
 599              	.LASF13:
 600 0076 666C6F61 		.ascii	"float\000"
 600      7400
 601              	.LASF2:
 602 007c 756E7369 		.ascii	"unsigned char\000"
 602      676E6564 
 602      20636861 
 602      7200
 603              	.LASF15:
 604 008a 72656738 		.ascii	"reg8\000"
 604      00
 605              	.LASF22:
 606 008f 50724953 		.ascii	"PrISM_SaveConfig\000"
 606      4D5F5361 
 606      7665436F 
 606      6E666967 
 606      00
 607              	.LASF6:
 608 00a0 6C6F6E67 		.ascii	"long unsigned int\000"
 608      20756E73 
 608      69676E65 
 608      6420696E 
 608      7400
 609              	.LASF11:
 610 00b2 75696E74 		.ascii	"uint8\000"
 610      3800
 611              	.LASF26:
 612 00b8 474E5520 		.ascii	"GNU C 4.9.3 20150303 (release) [ARM/embedded-4_9-br"
 612      4320342E 
 612      392E3320 
 612      32303135 
ARM GAS  C:\Users\jthem\AppData\Local\Temp\cc6wwKYD.s 			page 16


 612      30333033 
 613 00eb 616E6368 		.ascii	"anch revision 221220] -mcpu=cortex-m3 -mthumb -g -O"
 613      20726576 
 613      6973696F 
 613      6E203232 
 613      31323230 
 614 011e 30202D66 		.ascii	"0 -ffunction-sections -ffat-lto-objects\000"
 614      66756E63 
 614      74696F6E 
 614      2D736563 
 614      74696F6E 
 615              	.LASF14:
 616 0146 646F7562 		.ascii	"double\000"
 616      6C6500
 617              	.LASF19:
 618 014d 73656564 		.ascii	"seed_copy\000"
 618      5F636F70 
 618      7900
 619              	.LASF12:
 620 0157 75696E74 		.ascii	"uint16\000"
 620      313600
 621              	.LASF27:
 622 015e 2E5C4765 		.ascii	".\\Generated_Source\\PSoC5\\PrISM_PM.c\000"
 622      6E657261 
 622      7465645F 
 622      536F7572 
 622      63655C50 
 623              	.LASF24:
 624 0182 50724953 		.ascii	"PrISM_Sleep\000"
 624      4D5F536C 
 624      65657000 
 625              	.LASF0:
 626 018e 756E7369 		.ascii	"unsigned int\000"
 626      676E6564 
 626      20696E74 
 626      00
 627              	.LASF8:
 628 019b 6C6F6E67 		.ascii	"long long unsigned int\000"
 628      206C6F6E 
 628      6720756E 
 628      7369676E 
 628      65642069 
 629              	.LASF21:
 630 01b2 50724953 		.ascii	"PrISM_BACKUP_STRUCT\000"
 630      4D5F4241 
 630      434B5550 
 630      5F535452 
 630      55435400 
 631              	.LASF20:
 632 01c6 706F6C79 		.ascii	"polynom\000"
 632      6E6F6D00 
 633              	.LASF9:
 634 01ce 73697A65 		.ascii	"sizetype\000"
 634      74797065 
 634      00
 635              	.LASF7:
 636 01d7 6C6F6E67 		.ascii	"long long int\000"
ARM GAS  C:\Users\jthem\AppData\Local\Temp\cc6wwKYD.s 			page 17


 636      206C6F6E 
 636      6720696E 
 636      7400
 637              	.LASF29:
 638 01e5 50724953 		.ascii	"PrISM_backup\000"
 638      4D5F6261 
 638      636B7570 
 638      00
 639              	.LASF10:
 640 01f2 63686172 		.ascii	"char\000"
 640      00
 641              	.LASF3:
 642 01f7 73686F72 		.ascii	"short int\000"
 642      7420696E 
 642      7400
 643              	.LASF18:
 644 0201 73656564 		.ascii	"seed\000"
 644      00
 645              	.LASF5:
 646 0206 6C6F6E67 		.ascii	"long int\000"
 646      20696E74 
 646      00
 647              	.LASF17:
 648 020f 656E6162 		.ascii	"enableState\000"
 648      6C655374 
 648      61746500 
 649              	.LASF1:
 650 021b 7369676E 		.ascii	"signed char\000"
 650      65642063 
 650      68617200 
 651              	.LASF25:
 652 0227 50724953 		.ascii	"PrISM_Wakeup\000"
 652      4D5F5761 
 652      6B657570 
 652      00
 653              		.ident	"GCC: (GNU Tools for ARM Embedded Processors) 4.9.3 20150303 (release) [ARM/embedded-4_9-br
