ARM GAS  C:\Users\jthem\AppData\Local\Temp\ccw7s4t1.s 			page 1


   1              		.syntax unified
   2              		.cpu cortex-m3
   3              		.fpu softvfp
   4              		.eabi_attribute 20, 1
   5              		.eabi_attribute 21, 1
   6              		.eabi_attribute 23, 3
   7              		.eabi_attribute 24, 1
   8              		.eabi_attribute 25, 1
   9              		.eabi_attribute 26, 1
  10              		.eabi_attribute 30, 6
  11              		.eabi_attribute 34, 1
  12              		.eabi_attribute 18, 4
  13              		.thumb
  14              		.file	"SPI_FNG1_PM.c"
  15              		.text
  16              	.Ltext0:
  17              		.cfi_sections	.debug_frame
  18              		.data
  19              		.align	2
  20              		.type	SPI_FNG1_backup, %object
  21              		.size	SPI_FNG1_backup, 2
  22              	SPI_FNG1_backup:
  23 0000 00       		.byte	0
  24 0001 0F       		.byte	15
  25 0002 0000     		.section	.text.SPI_FNG1_SaveConfig,"ax",%progbits
  26              		.align	2
  27              		.global	SPI_FNG1_SaveConfig
  28              		.thumb
  29              		.thumb_func
  30              		.type	SPI_FNG1_SaveConfig, %function
  31              	SPI_FNG1_SaveConfig:
  32              	.LFB0:
  33              		.file 1 ".\\Generated_Source\\PSoC5\\SPI_FNG1_PM.c"
   1:.\Generated_Source\PSoC5/SPI_FNG1_PM.c **** /*******************************************************************************
   2:.\Generated_Source\PSoC5/SPI_FNG1_PM.c **** * File Name: SPI_FNG1_PM.c
   3:.\Generated_Source\PSoC5/SPI_FNG1_PM.c **** * Version 2.50
   4:.\Generated_Source\PSoC5/SPI_FNG1_PM.c **** *
   5:.\Generated_Source\PSoC5/SPI_FNG1_PM.c **** * Description:
   6:.\Generated_Source\PSoC5/SPI_FNG1_PM.c **** *  This file contains the setup, control and status commands to support
   7:.\Generated_Source\PSoC5/SPI_FNG1_PM.c **** *  component operations in low power mode.
   8:.\Generated_Source\PSoC5/SPI_FNG1_PM.c **** *
   9:.\Generated_Source\PSoC5/SPI_FNG1_PM.c **** * Note:
  10:.\Generated_Source\PSoC5/SPI_FNG1_PM.c **** *
  11:.\Generated_Source\PSoC5/SPI_FNG1_PM.c **** ********************************************************************************
  12:.\Generated_Source\PSoC5/SPI_FNG1_PM.c **** * Copyright 2008-2015, Cypress Semiconductor Corporation.  All rights reserved.
  13:.\Generated_Source\PSoC5/SPI_FNG1_PM.c **** * You may use this file only in accordance with the license, terms, conditions,
  14:.\Generated_Source\PSoC5/SPI_FNG1_PM.c **** * disclaimers, and limitations in the end user license agreement accompanying
  15:.\Generated_Source\PSoC5/SPI_FNG1_PM.c **** * the software package with which this file was provided.
  16:.\Generated_Source\PSoC5/SPI_FNG1_PM.c **** *******************************************************************************/
  17:.\Generated_Source\PSoC5/SPI_FNG1_PM.c **** 
  18:.\Generated_Source\PSoC5/SPI_FNG1_PM.c **** #include "SPI_FNG1_PVT.h"
  19:.\Generated_Source\PSoC5/SPI_FNG1_PM.c **** 
  20:.\Generated_Source\PSoC5/SPI_FNG1_PM.c **** static SPI_FNG1_BACKUP_STRUCT SPI_FNG1_backup =
  21:.\Generated_Source\PSoC5/SPI_FNG1_PM.c **** {
  22:.\Generated_Source\PSoC5/SPI_FNG1_PM.c ****     SPI_FNG1_DISABLED,
  23:.\Generated_Source\PSoC5/SPI_FNG1_PM.c ****     SPI_FNG1_BITCTR_INIT,
  24:.\Generated_Source\PSoC5/SPI_FNG1_PM.c **** };
ARM GAS  C:\Users\jthem\AppData\Local\Temp\ccw7s4t1.s 			page 2


  25:.\Generated_Source\PSoC5/SPI_FNG1_PM.c **** 
  26:.\Generated_Source\PSoC5/SPI_FNG1_PM.c **** 
  27:.\Generated_Source\PSoC5/SPI_FNG1_PM.c **** /*******************************************************************************
  28:.\Generated_Source\PSoC5/SPI_FNG1_PM.c **** * Function Name: SPI_FNG1_SaveConfig
  29:.\Generated_Source\PSoC5/SPI_FNG1_PM.c **** ********************************************************************************
  30:.\Generated_Source\PSoC5/SPI_FNG1_PM.c **** *
  31:.\Generated_Source\PSoC5/SPI_FNG1_PM.c **** * Summary:
  32:.\Generated_Source\PSoC5/SPI_FNG1_PM.c **** *  Empty function. Included for consistency with other components.
  33:.\Generated_Source\PSoC5/SPI_FNG1_PM.c **** *
  34:.\Generated_Source\PSoC5/SPI_FNG1_PM.c **** * Parameters:
  35:.\Generated_Source\PSoC5/SPI_FNG1_PM.c **** *  None.
  36:.\Generated_Source\PSoC5/SPI_FNG1_PM.c **** *
  37:.\Generated_Source\PSoC5/SPI_FNG1_PM.c **** * Return:
  38:.\Generated_Source\PSoC5/SPI_FNG1_PM.c **** *  None.
  39:.\Generated_Source\PSoC5/SPI_FNG1_PM.c **** *
  40:.\Generated_Source\PSoC5/SPI_FNG1_PM.c **** *******************************************************************************/
  41:.\Generated_Source\PSoC5/SPI_FNG1_PM.c **** void SPI_FNG1_SaveConfig(void) 
  42:.\Generated_Source\PSoC5/SPI_FNG1_PM.c **** {
  34              		.loc 1 42 0
  35              		.cfi_startproc
  36              		@ args = 0, pretend = 0, frame = 0
  37              		@ frame_needed = 1, uses_anonymous_args = 0
  38              		@ link register save eliminated.
  39 0000 80B4     		push	{r7}
  40              		.cfi_def_cfa_offset 4
  41              		.cfi_offset 7, -4
  42 0002 00AF     		add	r7, sp, #0
  43              		.cfi_def_cfa_register 7
  43:.\Generated_Source\PSoC5/SPI_FNG1_PM.c **** 
  44:.\Generated_Source\PSoC5/SPI_FNG1_PM.c **** }
  44              		.loc 1 44 0
  45 0004 BD46     		mov	sp, r7
  46              		.cfi_def_cfa_register 13
  47              		@ sp needed
  48 0006 5DF8047B 		ldr	r7, [sp], #4
  49              		.cfi_restore 7
  50              		.cfi_def_cfa_offset 0
  51 000a 7047     		bx	lr
  52              		.cfi_endproc
  53              	.LFE0:
  54              		.size	SPI_FNG1_SaveConfig, .-SPI_FNG1_SaveConfig
  55              		.section	.text.SPI_FNG1_RestoreConfig,"ax",%progbits
  56              		.align	2
  57              		.global	SPI_FNG1_RestoreConfig
  58              		.thumb
  59              		.thumb_func
  60              		.type	SPI_FNG1_RestoreConfig, %function
  61              	SPI_FNG1_RestoreConfig:
  62              	.LFB1:
  45:.\Generated_Source\PSoC5/SPI_FNG1_PM.c **** 
  46:.\Generated_Source\PSoC5/SPI_FNG1_PM.c **** 
  47:.\Generated_Source\PSoC5/SPI_FNG1_PM.c **** /*******************************************************************************
  48:.\Generated_Source\PSoC5/SPI_FNG1_PM.c **** * Function Name: SPI_FNG1_RestoreConfig
  49:.\Generated_Source\PSoC5/SPI_FNG1_PM.c **** ********************************************************************************
  50:.\Generated_Source\PSoC5/SPI_FNG1_PM.c **** *
  51:.\Generated_Source\PSoC5/SPI_FNG1_PM.c **** * Summary:
  52:.\Generated_Source\PSoC5/SPI_FNG1_PM.c **** *  Empty function. Included for consistency with other components.
ARM GAS  C:\Users\jthem\AppData\Local\Temp\ccw7s4t1.s 			page 3


  53:.\Generated_Source\PSoC5/SPI_FNG1_PM.c **** *
  54:.\Generated_Source\PSoC5/SPI_FNG1_PM.c **** * Parameters:
  55:.\Generated_Source\PSoC5/SPI_FNG1_PM.c **** *  None.
  56:.\Generated_Source\PSoC5/SPI_FNG1_PM.c **** *
  57:.\Generated_Source\PSoC5/SPI_FNG1_PM.c **** * Return:
  58:.\Generated_Source\PSoC5/SPI_FNG1_PM.c **** *  None.
  59:.\Generated_Source\PSoC5/SPI_FNG1_PM.c **** *
  60:.\Generated_Source\PSoC5/SPI_FNG1_PM.c **** *******************************************************************************/
  61:.\Generated_Source\PSoC5/SPI_FNG1_PM.c **** void SPI_FNG1_RestoreConfig(void) 
  62:.\Generated_Source\PSoC5/SPI_FNG1_PM.c **** {
  63              		.loc 1 62 0
  64              		.cfi_startproc
  65              		@ args = 0, pretend = 0, frame = 0
  66              		@ frame_needed = 1, uses_anonymous_args = 0
  67              		@ link register save eliminated.
  68 0000 80B4     		push	{r7}
  69              		.cfi_def_cfa_offset 4
  70              		.cfi_offset 7, -4
  71 0002 00AF     		add	r7, sp, #0
  72              		.cfi_def_cfa_register 7
  63:.\Generated_Source\PSoC5/SPI_FNG1_PM.c **** 
  64:.\Generated_Source\PSoC5/SPI_FNG1_PM.c **** }
  73              		.loc 1 64 0
  74 0004 BD46     		mov	sp, r7
  75              		.cfi_def_cfa_register 13
  76              		@ sp needed
  77 0006 5DF8047B 		ldr	r7, [sp], #4
  78              		.cfi_restore 7
  79              		.cfi_def_cfa_offset 0
  80 000a 7047     		bx	lr
  81              		.cfi_endproc
  82              	.LFE1:
  83              		.size	SPI_FNG1_RestoreConfig, .-SPI_FNG1_RestoreConfig
  84              		.section	.text.SPI_FNG1_Sleep,"ax",%progbits
  85              		.align	2
  86              		.global	SPI_FNG1_Sleep
  87              		.thumb
  88              		.thumb_func
  89              		.type	SPI_FNG1_Sleep, %function
  90              	SPI_FNG1_Sleep:
  91              	.LFB2:
  65:.\Generated_Source\PSoC5/SPI_FNG1_PM.c **** 
  66:.\Generated_Source\PSoC5/SPI_FNG1_PM.c **** 
  67:.\Generated_Source\PSoC5/SPI_FNG1_PM.c **** /*******************************************************************************
  68:.\Generated_Source\PSoC5/SPI_FNG1_PM.c **** * Function Name: SPI_FNG1_Sleep
  69:.\Generated_Source\PSoC5/SPI_FNG1_PM.c **** ********************************************************************************
  70:.\Generated_Source\PSoC5/SPI_FNG1_PM.c **** *
  71:.\Generated_Source\PSoC5/SPI_FNG1_PM.c **** * Summary:
  72:.\Generated_Source\PSoC5/SPI_FNG1_PM.c **** *  Prepare SPIM Component goes to sleep.
  73:.\Generated_Source\PSoC5/SPI_FNG1_PM.c **** *
  74:.\Generated_Source\PSoC5/SPI_FNG1_PM.c **** * Parameters:
  75:.\Generated_Source\PSoC5/SPI_FNG1_PM.c **** *  None.
  76:.\Generated_Source\PSoC5/SPI_FNG1_PM.c **** *
  77:.\Generated_Source\PSoC5/SPI_FNG1_PM.c **** * Return:
  78:.\Generated_Source\PSoC5/SPI_FNG1_PM.c **** *  None.
  79:.\Generated_Source\PSoC5/SPI_FNG1_PM.c **** *
  80:.\Generated_Source\PSoC5/SPI_FNG1_PM.c **** * Global Variables:
ARM GAS  C:\Users\jthem\AppData\Local\Temp\ccw7s4t1.s 			page 4


  81:.\Generated_Source\PSoC5/SPI_FNG1_PM.c **** *  SPI_FNG1_backup - modified when non-retention registers are saved.
  82:.\Generated_Source\PSoC5/SPI_FNG1_PM.c **** *
  83:.\Generated_Source\PSoC5/SPI_FNG1_PM.c **** * Reentrant:
  84:.\Generated_Source\PSoC5/SPI_FNG1_PM.c **** *  No.
  85:.\Generated_Source\PSoC5/SPI_FNG1_PM.c **** *
  86:.\Generated_Source\PSoC5/SPI_FNG1_PM.c **** *******************************************************************************/
  87:.\Generated_Source\PSoC5/SPI_FNG1_PM.c **** void SPI_FNG1_Sleep(void) 
  88:.\Generated_Source\PSoC5/SPI_FNG1_PM.c **** {
  92              		.loc 1 88 0
  93              		.cfi_startproc
  94              		@ args = 0, pretend = 0, frame = 0
  95              		@ frame_needed = 1, uses_anonymous_args = 0
  96 0000 80B5     		push	{r7, lr}
  97              		.cfi_def_cfa_offset 8
  98              		.cfi_offset 7, -8
  99              		.cfi_offset 14, -4
 100 0002 00AF     		add	r7, sp, #0
 101              		.cfi_def_cfa_register 7
  89:.\Generated_Source\PSoC5/SPI_FNG1_PM.c ****     /* Save components enable state */
  90:.\Generated_Source\PSoC5/SPI_FNG1_PM.c ****     SPI_FNG1_backup.enableState = ((uint8) SPI_FNG1_IS_ENABLED);
 102              		.loc 1 90 0
 103 0004 074B     		ldr	r3, .L4
 104 0006 1B78     		ldrb	r3, [r3]
 105 0008 DBB2     		uxtb	r3, r3
 106 000a 03F01003 		and	r3, r3, #16
 107 000e 002B     		cmp	r3, #0
 108 0010 14BF     		ite	ne
 109 0012 0123     		movne	r3, #1
 110 0014 0023     		moveq	r3, #0
 111 0016 DBB2     		uxtb	r3, r3
 112 0018 1A46     		mov	r2, r3
 113 001a 034B     		ldr	r3, .L4+4
 114 001c 1A70     		strb	r2, [r3]
  91:.\Generated_Source\PSoC5/SPI_FNG1_PM.c **** 
  92:.\Generated_Source\PSoC5/SPI_FNG1_PM.c ****     SPI_FNG1_Stop();
 115              		.loc 1 92 0
 116 001e FFF7FEFF 		bl	SPI_FNG1_Stop
  93:.\Generated_Source\PSoC5/SPI_FNG1_PM.c **** }
 117              		.loc 1 93 0
 118 0022 80BD     		pop	{r7, pc}
 119              	.L5:
 120              		.align	2
 121              	.L4:
 122 0024 94650040 		.word	1073767828
 123 0028 00000000 		.word	SPI_FNG1_backup
 124              		.cfi_endproc
 125              	.LFE2:
 126              		.size	SPI_FNG1_Sleep, .-SPI_FNG1_Sleep
 127              		.section	.text.SPI_FNG1_Wakeup,"ax",%progbits
 128              		.align	2
 129              		.global	SPI_FNG1_Wakeup
 130              		.thumb
 131              		.thumb_func
 132              		.type	SPI_FNG1_Wakeup, %function
 133              	SPI_FNG1_Wakeup:
 134              	.LFB3:
  94:.\Generated_Source\PSoC5/SPI_FNG1_PM.c **** 
ARM GAS  C:\Users\jthem\AppData\Local\Temp\ccw7s4t1.s 			page 5


  95:.\Generated_Source\PSoC5/SPI_FNG1_PM.c **** 
  96:.\Generated_Source\PSoC5/SPI_FNG1_PM.c **** /*******************************************************************************
  97:.\Generated_Source\PSoC5/SPI_FNG1_PM.c **** * Function Name: SPI_FNG1_Wakeup
  98:.\Generated_Source\PSoC5/SPI_FNG1_PM.c **** ********************************************************************************
  99:.\Generated_Source\PSoC5/SPI_FNG1_PM.c **** *
 100:.\Generated_Source\PSoC5/SPI_FNG1_PM.c **** * Summary:
 101:.\Generated_Source\PSoC5/SPI_FNG1_PM.c **** *  Prepare SPIM Component to wake up.
 102:.\Generated_Source\PSoC5/SPI_FNG1_PM.c **** *
 103:.\Generated_Source\PSoC5/SPI_FNG1_PM.c **** * Parameters:
 104:.\Generated_Source\PSoC5/SPI_FNG1_PM.c **** *  None.
 105:.\Generated_Source\PSoC5/SPI_FNG1_PM.c **** *
 106:.\Generated_Source\PSoC5/SPI_FNG1_PM.c **** * Return:
 107:.\Generated_Source\PSoC5/SPI_FNG1_PM.c **** *  None.
 108:.\Generated_Source\PSoC5/SPI_FNG1_PM.c **** *
 109:.\Generated_Source\PSoC5/SPI_FNG1_PM.c **** * Global Variables:
 110:.\Generated_Source\PSoC5/SPI_FNG1_PM.c **** *  SPI_FNG1_backup - used when non-retention registers are restored.
 111:.\Generated_Source\PSoC5/SPI_FNG1_PM.c **** *  SPI_FNG1_txBufferWrite - modified every function call - resets to
 112:.\Generated_Source\PSoC5/SPI_FNG1_PM.c **** *  zero.
 113:.\Generated_Source\PSoC5/SPI_FNG1_PM.c **** *  SPI_FNG1_txBufferRead - modified every function call - resets to
 114:.\Generated_Source\PSoC5/SPI_FNG1_PM.c **** *  zero.
 115:.\Generated_Source\PSoC5/SPI_FNG1_PM.c **** *  SPI_FNG1_rxBufferWrite - modified every function call - resets to
 116:.\Generated_Source\PSoC5/SPI_FNG1_PM.c **** *  zero.
 117:.\Generated_Source\PSoC5/SPI_FNG1_PM.c **** *  SPI_FNG1_rxBufferRead - modified every function call - resets to
 118:.\Generated_Source\PSoC5/SPI_FNG1_PM.c **** *  zero.
 119:.\Generated_Source\PSoC5/SPI_FNG1_PM.c **** *
 120:.\Generated_Source\PSoC5/SPI_FNG1_PM.c **** * Reentrant:
 121:.\Generated_Source\PSoC5/SPI_FNG1_PM.c **** *  No.
 122:.\Generated_Source\PSoC5/SPI_FNG1_PM.c **** *
 123:.\Generated_Source\PSoC5/SPI_FNG1_PM.c **** *******************************************************************************/
 124:.\Generated_Source\PSoC5/SPI_FNG1_PM.c **** void SPI_FNG1_Wakeup(void) 
 125:.\Generated_Source\PSoC5/SPI_FNG1_PM.c **** {
 135              		.loc 1 125 0
 136              		.cfi_startproc
 137              		@ args = 0, pretend = 0, frame = 0
 138              		@ frame_needed = 1, uses_anonymous_args = 0
 139 0000 80B5     		push	{r7, lr}
 140              		.cfi_def_cfa_offset 8
 141              		.cfi_offset 7, -8
 142              		.cfi_offset 14, -4
 143 0002 00AF     		add	r7, sp, #0
 144              		.cfi_def_cfa_register 7
 126:.\Generated_Source\PSoC5/SPI_FNG1_PM.c ****     #if(SPI_FNG1_RX_SOFTWARE_BUF_ENABLED)
 127:.\Generated_Source\PSoC5/SPI_FNG1_PM.c ****         SPI_FNG1_rxBufferFull  = 0u;
 145              		.loc 1 127 0
 146 0004 0D4B     		ldr	r3, .L8
 147 0006 0022     		movs	r2, #0
 148 0008 1A70     		strb	r2, [r3]
 128:.\Generated_Source\PSoC5/SPI_FNG1_PM.c ****         SPI_FNG1_rxBufferRead  = 0u;
 149              		.loc 1 128 0
 150 000a 0D4B     		ldr	r3, .L8+4
 151 000c 0022     		movs	r2, #0
 152 000e 1A70     		strb	r2, [r3]
 129:.\Generated_Source\PSoC5/SPI_FNG1_PM.c ****         SPI_FNG1_rxBufferWrite = 0u;
 153              		.loc 1 129 0
 154 0010 0C4B     		ldr	r3, .L8+8
 155 0012 0022     		movs	r2, #0
 156 0014 1A70     		strb	r2, [r3]
ARM GAS  C:\Users\jthem\AppData\Local\Temp\ccw7s4t1.s 			page 6


 130:.\Generated_Source\PSoC5/SPI_FNG1_PM.c ****     #endif /* (SPI_FNG1_RX_SOFTWARE_BUF_ENABLED) */
 131:.\Generated_Source\PSoC5/SPI_FNG1_PM.c **** 
 132:.\Generated_Source\PSoC5/SPI_FNG1_PM.c ****     #if(SPI_FNG1_TX_SOFTWARE_BUF_ENABLED)
 133:.\Generated_Source\PSoC5/SPI_FNG1_PM.c ****         SPI_FNG1_txBufferFull  = 0u;
 157              		.loc 1 133 0
 158 0016 0C4B     		ldr	r3, .L8+12
 159 0018 0022     		movs	r2, #0
 160 001a 1A70     		strb	r2, [r3]
 134:.\Generated_Source\PSoC5/SPI_FNG1_PM.c ****         SPI_FNG1_txBufferRead  = 0u;
 161              		.loc 1 134 0
 162 001c 0B4B     		ldr	r3, .L8+16
 163 001e 0022     		movs	r2, #0
 164 0020 1A70     		strb	r2, [r3]
 135:.\Generated_Source\PSoC5/SPI_FNG1_PM.c ****         SPI_FNG1_txBufferWrite = 0u;
 165              		.loc 1 135 0
 166 0022 0B4B     		ldr	r3, .L8+20
 167 0024 0022     		movs	r2, #0
 168 0026 1A70     		strb	r2, [r3]
 136:.\Generated_Source\PSoC5/SPI_FNG1_PM.c ****     #endif /* (SPI_FNG1_TX_SOFTWARE_BUF_ENABLED) */
 137:.\Generated_Source\PSoC5/SPI_FNG1_PM.c **** 
 138:.\Generated_Source\PSoC5/SPI_FNG1_PM.c ****     /* Clear any data from the RX and TX FIFO */
 139:.\Generated_Source\PSoC5/SPI_FNG1_PM.c ****     SPI_FNG1_ClearFIFO();
 169              		.loc 1 139 0
 170 0028 FFF7FEFF 		bl	SPI_FNG1_ClearFIFO
 140:.\Generated_Source\PSoC5/SPI_FNG1_PM.c **** 
 141:.\Generated_Source\PSoC5/SPI_FNG1_PM.c ****     /* Restore components block enable state */
 142:.\Generated_Source\PSoC5/SPI_FNG1_PM.c ****     if(0u != SPI_FNG1_backup.enableState)
 171              		.loc 1 142 0
 172 002c 094B     		ldr	r3, .L8+24
 173 002e 1B78     		ldrb	r3, [r3]	@ zero_extendqisi2
 174 0030 002B     		cmp	r3, #0
 175 0032 01D0     		beq	.L6
 143:.\Generated_Source\PSoC5/SPI_FNG1_PM.c ****     {
 144:.\Generated_Source\PSoC5/SPI_FNG1_PM.c ****         SPI_FNG1_Enable();
 176              		.loc 1 144 0
 177 0034 FFF7FEFF 		bl	SPI_FNG1_Enable
 178              	.L6:
 145:.\Generated_Source\PSoC5/SPI_FNG1_PM.c ****     }
 146:.\Generated_Source\PSoC5/SPI_FNG1_PM.c **** }
 179              		.loc 1 146 0
 180 0038 80BD     		pop	{r7, pc}
 181              	.L9:
 182 003a 00BF     		.align	2
 183              	.L8:
 184 003c 00000000 		.word	SPI_FNG1_rxBufferFull
 185 0040 00000000 		.word	SPI_FNG1_rxBufferRead
 186 0044 00000000 		.word	SPI_FNG1_rxBufferWrite
 187 0048 00000000 		.word	SPI_FNG1_txBufferFull
 188 004c 00000000 		.word	SPI_FNG1_txBufferRead
 189 0050 00000000 		.word	SPI_FNG1_txBufferWrite
 190 0054 00000000 		.word	SPI_FNG1_backup
 191              		.cfi_endproc
 192              	.LFE3:
 193              		.size	SPI_FNG1_Wakeup, .-SPI_FNG1_Wakeup
 194              		.text
 195              	.Letext0:
 196              		.file 2 ".\\Generated_Source\\PSoC5\\cytypes.h"
ARM GAS  C:\Users\jthem\AppData\Local\Temp\ccw7s4t1.s 			page 7


 197              		.file 3 ".\\Generated_Source\\PSoC5\\SPI_FNG1.h"
 198              		.file 4 ".\\Generated_Source\\PSoC5\\SPI_FNG1_PVT.h"
 199              		.section	.debug_info,"",%progbits
 200              	.Ldebug_info0:
 201 0000 64010000 		.4byte	0x164
 202 0004 0400     		.2byte	0x4
 203 0006 00000000 		.4byte	.Ldebug_abbrev0
 204 000a 04       		.byte	0x4
 205 000b 01       		.uleb128 0x1
 206 000c AD000000 		.4byte	.LASF28
 207 0010 01       		.byte	0x1
 208 0011 7D020000 		.4byte	.LASF29
 209 0015 E1010000 		.4byte	.LASF30
 210 0019 00000000 		.4byte	.Ldebug_ranges0+0
 211 001d 00000000 		.4byte	0
 212 0021 00000000 		.4byte	.Ldebug_line0
 213 0025 02       		.uleb128 0x2
 214 0026 01       		.byte	0x1
 215 0027 06       		.byte	0x6
 216 0028 5B020000 		.4byte	.LASF0
 217 002c 02       		.uleb128 0x2
 218 002d 01       		.byte	0x1
 219 002e 08       		.byte	0x8
 220 002f 6C000000 		.4byte	.LASF1
 221 0033 02       		.uleb128 0x2
 222 0034 02       		.byte	0x2
 223 0035 05       		.byte	0x5
 224 0036 28020000 		.4byte	.LASF2
 225 003a 02       		.uleb128 0x2
 226 003b 02       		.byte	0x2
 227 003c 07       		.byte	0x7
 228 003d 2C000000 		.4byte	.LASF3
 229 0041 02       		.uleb128 0x2
 230 0042 04       		.byte	0x4
 231 0043 05       		.byte	0x5
 232 0044 32020000 		.4byte	.LASF4
 233 0048 02       		.uleb128 0x2
 234 0049 04       		.byte	0x4
 235 004a 07       		.byte	0x7
 236 004b 7F000000 		.4byte	.LASF5
 237 004f 02       		.uleb128 0x2
 238 0050 08       		.byte	0x8
 239 0051 05       		.byte	0x5
 240 0052 CE010000 		.4byte	.LASF6
 241 0056 02       		.uleb128 0x2
 242 0057 08       		.byte	0x8
 243 0058 07       		.byte	0x7
 244 0059 88010000 		.4byte	.LASF7
 245 005d 03       		.uleb128 0x3
 246 005e 04       		.byte	0x4
 247 005f 05       		.byte	0x5
 248 0060 696E7400 		.ascii	"int\000"
 249 0064 02       		.uleb128 0x2
 250 0065 04       		.byte	0x4
 251 0066 07       		.byte	0x7
 252 0067 7B010000 		.4byte	.LASF8
 253 006b 04       		.uleb128 0x4
ARM GAS  C:\Users\jthem\AppData\Local\Temp\ccw7s4t1.s 			page 8


 254 006c 91000000 		.4byte	.LASF12
 255 0070 02       		.byte	0x2
 256 0071 3801     		.2byte	0x138
 257 0073 2C000000 		.4byte	0x2c
 258 0077 02       		.uleb128 0x2
 259 0078 04       		.byte	0x4
 260 0079 04       		.byte	0x4
 261 007a 10000000 		.4byte	.LASF9
 262 007e 02       		.uleb128 0x2
 263 007f 08       		.byte	0x8
 264 0080 04       		.byte	0x4
 265 0081 3B010000 		.4byte	.LASF10
 266 0085 02       		.uleb128 0x2
 267 0086 01       		.byte	0x1
 268 0087 08       		.byte	0x8
 269 0088 DC010000 		.4byte	.LASF11
 270 008c 04       		.uleb128 0x4
 271 008d 7A000000 		.4byte	.LASF13
 272 0091 02       		.byte	0x2
 273 0092 E201     		.2byte	0x1e2
 274 0094 98000000 		.4byte	0x98
 275 0098 05       		.uleb128 0x5
 276 0099 6B000000 		.4byte	0x6b
 277 009d 02       		.uleb128 0x2
 278 009e 04       		.byte	0x4
 279 009f 07       		.byte	0x7
 280 00a0 C5010000 		.4byte	.LASF14
 281 00a4 06       		.uleb128 0x6
 282 00a5 02       		.byte	0x2
 283 00a6 03       		.byte	0x3
 284 00a7 46       		.byte	0x46
 285 00a8 C5000000 		.4byte	0xc5
 286 00ac 07       		.uleb128 0x7
 287 00ad 3B020000 		.4byte	.LASF15
 288 00b1 03       		.byte	0x3
 289 00b2 48       		.byte	0x48
 290 00b3 6B000000 		.4byte	0x6b
 291 00b7 00       		.byte	0
 292 00b8 07       		.uleb128 0x7
 293 00b9 70010000 		.4byte	.LASF16
 294 00bd 03       		.byte	0x3
 295 00be 49       		.byte	0x49
 296 00bf 6B000000 		.4byte	0x6b
 297 00c3 01       		.byte	0x1
 298 00c4 00       		.byte	0
 299 00c5 08       		.uleb128 0x8
 300 00c6 42010000 		.4byte	.LASF17
 301 00ca 03       		.byte	0x3
 302 00cb 4A       		.byte	0x4a
 303 00cc A4000000 		.4byte	0xa4
 304 00d0 09       		.uleb128 0x9
 305 00d1 47020000 		.4byte	.LASF18
 306 00d5 01       		.byte	0x1
 307 00d6 29       		.byte	0x29
 308 00d7 00000000 		.4byte	.LFB0
 309 00db 0C000000 		.4byte	.LFE0-.LFB0
 310 00df 01       		.uleb128 0x1
ARM GAS  C:\Users\jthem\AppData\Local\Temp\ccw7s4t1.s 			page 9


 311 00e0 9C       		.byte	0x9c
 312 00e1 09       		.uleb128 0x9
 313 00e2 9F010000 		.4byte	.LASF19
 314 00e6 01       		.byte	0x1
 315 00e7 3D       		.byte	0x3d
 316 00e8 00000000 		.4byte	.LFB1
 317 00ec 0C000000 		.4byte	.LFE1-.LFB1
 318 00f0 01       		.uleb128 0x1
 319 00f1 9C       		.byte	0x9c
 320 00f2 0A       		.uleb128 0xa
 321 00f3 B6010000 		.4byte	.LASF20
 322 00f7 01       		.byte	0x1
 323 00f8 57       		.byte	0x57
 324 00f9 00000000 		.4byte	.LFB2
 325 00fd 2C000000 		.4byte	.LFE2-.LFB2
 326 0101 01       		.uleb128 0x1
 327 0102 9C       		.byte	0x9c
 328 0103 0A       		.uleb128 0xa
 329 0104 A4020000 		.4byte	.LASF21
 330 0108 01       		.byte	0x1
 331 0109 7C       		.byte	0x7c
 332 010a 00000000 		.4byte	.LFB3
 333 010e 58000000 		.4byte	.LFE3-.LFB3
 334 0112 01       		.uleb128 0x1
 335 0113 9C       		.byte	0x9c
 336 0114 0B       		.uleb128 0xb
 337 0115 00000000 		.4byte	.LASF31
 338 0119 01       		.byte	0x1
 339 011a 14       		.byte	0x14
 340 011b C5000000 		.4byte	0xc5
 341 011f 05       		.uleb128 0x5
 342 0120 03       		.byte	0x3
 343 0121 00000000 		.4byte	SPI_FNG1_backup
 344 0125 0C       		.uleb128 0xc
 345 0126 56000000 		.4byte	.LASF22
 346 012a 04       		.byte	0x4
 347 012b 26       		.byte	0x26
 348 012c 98000000 		.4byte	0x98
 349 0130 0C       		.uleb128 0xc
 350 0131 59010000 		.4byte	.LASF23
 351 0135 04       		.byte	0x4
 352 0136 27       		.byte	0x27
 353 0137 98000000 		.4byte	0x98
 354 013b 0C       		.uleb128 0xc
 355 013c 16000000 		.4byte	.LASF24
 356 0140 04       		.byte	0x4
 357 0141 28       		.byte	0x28
 358 0142 98000000 		.4byte	0x98
 359 0146 0C       		.uleb128 0xc
 360 0147 97000000 		.4byte	.LASF25
 361 014b 04       		.byte	0x4
 362 014c 2D       		.byte	0x2d
 363 014d 98000000 		.4byte	0x98
 364 0151 0C       		.uleb128 0xc
 365 0152 3F000000 		.4byte	.LASF26
 366 0156 04       		.byte	0x4
 367 0157 2E       		.byte	0x2e
ARM GAS  C:\Users\jthem\AppData\Local\Temp\ccw7s4t1.s 			page 10


 368 0158 98000000 		.4byte	0x98
 369 015c 0C       		.uleb128 0xc
 370 015d 67020000 		.4byte	.LASF27
 371 0161 04       		.byte	0x4
 372 0162 2F       		.byte	0x2f
 373 0163 98000000 		.4byte	0x98
 374 0167 00       		.byte	0
 375              		.section	.debug_abbrev,"",%progbits
 376              	.Ldebug_abbrev0:
 377 0000 01       		.uleb128 0x1
 378 0001 11       		.uleb128 0x11
 379 0002 01       		.byte	0x1
 380 0003 25       		.uleb128 0x25
 381 0004 0E       		.uleb128 0xe
 382 0005 13       		.uleb128 0x13
 383 0006 0B       		.uleb128 0xb
 384 0007 03       		.uleb128 0x3
 385 0008 0E       		.uleb128 0xe
 386 0009 1B       		.uleb128 0x1b
 387 000a 0E       		.uleb128 0xe
 388 000b 55       		.uleb128 0x55
 389 000c 17       		.uleb128 0x17
 390 000d 11       		.uleb128 0x11
 391 000e 01       		.uleb128 0x1
 392 000f 10       		.uleb128 0x10
 393 0010 17       		.uleb128 0x17
 394 0011 00       		.byte	0
 395 0012 00       		.byte	0
 396 0013 02       		.uleb128 0x2
 397 0014 24       		.uleb128 0x24
 398 0015 00       		.byte	0
 399 0016 0B       		.uleb128 0xb
 400 0017 0B       		.uleb128 0xb
 401 0018 3E       		.uleb128 0x3e
 402 0019 0B       		.uleb128 0xb
 403 001a 03       		.uleb128 0x3
 404 001b 0E       		.uleb128 0xe
 405 001c 00       		.byte	0
 406 001d 00       		.byte	0
 407 001e 03       		.uleb128 0x3
 408 001f 24       		.uleb128 0x24
 409 0020 00       		.byte	0
 410 0021 0B       		.uleb128 0xb
 411 0022 0B       		.uleb128 0xb
 412 0023 3E       		.uleb128 0x3e
 413 0024 0B       		.uleb128 0xb
 414 0025 03       		.uleb128 0x3
 415 0026 08       		.uleb128 0x8
 416 0027 00       		.byte	0
 417 0028 00       		.byte	0
 418 0029 04       		.uleb128 0x4
 419 002a 16       		.uleb128 0x16
 420 002b 00       		.byte	0
 421 002c 03       		.uleb128 0x3
 422 002d 0E       		.uleb128 0xe
 423 002e 3A       		.uleb128 0x3a
 424 002f 0B       		.uleb128 0xb
ARM GAS  C:\Users\jthem\AppData\Local\Temp\ccw7s4t1.s 			page 11


 425 0030 3B       		.uleb128 0x3b
 426 0031 05       		.uleb128 0x5
 427 0032 49       		.uleb128 0x49
 428 0033 13       		.uleb128 0x13
 429 0034 00       		.byte	0
 430 0035 00       		.byte	0
 431 0036 05       		.uleb128 0x5
 432 0037 35       		.uleb128 0x35
 433 0038 00       		.byte	0
 434 0039 49       		.uleb128 0x49
 435 003a 13       		.uleb128 0x13
 436 003b 00       		.byte	0
 437 003c 00       		.byte	0
 438 003d 06       		.uleb128 0x6
 439 003e 13       		.uleb128 0x13
 440 003f 01       		.byte	0x1
 441 0040 0B       		.uleb128 0xb
 442 0041 0B       		.uleb128 0xb
 443 0042 3A       		.uleb128 0x3a
 444 0043 0B       		.uleb128 0xb
 445 0044 3B       		.uleb128 0x3b
 446 0045 0B       		.uleb128 0xb
 447 0046 01       		.uleb128 0x1
 448 0047 13       		.uleb128 0x13
 449 0048 00       		.byte	0
 450 0049 00       		.byte	0
 451 004a 07       		.uleb128 0x7
 452 004b 0D       		.uleb128 0xd
 453 004c 00       		.byte	0
 454 004d 03       		.uleb128 0x3
 455 004e 0E       		.uleb128 0xe
 456 004f 3A       		.uleb128 0x3a
 457 0050 0B       		.uleb128 0xb
 458 0051 3B       		.uleb128 0x3b
 459 0052 0B       		.uleb128 0xb
 460 0053 49       		.uleb128 0x49
 461 0054 13       		.uleb128 0x13
 462 0055 38       		.uleb128 0x38
 463 0056 0B       		.uleb128 0xb
 464 0057 00       		.byte	0
 465 0058 00       		.byte	0
 466 0059 08       		.uleb128 0x8
 467 005a 16       		.uleb128 0x16
 468 005b 00       		.byte	0
 469 005c 03       		.uleb128 0x3
 470 005d 0E       		.uleb128 0xe
 471 005e 3A       		.uleb128 0x3a
 472 005f 0B       		.uleb128 0xb
 473 0060 3B       		.uleb128 0x3b
 474 0061 0B       		.uleb128 0xb
 475 0062 49       		.uleb128 0x49
 476 0063 13       		.uleb128 0x13
 477 0064 00       		.byte	0
 478 0065 00       		.byte	0
 479 0066 09       		.uleb128 0x9
 480 0067 2E       		.uleb128 0x2e
 481 0068 00       		.byte	0
ARM GAS  C:\Users\jthem\AppData\Local\Temp\ccw7s4t1.s 			page 12


 482 0069 3F       		.uleb128 0x3f
 483 006a 19       		.uleb128 0x19
 484 006b 03       		.uleb128 0x3
 485 006c 0E       		.uleb128 0xe
 486 006d 3A       		.uleb128 0x3a
 487 006e 0B       		.uleb128 0xb
 488 006f 3B       		.uleb128 0x3b
 489 0070 0B       		.uleb128 0xb
 490 0071 27       		.uleb128 0x27
 491 0072 19       		.uleb128 0x19
 492 0073 11       		.uleb128 0x11
 493 0074 01       		.uleb128 0x1
 494 0075 12       		.uleb128 0x12
 495 0076 06       		.uleb128 0x6
 496 0077 40       		.uleb128 0x40
 497 0078 18       		.uleb128 0x18
 498 0079 9742     		.uleb128 0x2117
 499 007b 19       		.uleb128 0x19
 500 007c 00       		.byte	0
 501 007d 00       		.byte	0
 502 007e 0A       		.uleb128 0xa
 503 007f 2E       		.uleb128 0x2e
 504 0080 00       		.byte	0
 505 0081 3F       		.uleb128 0x3f
 506 0082 19       		.uleb128 0x19
 507 0083 03       		.uleb128 0x3
 508 0084 0E       		.uleb128 0xe
 509 0085 3A       		.uleb128 0x3a
 510 0086 0B       		.uleb128 0xb
 511 0087 3B       		.uleb128 0x3b
 512 0088 0B       		.uleb128 0xb
 513 0089 27       		.uleb128 0x27
 514 008a 19       		.uleb128 0x19
 515 008b 11       		.uleb128 0x11
 516 008c 01       		.uleb128 0x1
 517 008d 12       		.uleb128 0x12
 518 008e 06       		.uleb128 0x6
 519 008f 40       		.uleb128 0x40
 520 0090 18       		.uleb128 0x18
 521 0091 9642     		.uleb128 0x2116
 522 0093 19       		.uleb128 0x19
 523 0094 00       		.byte	0
 524 0095 00       		.byte	0
 525 0096 0B       		.uleb128 0xb
 526 0097 34       		.uleb128 0x34
 527 0098 00       		.byte	0
 528 0099 03       		.uleb128 0x3
 529 009a 0E       		.uleb128 0xe
 530 009b 3A       		.uleb128 0x3a
 531 009c 0B       		.uleb128 0xb
 532 009d 3B       		.uleb128 0x3b
 533 009e 0B       		.uleb128 0xb
 534 009f 49       		.uleb128 0x49
 535 00a0 13       		.uleb128 0x13
 536 00a1 02       		.uleb128 0x2
 537 00a2 18       		.uleb128 0x18
 538 00a3 00       		.byte	0
ARM GAS  C:\Users\jthem\AppData\Local\Temp\ccw7s4t1.s 			page 13


 539 00a4 00       		.byte	0
 540 00a5 0C       		.uleb128 0xc
 541 00a6 34       		.uleb128 0x34
 542 00a7 00       		.byte	0
 543 00a8 03       		.uleb128 0x3
 544 00a9 0E       		.uleb128 0xe
 545 00aa 3A       		.uleb128 0x3a
 546 00ab 0B       		.uleb128 0xb
 547 00ac 3B       		.uleb128 0x3b
 548 00ad 0B       		.uleb128 0xb
 549 00ae 49       		.uleb128 0x49
 550 00af 13       		.uleb128 0x13
 551 00b0 3F       		.uleb128 0x3f
 552 00b1 19       		.uleb128 0x19
 553 00b2 3C       		.uleb128 0x3c
 554 00b3 19       		.uleb128 0x19
 555 00b4 00       		.byte	0
 556 00b5 00       		.byte	0
 557 00b6 00       		.byte	0
 558              		.section	.debug_aranges,"",%progbits
 559 0000 34000000 		.4byte	0x34
 560 0004 0200     		.2byte	0x2
 561 0006 00000000 		.4byte	.Ldebug_info0
 562 000a 04       		.byte	0x4
 563 000b 00       		.byte	0
 564 000c 0000     		.2byte	0
 565 000e 0000     		.2byte	0
 566 0010 00000000 		.4byte	.LFB0
 567 0014 0C000000 		.4byte	.LFE0-.LFB0
 568 0018 00000000 		.4byte	.LFB1
 569 001c 0C000000 		.4byte	.LFE1-.LFB1
 570 0020 00000000 		.4byte	.LFB2
 571 0024 2C000000 		.4byte	.LFE2-.LFB2
 572 0028 00000000 		.4byte	.LFB3
 573 002c 58000000 		.4byte	.LFE3-.LFB3
 574 0030 00000000 		.4byte	0
 575 0034 00000000 		.4byte	0
 576              		.section	.debug_ranges,"",%progbits
 577              	.Ldebug_ranges0:
 578 0000 00000000 		.4byte	.LFB0
 579 0004 0C000000 		.4byte	.LFE0
 580 0008 00000000 		.4byte	.LFB1
 581 000c 0C000000 		.4byte	.LFE1
 582 0010 00000000 		.4byte	.LFB2
 583 0014 2C000000 		.4byte	.LFE2
 584 0018 00000000 		.4byte	.LFB3
 585 001c 58000000 		.4byte	.LFE3
 586 0020 00000000 		.4byte	0
 587 0024 00000000 		.4byte	0
 588              		.section	.debug_line,"",%progbits
 589              	.Ldebug_line0:
 590 0000 BD000000 		.section	.debug_str,"MS",%progbits,1
 590      02006A00 
 590      00000201 
 590      FB0E0D00 
 590      01010101 
 591              	.LASF31:
ARM GAS  C:\Users\jthem\AppData\Local\Temp\ccw7s4t1.s 			page 14


 592 0000 5350495F 		.ascii	"SPI_FNG1_backup\000"
 592      464E4731 
 592      5F626163 
 592      6B757000 
 593              	.LASF9:
 594 0010 666C6F61 		.ascii	"float\000"
 594      7400
 595              	.LASF24:
 596 0016 5350495F 		.ascii	"SPI_FNG1_txBufferFull\000"
 596      464E4731 
 596      5F747842 
 596      75666665 
 596      7246756C 
 597              	.LASF3:
 598 002c 73686F72 		.ascii	"short unsigned int\000"
 598      7420756E 
 598      7369676E 
 598      65642069 
 598      6E7400
 599              	.LASF26:
 600 003f 5350495F 		.ascii	"SPI_FNG1_rxBufferWrite\000"
 600      464E4731 
 600      5F727842 
 600      75666665 
 600      72577269 
 601              	.LASF22:
 602 0056 5350495F 		.ascii	"SPI_FNG1_txBufferRead\000"
 602      464E4731 
 602      5F747842 
 602      75666665 
 602      72526561 
 603              	.LASF1:
 604 006c 756E7369 		.ascii	"unsigned char\000"
 604      676E6564 
 604      20636861 
 604      7200
 605              	.LASF13:
 606 007a 72656738 		.ascii	"reg8\000"
 606      00
 607              	.LASF5:
 608 007f 6C6F6E67 		.ascii	"long unsigned int\000"
 608      20756E73 
 608      69676E65 
 608      6420696E 
 608      7400
 609              	.LASF12:
 610 0091 75696E74 		.ascii	"uint8\000"
 610      3800
 611              	.LASF25:
 612 0097 5350495F 		.ascii	"SPI_FNG1_rxBufferRead\000"
 612      464E4731 
 612      5F727842 
 612      75666665 
 612      72526561 
 613              	.LASF28:
 614 00ad 474E5520 		.ascii	"GNU C 4.9.3 20150303 (release) [ARM/embedded-4_9-br"
 614      4320342E 
ARM GAS  C:\Users\jthem\AppData\Local\Temp\ccw7s4t1.s 			page 15


 614      392E3320 
 614      32303135 
 614      30333033 
 615 00e0 616E6368 		.ascii	"anch revision 221220] -mcpu=cortex-m3 -mthumb -g -O"
 615      20726576 
 615      6973696F 
 615      6E203232 
 615      31323230 
 616 0113 30202D66 		.ascii	"0 -ffunction-sections -ffat-lto-objects\000"
 616      66756E63 
 616      74696F6E 
 616      2D736563 
 616      74696F6E 
 617              	.LASF10:
 618 013b 646F7562 		.ascii	"double\000"
 618      6C6500
 619              	.LASF17:
 620 0142 5350495F 		.ascii	"SPI_FNG1_BACKUP_STRUCT\000"
 620      464E4731 
 620      5F424143 
 620      4B55505F 
 620      53545255 
 621              	.LASF23:
 622 0159 5350495F 		.ascii	"SPI_FNG1_txBufferWrite\000"
 622      464E4731 
 622      5F747842 
 622      75666665 
 622      72577269 
 623              	.LASF16:
 624 0170 636E7472 		.ascii	"cntrPeriod\000"
 624      50657269 
 624      6F6400
 625              	.LASF8:
 626 017b 756E7369 		.ascii	"unsigned int\000"
 626      676E6564 
 626      20696E74 
 626      00
 627              	.LASF7:
 628 0188 6C6F6E67 		.ascii	"long long unsigned int\000"
 628      206C6F6E 
 628      6720756E 
 628      7369676E 
 628      65642069 
 629              	.LASF19:
 630 019f 5350495F 		.ascii	"SPI_FNG1_RestoreConfig\000"
 630      464E4731 
 630      5F526573 
 630      746F7265 
 630      436F6E66 
 631              	.LASF20:
 632 01b6 5350495F 		.ascii	"SPI_FNG1_Sleep\000"
 632      464E4731 
 632      5F536C65 
 632      657000
 633              	.LASF14:
 634 01c5 73697A65 		.ascii	"sizetype\000"
 634      74797065 
ARM GAS  C:\Users\jthem\AppData\Local\Temp\ccw7s4t1.s 			page 16


 634      00
 635              	.LASF6:
 636 01ce 6C6F6E67 		.ascii	"long long int\000"
 636      206C6F6E 
 636      6720696E 
 636      7400
 637              	.LASF11:
 638 01dc 63686172 		.ascii	"char\000"
 638      00
 639              	.LASF30:
 640 01e1 433A5C55 		.ascii	"C:\\Users\\jthem\\Documents\\PSoC Creator\\PWMExamp"
 640      73657273 
 640      5C6A7468 
 640      656D5C44 
 640      6F63756D 
 641 020f 6C653031 		.ascii	"le01\\EasyBoard_5LP.cydsn\000"
 641      5C456173 
 641      79426F61 
 641      72645F35 
 641      4C502E63 
 642              	.LASF2:
 643 0228 73686F72 		.ascii	"short int\000"
 643      7420696E 
 643      7400
 644              	.LASF4:
 645 0232 6C6F6E67 		.ascii	"long int\000"
 645      20696E74 
 645      00
 646              	.LASF15:
 647 023b 656E6162 		.ascii	"enableState\000"
 647      6C655374 
 647      61746500 
 648              	.LASF18:
 649 0247 5350495F 		.ascii	"SPI_FNG1_SaveConfig\000"
 649      464E4731 
 649      5F536176 
 649      65436F6E 
 649      66696700 
 650              	.LASF0:
 651 025b 7369676E 		.ascii	"signed char\000"
 651      65642063 
 651      68617200 
 652              	.LASF27:
 653 0267 5350495F 		.ascii	"SPI_FNG1_rxBufferFull\000"
 653      464E4731 
 653      5F727842 
 653      75666665 
 653      7246756C 
 654              	.LASF29:
 655 027d 2E5C4765 		.ascii	".\\Generated_Source\\PSoC5\\SPI_FNG1_PM.c\000"
 655      6E657261 
 655      7465645F 
 655      536F7572 
 655      63655C50 
 656              	.LASF21:
 657 02a4 5350495F 		.ascii	"SPI_FNG1_Wakeup\000"
 657      464E4731 
ARM GAS  C:\Users\jthem\AppData\Local\Temp\ccw7s4t1.s 			page 17


 657      5F57616B 
 657      65757000 
 658              		.ident	"GCC: (GNU Tools for ARM Embedded Processors) 4.9.3 20150303 (release) [ARM/embedded-4_9-br
