ARM GAS  C:\Users\jthem\AppData\Local\Temp\cc8MoaH8.s 			page 1


   1              		.syntax unified
   2              		.cpu cortex-m3
   3              		.fpu softvfp
   4              		.eabi_attribute 20, 1
   5              		.eabi_attribute 21, 1
   6              		.eabi_attribute 23, 3
   7              		.eabi_attribute 24, 1
   8              		.eabi_attribute 25, 1
   9              		.eabi_attribute 26, 1
  10              		.eabi_attribute 30, 6
  11              		.eabi_attribute 34, 1
  12              		.eabi_attribute 18, 4
  13              		.thumb
  14              		.file	"StringHelpers.c"
  15              		.text
  16              	.Ltext0:
  17              		.cfi_sections	.debug_frame
  18              		.section	.text.TrimString,"ax",%progbits
  19              		.align	2
  20              		.global	TrimString
  21              		.thumb
  22              		.thumb_func
  23              		.type	TrimString, %function
  24              	TrimString:
  25              	.LFB0:
  26              		.file 1 ".\\StringHelpers.c"
   1:.\StringHelpers.c **** /* ========================================
   2:.\StringHelpers.c ****  *
   3:.\StringHelpers.c ****  * Copyright 2016 John Harkins and Li He
   4:.\StringHelpers.c ****  * All Rights Reserved
   5:.\StringHelpers.c ****  *
   6:.\StringHelpers.c ****  * ========================================
   7:.\StringHelpers.c **** */
   8:.\StringHelpers.c **** 
   9:.\StringHelpers.c **** #include <ctype.h>
  10:.\StringHelpers.c **** #include <string.h>
  11:.\StringHelpers.c **** #include <stdlib.h>
  12:.\StringHelpers.c **** #include "StringHelpers.h"
  13:.\StringHelpers.c **** 
  14:.\StringHelpers.c **** 
  15:.\StringHelpers.c **** /*******************************************************************************
  16:.\StringHelpers.c **** * Function Name: TrimString
  17:.\StringHelpers.c **** ********************************************************************************
  18:.\StringHelpers.c **** *
  19:.\StringHelpers.c **** * Summary
  20:.\StringHelpers.c **** *  Removes leading and trailing whitespace from a string str
  21:.\StringHelpers.c **** *
  22:.\StringHelpers.c **** * Parameters:
  23:.\StringHelpers.c **** *  str - the string to be trimmed
  24:.\StringHelpers.c **** *
  25:.\StringHelpers.c **** * Return:
  26:.\StringHelpers.c **** *  None.
  27:.\StringHelpers.c **** *
  28:.\StringHelpers.c **** *******************************************************************************/
  29:.\StringHelpers.c **** void TrimString(char *str)
  30:.\StringHelpers.c **** {
  27              		.loc 1 30 0
ARM GAS  C:\Users\jthem\AppData\Local\Temp\cc8MoaH8.s 			page 2


  28              		.cfi_startproc
  29              		@ args = 0, pretend = 0, frame = 16
  30              		@ frame_needed = 1, uses_anonymous_args = 0
  31 0000 90B5     		push	{r4, r7, lr}
  32              		.cfi_def_cfa_offset 12
  33              		.cfi_offset 4, -12
  34              		.cfi_offset 7, -8
  35              		.cfi_offset 14, -4
  36 0002 85B0     		sub	sp, sp, #20
  37              		.cfi_def_cfa_offset 32
  38 0004 00AF     		add	r7, sp, #0
  39              		.cfi_def_cfa_register 7
  40 0006 7860     		str	r0, [r7, #4]
  31:.\StringHelpers.c ****     int i;
  32:.\StringHelpers.c ****     
  33:.\StringHelpers.c ****     // trim leading whitespace
  34:.\StringHelpers.c ****     for (i = 0; str[i] != '\0'; i++) {
  41              		.loc 1 34 0
  42 0008 0023     		movs	r3, #0
  43 000a FB60     		str	r3, [r7, #12]
  44 000c 10E0     		b	.L2
  45              	.L5:
  35:.\StringHelpers.c ****         if (!isspace(str[i])) {
  46              		.loc 1 35 0
  47 000e 284B     		ldr	r3, .L10
  48 0010 1A68     		ldr	r2, [r3]
  49 0012 FB68     		ldr	r3, [r7, #12]
  50 0014 7968     		ldr	r1, [r7, #4]
  51 0016 0B44     		add	r3, r3, r1
  52 0018 1B78     		ldrb	r3, [r3]	@ zero_extendqisi2
  53 001a 0133     		adds	r3, r3, #1
  54 001c 1344     		add	r3, r3, r2
  55 001e 1B78     		ldrb	r3, [r3]	@ zero_extendqisi2
  56 0020 03F00803 		and	r3, r3, #8
  57 0024 002B     		cmp	r3, #0
  58 0026 00D1     		bne	.L3
  36:.\StringHelpers.c ****             break;
  59              		.loc 1 36 0
  60 0028 08E0     		b	.L4
  61              	.L3:
  34:.\StringHelpers.c ****         if (!isspace(str[i])) {
  62              		.loc 1 34 0 discriminator 2
  63 002a FB68     		ldr	r3, [r7, #12]
  64 002c 0133     		adds	r3, r3, #1
  65 002e FB60     		str	r3, [r7, #12]
  66              	.L2:
  34:.\StringHelpers.c ****         if (!isspace(str[i])) {
  67              		.loc 1 34 0 is_stmt 0 discriminator 1
  68 0030 FB68     		ldr	r3, [r7, #12]
  69 0032 7A68     		ldr	r2, [r7, #4]
  70 0034 1344     		add	r3, r3, r2
  71 0036 1B78     		ldrb	r3, [r3]	@ zero_extendqisi2
  72 0038 002B     		cmp	r3, #0
  73 003a E8D1     		bne	.L5
  74              	.L4:
  37:.\StringHelpers.c ****         }
  38:.\StringHelpers.c ****     }
ARM GAS  C:\Users\jthem\AppData\Local\Temp\cc8MoaH8.s 			page 3


  39:.\StringHelpers.c ****     
  40:.\StringHelpers.c ****     // copy string w/o leading whitespace
  41:.\StringHelpers.c ****     // (don't read beyond the end of the input buffer)
  42:.\StringHelpers.c ****     memmove(str, str + i, strlen(str) + 1 - i);
  75              		.loc 1 42 0 is_stmt 1
  76 003c FB68     		ldr	r3, [r7, #12]
  77 003e 7A68     		ldr	r2, [r7, #4]
  78 0040 D418     		adds	r4, r2, r3
  79 0042 7868     		ldr	r0, [r7, #4]
  80 0044 FFF7FEFF 		bl	strlen
  81 0048 0246     		mov	r2, r0
  82 004a FB68     		ldr	r3, [r7, #12]
  83 004c D31A     		subs	r3, r2, r3
  84 004e 0133     		adds	r3, r3, #1
  85 0050 7868     		ldr	r0, [r7, #4]
  86 0052 2146     		mov	r1, r4
  87 0054 1A46     		mov	r2, r3
  88 0056 FFF7FEFF 		bl	memmove
  43:.\StringHelpers.c ****     
  44:.\StringHelpers.c ****     // trim trailing whitespace
  45:.\StringHelpers.c ****     i = strlen(str) - 1; // index of last character
  89              		.loc 1 45 0
  90 005a 7868     		ldr	r0, [r7, #4]
  91 005c FFF7FEFF 		bl	strlen
  92 0060 0346     		mov	r3, r0
  93 0062 013B     		subs	r3, r3, #1
  94 0064 FB60     		str	r3, [r7, #12]
  46:.\StringHelpers.c ****     
  47:.\StringHelpers.c ****     // Edge case: string is empty
  48:.\StringHelpers.c ****     if (i == -1) {
  95              		.loc 1 48 0
  96 0066 FB68     		ldr	r3, [r7, #12]
  97 0068 B3F1FF3F 		cmp	r3, #-1
  98 006c 03D1     		bne	.L6
  49:.\StringHelpers.c ****         str[0] = '\0';
  99              		.loc 1 49 0
 100 006e 7B68     		ldr	r3, [r7, #4]
 101 0070 0022     		movs	r2, #0
 102 0072 1A70     		strb	r2, [r3]
  50:.\StringHelpers.c ****         return;
 103              		.loc 1 50 0
 104 0074 19E0     		b	.L1
 105              	.L6:
  51:.\StringHelpers.c ****     }
  52:.\StringHelpers.c ****     
  53:.\StringHelpers.c ****     do {
  54:.\StringHelpers.c ****         if (!isspace(str[i])) {
 106              		.loc 1 54 0
 107 0076 0E4B     		ldr	r3, .L10
 108 0078 1A68     		ldr	r2, [r3]
 109 007a FB68     		ldr	r3, [r7, #12]
 110 007c 7968     		ldr	r1, [r7, #4]
 111 007e 0B44     		add	r3, r3, r1
 112 0080 1B78     		ldrb	r3, [r3]	@ zero_extendqisi2
 113 0082 0133     		adds	r3, r3, #1
 114 0084 1344     		add	r3, r3, r2
 115 0086 1B78     		ldrb	r3, [r3]	@ zero_extendqisi2
ARM GAS  C:\Users\jthem\AppData\Local\Temp\cc8MoaH8.s 			page 4


 116 0088 03F00803 		and	r3, r3, #8
 117 008c 002B     		cmp	r3, #0
 118 008e 00D1     		bne	.L8
  55:.\StringHelpers.c ****             break;
 119              		.loc 1 55 0
 120 0090 05E0     		b	.L9
 121              	.L8:
  56:.\StringHelpers.c ****         }
  57:.\StringHelpers.c ****         i--;
 122              		.loc 1 57 0
 123 0092 FB68     		ldr	r3, [r7, #12]
 124 0094 013B     		subs	r3, r3, #1
 125 0096 FB60     		str	r3, [r7, #12]
  58:.\StringHelpers.c ****     } while (i >= 0);
 126              		.loc 1 58 0
 127 0098 FB68     		ldr	r3, [r7, #12]
 128 009a 002B     		cmp	r3, #0
 129 009c EBDA     		bge	.L6
 130              	.L9:
  59:.\StringHelpers.c ****     
  60:.\StringHelpers.c ****     str[i + 1] = '\0';
 131              		.loc 1 60 0
 132 009e FB68     		ldr	r3, [r7, #12]
 133 00a0 0133     		adds	r3, r3, #1
 134 00a2 7A68     		ldr	r2, [r7, #4]
 135 00a4 1344     		add	r3, r3, r2
 136 00a6 0022     		movs	r2, #0
 137 00a8 1A70     		strb	r2, [r3]
 138              	.L1:
  61:.\StringHelpers.c **** }
 139              		.loc 1 61 0
 140 00aa 1437     		adds	r7, r7, #20
 141              		.cfi_def_cfa_offset 12
 142 00ac BD46     		mov	sp, r7
 143              		.cfi_def_cfa_register 13
 144              		@ sp needed
 145 00ae 90BD     		pop	{r4, r7, pc}
 146              	.L11:
 147              		.align	2
 148              	.L10:
 149 00b0 00000000 		.word	__ctype_ptr__
 150              		.cfi_endproc
 151              	.LFE0:
 152              		.size	TrimString, .-TrimString
 153              		.text
 154              	.Letext0:
 155              		.file 2 "c:\\program files (x86)\\cypress\\psoc creator\\3.3\\psoc creator\\import\\gnu\\arm\\4.9.
 156              		.section	.debug_info,"",%progbits
 157              	.Ldebug_info0:
 158 0000 C2000000 		.4byte	0xc2
 159 0004 0400     		.2byte	0x4
 160 0006 00000000 		.4byte	.Ldebug_abbrev0
 161 000a 04       		.byte	0x4
 162 000b 01       		.uleb128 0x1
 163 000c B9000000 		.4byte	.LASF11
 164 0010 01       		.byte	0x1
 165 0011 49000000 		.4byte	.LASF12
ARM GAS  C:\Users\jthem\AppData\Local\Temp\cc8MoaH8.s 			page 5


 166 0015 69000000 		.4byte	.LASF13
 167 0019 00000000 		.4byte	.Ldebug_ranges0+0
 168 001d 00000000 		.4byte	0
 169 0021 00000000 		.4byte	.Ldebug_line0
 170 0025 02       		.uleb128 0x2
 171 0026 04       		.byte	0x4
 172 0027 05       		.byte	0x5
 173 0028 696E7400 		.ascii	"int\000"
 174 002c 03       		.uleb128 0x3
 175 002d 04       		.byte	0x4
 176 002e 07       		.byte	0x7
 177 002f 0E000000 		.4byte	.LASF0
 178 0033 03       		.uleb128 0x3
 179 0034 01       		.byte	0x1
 180 0035 06       		.byte	0x6
 181 0036 68010000 		.4byte	.LASF1
 182 003a 03       		.uleb128 0x3
 183 003b 01       		.byte	0x1
 184 003c 08       		.byte	0x8
 185 003d 5B000000 		.4byte	.LASF2
 186 0041 03       		.uleb128 0x3
 187 0042 02       		.byte	0x2
 188 0043 05       		.byte	0x5
 189 0044 7F010000 		.4byte	.LASF3
 190 0048 03       		.uleb128 0x3
 191 0049 02       		.byte	0x2
 192 004a 07       		.byte	0x7
 193 004b 55010000 		.4byte	.LASF4
 194 004f 03       		.uleb128 0x3
 195 0050 04       		.byte	0x4
 196 0051 05       		.byte	0x5
 197 0052 B0000000 		.4byte	.LASF5
 198 0056 03       		.uleb128 0x3
 199 0057 04       		.byte	0x4
 200 0058 07       		.byte	0x7
 201 0059 1B000000 		.4byte	.LASF6
 202 005d 03       		.uleb128 0x3
 203 005e 08       		.byte	0x8
 204 005f 05       		.byte	0x5
 205 0060 47010000 		.4byte	.LASF7
 206 0064 03       		.uleb128 0x3
 207 0065 08       		.byte	0x8
 208 0066 07       		.byte	0x7
 209 0067 2D000000 		.4byte	.LASF8
 210 006b 03       		.uleb128 0x3
 211 006c 04       		.byte	0x4
 212 006d 07       		.byte	0x7
 213 006e 89010000 		.4byte	.LASF9
 214 0072 04       		.uleb128 0x4
 215 0073 04       		.byte	0x4
 216 0074 78000000 		.4byte	0x78
 217 0078 03       		.uleb128 0x3
 218 0079 01       		.byte	0x1
 219 007a 08       		.byte	0x8
 220 007b 44000000 		.4byte	.LASF10
 221 007f 04       		.uleb128 0x4
 222 0080 04       		.byte	0x4
ARM GAS  C:\Users\jthem\AppData\Local\Temp\cc8MoaH8.s 			page 6


 223 0081 85000000 		.4byte	0x85
 224 0085 05       		.uleb128 0x5
 225 0086 78000000 		.4byte	0x78
 226 008a 06       		.uleb128 0x6
 227 008b 74010000 		.4byte	.LASF14
 228 008f 01       		.byte	0x1
 229 0090 1D       		.byte	0x1d
 230 0091 00000000 		.4byte	.LFB0
 231 0095 B4000000 		.4byte	.LFE0-.LFB0
 232 0099 01       		.uleb128 0x1
 233 009a 9C       		.byte	0x9c
 234 009b BA000000 		.4byte	0xba
 235 009f 07       		.uleb128 0x7
 236 00a0 73747200 		.ascii	"str\000"
 237 00a4 01       		.byte	0x1
 238 00a5 1D       		.byte	0x1d
 239 00a6 72000000 		.4byte	0x72
 240 00aa 02       		.uleb128 0x2
 241 00ab 91       		.byte	0x91
 242 00ac 64       		.sleb128 -28
 243 00ad 08       		.uleb128 0x8
 244 00ae 6900     		.ascii	"i\000"
 245 00b0 01       		.byte	0x1
 246 00b1 1F       		.byte	0x1f
 247 00b2 25000000 		.4byte	0x25
 248 00b6 02       		.uleb128 0x2
 249 00b7 91       		.byte	0x91
 250 00b8 6C       		.sleb128 -20
 251 00b9 00       		.byte	0
 252 00ba 09       		.uleb128 0x9
 253 00bb 00000000 		.4byte	.LASF15
 254 00bf 02       		.byte	0x2
 255 00c0 2D       		.byte	0x2d
 256 00c1 7F000000 		.4byte	0x7f
 257 00c5 00       		.byte	0
 258              		.section	.debug_abbrev,"",%progbits
 259              	.Ldebug_abbrev0:
 260 0000 01       		.uleb128 0x1
 261 0001 11       		.uleb128 0x11
 262 0002 01       		.byte	0x1
 263 0003 25       		.uleb128 0x25
 264 0004 0E       		.uleb128 0xe
 265 0005 13       		.uleb128 0x13
 266 0006 0B       		.uleb128 0xb
 267 0007 03       		.uleb128 0x3
 268 0008 0E       		.uleb128 0xe
 269 0009 1B       		.uleb128 0x1b
 270 000a 0E       		.uleb128 0xe
 271 000b 55       		.uleb128 0x55
 272 000c 17       		.uleb128 0x17
 273 000d 11       		.uleb128 0x11
 274 000e 01       		.uleb128 0x1
 275 000f 10       		.uleb128 0x10
 276 0010 17       		.uleb128 0x17
 277 0011 00       		.byte	0
 278 0012 00       		.byte	0
 279 0013 02       		.uleb128 0x2
ARM GAS  C:\Users\jthem\AppData\Local\Temp\cc8MoaH8.s 			page 7


 280 0014 24       		.uleb128 0x24
 281 0015 00       		.byte	0
 282 0016 0B       		.uleb128 0xb
 283 0017 0B       		.uleb128 0xb
 284 0018 3E       		.uleb128 0x3e
 285 0019 0B       		.uleb128 0xb
 286 001a 03       		.uleb128 0x3
 287 001b 08       		.uleb128 0x8
 288 001c 00       		.byte	0
 289 001d 00       		.byte	0
 290 001e 03       		.uleb128 0x3
 291 001f 24       		.uleb128 0x24
 292 0020 00       		.byte	0
 293 0021 0B       		.uleb128 0xb
 294 0022 0B       		.uleb128 0xb
 295 0023 3E       		.uleb128 0x3e
 296 0024 0B       		.uleb128 0xb
 297 0025 03       		.uleb128 0x3
 298 0026 0E       		.uleb128 0xe
 299 0027 00       		.byte	0
 300 0028 00       		.byte	0
 301 0029 04       		.uleb128 0x4
 302 002a 0F       		.uleb128 0xf
 303 002b 00       		.byte	0
 304 002c 0B       		.uleb128 0xb
 305 002d 0B       		.uleb128 0xb
 306 002e 49       		.uleb128 0x49
 307 002f 13       		.uleb128 0x13
 308 0030 00       		.byte	0
 309 0031 00       		.byte	0
 310 0032 05       		.uleb128 0x5
 311 0033 26       		.uleb128 0x26
 312 0034 00       		.byte	0
 313 0035 49       		.uleb128 0x49
 314 0036 13       		.uleb128 0x13
 315 0037 00       		.byte	0
 316 0038 00       		.byte	0
 317 0039 06       		.uleb128 0x6
 318 003a 2E       		.uleb128 0x2e
 319 003b 01       		.byte	0x1
 320 003c 3F       		.uleb128 0x3f
 321 003d 19       		.uleb128 0x19
 322 003e 03       		.uleb128 0x3
 323 003f 0E       		.uleb128 0xe
 324 0040 3A       		.uleb128 0x3a
 325 0041 0B       		.uleb128 0xb
 326 0042 3B       		.uleb128 0x3b
 327 0043 0B       		.uleb128 0xb
 328 0044 27       		.uleb128 0x27
 329 0045 19       		.uleb128 0x19
 330 0046 11       		.uleb128 0x11
 331 0047 01       		.uleb128 0x1
 332 0048 12       		.uleb128 0x12
 333 0049 06       		.uleb128 0x6
 334 004a 40       		.uleb128 0x40
 335 004b 18       		.uleb128 0x18
 336 004c 9642     		.uleb128 0x2116
ARM GAS  C:\Users\jthem\AppData\Local\Temp\cc8MoaH8.s 			page 8


 337 004e 19       		.uleb128 0x19
 338 004f 01       		.uleb128 0x1
 339 0050 13       		.uleb128 0x13
 340 0051 00       		.byte	0
 341 0052 00       		.byte	0
 342 0053 07       		.uleb128 0x7
 343 0054 05       		.uleb128 0x5
 344 0055 00       		.byte	0
 345 0056 03       		.uleb128 0x3
 346 0057 08       		.uleb128 0x8
 347 0058 3A       		.uleb128 0x3a
 348 0059 0B       		.uleb128 0xb
 349 005a 3B       		.uleb128 0x3b
 350 005b 0B       		.uleb128 0xb
 351 005c 49       		.uleb128 0x49
 352 005d 13       		.uleb128 0x13
 353 005e 02       		.uleb128 0x2
 354 005f 18       		.uleb128 0x18
 355 0060 00       		.byte	0
 356 0061 00       		.byte	0
 357 0062 08       		.uleb128 0x8
 358 0063 34       		.uleb128 0x34
 359 0064 00       		.byte	0
 360 0065 03       		.uleb128 0x3
 361 0066 08       		.uleb128 0x8
 362 0067 3A       		.uleb128 0x3a
 363 0068 0B       		.uleb128 0xb
 364 0069 3B       		.uleb128 0x3b
 365 006a 0B       		.uleb128 0xb
 366 006b 49       		.uleb128 0x49
 367 006c 13       		.uleb128 0x13
 368 006d 02       		.uleb128 0x2
 369 006e 18       		.uleb128 0x18
 370 006f 00       		.byte	0
 371 0070 00       		.byte	0
 372 0071 09       		.uleb128 0x9
 373 0072 34       		.uleb128 0x34
 374 0073 00       		.byte	0
 375 0074 03       		.uleb128 0x3
 376 0075 0E       		.uleb128 0xe
 377 0076 3A       		.uleb128 0x3a
 378 0077 0B       		.uleb128 0xb
 379 0078 3B       		.uleb128 0x3b
 380 0079 0B       		.uleb128 0xb
 381 007a 49       		.uleb128 0x49
 382 007b 13       		.uleb128 0x13
 383 007c 3F       		.uleb128 0x3f
 384 007d 19       		.uleb128 0x19
 385 007e 3C       		.uleb128 0x3c
 386 007f 19       		.uleb128 0x19
 387 0080 00       		.byte	0
 388 0081 00       		.byte	0
 389 0082 00       		.byte	0
 390              		.section	.debug_aranges,"",%progbits
 391 0000 1C000000 		.4byte	0x1c
 392 0004 0200     		.2byte	0x2
 393 0006 00000000 		.4byte	.Ldebug_info0
ARM GAS  C:\Users\jthem\AppData\Local\Temp\cc8MoaH8.s 			page 9


 394 000a 04       		.byte	0x4
 395 000b 00       		.byte	0
 396 000c 0000     		.2byte	0
 397 000e 0000     		.2byte	0
 398 0010 00000000 		.4byte	.LFB0
 399 0014 B4000000 		.4byte	.LFE0-.LFB0
 400 0018 00000000 		.4byte	0
 401 001c 00000000 		.4byte	0
 402              		.section	.debug_ranges,"",%progbits
 403              	.Ldebug_ranges0:
 404 0000 00000000 		.4byte	.LFB0
 405 0004 B4000000 		.4byte	.LFE0
 406 0008 00000000 		.4byte	0
 407 000c 00000000 		.4byte	0
 408              		.section	.debug_line,"",%progbits
 409              	.Ldebug_line0:
 410 0000 CA000000 		.section	.debug_str,"MS",%progbits,1
 410      02009B00 
 410      00000201 
 410      FB0E0D00 
 410      01010101 
 411              	.LASF15:
 412 0000 5F5F6374 		.ascii	"__ctype_ptr__\000"
 412      7970655F 
 412      7074725F 
 412      5F00
 413              	.LASF0:
 414 000e 756E7369 		.ascii	"unsigned int\000"
 414      676E6564 
 414      20696E74 
 414      00
 415              	.LASF6:
 416 001b 6C6F6E67 		.ascii	"long unsigned int\000"
 416      20756E73 
 416      69676E65 
 416      6420696E 
 416      7400
 417              	.LASF8:
 418 002d 6C6F6E67 		.ascii	"long long unsigned int\000"
 418      206C6F6E 
 418      6720756E 
 418      7369676E 
 418      65642069 
 419              	.LASF10:
 420 0044 63686172 		.ascii	"char\000"
 420      00
 421              	.LASF12:
 422 0049 2E5C5374 		.ascii	".\\StringHelpers.c\000"
 422      72696E67 
 422      48656C70 
 422      6572732E 
 422      6300
 423              	.LASF2:
 424 005b 756E7369 		.ascii	"unsigned char\000"
 424      676E6564 
 424      20636861 
 424      7200
ARM GAS  C:\Users\jthem\AppData\Local\Temp\cc8MoaH8.s 			page 10


 425              	.LASF13:
 426 0069 433A5C55 		.ascii	"C:\\Users\\jthem\\Documents\\PSoC Creator\\PWMExamp"
 426      73657273 
 426      5C6A7468 
 426      656D5C44 
 426      6F63756D 
 427 0097 6C653031 		.ascii	"le01\\EasyBoard_5LP.cydsn\000"
 427      5C456173 
 427      79426F61 
 427      72645F35 
 427      4C502E63 
 428              	.LASF5:
 429 00b0 6C6F6E67 		.ascii	"long int\000"
 429      20696E74 
 429      00
 430              	.LASF11:
 431 00b9 474E5520 		.ascii	"GNU C 4.9.3 20150303 (release) [ARM/embedded-4_9-br"
 431      4320342E 
 431      392E3320 
 431      32303135 
 431      30333033 
 432 00ec 616E6368 		.ascii	"anch revision 221220] -mcpu=cortex-m3 -mthumb -g -O"
 432      20726576 
 432      6973696F 
 432      6E203232 
 432      31323230 
 433 011f 30202D66 		.ascii	"0 -ffunction-sections -ffat-lto-objects\000"
 433      66756E63 
 433      74696F6E 
 433      2D736563 
 433      74696F6E 
 434              	.LASF7:
 435 0147 6C6F6E67 		.ascii	"long long int\000"
 435      206C6F6E 
 435      6720696E 
 435      7400
 436              	.LASF4:
 437 0155 73686F72 		.ascii	"short unsigned int\000"
 437      7420756E 
 437      7369676E 
 437      65642069 
 437      6E7400
 438              	.LASF1:
 439 0168 7369676E 		.ascii	"signed char\000"
 439      65642063 
 439      68617200 
 440              	.LASF14:
 441 0174 5472696D 		.ascii	"TrimString\000"
 441      53747269 
 441      6E6700
 442              	.LASF3:
 443 017f 73686F72 		.ascii	"short int\000"
 443      7420696E 
 443      7400
 444              	.LASF9:
 445 0189 73697A65 		.ascii	"sizetype\000"
 445      74797065 
ARM GAS  C:\Users\jthem\AppData\Local\Temp\cc8MoaH8.s 			page 11


 445      00
 446              		.ident	"GCC: (GNU Tools for ARM Embedded Processors) 4.9.3 20150303 (release) [ARM/embedded-4_9-br
