ARM GAS  C:\Users\jthem\AppData\Local\Temp\ccYKRsJs.s 			page 1


   1              		.syntax unified
   2              		.cpu cortex-m3
   3              		.fpu softvfp
   4              		.eabi_attribute 20, 1
   5              		.eabi_attribute 21, 1
   6              		.eabi_attribute 23, 3
   7              		.eabi_attribute 24, 1
   8              		.eabi_attribute 25, 1
   9              		.eabi_attribute 26, 1
  10              		.eabi_attribute 30, 6
  11              		.eabi_attribute 34, 1
  12              		.eabi_attribute 18, 4
  13              		.thumb
  14              		.file	"WaveDAC_1_High_PM.c"
  15              		.text
  16              	.Ltext0:
  17              		.cfi_sections	.debug_frame
  18              		.bss
  19              		.align	2
  20              	WaveDAC_1_High_backup:
  21 0000 00       		.space	1
  22 0001 000000   		.section	.text.WaveDAC_1_High_Sleep,"ax",%progbits
  23              		.align	2
  24              		.global	WaveDAC_1_High_Sleep
  25              		.thumb
  26              		.thumb_func
  27              		.type	WaveDAC_1_High_Sleep, %function
  28              	WaveDAC_1_High_Sleep:
  29              	.LFB0:
  30              		.file 1 ".\\Generated_Source\\PSoC5\\WaveDAC_1_High_PM.c"
   1:.\Generated_Source\PSoC5/WaveDAC_1_High_PM.c **** /*******************************************************************************
   2:.\Generated_Source\PSoC5/WaveDAC_1_High_PM.c **** * File Name: WaveDAC_1_High_PM.c  
   3:.\Generated_Source\PSoC5/WaveDAC_1_High_PM.c **** * Version 2.10
   4:.\Generated_Source\PSoC5/WaveDAC_1_High_PM.c **** *
   5:.\Generated_Source\PSoC5/WaveDAC_1_High_PM.c **** * Description:
   6:.\Generated_Source\PSoC5/WaveDAC_1_High_PM.c **** *  This file provides the power manager source code to the API for 
   7:.\Generated_Source\PSoC5/WaveDAC_1_High_PM.c **** *  the WaveDAC8 component.
   8:.\Generated_Source\PSoC5/WaveDAC_1_High_PM.c **** *
   9:.\Generated_Source\PSoC5/WaveDAC_1_High_PM.c **** ********************************************************************************
  10:.\Generated_Source\PSoC5/WaveDAC_1_High_PM.c **** * Copyright 2013, Cypress Semiconductor Corporation.  All rights reserved.
  11:.\Generated_Source\PSoC5/WaveDAC_1_High_PM.c **** * You may use this file only in accordance with the license, terms, conditions, 
  12:.\Generated_Source\PSoC5/WaveDAC_1_High_PM.c **** * disclaimers, and limitations in the end user license agreement accompanying 
  13:.\Generated_Source\PSoC5/WaveDAC_1_High_PM.c **** * the software package with which this file was provided.
  14:.\Generated_Source\PSoC5/WaveDAC_1_High_PM.c **** *******************************************************************************/
  15:.\Generated_Source\PSoC5/WaveDAC_1_High_PM.c **** 
  16:.\Generated_Source\PSoC5/WaveDAC_1_High_PM.c **** #include "WaveDAC_1_High.h"
  17:.\Generated_Source\PSoC5/WaveDAC_1_High_PM.c **** 
  18:.\Generated_Source\PSoC5/WaveDAC_1_High_PM.c **** static WaveDAC_1_High_BACKUP_STRUCT  WaveDAC_1_High_backup;
  19:.\Generated_Source\PSoC5/WaveDAC_1_High_PM.c **** 
  20:.\Generated_Source\PSoC5/WaveDAC_1_High_PM.c **** 
  21:.\Generated_Source\PSoC5/WaveDAC_1_High_PM.c **** /*******************************************************************************
  22:.\Generated_Source\PSoC5/WaveDAC_1_High_PM.c **** * Function Name: WaveDAC_1_High_Sleep
  23:.\Generated_Source\PSoC5/WaveDAC_1_High_PM.c **** ********************************************************************************
  24:.\Generated_Source\PSoC5/WaveDAC_1_High_PM.c **** *
  25:.\Generated_Source\PSoC5/WaveDAC_1_High_PM.c **** * Summary:
  26:.\Generated_Source\PSoC5/WaveDAC_1_High_PM.c **** *  Stops the component and saves its configuration. Should be called 
  27:.\Generated_Source\PSoC5/WaveDAC_1_High_PM.c **** *  just prior to entering sleep.
ARM GAS  C:\Users\jthem\AppData\Local\Temp\ccYKRsJs.s 			page 2


  28:.\Generated_Source\PSoC5/WaveDAC_1_High_PM.c **** *  
  29:.\Generated_Source\PSoC5/WaveDAC_1_High_PM.c **** * Parameters:  
  30:.\Generated_Source\PSoC5/WaveDAC_1_High_PM.c **** *  None
  31:.\Generated_Source\PSoC5/WaveDAC_1_High_PM.c **** *
  32:.\Generated_Source\PSoC5/WaveDAC_1_High_PM.c **** * Return: 
  33:.\Generated_Source\PSoC5/WaveDAC_1_High_PM.c **** *  None
  34:.\Generated_Source\PSoC5/WaveDAC_1_High_PM.c **** *
  35:.\Generated_Source\PSoC5/WaveDAC_1_High_PM.c **** * Global variables:
  36:.\Generated_Source\PSoC5/WaveDAC_1_High_PM.c **** *  WaveDAC_1_High_backup:  The structure field 'enableState' is modified 
  37:.\Generated_Source\PSoC5/WaveDAC_1_High_PM.c **** *  depending on the enable state of the block before entering to sleep mode.
  38:.\Generated_Source\PSoC5/WaveDAC_1_High_PM.c **** *
  39:.\Generated_Source\PSoC5/WaveDAC_1_High_PM.c **** * Reentrant:
  40:.\Generated_Source\PSoC5/WaveDAC_1_High_PM.c **** *  No
  41:.\Generated_Source\PSoC5/WaveDAC_1_High_PM.c **** *
  42:.\Generated_Source\PSoC5/WaveDAC_1_High_PM.c **** *******************************************************************************/
  43:.\Generated_Source\PSoC5/WaveDAC_1_High_PM.c **** void WaveDAC_1_High_Sleep(void) 
  44:.\Generated_Source\PSoC5/WaveDAC_1_High_PM.c **** {
  31              		.loc 1 44 0
  32              		.cfi_startproc
  33              		@ args = 0, pretend = 0, frame = 0
  34              		@ frame_needed = 1, uses_anonymous_args = 0
  35 0000 80B5     		push	{r7, lr}
  36              		.cfi_def_cfa_offset 8
  37              		.cfi_offset 7, -8
  38              		.cfi_offset 14, -4
  39 0002 00AF     		add	r7, sp, #0
  40              		.cfi_def_cfa_register 7
  45:.\Generated_Source\PSoC5/WaveDAC_1_High_PM.c **** 	/* Save DAC8's enable state */
  46:.\Generated_Source\PSoC5/WaveDAC_1_High_PM.c **** 
  47:.\Generated_Source\PSoC5/WaveDAC_1_High_PM.c **** 	WaveDAC_1_High_backup.enableState = (WaveDAC_1_High_IDAC8_ACT_PWR_EN == 
  48:.\Generated_Source\PSoC5/WaveDAC_1_High_PM.c **** 		(WaveDAC_1_High_IDAC8_PWRMGR_REG & WaveDAC_1_High_IDAC8_ACT_PWR_EN)) ? 1u : 0u ;
  41              		.loc 1 48 0
  42 0004 064B     		ldr	r3, .L2
  43 0006 1B78     		ldrb	r3, [r3]
  44 0008 DBB2     		uxtb	r3, r3
  47:.\Generated_Source\PSoC5/WaveDAC_1_High_PM.c **** 		(WaveDAC_1_High_IDAC8_PWRMGR_REG & WaveDAC_1_High_IDAC8_ACT_PWR_EN)) ? 1u : 0u ;
  45              		.loc 1 47 0
  46 000a 03F00103 		and	r3, r3, #1
  47 000e DAB2     		uxtb	r2, r3
  48 0010 044B     		ldr	r3, .L2+4
  49 0012 1A70     		strb	r2, [r3]
  49:.\Generated_Source\PSoC5/WaveDAC_1_High_PM.c **** 	
  50:.\Generated_Source\PSoC5/WaveDAC_1_High_PM.c **** 	WaveDAC_1_High_Stop();
  50              		.loc 1 50 0
  51 0014 FFF7FEFF 		bl	WaveDAC_1_High_Stop
  51:.\Generated_Source\PSoC5/WaveDAC_1_High_PM.c **** 	WaveDAC_1_High_SaveConfig();
  52              		.loc 1 51 0
  53 0018 FFF7FEFF 		bl	WaveDAC_1_High_IDAC8_SaveConfig
  52:.\Generated_Source\PSoC5/WaveDAC_1_High_PM.c **** }
  54              		.loc 1 52 0
  55 001c 80BD     		pop	{r7, pc}
  56              	.L3:
  57 001e 00BF     		.align	2
  58              	.L2:
  59 0020 A8430040 		.word	1073759144
  60 0024 00000000 		.word	WaveDAC_1_High_backup
  61              		.cfi_endproc
ARM GAS  C:\Users\jthem\AppData\Local\Temp\ccYKRsJs.s 			page 3


  62              	.LFE0:
  63              		.size	WaveDAC_1_High_Sleep, .-WaveDAC_1_High_Sleep
  64              		.section	.text.WaveDAC_1_High_Wakeup,"ax",%progbits
  65              		.align	2
  66              		.global	WaveDAC_1_High_Wakeup
  67              		.thumb
  68              		.thumb_func
  69              		.type	WaveDAC_1_High_Wakeup, %function
  70              	WaveDAC_1_High_Wakeup:
  71              	.LFB1:
  53:.\Generated_Source\PSoC5/WaveDAC_1_High_PM.c **** 
  54:.\Generated_Source\PSoC5/WaveDAC_1_High_PM.c **** 
  55:.\Generated_Source\PSoC5/WaveDAC_1_High_PM.c **** /*******************************************************************************
  56:.\Generated_Source\PSoC5/WaveDAC_1_High_PM.c **** * Function Name: WaveDAC_1_High_Wakeup
  57:.\Generated_Source\PSoC5/WaveDAC_1_High_PM.c **** ********************************************************************************
  58:.\Generated_Source\PSoC5/WaveDAC_1_High_PM.c **** *
  59:.\Generated_Source\PSoC5/WaveDAC_1_High_PM.c **** * Summary:
  60:.\Generated_Source\PSoC5/WaveDAC_1_High_PM.c **** *  Restores the component configuration. Should be called
  61:.\Generated_Source\PSoC5/WaveDAC_1_High_PM.c **** *  just after awaking from sleep.
  62:.\Generated_Source\PSoC5/WaveDAC_1_High_PM.c **** *  
  63:.\Generated_Source\PSoC5/WaveDAC_1_High_PM.c **** * Parameters:  
  64:.\Generated_Source\PSoC5/WaveDAC_1_High_PM.c **** *  None
  65:.\Generated_Source\PSoC5/WaveDAC_1_High_PM.c **** *
  66:.\Generated_Source\PSoC5/WaveDAC_1_High_PM.c **** * Return: 
  67:.\Generated_Source\PSoC5/WaveDAC_1_High_PM.c **** *  void
  68:.\Generated_Source\PSoC5/WaveDAC_1_High_PM.c **** *
  69:.\Generated_Source\PSoC5/WaveDAC_1_High_PM.c **** * Global variables:
  70:.\Generated_Source\PSoC5/WaveDAC_1_High_PM.c **** *  WaveDAC_1_High_backup:  The structure field 'enableState' is used to 
  71:.\Generated_Source\PSoC5/WaveDAC_1_High_PM.c **** *  restore the enable state of block after wakeup from sleep mode.
  72:.\Generated_Source\PSoC5/WaveDAC_1_High_PM.c **** *
  73:.\Generated_Source\PSoC5/WaveDAC_1_High_PM.c **** * Reentrant:
  74:.\Generated_Source\PSoC5/WaveDAC_1_High_PM.c **** *  No
  75:.\Generated_Source\PSoC5/WaveDAC_1_High_PM.c **** *
  76:.\Generated_Source\PSoC5/WaveDAC_1_High_PM.c **** *******************************************************************************/
  77:.\Generated_Source\PSoC5/WaveDAC_1_High_PM.c **** void WaveDAC_1_High_Wakeup(void) 
  78:.\Generated_Source\PSoC5/WaveDAC_1_High_PM.c **** {
  72              		.loc 1 78 0
  73              		.cfi_startproc
  74              		@ args = 0, pretend = 0, frame = 0
  75              		@ frame_needed = 1, uses_anonymous_args = 0
  76 0000 80B5     		push	{r7, lr}
  77              		.cfi_def_cfa_offset 8
  78              		.cfi_offset 7, -8
  79              		.cfi_offset 14, -4
  80 0002 00AF     		add	r7, sp, #0
  81              		.cfi_def_cfa_register 7
  79:.\Generated_Source\PSoC5/WaveDAC_1_High_PM.c **** 	WaveDAC_1_High_RestoreConfig();
  82              		.loc 1 79 0
  83 0004 FFF7FEFF 		bl	WaveDAC_1_High_IDAC8_RestoreConfig
  80:.\Generated_Source\PSoC5/WaveDAC_1_High_PM.c **** 
  81:.\Generated_Source\PSoC5/WaveDAC_1_High_PM.c **** 	if(WaveDAC_1_High_backup.enableState == 1u)
  84              		.loc 1 81 0
  85 0008 034B     		ldr	r3, .L6
  86 000a 1B78     		ldrb	r3, [r3]	@ zero_extendqisi2
  87 000c 012B     		cmp	r3, #1
  88 000e 01D1     		bne	.L4
  82:.\Generated_Source\PSoC5/WaveDAC_1_High_PM.c **** 	{
ARM GAS  C:\Users\jthem\AppData\Local\Temp\ccYKRsJs.s 			page 4


  83:.\Generated_Source\PSoC5/WaveDAC_1_High_PM.c **** 		WaveDAC_1_High_Enable();
  89              		.loc 1 83 0
  90 0010 FFF7FEFF 		bl	WaveDAC_1_High_Enable
  91              	.L4:
  84:.\Generated_Source\PSoC5/WaveDAC_1_High_PM.c **** 	}
  85:.\Generated_Source\PSoC5/WaveDAC_1_High_PM.c **** }
  92              		.loc 1 85 0
  93 0014 80BD     		pop	{r7, pc}
  94              	.L7:
  95 0016 00BF     		.align	2
  96              	.L6:
  97 0018 00000000 		.word	WaveDAC_1_High_backup
  98              		.cfi_endproc
  99              	.LFE1:
 100              		.size	WaveDAC_1_High_Wakeup, .-WaveDAC_1_High_Wakeup
 101              		.text
 102              	.Letext0:
 103              		.file 2 ".\\Generated_Source\\PSoC5\\cytypes.h"
 104              		.file 3 ".\\Generated_Source\\PSoC5\\WaveDAC_1_High.h"
 105              		.section	.debug_info,"",%progbits
 106              	.Ldebug_info0:
 107 0000 F4000000 		.4byte	0xf4
 108 0004 0400     		.2byte	0x4
 109 0006 00000000 		.4byte	.Ldebug_abbrev0
 110 000a 04       		.byte	0x4
 111 000b 01       		.uleb128 0x1
 112 000c 1A010000 		.4byte	.LASF18
 113 0010 01       		.byte	0x1
 114 0011 78000000 		.4byte	.LASF19
 115 0015 CE000000 		.4byte	.LASF20
 116 0019 00000000 		.4byte	.Ldebug_ranges0+0
 117 001d 00000000 		.4byte	0
 118 0021 00000000 		.4byte	.Ldebug_line0
 119 0025 02       		.uleb128 0x2
 120 0026 01       		.byte	0x1
 121 0027 06       		.byte	0x6
 122 0028 C2010000 		.4byte	.LASF0
 123 002c 02       		.uleb128 0x2
 124 002d 01       		.byte	0x1
 125 002e 08       		.byte	0x8
 126 002f BB000000 		.4byte	.LASF1
 127 0033 02       		.uleb128 0x2
 128 0034 02       		.byte	0x2
 129 0035 05       		.byte	0x5
 130 0036 EA010000 		.4byte	.LASF2
 131 003a 02       		.uleb128 0x2
 132 003b 02       		.byte	0x2
 133 003c 07       		.byte	0x7
 134 003d AF010000 		.4byte	.LASF3
 135 0041 02       		.uleb128 0x2
 136 0042 04       		.byte	0x4
 137 0043 05       		.byte	0x5
 138 0044 11010000 		.4byte	.LASF4
 139 0048 02       		.uleb128 0x2
 140 0049 04       		.byte	0x4
 141 004a 07       		.byte	0x7
 142 004b 4F000000 		.4byte	.LASF5
ARM GAS  C:\Users\jthem\AppData\Local\Temp\ccYKRsJs.s 			page 5


 143 004f 02       		.uleb128 0x2
 144 0050 08       		.byte	0x8
 145 0051 05       		.byte	0x5
 146 0052 00000000 		.4byte	.LASF6
 147 0056 02       		.uleb128 0x2
 148 0057 08       		.byte	0x8
 149 0058 07       		.byte	0x7
 150 0059 61000000 		.4byte	.LASF7
 151 005d 03       		.uleb128 0x3
 152 005e 04       		.byte	0x4
 153 005f 05       		.byte	0x5
 154 0060 696E7400 		.ascii	"int\000"
 155 0064 02       		.uleb128 0x2
 156 0065 04       		.byte	0x4
 157 0066 07       		.byte	0x7
 158 0067 1A000000 		.4byte	.LASF8
 159 006b 04       		.uleb128 0x4
 160 006c 49000000 		.4byte	.LASF12
 161 0070 02       		.byte	0x2
 162 0071 3801     		.2byte	0x138
 163 0073 2C000000 		.4byte	0x2c
 164 0077 02       		.uleb128 0x2
 165 0078 04       		.byte	0x4
 166 0079 04       		.byte	0x4
 167 007a E4010000 		.4byte	.LASF9
 168 007e 02       		.uleb128 0x2
 169 007f 08       		.byte	0x8
 170 0080 04       		.byte	0x4
 171 0081 A8010000 		.4byte	.LASF10
 172 0085 02       		.uleb128 0x2
 173 0086 01       		.byte	0x1
 174 0087 08       		.byte	0x8
 175 0088 C9000000 		.4byte	.LASF11
 176 008c 04       		.uleb128 0x4
 177 008d 44000000 		.4byte	.LASF13
 178 0091 02       		.byte	0x2
 179 0092 E201     		.2byte	0x1e2
 180 0094 98000000 		.4byte	0x98
 181 0098 05       		.uleb128 0x5
 182 0099 6B000000 		.4byte	0x6b
 183 009d 02       		.uleb128 0x2
 184 009e 04       		.byte	0x4
 185 009f 07       		.byte	0x7
 186 00a0 09020000 		.4byte	.LASF14
 187 00a4 06       		.uleb128 0x6
 188 00a5 01       		.byte	0x1
 189 00a6 03       		.byte	0x3
 190 00a7 5D       		.byte	0x5d
 191 00a8 B9000000 		.4byte	0xb9
 192 00ac 07       		.uleb128 0x7
 193 00ad 0E000000 		.4byte	.LASF21
 194 00b1 03       		.byte	0x3
 195 00b2 5F       		.byte	0x5f
 196 00b3 6B000000 		.4byte	0x6b
 197 00b7 00       		.byte	0
 198 00b8 00       		.byte	0
 199 00b9 08       		.uleb128 0x8
ARM GAS  C:\Users\jthem\AppData\Local\Temp\ccYKRsJs.s 			page 6


 200 00ba 27000000 		.4byte	.LASF15
 201 00be 03       		.byte	0x3
 202 00bf 60       		.byte	0x60
 203 00c0 A4000000 		.4byte	0xa4
 204 00c4 09       		.uleb128 0x9
 205 00c5 F4010000 		.4byte	.LASF16
 206 00c9 01       		.byte	0x1
 207 00ca 2B       		.byte	0x2b
 208 00cb 00000000 		.4byte	.LFB0
 209 00cf 28000000 		.4byte	.LFE0-.LFB0
 210 00d3 01       		.uleb128 0x1
 211 00d4 9C       		.byte	0x9c
 212 00d5 09       		.uleb128 0x9
 213 00d6 CE010000 		.4byte	.LASF17
 214 00da 01       		.byte	0x1
 215 00db 4D       		.byte	0x4d
 216 00dc 00000000 		.4byte	.LFB1
 217 00e0 1C000000 		.4byte	.LFE1-.LFB1
 218 00e4 01       		.uleb128 0x1
 219 00e5 9C       		.byte	0x9c
 220 00e6 0A       		.uleb128 0xa
 221 00e7 A5000000 		.4byte	.LASF22
 222 00eb 01       		.byte	0x1
 223 00ec 12       		.byte	0x12
 224 00ed B9000000 		.4byte	0xb9
 225 00f1 05       		.uleb128 0x5
 226 00f2 03       		.byte	0x3
 227 00f3 00000000 		.4byte	WaveDAC_1_High_backup
 228 00f7 00       		.byte	0
 229              		.section	.debug_abbrev,"",%progbits
 230              	.Ldebug_abbrev0:
 231 0000 01       		.uleb128 0x1
 232 0001 11       		.uleb128 0x11
 233 0002 01       		.byte	0x1
 234 0003 25       		.uleb128 0x25
 235 0004 0E       		.uleb128 0xe
 236 0005 13       		.uleb128 0x13
 237 0006 0B       		.uleb128 0xb
 238 0007 03       		.uleb128 0x3
 239 0008 0E       		.uleb128 0xe
 240 0009 1B       		.uleb128 0x1b
 241 000a 0E       		.uleb128 0xe
 242 000b 55       		.uleb128 0x55
 243 000c 17       		.uleb128 0x17
 244 000d 11       		.uleb128 0x11
 245 000e 01       		.uleb128 0x1
 246 000f 10       		.uleb128 0x10
 247 0010 17       		.uleb128 0x17
 248 0011 00       		.byte	0
 249 0012 00       		.byte	0
 250 0013 02       		.uleb128 0x2
 251 0014 24       		.uleb128 0x24
 252 0015 00       		.byte	0
 253 0016 0B       		.uleb128 0xb
 254 0017 0B       		.uleb128 0xb
 255 0018 3E       		.uleb128 0x3e
 256 0019 0B       		.uleb128 0xb
ARM GAS  C:\Users\jthem\AppData\Local\Temp\ccYKRsJs.s 			page 7


 257 001a 03       		.uleb128 0x3
 258 001b 0E       		.uleb128 0xe
 259 001c 00       		.byte	0
 260 001d 00       		.byte	0
 261 001e 03       		.uleb128 0x3
 262 001f 24       		.uleb128 0x24
 263 0020 00       		.byte	0
 264 0021 0B       		.uleb128 0xb
 265 0022 0B       		.uleb128 0xb
 266 0023 3E       		.uleb128 0x3e
 267 0024 0B       		.uleb128 0xb
 268 0025 03       		.uleb128 0x3
 269 0026 08       		.uleb128 0x8
 270 0027 00       		.byte	0
 271 0028 00       		.byte	0
 272 0029 04       		.uleb128 0x4
 273 002a 16       		.uleb128 0x16
 274 002b 00       		.byte	0
 275 002c 03       		.uleb128 0x3
 276 002d 0E       		.uleb128 0xe
 277 002e 3A       		.uleb128 0x3a
 278 002f 0B       		.uleb128 0xb
 279 0030 3B       		.uleb128 0x3b
 280 0031 05       		.uleb128 0x5
 281 0032 49       		.uleb128 0x49
 282 0033 13       		.uleb128 0x13
 283 0034 00       		.byte	0
 284 0035 00       		.byte	0
 285 0036 05       		.uleb128 0x5
 286 0037 35       		.uleb128 0x35
 287 0038 00       		.byte	0
 288 0039 49       		.uleb128 0x49
 289 003a 13       		.uleb128 0x13
 290 003b 00       		.byte	0
 291 003c 00       		.byte	0
 292 003d 06       		.uleb128 0x6
 293 003e 13       		.uleb128 0x13
 294 003f 01       		.byte	0x1
 295 0040 0B       		.uleb128 0xb
 296 0041 0B       		.uleb128 0xb
 297 0042 3A       		.uleb128 0x3a
 298 0043 0B       		.uleb128 0xb
 299 0044 3B       		.uleb128 0x3b
 300 0045 0B       		.uleb128 0xb
 301 0046 01       		.uleb128 0x1
 302 0047 13       		.uleb128 0x13
 303 0048 00       		.byte	0
 304 0049 00       		.byte	0
 305 004a 07       		.uleb128 0x7
 306 004b 0D       		.uleb128 0xd
 307 004c 00       		.byte	0
 308 004d 03       		.uleb128 0x3
 309 004e 0E       		.uleb128 0xe
 310 004f 3A       		.uleb128 0x3a
 311 0050 0B       		.uleb128 0xb
 312 0051 3B       		.uleb128 0x3b
 313 0052 0B       		.uleb128 0xb
ARM GAS  C:\Users\jthem\AppData\Local\Temp\ccYKRsJs.s 			page 8


 314 0053 49       		.uleb128 0x49
 315 0054 13       		.uleb128 0x13
 316 0055 38       		.uleb128 0x38
 317 0056 0B       		.uleb128 0xb
 318 0057 00       		.byte	0
 319 0058 00       		.byte	0
 320 0059 08       		.uleb128 0x8
 321 005a 16       		.uleb128 0x16
 322 005b 00       		.byte	0
 323 005c 03       		.uleb128 0x3
 324 005d 0E       		.uleb128 0xe
 325 005e 3A       		.uleb128 0x3a
 326 005f 0B       		.uleb128 0xb
 327 0060 3B       		.uleb128 0x3b
 328 0061 0B       		.uleb128 0xb
 329 0062 49       		.uleb128 0x49
 330 0063 13       		.uleb128 0x13
 331 0064 00       		.byte	0
 332 0065 00       		.byte	0
 333 0066 09       		.uleb128 0x9
 334 0067 2E       		.uleb128 0x2e
 335 0068 00       		.byte	0
 336 0069 3F       		.uleb128 0x3f
 337 006a 19       		.uleb128 0x19
 338 006b 03       		.uleb128 0x3
 339 006c 0E       		.uleb128 0xe
 340 006d 3A       		.uleb128 0x3a
 341 006e 0B       		.uleb128 0xb
 342 006f 3B       		.uleb128 0x3b
 343 0070 0B       		.uleb128 0xb
 344 0071 27       		.uleb128 0x27
 345 0072 19       		.uleb128 0x19
 346 0073 11       		.uleb128 0x11
 347 0074 01       		.uleb128 0x1
 348 0075 12       		.uleb128 0x12
 349 0076 06       		.uleb128 0x6
 350 0077 40       		.uleb128 0x40
 351 0078 18       		.uleb128 0x18
 352 0079 9642     		.uleb128 0x2116
 353 007b 19       		.uleb128 0x19
 354 007c 00       		.byte	0
 355 007d 00       		.byte	0
 356 007e 0A       		.uleb128 0xa
 357 007f 34       		.uleb128 0x34
 358 0080 00       		.byte	0
 359 0081 03       		.uleb128 0x3
 360 0082 0E       		.uleb128 0xe
 361 0083 3A       		.uleb128 0x3a
 362 0084 0B       		.uleb128 0xb
 363 0085 3B       		.uleb128 0x3b
 364 0086 0B       		.uleb128 0xb
 365 0087 49       		.uleb128 0x49
 366 0088 13       		.uleb128 0x13
 367 0089 02       		.uleb128 0x2
 368 008a 18       		.uleb128 0x18
 369 008b 00       		.byte	0
 370 008c 00       		.byte	0
ARM GAS  C:\Users\jthem\AppData\Local\Temp\ccYKRsJs.s 			page 9


 371 008d 00       		.byte	0
 372              		.section	.debug_aranges,"",%progbits
 373 0000 24000000 		.4byte	0x24
 374 0004 0200     		.2byte	0x2
 375 0006 00000000 		.4byte	.Ldebug_info0
 376 000a 04       		.byte	0x4
 377 000b 00       		.byte	0
 378 000c 0000     		.2byte	0
 379 000e 0000     		.2byte	0
 380 0010 00000000 		.4byte	.LFB0
 381 0014 28000000 		.4byte	.LFE0-.LFB0
 382 0018 00000000 		.4byte	.LFB1
 383 001c 1C000000 		.4byte	.LFE1-.LFB1
 384 0020 00000000 		.4byte	0
 385 0024 00000000 		.4byte	0
 386              		.section	.debug_ranges,"",%progbits
 387              	.Ldebug_ranges0:
 388 0000 00000000 		.4byte	.LFB0
 389 0004 28000000 		.4byte	.LFE0
 390 0008 00000000 		.4byte	.LFB1
 391 000c 1C000000 		.4byte	.LFE1
 392 0010 00000000 		.4byte	0
 393 0014 00000000 		.4byte	0
 394              		.section	.debug_line,"",%progbits
 395              	.Ldebug_line0:
 396 0000 92000000 		.section	.debug_str,"MS",%progbits,1
 396      02006400 
 396      00000201 
 396      FB0E0D00 
 396      01010101 
 397              	.LASF6:
 398 0000 6C6F6E67 		.ascii	"long long int\000"
 398      206C6F6E 
 398      6720696E 
 398      7400
 399              	.LASF21:
 400 000e 656E6162 		.ascii	"enableState\000"
 400      6C655374 
 400      61746500 
 401              	.LASF8:
 402 001a 756E7369 		.ascii	"unsigned int\000"
 402      676E6564 
 402      20696E74 
 402      00
 403              	.LASF15:
 404 0027 57617665 		.ascii	"WaveDAC_1_High_BACKUP_STRUCT\000"
 404      4441435F 
 404      315F4869 
 404      67685F42 
 404      41434B55 
 405              	.LASF13:
 406 0044 72656738 		.ascii	"reg8\000"
 406      00
 407              	.LASF12:
 408 0049 75696E74 		.ascii	"uint8\000"
 408      3800
 409              	.LASF5:
ARM GAS  C:\Users\jthem\AppData\Local\Temp\ccYKRsJs.s 			page 10


 410 004f 6C6F6E67 		.ascii	"long unsigned int\000"
 410      20756E73 
 410      69676E65 
 410      6420696E 
 410      7400
 411              	.LASF7:
 412 0061 6C6F6E67 		.ascii	"long long unsigned int\000"
 412      206C6F6E 
 412      6720756E 
 412      7369676E 
 412      65642069 
 413              	.LASF19:
 414 0078 2E5C4765 		.ascii	".\\Generated_Source\\PSoC5\\WaveDAC_1_High_PM.c\000"
 414      6E657261 
 414      7465645F 
 414      536F7572 
 414      63655C50 
 415              	.LASF22:
 416 00a5 57617665 		.ascii	"WaveDAC_1_High_backup\000"
 416      4441435F 
 416      315F4869 
 416      67685F62 
 416      61636B75 
 417              	.LASF1:
 418 00bb 756E7369 		.ascii	"unsigned char\000"
 418      676E6564 
 418      20636861 
 418      7200
 419              	.LASF11:
 420 00c9 63686172 		.ascii	"char\000"
 420      00
 421              	.LASF20:
 422 00ce 433A5C55 		.ascii	"C:\\Users\\jthem\\Documents\\PSoC Creator\\PWMExamp"
 422      73657273 
 422      5C6A7468 
 422      656D5C44 
 422      6F63756D 
 423 00fc 6C653031 		.ascii	"le01\\EasyBoard.cydsn\000"
 423      5C456173 
 423      79426F61 
 423      72642E63 
 423      7964736E 
 424              	.LASF4:
 425 0111 6C6F6E67 		.ascii	"long int\000"
 425      20696E74 
 425      00
 426              	.LASF18:
 427 011a 474E5520 		.ascii	"GNU C 4.9.3 20150303 (release) [ARM/embedded-4_9-br"
 427      4320342E 
 427      392E3320 
 427      32303135 
 427      30333033 
 428 014d 616E6368 		.ascii	"anch revision 221220] -mcpu=cortex-m3 -mthumb -g -O"
 428      20726576 
 428      6973696F 
 428      6E203232 
 428      31323230 
ARM GAS  C:\Users\jthem\AppData\Local\Temp\ccYKRsJs.s 			page 11


 429 0180 30202D66 		.ascii	"0 -ffunction-sections -ffat-lto-objects\000"
 429      66756E63 
 429      74696F6E 
 429      2D736563 
 429      74696F6E 
 430              	.LASF10:
 431 01a8 646F7562 		.ascii	"double\000"
 431      6C6500
 432              	.LASF3:
 433 01af 73686F72 		.ascii	"short unsigned int\000"
 433      7420756E 
 433      7369676E 
 433      65642069 
 433      6E7400
 434              	.LASF0:
 435 01c2 7369676E 		.ascii	"signed char\000"
 435      65642063 
 435      68617200 
 436              	.LASF17:
 437 01ce 57617665 		.ascii	"WaveDAC_1_High_Wakeup\000"
 437      4441435F 
 437      315F4869 
 437      67685F57 
 437      616B6575 
 438              	.LASF9:
 439 01e4 666C6F61 		.ascii	"float\000"
 439      7400
 440              	.LASF2:
 441 01ea 73686F72 		.ascii	"short int\000"
 441      7420696E 
 441      7400
 442              	.LASF16:
 443 01f4 57617665 		.ascii	"WaveDAC_1_High_Sleep\000"
 443      4441435F 
 443      315F4869 
 443      67685F53 
 443      6C656570 
 444              	.LASF14:
 445 0209 73697A65 		.ascii	"sizetype\000"
 445      74797065 
 445      00
 446              		.ident	"GCC: (GNU Tools for ARM Embedded Processors) 4.9.3 20150303 (release) [ARM/embedded-4_9-br
