ARM GAS  C:\Users\jthem\AppData\Local\Temp\ccnko5n7.s 			page 1


   1              		.syntax unified
   2              		.cpu cortex-m3
   3              		.fpu softvfp
   4              		.eabi_attribute 20, 1
   5              		.eabi_attribute 21, 1
   6              		.eabi_attribute 23, 3
   7              		.eabi_attribute 24, 1
   8              		.eabi_attribute 25, 1
   9              		.eabi_attribute 26, 1
  10              		.eabi_attribute 30, 6
  11              		.eabi_attribute 34, 1
  12              		.eabi_attribute 18, 4
  13              		.thumb
  14              		.file	"WaveDAC_1_VDAC8.c"
  15              		.text
  16              	.Ltext0:
  17              		.cfi_sections	.debug_frame
  18              		.global	WaveDAC_1_VDAC8_initVar
  19              		.bss
  20              		.type	WaveDAC_1_VDAC8_initVar, %object
  21              		.size	WaveDAC_1_VDAC8_initVar, 1
  22              	WaveDAC_1_VDAC8_initVar:
  23 0000 00       		.space	1
  24              		.section	.text.WaveDAC_1_VDAC8_Init,"ax",%progbits
  25              		.align	2
  26              		.global	WaveDAC_1_VDAC8_Init
  27              		.thumb
  28              		.thumb_func
  29              		.type	WaveDAC_1_VDAC8_Init, %function
  30              	WaveDAC_1_VDAC8_Init:
  31              	.LFB0:
  32              		.file 1 ".\\Generated_Source\\PSoC5\\WaveDAC_1_VDAC8.c"
   1:.\Generated_Source\PSoC5/WaveDAC_1_VDAC8.c **** /*******************************************************************************
   2:.\Generated_Source\PSoC5/WaveDAC_1_VDAC8.c **** * File Name: WaveDAC_1_VDAC8.c  
   3:.\Generated_Source\PSoC5/WaveDAC_1_VDAC8.c **** * Version 1.90
   4:.\Generated_Source\PSoC5/WaveDAC_1_VDAC8.c **** *
   5:.\Generated_Source\PSoC5/WaveDAC_1_VDAC8.c **** * Description:
   6:.\Generated_Source\PSoC5/WaveDAC_1_VDAC8.c **** *  This file provides the source code to the API for the 8-bit Voltage DAC 
   7:.\Generated_Source\PSoC5/WaveDAC_1_VDAC8.c **** *  (VDAC8) User Module.
   8:.\Generated_Source\PSoC5/WaveDAC_1_VDAC8.c **** *
   9:.\Generated_Source\PSoC5/WaveDAC_1_VDAC8.c **** * Note:
  10:.\Generated_Source\PSoC5/WaveDAC_1_VDAC8.c **** *  Any unusual or non-standard behavior should be noted here. Other-
  11:.\Generated_Source\PSoC5/WaveDAC_1_VDAC8.c **** *  wise, this section should remain blank.
  12:.\Generated_Source\PSoC5/WaveDAC_1_VDAC8.c **** *
  13:.\Generated_Source\PSoC5/WaveDAC_1_VDAC8.c **** ********************************************************************************
  14:.\Generated_Source\PSoC5/WaveDAC_1_VDAC8.c **** * Copyright 2008-2012, Cypress Semiconductor Corporation.  All rights reserved.
  15:.\Generated_Source\PSoC5/WaveDAC_1_VDAC8.c **** * You may use this file only in accordance with the license, terms, conditions, 
  16:.\Generated_Source\PSoC5/WaveDAC_1_VDAC8.c **** * disclaimers, and limitations in the end user license agreement accompanying 
  17:.\Generated_Source\PSoC5/WaveDAC_1_VDAC8.c **** * the software package with which this file was provided.
  18:.\Generated_Source\PSoC5/WaveDAC_1_VDAC8.c **** *******************************************************************************/
  19:.\Generated_Source\PSoC5/WaveDAC_1_VDAC8.c **** 
  20:.\Generated_Source\PSoC5/WaveDAC_1_VDAC8.c **** #include "cytypes.h"
  21:.\Generated_Source\PSoC5/WaveDAC_1_VDAC8.c **** #include "WaveDAC_1_VDAC8.h"
  22:.\Generated_Source\PSoC5/WaveDAC_1_VDAC8.c **** 
  23:.\Generated_Source\PSoC5/WaveDAC_1_VDAC8.c **** #if (CY_PSOC5A)
  24:.\Generated_Source\PSoC5/WaveDAC_1_VDAC8.c **** #include <CyLib.h>
  25:.\Generated_Source\PSoC5/WaveDAC_1_VDAC8.c **** #endif /* CY_PSOC5A */
ARM GAS  C:\Users\jthem\AppData\Local\Temp\ccnko5n7.s 			page 2


  26:.\Generated_Source\PSoC5/WaveDAC_1_VDAC8.c **** 
  27:.\Generated_Source\PSoC5/WaveDAC_1_VDAC8.c **** uint8 WaveDAC_1_VDAC8_initVar = 0u;
  28:.\Generated_Source\PSoC5/WaveDAC_1_VDAC8.c **** 
  29:.\Generated_Source\PSoC5/WaveDAC_1_VDAC8.c **** #if (CY_PSOC5A)
  30:.\Generated_Source\PSoC5/WaveDAC_1_VDAC8.c ****     static uint8 WaveDAC_1_VDAC8_restoreVal = 0u;
  31:.\Generated_Source\PSoC5/WaveDAC_1_VDAC8.c **** #endif /* CY_PSOC5A */
  32:.\Generated_Source\PSoC5/WaveDAC_1_VDAC8.c **** 
  33:.\Generated_Source\PSoC5/WaveDAC_1_VDAC8.c **** #if (CY_PSOC5A)
  34:.\Generated_Source\PSoC5/WaveDAC_1_VDAC8.c ****     static WaveDAC_1_VDAC8_backupStruct WaveDAC_1_VDAC8_backup;
  35:.\Generated_Source\PSoC5/WaveDAC_1_VDAC8.c **** #endif /* CY_PSOC5A */
  36:.\Generated_Source\PSoC5/WaveDAC_1_VDAC8.c **** 
  37:.\Generated_Source\PSoC5/WaveDAC_1_VDAC8.c **** 
  38:.\Generated_Source\PSoC5/WaveDAC_1_VDAC8.c **** /*******************************************************************************
  39:.\Generated_Source\PSoC5/WaveDAC_1_VDAC8.c **** * Function Name: WaveDAC_1_VDAC8_Init
  40:.\Generated_Source\PSoC5/WaveDAC_1_VDAC8.c **** ********************************************************************************
  41:.\Generated_Source\PSoC5/WaveDAC_1_VDAC8.c **** * Summary:
  42:.\Generated_Source\PSoC5/WaveDAC_1_VDAC8.c **** *  Initialize to the schematic state.
  43:.\Generated_Source\PSoC5/WaveDAC_1_VDAC8.c **** * 
  44:.\Generated_Source\PSoC5/WaveDAC_1_VDAC8.c **** * Parameters:
  45:.\Generated_Source\PSoC5/WaveDAC_1_VDAC8.c **** *  void:
  46:.\Generated_Source\PSoC5/WaveDAC_1_VDAC8.c **** *
  47:.\Generated_Source\PSoC5/WaveDAC_1_VDAC8.c **** * Return:
  48:.\Generated_Source\PSoC5/WaveDAC_1_VDAC8.c **** *  void
  49:.\Generated_Source\PSoC5/WaveDAC_1_VDAC8.c **** *
  50:.\Generated_Source\PSoC5/WaveDAC_1_VDAC8.c **** * Theory:
  51:.\Generated_Source\PSoC5/WaveDAC_1_VDAC8.c **** *
  52:.\Generated_Source\PSoC5/WaveDAC_1_VDAC8.c **** * Side Effects:
  53:.\Generated_Source\PSoC5/WaveDAC_1_VDAC8.c **** *
  54:.\Generated_Source\PSoC5/WaveDAC_1_VDAC8.c **** *******************************************************************************/
  55:.\Generated_Source\PSoC5/WaveDAC_1_VDAC8.c **** void WaveDAC_1_VDAC8_Init(void) 
  56:.\Generated_Source\PSoC5/WaveDAC_1_VDAC8.c **** {
  33              		.loc 1 56 0
  34              		.cfi_startproc
  35              		@ args = 0, pretend = 0, frame = 0
  36              		@ frame_needed = 1, uses_anonymous_args = 0
  37 0000 80B5     		push	{r7, lr}
  38              		.cfi_def_cfa_offset 8
  39              		.cfi_offset 7, -8
  40              		.cfi_offset 14, -4
  41 0002 00AF     		add	r7, sp, #0
  42              		.cfi_def_cfa_register 7
  57:.\Generated_Source\PSoC5/WaveDAC_1_VDAC8.c ****     WaveDAC_1_VDAC8_CR0 = (WaveDAC_1_VDAC8_MODE_V );
  43              		.loc 1 57 0
  44 0004 0A4B     		ldr	r3, .L2
  45 0006 0022     		movs	r2, #0
  46 0008 1A70     		strb	r2, [r3]
  58:.\Generated_Source\PSoC5/WaveDAC_1_VDAC8.c **** 
  59:.\Generated_Source\PSoC5/WaveDAC_1_VDAC8.c ****     /* Set default data source */
  60:.\Generated_Source\PSoC5/WaveDAC_1_VDAC8.c ****     #if(WaveDAC_1_VDAC8_DEFAULT_DATA_SRC != 0 )
  61:.\Generated_Source\PSoC5/WaveDAC_1_VDAC8.c ****         WaveDAC_1_VDAC8_CR1 = (WaveDAC_1_VDAC8_DEFAULT_CNTL | WaveDAC_1_VDAC8_DACBUS_ENABLE) ;
  62:.\Generated_Source\PSoC5/WaveDAC_1_VDAC8.c ****     #else
  63:.\Generated_Source\PSoC5/WaveDAC_1_VDAC8.c ****         WaveDAC_1_VDAC8_CR1 = (WaveDAC_1_VDAC8_DEFAULT_CNTL | WaveDAC_1_VDAC8_DACBUS_DISABLE) ;
  47              		.loc 1 63 0
  48 000a 0A4B     		ldr	r3, .L2+4
  49 000c 0022     		movs	r2, #0
  50 000e 1A70     		strb	r2, [r3]
  64:.\Generated_Source\PSoC5/WaveDAC_1_VDAC8.c ****     #endif /* (WaveDAC_1_VDAC8_DEFAULT_DATA_SRC != 0 ) */
ARM GAS  C:\Users\jthem\AppData\Local\Temp\ccnko5n7.s 			page 3


  65:.\Generated_Source\PSoC5/WaveDAC_1_VDAC8.c **** 
  66:.\Generated_Source\PSoC5/WaveDAC_1_VDAC8.c ****     /* Set default strobe mode */
  67:.\Generated_Source\PSoC5/WaveDAC_1_VDAC8.c ****     #if(WaveDAC_1_VDAC8_DEFAULT_STRB != 0)
  68:.\Generated_Source\PSoC5/WaveDAC_1_VDAC8.c ****         WaveDAC_1_VDAC8_Strobe |= WaveDAC_1_VDAC8_STRB_EN ;
  51              		.loc 1 68 0
  52 0010 094A     		ldr	r2, .L2+8
  53 0012 094B     		ldr	r3, .L2+8
  54 0014 1B78     		ldrb	r3, [r3]
  55 0016 DBB2     		uxtb	r3, r3
  56 0018 43F00803 		orr	r3, r3, #8
  57 001c DBB2     		uxtb	r3, r3
  58 001e 1370     		strb	r3, [r2]
  69:.\Generated_Source\PSoC5/WaveDAC_1_VDAC8.c ****     #endif/* (WaveDAC_1_VDAC8_DEFAULT_STRB != 0) */
  70:.\Generated_Source\PSoC5/WaveDAC_1_VDAC8.c **** 
  71:.\Generated_Source\PSoC5/WaveDAC_1_VDAC8.c ****     /* Set default range */
  72:.\Generated_Source\PSoC5/WaveDAC_1_VDAC8.c ****     WaveDAC_1_VDAC8_SetRange(WaveDAC_1_VDAC8_DEFAULT_RANGE); 
  59              		.loc 1 72 0
  60 0020 0020     		movs	r0, #0
  61 0022 FFF7FEFF 		bl	WaveDAC_1_VDAC8_SetRange
  73:.\Generated_Source\PSoC5/WaveDAC_1_VDAC8.c **** 
  74:.\Generated_Source\PSoC5/WaveDAC_1_VDAC8.c ****     /* Set default speed */
  75:.\Generated_Source\PSoC5/WaveDAC_1_VDAC8.c ****     WaveDAC_1_VDAC8_SetSpeed(WaveDAC_1_VDAC8_DEFAULT_SPEED);
  62              		.loc 1 75 0
  63 0026 0220     		movs	r0, #2
  64 0028 FFF7FEFF 		bl	WaveDAC_1_VDAC8_SetSpeed
  76:.\Generated_Source\PSoC5/WaveDAC_1_VDAC8.c **** }
  65              		.loc 1 76 0
  66 002c 80BD     		pop	{r7, pc}
  67              	.L3:
  68 002e 00BF     		.align	2
  69              	.L2:
  70 0030 28580040 		.word	1073764392
  71 0034 29580040 		.word	1073764393
  72 0038 975A0040 		.word	1073765015
  73              		.cfi_endproc
  74              	.LFE0:
  75              		.size	WaveDAC_1_VDAC8_Init, .-WaveDAC_1_VDAC8_Init
  76              		.section	.text.WaveDAC_1_VDAC8_Enable,"ax",%progbits
  77              		.align	2
  78              		.global	WaveDAC_1_VDAC8_Enable
  79              		.thumb
  80              		.thumb_func
  81              		.type	WaveDAC_1_VDAC8_Enable, %function
  82              	WaveDAC_1_VDAC8_Enable:
  83              	.LFB1:
  77:.\Generated_Source\PSoC5/WaveDAC_1_VDAC8.c **** 
  78:.\Generated_Source\PSoC5/WaveDAC_1_VDAC8.c **** 
  79:.\Generated_Source\PSoC5/WaveDAC_1_VDAC8.c **** /*******************************************************************************
  80:.\Generated_Source\PSoC5/WaveDAC_1_VDAC8.c **** * Function Name: WaveDAC_1_VDAC8_Enable
  81:.\Generated_Source\PSoC5/WaveDAC_1_VDAC8.c **** ********************************************************************************
  82:.\Generated_Source\PSoC5/WaveDAC_1_VDAC8.c **** * Summary:
  83:.\Generated_Source\PSoC5/WaveDAC_1_VDAC8.c **** *  Enable the VDAC8
  84:.\Generated_Source\PSoC5/WaveDAC_1_VDAC8.c **** * 
  85:.\Generated_Source\PSoC5/WaveDAC_1_VDAC8.c **** * Parameters:
  86:.\Generated_Source\PSoC5/WaveDAC_1_VDAC8.c **** *  void
  87:.\Generated_Source\PSoC5/WaveDAC_1_VDAC8.c **** *
  88:.\Generated_Source\PSoC5/WaveDAC_1_VDAC8.c **** * Return:
ARM GAS  C:\Users\jthem\AppData\Local\Temp\ccnko5n7.s 			page 4


  89:.\Generated_Source\PSoC5/WaveDAC_1_VDAC8.c **** *  void
  90:.\Generated_Source\PSoC5/WaveDAC_1_VDAC8.c **** *
  91:.\Generated_Source\PSoC5/WaveDAC_1_VDAC8.c **** * Theory:
  92:.\Generated_Source\PSoC5/WaveDAC_1_VDAC8.c **** *
  93:.\Generated_Source\PSoC5/WaveDAC_1_VDAC8.c **** * Side Effects:
  94:.\Generated_Source\PSoC5/WaveDAC_1_VDAC8.c **** *
  95:.\Generated_Source\PSoC5/WaveDAC_1_VDAC8.c **** *******************************************************************************/
  96:.\Generated_Source\PSoC5/WaveDAC_1_VDAC8.c **** void WaveDAC_1_VDAC8_Enable(void) 
  97:.\Generated_Source\PSoC5/WaveDAC_1_VDAC8.c **** {
  84              		.loc 1 97 0
  85              		.cfi_startproc
  86              		@ args = 0, pretend = 0, frame = 0
  87              		@ frame_needed = 1, uses_anonymous_args = 0
  88              		@ link register save eliminated.
  89 0000 80B4     		push	{r7}
  90              		.cfi_def_cfa_offset 4
  91              		.cfi_offset 7, -4
  92 0002 00AF     		add	r7, sp, #0
  93              		.cfi_def_cfa_register 7
  98:.\Generated_Source\PSoC5/WaveDAC_1_VDAC8.c ****     WaveDAC_1_VDAC8_PWRMGR |= WaveDAC_1_VDAC8_ACT_PWR_EN;
  94              		.loc 1 98 0
  95 0004 094A     		ldr	r2, .L5
  96 0006 094B     		ldr	r3, .L5
  97 0008 1B78     		ldrb	r3, [r3]
  98 000a DBB2     		uxtb	r3, r3
  99 000c 43F00403 		orr	r3, r3, #4
 100 0010 DBB2     		uxtb	r3, r3
 101 0012 1370     		strb	r3, [r2]
  99:.\Generated_Source\PSoC5/WaveDAC_1_VDAC8.c ****     WaveDAC_1_VDAC8_STBY_PWRMGR |= WaveDAC_1_VDAC8_STBY_PWR_EN;
 102              		.loc 1 99 0
 103 0014 064A     		ldr	r2, .L5+4
 104 0016 064B     		ldr	r3, .L5+4
 105 0018 1B78     		ldrb	r3, [r3]
 106 001a DBB2     		uxtb	r3, r3
 107 001c 43F00403 		orr	r3, r3, #4
 108 0020 DBB2     		uxtb	r3, r3
 109 0022 1370     		strb	r3, [r2]
 100:.\Generated_Source\PSoC5/WaveDAC_1_VDAC8.c **** 
 101:.\Generated_Source\PSoC5/WaveDAC_1_VDAC8.c ****     /*This is to restore the value of register CR0 ,
 102:.\Generated_Source\PSoC5/WaveDAC_1_VDAC8.c ****     which is modified  in Stop API , this prevents misbehaviour of VDAC */
 103:.\Generated_Source\PSoC5/WaveDAC_1_VDAC8.c ****     #if (CY_PSOC5A)
 104:.\Generated_Source\PSoC5/WaveDAC_1_VDAC8.c ****         if(WaveDAC_1_VDAC8_restoreVal == 1u) 
 105:.\Generated_Source\PSoC5/WaveDAC_1_VDAC8.c ****         {
 106:.\Generated_Source\PSoC5/WaveDAC_1_VDAC8.c ****              WaveDAC_1_VDAC8_CR0 = WaveDAC_1_VDAC8_backup.data_value;
 107:.\Generated_Source\PSoC5/WaveDAC_1_VDAC8.c ****              WaveDAC_1_VDAC8_restoreVal = 0u;
 108:.\Generated_Source\PSoC5/WaveDAC_1_VDAC8.c ****         }
 109:.\Generated_Source\PSoC5/WaveDAC_1_VDAC8.c ****     #endif /* CY_PSOC5A */
 110:.\Generated_Source\PSoC5/WaveDAC_1_VDAC8.c **** }
 110              		.loc 1 110 0
 111 0024 BD46     		mov	sp, r7
 112              		.cfi_def_cfa_register 13
 113              		@ sp needed
 114 0026 5DF8047B 		ldr	r7, [sp], #4
 115              		.cfi_restore 7
 116              		.cfi_def_cfa_offset 0
 117 002a 7047     		bx	lr
 118              	.L6:
ARM GAS  C:\Users\jthem\AppData\Local\Temp\ccnko5n7.s 			page 5


 119              		.align	2
 120              	.L5:
 121 002c A8430040 		.word	1073759144
 122 0030 B8430040 		.word	1073759160
 123              		.cfi_endproc
 124              	.LFE1:
 125              		.size	WaveDAC_1_VDAC8_Enable, .-WaveDAC_1_VDAC8_Enable
 126              		.section	.text.WaveDAC_1_VDAC8_Start,"ax",%progbits
 127              		.align	2
 128              		.global	WaveDAC_1_VDAC8_Start
 129              		.thumb
 130              		.thumb_func
 131              		.type	WaveDAC_1_VDAC8_Start, %function
 132              	WaveDAC_1_VDAC8_Start:
 133              	.LFB2:
 111:.\Generated_Source\PSoC5/WaveDAC_1_VDAC8.c **** 
 112:.\Generated_Source\PSoC5/WaveDAC_1_VDAC8.c **** 
 113:.\Generated_Source\PSoC5/WaveDAC_1_VDAC8.c **** /*******************************************************************************
 114:.\Generated_Source\PSoC5/WaveDAC_1_VDAC8.c **** * Function Name: WaveDAC_1_VDAC8_Start
 115:.\Generated_Source\PSoC5/WaveDAC_1_VDAC8.c **** ********************************************************************************
 116:.\Generated_Source\PSoC5/WaveDAC_1_VDAC8.c **** *
 117:.\Generated_Source\PSoC5/WaveDAC_1_VDAC8.c **** * Summary:
 118:.\Generated_Source\PSoC5/WaveDAC_1_VDAC8.c **** *  The start function initializes the voltage DAC with the default values, 
 119:.\Generated_Source\PSoC5/WaveDAC_1_VDAC8.c **** *  and sets the power to the given level.  A power level of 0, is the same as
 120:.\Generated_Source\PSoC5/WaveDAC_1_VDAC8.c **** *  executing the stop function.
 121:.\Generated_Source\PSoC5/WaveDAC_1_VDAC8.c **** *
 122:.\Generated_Source\PSoC5/WaveDAC_1_VDAC8.c **** * Parameters:
 123:.\Generated_Source\PSoC5/WaveDAC_1_VDAC8.c **** *  Power: Sets power level between off (0) and (3) high power
 124:.\Generated_Source\PSoC5/WaveDAC_1_VDAC8.c **** *
 125:.\Generated_Source\PSoC5/WaveDAC_1_VDAC8.c **** * Return:
 126:.\Generated_Source\PSoC5/WaveDAC_1_VDAC8.c **** *  void 
 127:.\Generated_Source\PSoC5/WaveDAC_1_VDAC8.c **** *
 128:.\Generated_Source\PSoC5/WaveDAC_1_VDAC8.c **** * Global variables:
 129:.\Generated_Source\PSoC5/WaveDAC_1_VDAC8.c **** *  WaveDAC_1_VDAC8_initVar: Is modified when this function is called for the 
 130:.\Generated_Source\PSoC5/WaveDAC_1_VDAC8.c **** *  first time. Is used to ensure that initialization happens only once.
 131:.\Generated_Source\PSoC5/WaveDAC_1_VDAC8.c **** *
 132:.\Generated_Source\PSoC5/WaveDAC_1_VDAC8.c **** *******************************************************************************/
 133:.\Generated_Source\PSoC5/WaveDAC_1_VDAC8.c **** void WaveDAC_1_VDAC8_Start(void)  
 134:.\Generated_Source\PSoC5/WaveDAC_1_VDAC8.c **** {
 134              		.loc 1 134 0
 135              		.cfi_startproc
 136              		@ args = 0, pretend = 0, frame = 0
 137              		@ frame_needed = 1, uses_anonymous_args = 0
 138 0000 80B5     		push	{r7, lr}
 139              		.cfi_def_cfa_offset 8
 140              		.cfi_offset 7, -8
 141              		.cfi_offset 14, -4
 142 0002 00AF     		add	r7, sp, #0
 143              		.cfi_def_cfa_register 7
 135:.\Generated_Source\PSoC5/WaveDAC_1_VDAC8.c ****     /* Hardware initiazation only needs to occure the first time */
 136:.\Generated_Source\PSoC5/WaveDAC_1_VDAC8.c ****     if(WaveDAC_1_VDAC8_initVar == 0u)
 144              		.loc 1 136 0
 145 0004 074B     		ldr	r3, .L9
 146 0006 1B78     		ldrb	r3, [r3]	@ zero_extendqisi2
 147 0008 002B     		cmp	r3, #0
 148 000a 04D1     		bne	.L8
 137:.\Generated_Source\PSoC5/WaveDAC_1_VDAC8.c ****     { 
ARM GAS  C:\Users\jthem\AppData\Local\Temp\ccnko5n7.s 			page 6


 138:.\Generated_Source\PSoC5/WaveDAC_1_VDAC8.c ****         WaveDAC_1_VDAC8_Init();
 149              		.loc 1 138 0
 150 000c FFF7FEFF 		bl	WaveDAC_1_VDAC8_Init
 139:.\Generated_Source\PSoC5/WaveDAC_1_VDAC8.c ****         WaveDAC_1_VDAC8_initVar = 1u;
 151              		.loc 1 139 0
 152 0010 044B     		ldr	r3, .L9
 153 0012 0122     		movs	r2, #1
 154 0014 1A70     		strb	r2, [r3]
 155              	.L8:
 140:.\Generated_Source\PSoC5/WaveDAC_1_VDAC8.c ****     }
 141:.\Generated_Source\PSoC5/WaveDAC_1_VDAC8.c **** 
 142:.\Generated_Source\PSoC5/WaveDAC_1_VDAC8.c ****     /* Enable power to DAC */
 143:.\Generated_Source\PSoC5/WaveDAC_1_VDAC8.c ****     WaveDAC_1_VDAC8_Enable();
 156              		.loc 1 143 0
 157 0016 FFF7FEFF 		bl	WaveDAC_1_VDAC8_Enable
 144:.\Generated_Source\PSoC5/WaveDAC_1_VDAC8.c **** 
 145:.\Generated_Source\PSoC5/WaveDAC_1_VDAC8.c ****     /* Set default value */
 146:.\Generated_Source\PSoC5/WaveDAC_1_VDAC8.c ****     WaveDAC_1_VDAC8_SetValue(WaveDAC_1_VDAC8_DEFAULT_DATA); 
 158              		.loc 1 146 0
 159 001a 6420     		movs	r0, #100
 160 001c FFF7FEFF 		bl	WaveDAC_1_VDAC8_SetValue
 147:.\Generated_Source\PSoC5/WaveDAC_1_VDAC8.c **** }
 161              		.loc 1 147 0
 162 0020 80BD     		pop	{r7, pc}
 163              	.L10:
 164 0022 00BF     		.align	2
 165              	.L9:
 166 0024 00000000 		.word	WaveDAC_1_VDAC8_initVar
 167              		.cfi_endproc
 168              	.LFE2:
 169              		.size	WaveDAC_1_VDAC8_Start, .-WaveDAC_1_VDAC8_Start
 170              		.section	.text.WaveDAC_1_VDAC8_Stop,"ax",%progbits
 171              		.align	2
 172              		.global	WaveDAC_1_VDAC8_Stop
 173              		.thumb
 174              		.thumb_func
 175              		.type	WaveDAC_1_VDAC8_Stop, %function
 176              	WaveDAC_1_VDAC8_Stop:
 177              	.LFB3:
 148:.\Generated_Source\PSoC5/WaveDAC_1_VDAC8.c **** 
 149:.\Generated_Source\PSoC5/WaveDAC_1_VDAC8.c **** 
 150:.\Generated_Source\PSoC5/WaveDAC_1_VDAC8.c **** /*******************************************************************************
 151:.\Generated_Source\PSoC5/WaveDAC_1_VDAC8.c **** * Function Name: WaveDAC_1_VDAC8_Stop
 152:.\Generated_Source\PSoC5/WaveDAC_1_VDAC8.c **** ********************************************************************************
 153:.\Generated_Source\PSoC5/WaveDAC_1_VDAC8.c **** *
 154:.\Generated_Source\PSoC5/WaveDAC_1_VDAC8.c **** * Summary:
 155:.\Generated_Source\PSoC5/WaveDAC_1_VDAC8.c **** *  Powers down DAC to lowest power state.
 156:.\Generated_Source\PSoC5/WaveDAC_1_VDAC8.c **** *
 157:.\Generated_Source\PSoC5/WaveDAC_1_VDAC8.c **** * Parameters:
 158:.\Generated_Source\PSoC5/WaveDAC_1_VDAC8.c **** *  void
 159:.\Generated_Source\PSoC5/WaveDAC_1_VDAC8.c **** *
 160:.\Generated_Source\PSoC5/WaveDAC_1_VDAC8.c **** * Return:
 161:.\Generated_Source\PSoC5/WaveDAC_1_VDAC8.c **** *  void
 162:.\Generated_Source\PSoC5/WaveDAC_1_VDAC8.c **** *
 163:.\Generated_Source\PSoC5/WaveDAC_1_VDAC8.c **** * Theory:
 164:.\Generated_Source\PSoC5/WaveDAC_1_VDAC8.c **** *
 165:.\Generated_Source\PSoC5/WaveDAC_1_VDAC8.c **** * Side Effects:
ARM GAS  C:\Users\jthem\AppData\Local\Temp\ccnko5n7.s 			page 7


 166:.\Generated_Source\PSoC5/WaveDAC_1_VDAC8.c **** *
 167:.\Generated_Source\PSoC5/WaveDAC_1_VDAC8.c **** *******************************************************************************/
 168:.\Generated_Source\PSoC5/WaveDAC_1_VDAC8.c **** void WaveDAC_1_VDAC8_Stop(void) 
 169:.\Generated_Source\PSoC5/WaveDAC_1_VDAC8.c **** {
 178              		.loc 1 169 0
 179              		.cfi_startproc
 180              		@ args = 0, pretend = 0, frame = 0
 181              		@ frame_needed = 1, uses_anonymous_args = 0
 182              		@ link register save eliminated.
 183 0000 80B4     		push	{r7}
 184              		.cfi_def_cfa_offset 4
 185              		.cfi_offset 7, -4
 186 0002 00AF     		add	r7, sp, #0
 187              		.cfi_def_cfa_register 7
 170:.\Generated_Source\PSoC5/WaveDAC_1_VDAC8.c ****     /* Disble power to DAC */
 171:.\Generated_Source\PSoC5/WaveDAC_1_VDAC8.c ****     WaveDAC_1_VDAC8_PWRMGR &= (uint8)(~WaveDAC_1_VDAC8_ACT_PWR_EN);
 188              		.loc 1 171 0
 189 0004 094A     		ldr	r2, .L12
 190 0006 094B     		ldr	r3, .L12
 191 0008 1B78     		ldrb	r3, [r3]
 192 000a DBB2     		uxtb	r3, r3
 193 000c 23F00403 		bic	r3, r3, #4
 194 0010 DBB2     		uxtb	r3, r3
 195 0012 1370     		strb	r3, [r2]
 172:.\Generated_Source\PSoC5/WaveDAC_1_VDAC8.c ****     WaveDAC_1_VDAC8_STBY_PWRMGR &= (uint8)(~WaveDAC_1_VDAC8_STBY_PWR_EN);
 196              		.loc 1 172 0
 197 0014 064A     		ldr	r2, .L12+4
 198 0016 064B     		ldr	r3, .L12+4
 199 0018 1B78     		ldrb	r3, [r3]
 200 001a DBB2     		uxtb	r3, r3
 201 001c 23F00403 		bic	r3, r3, #4
 202 0020 DBB2     		uxtb	r3, r3
 203 0022 1370     		strb	r3, [r2]
 173:.\Generated_Source\PSoC5/WaveDAC_1_VDAC8.c **** 
 174:.\Generated_Source\PSoC5/WaveDAC_1_VDAC8.c ****     /* This is a work around for PSoC5A  ,
 175:.\Generated_Source\PSoC5/WaveDAC_1_VDAC8.c ****     this sets VDAC to current mode with output off */
 176:.\Generated_Source\PSoC5/WaveDAC_1_VDAC8.c ****     #if (CY_PSOC5A)
 177:.\Generated_Source\PSoC5/WaveDAC_1_VDAC8.c ****         WaveDAC_1_VDAC8_backup.data_value = WaveDAC_1_VDAC8_CR0;
 178:.\Generated_Source\PSoC5/WaveDAC_1_VDAC8.c ****         WaveDAC_1_VDAC8_CR0 = WaveDAC_1_VDAC8_CUR_MODE_OUT_OFF;
 179:.\Generated_Source\PSoC5/WaveDAC_1_VDAC8.c ****         WaveDAC_1_VDAC8_restoreVal = 1u;
 180:.\Generated_Source\PSoC5/WaveDAC_1_VDAC8.c ****     #endif /* CY_PSOC5A */
 181:.\Generated_Source\PSoC5/WaveDAC_1_VDAC8.c **** }
 204              		.loc 1 181 0
 205 0024 BD46     		mov	sp, r7
 206              		.cfi_def_cfa_register 13
 207              		@ sp needed
 208 0026 5DF8047B 		ldr	r7, [sp], #4
 209              		.cfi_restore 7
 210              		.cfi_def_cfa_offset 0
 211 002a 7047     		bx	lr
 212              	.L13:
 213              		.align	2
 214              	.L12:
 215 002c A8430040 		.word	1073759144
 216 0030 B8430040 		.word	1073759160
 217              		.cfi_endproc
 218              	.LFE3:
ARM GAS  C:\Users\jthem\AppData\Local\Temp\ccnko5n7.s 			page 8


 219              		.size	WaveDAC_1_VDAC8_Stop, .-WaveDAC_1_VDAC8_Stop
 220              		.section	.text.WaveDAC_1_VDAC8_SetSpeed,"ax",%progbits
 221              		.align	2
 222              		.global	WaveDAC_1_VDAC8_SetSpeed
 223              		.thumb
 224              		.thumb_func
 225              		.type	WaveDAC_1_VDAC8_SetSpeed, %function
 226              	WaveDAC_1_VDAC8_SetSpeed:
 227              	.LFB4:
 182:.\Generated_Source\PSoC5/WaveDAC_1_VDAC8.c **** 
 183:.\Generated_Source\PSoC5/WaveDAC_1_VDAC8.c **** 
 184:.\Generated_Source\PSoC5/WaveDAC_1_VDAC8.c **** /*******************************************************************************
 185:.\Generated_Source\PSoC5/WaveDAC_1_VDAC8.c **** * Function Name: WaveDAC_1_VDAC8_SetSpeed
 186:.\Generated_Source\PSoC5/WaveDAC_1_VDAC8.c **** ********************************************************************************
 187:.\Generated_Source\PSoC5/WaveDAC_1_VDAC8.c **** *
 188:.\Generated_Source\PSoC5/WaveDAC_1_VDAC8.c **** * Summary:
 189:.\Generated_Source\PSoC5/WaveDAC_1_VDAC8.c **** *  Set DAC speed
 190:.\Generated_Source\PSoC5/WaveDAC_1_VDAC8.c **** *
 191:.\Generated_Source\PSoC5/WaveDAC_1_VDAC8.c **** * Parameters:
 192:.\Generated_Source\PSoC5/WaveDAC_1_VDAC8.c **** *  power: Sets speed value
 193:.\Generated_Source\PSoC5/WaveDAC_1_VDAC8.c **** *
 194:.\Generated_Source\PSoC5/WaveDAC_1_VDAC8.c **** * Return:
 195:.\Generated_Source\PSoC5/WaveDAC_1_VDAC8.c **** *  void
 196:.\Generated_Source\PSoC5/WaveDAC_1_VDAC8.c **** *
 197:.\Generated_Source\PSoC5/WaveDAC_1_VDAC8.c **** * Theory:
 198:.\Generated_Source\PSoC5/WaveDAC_1_VDAC8.c **** *
 199:.\Generated_Source\PSoC5/WaveDAC_1_VDAC8.c **** * Side Effects:
 200:.\Generated_Source\PSoC5/WaveDAC_1_VDAC8.c **** *
 201:.\Generated_Source\PSoC5/WaveDAC_1_VDAC8.c **** *******************************************************************************/
 202:.\Generated_Source\PSoC5/WaveDAC_1_VDAC8.c **** void WaveDAC_1_VDAC8_SetSpeed(uint8 speed) 
 203:.\Generated_Source\PSoC5/WaveDAC_1_VDAC8.c **** {
 228              		.loc 1 203 0
 229              		.cfi_startproc
 230              		@ args = 0, pretend = 0, frame = 8
 231              		@ frame_needed = 1, uses_anonymous_args = 0
 232              		@ link register save eliminated.
 233 0000 80B4     		push	{r7}
 234              		.cfi_def_cfa_offset 4
 235              		.cfi_offset 7, -4
 236 0002 83B0     		sub	sp, sp, #12
 237              		.cfi_def_cfa_offset 16
 238 0004 00AF     		add	r7, sp, #0
 239              		.cfi_def_cfa_register 7
 240 0006 0346     		mov	r3, r0
 241 0008 FB71     		strb	r3, [r7, #7]
 204:.\Generated_Source\PSoC5/WaveDAC_1_VDAC8.c ****     /* Clear power mask then write in new value */
 205:.\Generated_Source\PSoC5/WaveDAC_1_VDAC8.c ****     WaveDAC_1_VDAC8_CR0 &= (uint8)(~WaveDAC_1_VDAC8_HS_MASK);
 242              		.loc 1 205 0
 243 000a 0C4A     		ldr	r2, .L15
 244 000c 0B4B     		ldr	r3, .L15
 245 000e 1B78     		ldrb	r3, [r3]
 246 0010 DBB2     		uxtb	r3, r3
 247 0012 23F00203 		bic	r3, r3, #2
 248 0016 DBB2     		uxtb	r3, r3
 249 0018 1370     		strb	r3, [r2]
 206:.\Generated_Source\PSoC5/WaveDAC_1_VDAC8.c ****     WaveDAC_1_VDAC8_CR0 |=  (speed & WaveDAC_1_VDAC8_HS_MASK);
 250              		.loc 1 206 0
ARM GAS  C:\Users\jthem\AppData\Local\Temp\ccnko5n7.s 			page 9


 251 001a 0849     		ldr	r1, .L15
 252 001c 074B     		ldr	r3, .L15
 253 001e 1B78     		ldrb	r3, [r3]
 254 0020 DAB2     		uxtb	r2, r3
 255 0022 FB79     		ldrb	r3, [r7, #7]
 256 0024 03F00203 		and	r3, r3, #2
 257 0028 DBB2     		uxtb	r3, r3
 258 002a 1343     		orrs	r3, r3, r2
 259 002c DBB2     		uxtb	r3, r3
 260 002e 0B70     		strb	r3, [r1]
 207:.\Generated_Source\PSoC5/WaveDAC_1_VDAC8.c **** }
 261              		.loc 1 207 0
 262 0030 0C37     		adds	r7, r7, #12
 263              		.cfi_def_cfa_offset 4
 264 0032 BD46     		mov	sp, r7
 265              		.cfi_def_cfa_register 13
 266              		@ sp needed
 267 0034 5DF8047B 		ldr	r7, [sp], #4
 268              		.cfi_restore 7
 269              		.cfi_def_cfa_offset 0
 270 0038 7047     		bx	lr
 271              	.L16:
 272 003a 00BF     		.align	2
 273              	.L15:
 274 003c 28580040 		.word	1073764392
 275              		.cfi_endproc
 276              	.LFE4:
 277              		.size	WaveDAC_1_VDAC8_SetSpeed, .-WaveDAC_1_VDAC8_SetSpeed
 278              		.section	.text.WaveDAC_1_VDAC8_SetRange,"ax",%progbits
 279              		.align	2
 280              		.global	WaveDAC_1_VDAC8_SetRange
 281              		.thumb
 282              		.thumb_func
 283              		.type	WaveDAC_1_VDAC8_SetRange, %function
 284              	WaveDAC_1_VDAC8_SetRange:
 285              	.LFB5:
 208:.\Generated_Source\PSoC5/WaveDAC_1_VDAC8.c **** 
 209:.\Generated_Source\PSoC5/WaveDAC_1_VDAC8.c **** 
 210:.\Generated_Source\PSoC5/WaveDAC_1_VDAC8.c **** /*******************************************************************************
 211:.\Generated_Source\PSoC5/WaveDAC_1_VDAC8.c **** * Function Name: WaveDAC_1_VDAC8_SetRange
 212:.\Generated_Source\PSoC5/WaveDAC_1_VDAC8.c **** ********************************************************************************
 213:.\Generated_Source\PSoC5/WaveDAC_1_VDAC8.c **** *
 214:.\Generated_Source\PSoC5/WaveDAC_1_VDAC8.c **** * Summary:
 215:.\Generated_Source\PSoC5/WaveDAC_1_VDAC8.c **** *  Set one of three current ranges.
 216:.\Generated_Source\PSoC5/WaveDAC_1_VDAC8.c **** *
 217:.\Generated_Source\PSoC5/WaveDAC_1_VDAC8.c **** * Parameters:
 218:.\Generated_Source\PSoC5/WaveDAC_1_VDAC8.c **** *  Range: Sets one of Three valid ranges.
 219:.\Generated_Source\PSoC5/WaveDAC_1_VDAC8.c **** *
 220:.\Generated_Source\PSoC5/WaveDAC_1_VDAC8.c **** * Return:
 221:.\Generated_Source\PSoC5/WaveDAC_1_VDAC8.c **** *  void 
 222:.\Generated_Source\PSoC5/WaveDAC_1_VDAC8.c **** *
 223:.\Generated_Source\PSoC5/WaveDAC_1_VDAC8.c **** * Theory:
 224:.\Generated_Source\PSoC5/WaveDAC_1_VDAC8.c **** *
 225:.\Generated_Source\PSoC5/WaveDAC_1_VDAC8.c **** * Side Effects:
 226:.\Generated_Source\PSoC5/WaveDAC_1_VDAC8.c **** *
 227:.\Generated_Source\PSoC5/WaveDAC_1_VDAC8.c **** *******************************************************************************/
 228:.\Generated_Source\PSoC5/WaveDAC_1_VDAC8.c **** void WaveDAC_1_VDAC8_SetRange(uint8 range) 
ARM GAS  C:\Users\jthem\AppData\Local\Temp\ccnko5n7.s 			page 10


 229:.\Generated_Source\PSoC5/WaveDAC_1_VDAC8.c **** {
 286              		.loc 1 229 0
 287              		.cfi_startproc
 288              		@ args = 0, pretend = 0, frame = 8
 289              		@ frame_needed = 1, uses_anonymous_args = 0
 290 0000 80B5     		push	{r7, lr}
 291              		.cfi_def_cfa_offset 8
 292              		.cfi_offset 7, -8
 293              		.cfi_offset 14, -4
 294 0002 82B0     		sub	sp, sp, #8
 295              		.cfi_def_cfa_offset 16
 296 0004 00AF     		add	r7, sp, #0
 297              		.cfi_def_cfa_register 7
 298 0006 0346     		mov	r3, r0
 299 0008 FB71     		strb	r3, [r7, #7]
 230:.\Generated_Source\PSoC5/WaveDAC_1_VDAC8.c ****     WaveDAC_1_VDAC8_CR0 &= (uint8)(~WaveDAC_1_VDAC8_RANGE_MASK);      /* Clear existing mode */
 300              		.loc 1 230 0
 301 000a 0C4A     		ldr	r2, .L18
 302 000c 0B4B     		ldr	r3, .L18
 303 000e 1B78     		ldrb	r3, [r3]
 304 0010 DBB2     		uxtb	r3, r3
 305 0012 23F00C03 		bic	r3, r3, #12
 306 0016 DBB2     		uxtb	r3, r3
 307 0018 1370     		strb	r3, [r2]
 231:.\Generated_Source\PSoC5/WaveDAC_1_VDAC8.c ****     WaveDAC_1_VDAC8_CR0 |= (range & WaveDAC_1_VDAC8_RANGE_MASK);      /*  Set Range  */
 308              		.loc 1 231 0
 309 001a 0849     		ldr	r1, .L18
 310 001c 074B     		ldr	r3, .L18
 311 001e 1B78     		ldrb	r3, [r3]
 312 0020 DAB2     		uxtb	r2, r3
 313 0022 FB79     		ldrb	r3, [r7, #7]
 314 0024 03F00C03 		and	r3, r3, #12
 315 0028 DBB2     		uxtb	r3, r3
 316 002a 1343     		orrs	r3, r3, r2
 317 002c DBB2     		uxtb	r3, r3
 318 002e 0B70     		strb	r3, [r1]
 232:.\Generated_Source\PSoC5/WaveDAC_1_VDAC8.c ****     WaveDAC_1_VDAC8_DacTrim();
 319              		.loc 1 232 0
 320 0030 FFF7FEFF 		bl	WaveDAC_1_VDAC8_DacTrim
 233:.\Generated_Source\PSoC5/WaveDAC_1_VDAC8.c **** }
 321              		.loc 1 233 0
 322 0034 0837     		adds	r7, r7, #8
 323              		.cfi_def_cfa_offset 8
 324 0036 BD46     		mov	sp, r7
 325              		.cfi_def_cfa_register 13
 326              		@ sp needed
 327 0038 80BD     		pop	{r7, pc}
 328              	.L19:
 329 003a 00BF     		.align	2
 330              	.L18:
 331 003c 28580040 		.word	1073764392
 332              		.cfi_endproc
 333              	.LFE5:
 334              		.size	WaveDAC_1_VDAC8_SetRange, .-WaveDAC_1_VDAC8_SetRange
 335              		.section	.text.WaveDAC_1_VDAC8_SetValue,"ax",%progbits
 336              		.align	2
 337              		.global	WaveDAC_1_VDAC8_SetValue
ARM GAS  C:\Users\jthem\AppData\Local\Temp\ccnko5n7.s 			page 11


 338              		.thumb
 339              		.thumb_func
 340              		.type	WaveDAC_1_VDAC8_SetValue, %function
 341              	WaveDAC_1_VDAC8_SetValue:
 342              	.LFB6:
 234:.\Generated_Source\PSoC5/WaveDAC_1_VDAC8.c **** 
 235:.\Generated_Source\PSoC5/WaveDAC_1_VDAC8.c **** 
 236:.\Generated_Source\PSoC5/WaveDAC_1_VDAC8.c **** /*******************************************************************************
 237:.\Generated_Source\PSoC5/WaveDAC_1_VDAC8.c **** * Function Name: WaveDAC_1_VDAC8_SetValue
 238:.\Generated_Source\PSoC5/WaveDAC_1_VDAC8.c **** ********************************************************************************
 239:.\Generated_Source\PSoC5/WaveDAC_1_VDAC8.c **** *
 240:.\Generated_Source\PSoC5/WaveDAC_1_VDAC8.c **** * Summary:
 241:.\Generated_Source\PSoC5/WaveDAC_1_VDAC8.c **** *  Set 8-bit DAC value
 242:.\Generated_Source\PSoC5/WaveDAC_1_VDAC8.c **** *
 243:.\Generated_Source\PSoC5/WaveDAC_1_VDAC8.c **** * Parameters:  
 244:.\Generated_Source\PSoC5/WaveDAC_1_VDAC8.c **** *  value:  Sets DAC value between 0 and 255.
 245:.\Generated_Source\PSoC5/WaveDAC_1_VDAC8.c **** *
 246:.\Generated_Source\PSoC5/WaveDAC_1_VDAC8.c **** * Return: 
 247:.\Generated_Source\PSoC5/WaveDAC_1_VDAC8.c **** *  void 
 248:.\Generated_Source\PSoC5/WaveDAC_1_VDAC8.c **** *
 249:.\Generated_Source\PSoC5/WaveDAC_1_VDAC8.c **** * Theory: 
 250:.\Generated_Source\PSoC5/WaveDAC_1_VDAC8.c **** *
 251:.\Generated_Source\PSoC5/WaveDAC_1_VDAC8.c **** * Side Effects:
 252:.\Generated_Source\PSoC5/WaveDAC_1_VDAC8.c **** *
 253:.\Generated_Source\PSoC5/WaveDAC_1_VDAC8.c **** *******************************************************************************/
 254:.\Generated_Source\PSoC5/WaveDAC_1_VDAC8.c **** void WaveDAC_1_VDAC8_SetValue(uint8 value) 
 255:.\Generated_Source\PSoC5/WaveDAC_1_VDAC8.c **** {
 343              		.loc 1 255 0
 344              		.cfi_startproc
 345              		@ args = 0, pretend = 0, frame = 8
 346              		@ frame_needed = 1, uses_anonymous_args = 0
 347              		@ link register save eliminated.
 348 0000 80B4     		push	{r7}
 349              		.cfi_def_cfa_offset 4
 350              		.cfi_offset 7, -4
 351 0002 83B0     		sub	sp, sp, #12
 352              		.cfi_def_cfa_offset 16
 353 0004 00AF     		add	r7, sp, #0
 354              		.cfi_def_cfa_register 7
 355 0006 0346     		mov	r3, r0
 356 0008 FB71     		strb	r3, [r7, #7]
 256:.\Generated_Source\PSoC5/WaveDAC_1_VDAC8.c ****     #if (CY_PSOC5A)
 257:.\Generated_Source\PSoC5/WaveDAC_1_VDAC8.c ****         uint8 WaveDAC_1_VDAC8_intrStatus = CyEnterCriticalSection();
 258:.\Generated_Source\PSoC5/WaveDAC_1_VDAC8.c ****     #endif /* CY_PSOC5A */
 259:.\Generated_Source\PSoC5/WaveDAC_1_VDAC8.c **** 
 260:.\Generated_Source\PSoC5/WaveDAC_1_VDAC8.c ****     WaveDAC_1_VDAC8_Data = value;                /*  Set Value  */
 357              		.loc 1 260 0
 358 000a 044A     		ldr	r2, .L21
 359 000c FB79     		ldrb	r3, [r7, #7]
 360 000e 1370     		strb	r3, [r2]
 261:.\Generated_Source\PSoC5/WaveDAC_1_VDAC8.c **** 
 262:.\Generated_Source\PSoC5/WaveDAC_1_VDAC8.c ****     /* PSOC5A requires a double write */
 263:.\Generated_Source\PSoC5/WaveDAC_1_VDAC8.c ****     /* Exit Critical Section */
 264:.\Generated_Source\PSoC5/WaveDAC_1_VDAC8.c ****     #if (CY_PSOC5A)
 265:.\Generated_Source\PSoC5/WaveDAC_1_VDAC8.c ****         WaveDAC_1_VDAC8_Data = value;
 266:.\Generated_Source\PSoC5/WaveDAC_1_VDAC8.c ****         CyExitCriticalSection(WaveDAC_1_VDAC8_intrStatus);
 267:.\Generated_Source\PSoC5/WaveDAC_1_VDAC8.c ****     #endif /* CY_PSOC5A */
ARM GAS  C:\Users\jthem\AppData\Local\Temp\ccnko5n7.s 			page 12


 268:.\Generated_Source\PSoC5/WaveDAC_1_VDAC8.c **** }
 361              		.loc 1 268 0
 362 0010 0C37     		adds	r7, r7, #12
 363              		.cfi_def_cfa_offset 4
 364 0012 BD46     		mov	sp, r7
 365              		.cfi_def_cfa_register 13
 366              		@ sp needed
 367 0014 5DF8047B 		ldr	r7, [sp], #4
 368              		.cfi_restore 7
 369              		.cfi_def_cfa_offset 0
 370 0018 7047     		bx	lr
 371              	.L22:
 372 001a 00BF     		.align	2
 373              	.L21:
 374 001c 825B0040 		.word	1073765250
 375              		.cfi_endproc
 376              	.LFE6:
 377              		.size	WaveDAC_1_VDAC8_SetValue, .-WaveDAC_1_VDAC8_SetValue
 378              		.section	.text.WaveDAC_1_VDAC8_DacTrim,"ax",%progbits
 379              		.align	2
 380              		.global	WaveDAC_1_VDAC8_DacTrim
 381              		.thumb
 382              		.thumb_func
 383              		.type	WaveDAC_1_VDAC8_DacTrim, %function
 384              	WaveDAC_1_VDAC8_DacTrim:
 385              	.LFB7:
 269:.\Generated_Source\PSoC5/WaveDAC_1_VDAC8.c **** 
 270:.\Generated_Source\PSoC5/WaveDAC_1_VDAC8.c **** 
 271:.\Generated_Source\PSoC5/WaveDAC_1_VDAC8.c **** /*******************************************************************************
 272:.\Generated_Source\PSoC5/WaveDAC_1_VDAC8.c **** * Function Name: WaveDAC_1_VDAC8_DacTrim
 273:.\Generated_Source\PSoC5/WaveDAC_1_VDAC8.c **** ********************************************************************************
 274:.\Generated_Source\PSoC5/WaveDAC_1_VDAC8.c **** *
 275:.\Generated_Source\PSoC5/WaveDAC_1_VDAC8.c **** * Summary:
 276:.\Generated_Source\PSoC5/WaveDAC_1_VDAC8.c **** *  Set the trim value for the given range.
 277:.\Generated_Source\PSoC5/WaveDAC_1_VDAC8.c **** *
 278:.\Generated_Source\PSoC5/WaveDAC_1_VDAC8.c **** * Parameters:
 279:.\Generated_Source\PSoC5/WaveDAC_1_VDAC8.c **** *  range:  1V or 4V range.  See constants.
 280:.\Generated_Source\PSoC5/WaveDAC_1_VDAC8.c **** *
 281:.\Generated_Source\PSoC5/WaveDAC_1_VDAC8.c **** * Return:
 282:.\Generated_Source\PSoC5/WaveDAC_1_VDAC8.c **** *  void
 283:.\Generated_Source\PSoC5/WaveDAC_1_VDAC8.c **** *
 284:.\Generated_Source\PSoC5/WaveDAC_1_VDAC8.c **** * Theory: 
 285:.\Generated_Source\PSoC5/WaveDAC_1_VDAC8.c **** *
 286:.\Generated_Source\PSoC5/WaveDAC_1_VDAC8.c **** * Side Effects:
 287:.\Generated_Source\PSoC5/WaveDAC_1_VDAC8.c **** *
 288:.\Generated_Source\PSoC5/WaveDAC_1_VDAC8.c **** *******************************************************************************/
 289:.\Generated_Source\PSoC5/WaveDAC_1_VDAC8.c **** void WaveDAC_1_VDAC8_DacTrim(void) 
 290:.\Generated_Source\PSoC5/WaveDAC_1_VDAC8.c **** {
 386              		.loc 1 290 0
 387              		.cfi_startproc
 388              		@ args = 0, pretend = 0, frame = 8
 389              		@ frame_needed = 1, uses_anonymous_args = 0
 390              		@ link register save eliminated.
 391 0000 80B4     		push	{r7}
 392              		.cfi_def_cfa_offset 4
 393              		.cfi_offset 7, -4
 394 0002 83B0     		sub	sp, sp, #12
ARM GAS  C:\Users\jthem\AppData\Local\Temp\ccnko5n7.s 			page 13


 395              		.cfi_def_cfa_offset 16
 396 0004 00AF     		add	r7, sp, #0
 397              		.cfi_def_cfa_register 7
 291:.\Generated_Source\PSoC5/WaveDAC_1_VDAC8.c ****     uint8 mode;
 292:.\Generated_Source\PSoC5/WaveDAC_1_VDAC8.c **** 
 293:.\Generated_Source\PSoC5/WaveDAC_1_VDAC8.c ****     mode = (uint8)((WaveDAC_1_VDAC8_CR0 & WaveDAC_1_VDAC8_RANGE_MASK) >> 2) + WaveDAC_1_VDAC8_TRIM_
 398              		.loc 1 293 0
 399 0006 0B4B     		ldr	r3, .L24
 400 0008 1B78     		ldrb	r3, [r3]
 401 000a DBB2     		uxtb	r3, r3
 402 000c 03F00C03 		and	r3, r3, #12
 403 0010 9B08     		lsrs	r3, r3, #2
 404 0012 DBB2     		uxtb	r3, r3
 405 0014 0633     		adds	r3, r3, #6
 406 0016 FB71     		strb	r3, [r7, #7]
 294:.\Generated_Source\PSoC5/WaveDAC_1_VDAC8.c ****     WaveDAC_1_VDAC8_TR = CY_GET_XTND_REG8((uint8 *)(WaveDAC_1_VDAC8_DAC_TRIM_BASE + mode));
 407              		.loc 1 294 0
 408 0018 074A     		ldr	r2, .L24+4
 409 001a FB79     		ldrb	r3, [r7, #7]	@ zero_extendqisi2
 410 001c 03F19243 		add	r3, r3, #1224736768
 411 0020 03F59473 		add	r3, r3, #296
 412 0024 1B78     		ldrb	r3, [r3]
 413 0026 DBB2     		uxtb	r3, r3
 414 0028 1370     		strb	r3, [r2]
 295:.\Generated_Source\PSoC5/WaveDAC_1_VDAC8.c **** }
 415              		.loc 1 295 0
 416 002a 0C37     		adds	r7, r7, #12
 417              		.cfi_def_cfa_offset 4
 418 002c BD46     		mov	sp, r7
 419              		.cfi_def_cfa_register 13
 420              		@ sp needed
 421 002e 5DF8047B 		ldr	r7, [sp], #4
 422              		.cfi_restore 7
 423              		.cfi_def_cfa_offset 0
 424 0032 7047     		bx	lr
 425              	.L25:
 426              		.align	2
 427              	.L24:
 428 0034 28580040 		.word	1073764392
 429 0038 0A460040 		.word	1073759754
 430              		.cfi_endproc
 431              	.LFE7:
 432              		.size	WaveDAC_1_VDAC8_DacTrim, .-WaveDAC_1_VDAC8_DacTrim
 433              		.text
 434              	.Letext0:
 435              		.file 2 ".\\Generated_Source\\PSoC5\\cytypes.h"
 436              		.section	.debug_info,"",%progbits
 437              	.Ldebug_info0:
 438 0000 81010000 		.4byte	0x181
 439 0004 0400     		.2byte	0x4
 440 0006 00000000 		.4byte	.Ldebug_abbrev0
 441 000a 04       		.byte	0x4
 442 000b 01       		.uleb128 0x1
 443 000c 06000000 		.4byte	.LASF25
 444 0010 01       		.byte	0x1
 445 0011 3E010000 		.4byte	.LASF26
 446 0015 C2010000 		.4byte	.LASF27
ARM GAS  C:\Users\jthem\AppData\Local\Temp\ccnko5n7.s 			page 14


 447 0019 00000000 		.4byte	.Ldebug_ranges0+0
 448 001d 00000000 		.4byte	0
 449 0021 00000000 		.4byte	.Ldebug_line0
 450 0025 02       		.uleb128 0x2
 451 0026 01       		.byte	0x1
 452 0027 06       		.byte	0x6
 453 0028 38020000 		.4byte	.LASF0
 454 002c 02       		.uleb128 0x2
 455 002d 01       		.byte	0x1
 456 002e 08       		.byte	0x8
 457 002f C8000000 		.4byte	.LASF1
 458 0033 02       		.uleb128 0x2
 459 0034 02       		.byte	0x2
 460 0035 05       		.byte	0x5
 461 0036 09020000 		.4byte	.LASF2
 462 003a 02       		.uleb128 0x2
 463 003b 02       		.byte	0x2
 464 003c 07       		.byte	0x7
 465 003d ED000000 		.4byte	.LASF3
 466 0041 02       		.uleb128 0x2
 467 0042 04       		.byte	0x4
 468 0043 05       		.byte	0x5
 469 0044 19020000 		.4byte	.LASF4
 470 0048 02       		.uleb128 0x2
 471 0049 04       		.byte	0x4
 472 004a 07       		.byte	0x7
 473 004b DB000000 		.4byte	.LASF5
 474 004f 02       		.uleb128 0x2
 475 0050 08       		.byte	0x8
 476 0051 05       		.byte	0x5
 477 0052 AF010000 		.4byte	.LASF6
 478 0056 02       		.uleb128 0x2
 479 0057 08       		.byte	0x8
 480 0058 07       		.byte	0x7
 481 0059 76010000 		.4byte	.LASF7
 482 005d 03       		.uleb128 0x3
 483 005e 04       		.byte	0x4
 484 005f 05       		.byte	0x5
 485 0060 696E7400 		.ascii	"int\000"
 486 0064 02       		.uleb128 0x2
 487 0065 04       		.byte	0x4
 488 0066 07       		.byte	0x7
 489 0067 69010000 		.4byte	.LASF8
 490 006b 04       		.uleb128 0x4
 491 006c 13020000 		.4byte	.LASF12
 492 0070 02       		.byte	0x2
 493 0071 3801     		.2byte	0x138
 494 0073 2C000000 		.4byte	0x2c
 495 0077 02       		.uleb128 0x2
 496 0078 04       		.byte	0x4
 497 0079 04       		.byte	0x4
 498 007a 94000000 		.4byte	.LASF9
 499 007e 02       		.uleb128 0x2
 500 007f 08       		.byte	0x8
 501 0080 04       		.byte	0x4
 502 0081 06010000 		.4byte	.LASF10
 503 0085 02       		.uleb128 0x2
ARM GAS  C:\Users\jthem\AppData\Local\Temp\ccnko5n7.s 			page 15


 504 0086 01       		.byte	0x1
 505 0087 08       		.byte	0x8
 506 0088 BD010000 		.4byte	.LASF11
 507 008c 04       		.uleb128 0x4
 508 008d D6000000 		.4byte	.LASF13
 509 0091 02       		.byte	0x2
 510 0092 E201     		.2byte	0x1e2
 511 0094 98000000 		.4byte	0x98
 512 0098 05       		.uleb128 0x5
 513 0099 6B000000 		.4byte	0x6b
 514 009d 06       		.uleb128 0x6
 515 009e 75020000 		.4byte	.LASF14
 516 00a2 01       		.byte	0x1
 517 00a3 37       		.byte	0x37
 518 00a4 00000000 		.4byte	.LFB0
 519 00a8 3C000000 		.4byte	.LFE0-.LFB0
 520 00ac 01       		.uleb128 0x1
 521 00ad 9C       		.byte	0x9c
 522 00ae 07       		.uleb128 0x7
 523 00af 92010000 		.4byte	.LASF15
 524 00b3 01       		.byte	0x1
 525 00b4 60       		.byte	0x60
 526 00b5 00000000 		.4byte	.LFB1
 527 00b9 34000000 		.4byte	.LFE1-.LFB1
 528 00bd 01       		.uleb128 0x1
 529 00be 9C       		.byte	0x9c
 530 00bf 06       		.uleb128 0x6
 531 00c0 22020000 		.4byte	.LASF16
 532 00c4 01       		.byte	0x1
 533 00c5 85       		.byte	0x85
 534 00c6 00000000 		.4byte	.LFB2
 535 00ca 28000000 		.4byte	.LFE2-.LFB2
 536 00ce 01       		.uleb128 0x1
 537 00cf 9C       		.byte	0x9c
 538 00d0 07       		.uleb128 0x7
 539 00d1 B3000000 		.4byte	.LASF17
 540 00d5 01       		.byte	0x1
 541 00d6 A8       		.byte	0xa8
 542 00d7 00000000 		.4byte	.LFB3
 543 00db 34000000 		.4byte	.LFE3-.LFB3
 544 00df 01       		.uleb128 0x1
 545 00e0 9C       		.byte	0x9c
 546 00e1 08       		.uleb128 0x8
 547 00e2 25010000 		.4byte	.LASF18
 548 00e6 01       		.byte	0x1
 549 00e7 CA       		.byte	0xca
 550 00e8 00000000 		.4byte	.LFB4
 551 00ec 40000000 		.4byte	.LFE4-.LFB4
 552 00f0 01       		.uleb128 0x1
 553 00f1 9C       		.byte	0x9c
 554 00f2 05010000 		.4byte	0x105
 555 00f6 09       		.uleb128 0x9
 556 00f7 A9010000 		.4byte	.LASF20
 557 00fb 01       		.byte	0x1
 558 00fc CA       		.byte	0xca
 559 00fd 6B000000 		.4byte	0x6b
 560 0101 02       		.uleb128 0x2
ARM GAS  C:\Users\jthem\AppData\Local\Temp\ccnko5n7.s 			page 16


 561 0102 91       		.byte	0x91
 562 0103 77       		.sleb128 -9
 563 0104 00       		.byte	0
 564 0105 0A       		.uleb128 0xa
 565 0106 9A000000 		.4byte	.LASF19
 566 010a 01       		.byte	0x1
 567 010b E4       		.byte	0xe4
 568 010c 00000000 		.4byte	.LFB5
 569 0110 40000000 		.4byte	.LFE5-.LFB5
 570 0114 01       		.uleb128 0x1
 571 0115 9C       		.byte	0x9c
 572 0116 29010000 		.4byte	0x129
 573 011a 09       		.uleb128 0x9
 574 011b 00010000 		.4byte	.LASF21
 575 011f 01       		.byte	0x1
 576 0120 E4       		.byte	0xe4
 577 0121 6B000000 		.4byte	0x6b
 578 0125 02       		.uleb128 0x2
 579 0126 91       		.byte	0x91
 580 0127 77       		.sleb128 -9
 581 0128 00       		.byte	0
 582 0129 08       		.uleb128 0x8
 583 012a 5C020000 		.4byte	.LASF22
 584 012e 01       		.byte	0x1
 585 012f FE       		.byte	0xfe
 586 0130 00000000 		.4byte	.LFB6
 587 0134 20000000 		.4byte	.LFE6-.LFB6
 588 0138 01       		.uleb128 0x1
 589 0139 9C       		.byte	0x9c
 590 013a 4D010000 		.4byte	0x14d
 591 013e 09       		.uleb128 0x9
 592 013f 00000000 		.4byte	.LASF23
 593 0143 01       		.byte	0x1
 594 0144 FE       		.byte	0xfe
 595 0145 6B000000 		.4byte	0x6b
 596 0149 02       		.uleb128 0x2
 597 014a 91       		.byte	0x91
 598 014b 77       		.sleb128 -9
 599 014c 00       		.byte	0
 600 014d 0B       		.uleb128 0xb
 601 014e 44020000 		.4byte	.LASF24
 602 0152 01       		.byte	0x1
 603 0153 2101     		.2byte	0x121
 604 0155 00000000 		.4byte	.LFB7
 605 0159 3C000000 		.4byte	.LFE7-.LFB7
 606 015d 01       		.uleb128 0x1
 607 015e 9C       		.byte	0x9c
 608 015f 73010000 		.4byte	0x173
 609 0163 0C       		.uleb128 0xc
 610 0164 8D010000 		.4byte	.LASF28
 611 0168 01       		.byte	0x1
 612 0169 2301     		.2byte	0x123
 613 016b 6B000000 		.4byte	0x6b
 614 016f 02       		.uleb128 0x2
 615 0170 91       		.byte	0x91
 616 0171 77       		.sleb128 -9
 617 0172 00       		.byte	0
ARM GAS  C:\Users\jthem\AppData\Local\Temp\ccnko5n7.s 			page 17


 618 0173 0D       		.uleb128 0xd
 619 0174 0D010000 		.4byte	.LASF29
 620 0178 01       		.byte	0x1
 621 0179 1B       		.byte	0x1b
 622 017a 6B000000 		.4byte	0x6b
 623 017e 05       		.uleb128 0x5
 624 017f 03       		.byte	0x3
 625 0180 00000000 		.4byte	WaveDAC_1_VDAC8_initVar
 626 0184 00       		.byte	0
 627              		.section	.debug_abbrev,"",%progbits
 628              	.Ldebug_abbrev0:
 629 0000 01       		.uleb128 0x1
 630 0001 11       		.uleb128 0x11
 631 0002 01       		.byte	0x1
 632 0003 25       		.uleb128 0x25
 633 0004 0E       		.uleb128 0xe
 634 0005 13       		.uleb128 0x13
 635 0006 0B       		.uleb128 0xb
 636 0007 03       		.uleb128 0x3
 637 0008 0E       		.uleb128 0xe
 638 0009 1B       		.uleb128 0x1b
 639 000a 0E       		.uleb128 0xe
 640 000b 55       		.uleb128 0x55
 641 000c 17       		.uleb128 0x17
 642 000d 11       		.uleb128 0x11
 643 000e 01       		.uleb128 0x1
 644 000f 10       		.uleb128 0x10
 645 0010 17       		.uleb128 0x17
 646 0011 00       		.byte	0
 647 0012 00       		.byte	0
 648 0013 02       		.uleb128 0x2
 649 0014 24       		.uleb128 0x24
 650 0015 00       		.byte	0
 651 0016 0B       		.uleb128 0xb
 652 0017 0B       		.uleb128 0xb
 653 0018 3E       		.uleb128 0x3e
 654 0019 0B       		.uleb128 0xb
 655 001a 03       		.uleb128 0x3
 656 001b 0E       		.uleb128 0xe
 657 001c 00       		.byte	0
 658 001d 00       		.byte	0
 659 001e 03       		.uleb128 0x3
 660 001f 24       		.uleb128 0x24
 661 0020 00       		.byte	0
 662 0021 0B       		.uleb128 0xb
 663 0022 0B       		.uleb128 0xb
 664 0023 3E       		.uleb128 0x3e
 665 0024 0B       		.uleb128 0xb
 666 0025 03       		.uleb128 0x3
 667 0026 08       		.uleb128 0x8
 668 0027 00       		.byte	0
 669 0028 00       		.byte	0
 670 0029 04       		.uleb128 0x4
 671 002a 16       		.uleb128 0x16
 672 002b 00       		.byte	0
 673 002c 03       		.uleb128 0x3
 674 002d 0E       		.uleb128 0xe
ARM GAS  C:\Users\jthem\AppData\Local\Temp\ccnko5n7.s 			page 18


 675 002e 3A       		.uleb128 0x3a
 676 002f 0B       		.uleb128 0xb
 677 0030 3B       		.uleb128 0x3b
 678 0031 05       		.uleb128 0x5
 679 0032 49       		.uleb128 0x49
 680 0033 13       		.uleb128 0x13
 681 0034 00       		.byte	0
 682 0035 00       		.byte	0
 683 0036 05       		.uleb128 0x5
 684 0037 35       		.uleb128 0x35
 685 0038 00       		.byte	0
 686 0039 49       		.uleb128 0x49
 687 003a 13       		.uleb128 0x13
 688 003b 00       		.byte	0
 689 003c 00       		.byte	0
 690 003d 06       		.uleb128 0x6
 691 003e 2E       		.uleb128 0x2e
 692 003f 00       		.byte	0
 693 0040 3F       		.uleb128 0x3f
 694 0041 19       		.uleb128 0x19
 695 0042 03       		.uleb128 0x3
 696 0043 0E       		.uleb128 0xe
 697 0044 3A       		.uleb128 0x3a
 698 0045 0B       		.uleb128 0xb
 699 0046 3B       		.uleb128 0x3b
 700 0047 0B       		.uleb128 0xb
 701 0048 27       		.uleb128 0x27
 702 0049 19       		.uleb128 0x19
 703 004a 11       		.uleb128 0x11
 704 004b 01       		.uleb128 0x1
 705 004c 12       		.uleb128 0x12
 706 004d 06       		.uleb128 0x6
 707 004e 40       		.uleb128 0x40
 708 004f 18       		.uleb128 0x18
 709 0050 9642     		.uleb128 0x2116
 710 0052 19       		.uleb128 0x19
 711 0053 00       		.byte	0
 712 0054 00       		.byte	0
 713 0055 07       		.uleb128 0x7
 714 0056 2E       		.uleb128 0x2e
 715 0057 00       		.byte	0
 716 0058 3F       		.uleb128 0x3f
 717 0059 19       		.uleb128 0x19
 718 005a 03       		.uleb128 0x3
 719 005b 0E       		.uleb128 0xe
 720 005c 3A       		.uleb128 0x3a
 721 005d 0B       		.uleb128 0xb
 722 005e 3B       		.uleb128 0x3b
 723 005f 0B       		.uleb128 0xb
 724 0060 27       		.uleb128 0x27
 725 0061 19       		.uleb128 0x19
 726 0062 11       		.uleb128 0x11
 727 0063 01       		.uleb128 0x1
 728 0064 12       		.uleb128 0x12
 729 0065 06       		.uleb128 0x6
 730 0066 40       		.uleb128 0x40
 731 0067 18       		.uleb128 0x18
ARM GAS  C:\Users\jthem\AppData\Local\Temp\ccnko5n7.s 			page 19


 732 0068 9742     		.uleb128 0x2117
 733 006a 19       		.uleb128 0x19
 734 006b 00       		.byte	0
 735 006c 00       		.byte	0
 736 006d 08       		.uleb128 0x8
 737 006e 2E       		.uleb128 0x2e
 738 006f 01       		.byte	0x1
 739 0070 3F       		.uleb128 0x3f
 740 0071 19       		.uleb128 0x19
 741 0072 03       		.uleb128 0x3
 742 0073 0E       		.uleb128 0xe
 743 0074 3A       		.uleb128 0x3a
 744 0075 0B       		.uleb128 0xb
 745 0076 3B       		.uleb128 0x3b
 746 0077 0B       		.uleb128 0xb
 747 0078 27       		.uleb128 0x27
 748 0079 19       		.uleb128 0x19
 749 007a 11       		.uleb128 0x11
 750 007b 01       		.uleb128 0x1
 751 007c 12       		.uleb128 0x12
 752 007d 06       		.uleb128 0x6
 753 007e 40       		.uleb128 0x40
 754 007f 18       		.uleb128 0x18
 755 0080 9742     		.uleb128 0x2117
 756 0082 19       		.uleb128 0x19
 757 0083 01       		.uleb128 0x1
 758 0084 13       		.uleb128 0x13
 759 0085 00       		.byte	0
 760 0086 00       		.byte	0
 761 0087 09       		.uleb128 0x9
 762 0088 05       		.uleb128 0x5
 763 0089 00       		.byte	0
 764 008a 03       		.uleb128 0x3
 765 008b 0E       		.uleb128 0xe
 766 008c 3A       		.uleb128 0x3a
 767 008d 0B       		.uleb128 0xb
 768 008e 3B       		.uleb128 0x3b
 769 008f 0B       		.uleb128 0xb
 770 0090 49       		.uleb128 0x49
 771 0091 13       		.uleb128 0x13
 772 0092 02       		.uleb128 0x2
 773 0093 18       		.uleb128 0x18
 774 0094 00       		.byte	0
 775 0095 00       		.byte	0
 776 0096 0A       		.uleb128 0xa
 777 0097 2E       		.uleb128 0x2e
 778 0098 01       		.byte	0x1
 779 0099 3F       		.uleb128 0x3f
 780 009a 19       		.uleb128 0x19
 781 009b 03       		.uleb128 0x3
 782 009c 0E       		.uleb128 0xe
 783 009d 3A       		.uleb128 0x3a
 784 009e 0B       		.uleb128 0xb
 785 009f 3B       		.uleb128 0x3b
 786 00a0 0B       		.uleb128 0xb
 787 00a1 27       		.uleb128 0x27
 788 00a2 19       		.uleb128 0x19
ARM GAS  C:\Users\jthem\AppData\Local\Temp\ccnko5n7.s 			page 20


 789 00a3 11       		.uleb128 0x11
 790 00a4 01       		.uleb128 0x1
 791 00a5 12       		.uleb128 0x12
 792 00a6 06       		.uleb128 0x6
 793 00a7 40       		.uleb128 0x40
 794 00a8 18       		.uleb128 0x18
 795 00a9 9642     		.uleb128 0x2116
 796 00ab 19       		.uleb128 0x19
 797 00ac 01       		.uleb128 0x1
 798 00ad 13       		.uleb128 0x13
 799 00ae 00       		.byte	0
 800 00af 00       		.byte	0
 801 00b0 0B       		.uleb128 0xb
 802 00b1 2E       		.uleb128 0x2e
 803 00b2 01       		.byte	0x1
 804 00b3 3F       		.uleb128 0x3f
 805 00b4 19       		.uleb128 0x19
 806 00b5 03       		.uleb128 0x3
 807 00b6 0E       		.uleb128 0xe
 808 00b7 3A       		.uleb128 0x3a
 809 00b8 0B       		.uleb128 0xb
 810 00b9 3B       		.uleb128 0x3b
 811 00ba 05       		.uleb128 0x5
 812 00bb 27       		.uleb128 0x27
 813 00bc 19       		.uleb128 0x19
 814 00bd 11       		.uleb128 0x11
 815 00be 01       		.uleb128 0x1
 816 00bf 12       		.uleb128 0x12
 817 00c0 06       		.uleb128 0x6
 818 00c1 40       		.uleb128 0x40
 819 00c2 18       		.uleb128 0x18
 820 00c3 9742     		.uleb128 0x2117
 821 00c5 19       		.uleb128 0x19
 822 00c6 01       		.uleb128 0x1
 823 00c7 13       		.uleb128 0x13
 824 00c8 00       		.byte	0
 825 00c9 00       		.byte	0
 826 00ca 0C       		.uleb128 0xc
 827 00cb 34       		.uleb128 0x34
 828 00cc 00       		.byte	0
 829 00cd 03       		.uleb128 0x3
 830 00ce 0E       		.uleb128 0xe
 831 00cf 3A       		.uleb128 0x3a
 832 00d0 0B       		.uleb128 0xb
 833 00d1 3B       		.uleb128 0x3b
 834 00d2 05       		.uleb128 0x5
 835 00d3 49       		.uleb128 0x49
 836 00d4 13       		.uleb128 0x13
 837 00d5 02       		.uleb128 0x2
 838 00d6 18       		.uleb128 0x18
 839 00d7 00       		.byte	0
 840 00d8 00       		.byte	0
 841 00d9 0D       		.uleb128 0xd
 842 00da 34       		.uleb128 0x34
 843 00db 00       		.byte	0
 844 00dc 03       		.uleb128 0x3
 845 00dd 0E       		.uleb128 0xe
ARM GAS  C:\Users\jthem\AppData\Local\Temp\ccnko5n7.s 			page 21


 846 00de 3A       		.uleb128 0x3a
 847 00df 0B       		.uleb128 0xb
 848 00e0 3B       		.uleb128 0x3b
 849 00e1 0B       		.uleb128 0xb
 850 00e2 49       		.uleb128 0x49
 851 00e3 13       		.uleb128 0x13
 852 00e4 3F       		.uleb128 0x3f
 853 00e5 19       		.uleb128 0x19
 854 00e6 02       		.uleb128 0x2
 855 00e7 18       		.uleb128 0x18
 856 00e8 00       		.byte	0
 857 00e9 00       		.byte	0
 858 00ea 00       		.byte	0
 859              		.section	.debug_aranges,"",%progbits
 860 0000 54000000 		.4byte	0x54
 861 0004 0200     		.2byte	0x2
 862 0006 00000000 		.4byte	.Ldebug_info0
 863 000a 04       		.byte	0x4
 864 000b 00       		.byte	0
 865 000c 0000     		.2byte	0
 866 000e 0000     		.2byte	0
 867 0010 00000000 		.4byte	.LFB0
 868 0014 3C000000 		.4byte	.LFE0-.LFB0
 869 0018 00000000 		.4byte	.LFB1
 870 001c 34000000 		.4byte	.LFE1-.LFB1
 871 0020 00000000 		.4byte	.LFB2
 872 0024 28000000 		.4byte	.LFE2-.LFB2
 873 0028 00000000 		.4byte	.LFB3
 874 002c 34000000 		.4byte	.LFE3-.LFB3
 875 0030 00000000 		.4byte	.LFB4
 876 0034 40000000 		.4byte	.LFE4-.LFB4
 877 0038 00000000 		.4byte	.LFB5
 878 003c 40000000 		.4byte	.LFE5-.LFB5
 879 0040 00000000 		.4byte	.LFB6
 880 0044 20000000 		.4byte	.LFE6-.LFB6
 881 0048 00000000 		.4byte	.LFB7
 882 004c 3C000000 		.4byte	.LFE7-.LFB7
 883 0050 00000000 		.4byte	0
 884 0054 00000000 		.4byte	0
 885              		.section	.debug_ranges,"",%progbits
 886              	.Ldebug_ranges0:
 887 0000 00000000 		.4byte	.LFB0
 888 0004 3C000000 		.4byte	.LFE0
 889 0008 00000000 		.4byte	.LFB1
 890 000c 34000000 		.4byte	.LFE1
 891 0010 00000000 		.4byte	.LFB2
 892 0014 28000000 		.4byte	.LFE2
 893 0018 00000000 		.4byte	.LFB3
 894 001c 34000000 		.4byte	.LFE3
 895 0020 00000000 		.4byte	.LFB4
 896 0024 40000000 		.4byte	.LFE4
 897 0028 00000000 		.4byte	.LFB5
 898 002c 40000000 		.4byte	.LFE5
 899 0030 00000000 		.4byte	.LFB6
 900 0034 20000000 		.4byte	.LFE6
 901 0038 00000000 		.4byte	.LFB7
 902 003c 3C000000 		.4byte	.LFE7
ARM GAS  C:\Users\jthem\AppData\Local\Temp\ccnko5n7.s 			page 22


 903 0040 00000000 		.4byte	0
 904 0044 00000000 		.4byte	0
 905              		.section	.debug_line,"",%progbits
 906              	.Ldebug_line0:
 907 0000 F5000000 		.section	.debug_str,"MS",%progbits,1
 907      02004E00 
 907      00000201 
 907      FB0E0D00 
 907      01010101 
 908              	.LASF23:
 909 0000 76616C75 		.ascii	"value\000"
 909      6500
 910              	.LASF25:
 911 0006 474E5520 		.ascii	"GNU C 4.9.3 20150303 (release) [ARM/embedded-4_9-br"
 911      4320342E 
 911      392E3320 
 911      32303135 
 911      30333033 
 912 0039 616E6368 		.ascii	"anch revision 221220] -mcpu=cortex-m3 -mthumb -g -O"
 912      20726576 
 912      6973696F 
 912      6E203232 
 912      31323230 
 913 006c 30202D66 		.ascii	"0 -ffunction-sections -ffat-lto-objects\000"
 913      66756E63 
 913      74696F6E 
 913      2D736563 
 913      74696F6E 
 914              	.LASF9:
 915 0094 666C6F61 		.ascii	"float\000"
 915      7400
 916              	.LASF19:
 917 009a 57617665 		.ascii	"WaveDAC_1_VDAC8_SetRange\000"
 917      4441435F 
 917      315F5644 
 917      4143385F 
 917      53657452 
 918              	.LASF17:
 919 00b3 57617665 		.ascii	"WaveDAC_1_VDAC8_Stop\000"
 919      4441435F 
 919      315F5644 
 919      4143385F 
 919      53746F70 
 920              	.LASF1:
 921 00c8 756E7369 		.ascii	"unsigned char\000"
 921      676E6564 
 921      20636861 
 921      7200
 922              	.LASF13:
 923 00d6 72656738 		.ascii	"reg8\000"
 923      00
 924              	.LASF5:
 925 00db 6C6F6E67 		.ascii	"long unsigned int\000"
 925      20756E73 
 925      69676E65 
 925      6420696E 
 925      7400
ARM GAS  C:\Users\jthem\AppData\Local\Temp\ccnko5n7.s 			page 23


 926              	.LASF3:
 927 00ed 73686F72 		.ascii	"short unsigned int\000"
 927      7420756E 
 927      7369676E 
 927      65642069 
 927      6E7400
 928              	.LASF21:
 929 0100 72616E67 		.ascii	"range\000"
 929      6500
 930              	.LASF10:
 931 0106 646F7562 		.ascii	"double\000"
 931      6C6500
 932              	.LASF29:
 933 010d 57617665 		.ascii	"WaveDAC_1_VDAC8_initVar\000"
 933      4441435F 
 933      315F5644 
 933      4143385F 
 933      696E6974 
 934              	.LASF18:
 935 0125 57617665 		.ascii	"WaveDAC_1_VDAC8_SetSpeed\000"
 935      4441435F 
 935      315F5644 
 935      4143385F 
 935      53657453 
 936              	.LASF26:
 937 013e 2E5C4765 		.ascii	".\\Generated_Source\\PSoC5\\WaveDAC_1_VDAC8.c\000"
 937      6E657261 
 937      7465645F 
 937      536F7572 
 937      63655C50 
 938              	.LASF8:
 939 0169 756E7369 		.ascii	"unsigned int\000"
 939      676E6564 
 939      20696E74 
 939      00
 940              	.LASF7:
 941 0176 6C6F6E67 		.ascii	"long long unsigned int\000"
 941      206C6F6E 
 941      6720756E 
 941      7369676E 
 941      65642069 
 942              	.LASF28:
 943 018d 6D6F6465 		.ascii	"mode\000"
 943      00
 944              	.LASF15:
 945 0192 57617665 		.ascii	"WaveDAC_1_VDAC8_Enable\000"
 945      4441435F 
 945      315F5644 
 945      4143385F 
 945      456E6162 
 946              	.LASF20:
 947 01a9 73706565 		.ascii	"speed\000"
 947      6400
 948              	.LASF6:
 949 01af 6C6F6E67 		.ascii	"long long int\000"
 949      206C6F6E 
 949      6720696E 
ARM GAS  C:\Users\jthem\AppData\Local\Temp\ccnko5n7.s 			page 24


 949      7400
 950              	.LASF11:
 951 01bd 63686172 		.ascii	"char\000"
 951      00
 952              	.LASF27:
 953 01c2 433A5C55 		.ascii	"C:\\Users\\jthem\\Documents\\PSoC Creator\\PWMExamp"
 953      73657273 
 953      5C6A7468 
 953      656D5C44 
 953      6F63756D 
 954 01f0 6C653031 		.ascii	"le01\\EasyBoard_5LP.cydsn\000"
 954      5C456173 
 954      79426F61 
 954      72645F35 
 954      4C502E63 
 955              	.LASF2:
 956 0209 73686F72 		.ascii	"short int\000"
 956      7420696E 
 956      7400
 957              	.LASF12:
 958 0213 75696E74 		.ascii	"uint8\000"
 958      3800
 959              	.LASF4:
 960 0219 6C6F6E67 		.ascii	"long int\000"
 960      20696E74 
 960      00
 961              	.LASF16:
 962 0222 57617665 		.ascii	"WaveDAC_1_VDAC8_Start\000"
 962      4441435F 
 962      315F5644 
 962      4143385F 
 962      53746172 
 963              	.LASF0:
 964 0238 7369676E 		.ascii	"signed char\000"
 964      65642063 
 964      68617200 
 965              	.LASF24:
 966 0244 57617665 		.ascii	"WaveDAC_1_VDAC8_DacTrim\000"
 966      4441435F 
 966      315F5644 
 966      4143385F 
 966      44616354 
 967              	.LASF22:
 968 025c 57617665 		.ascii	"WaveDAC_1_VDAC8_SetValue\000"
 968      4441435F 
 968      315F5644 
 968      4143385F 
 968      53657456 
 969              	.LASF14:
 970 0275 57617665 		.ascii	"WaveDAC_1_VDAC8_Init\000"
 970      4441435F 
 970      315F5644 
 970      4143385F 
 970      496E6974 
 971              		.ident	"GCC: (GNU Tools for ARM Embedded Processors) 4.9.3 20150303 (release) [ARM/embedded-4_9-br
