ARM GAS  C:\Users\jthem\AppData\Local\Temp\ccxgQVsz.s 			page 1


   1              		.syntax unified
   2              		.cpu cortex-m3
   3              		.fpu softvfp
   4              		.eabi_attribute 20, 1
   5              		.eabi_attribute 21, 1
   6              		.eabi_attribute 23, 3
   7              		.eabi_attribute 24, 1
   8              		.eabi_attribute 25, 1
   9              		.eabi_attribute 26, 1
  10              		.eabi_attribute 30, 6
  11              		.eabi_attribute 34, 1
  12              		.eabi_attribute 18, 4
  13              		.thumb
  14              		.file	"WaveDAC_1.c"
  15              		.text
  16              	.Ltext0:
  17              		.cfi_sections	.debug_frame
  18              		.global	WaveDAC_1_initVar
  19              		.bss
  20              		.type	WaveDAC_1_initVar, %object
  21              		.size	WaveDAC_1_initVar, 1
  22              	WaveDAC_1_initVar:
  23 0000 00       		.space	1
  24              		.global	WaveDAC_1_wave1
  25              		.section	.rodata
  26              		.align	2
  27              		.type	WaveDAC_1_wave1, %object
  28              		.size	WaveDAC_1_wave1, 100
  29              	WaveDAC_1_wave1:
  30 0000 80       		.byte	-128
  31 0001 87       		.byte	-121
  32 0002 8F       		.byte	-113
  33 0003 97       		.byte	-105
  34 0004 9F       		.byte	-97
  35 0005 A6       		.byte	-90
  36 0006 AE       		.byte	-82
  37 0007 B5       		.byte	-75
  38 0008 BC       		.byte	-68
  39 0009 C2       		.byte	-62
  40 000a C9       		.byte	-55
  41 000b CF       		.byte	-49
  42 000c D5       		.byte	-43
  43 000d DB       		.byte	-37
  44 000e E0       		.byte	-32
  45 000f E5       		.byte	-27
  46 0010 E9       		.byte	-23
  47 0011 ED       		.byte	-19
  48 0012 F1       		.byte	-15
  49 0013 F4       		.byte	-12
  50 0014 F6       		.byte	-10
  51 0015 F9       		.byte	-7
  52 0016 FA       		.byte	-6
  53 0017 FC       		.byte	-4
  54 0018 FC       		.byte	-4
  55 0019 FC       		.byte	-4
  56 001a FC       		.byte	-4
  57 001b FC       		.byte	-4
ARM GAS  C:\Users\jthem\AppData\Local\Temp\ccxgQVsz.s 			page 2


  58 001c FA       		.byte	-6
  59 001d F9       		.byte	-7
  60 001e F6       		.byte	-10
  61 001f F4       		.byte	-12
  62 0020 F1       		.byte	-15
  63 0021 ED       		.byte	-19
  64 0022 E9       		.byte	-23
  65 0023 E5       		.byte	-27
  66 0024 E0       		.byte	-32
  67 0025 DB       		.byte	-37
  68 0026 D5       		.byte	-43
  69 0027 CF       		.byte	-49
  70 0028 C9       		.byte	-55
  71 0029 C2       		.byte	-62
  72 002a BC       		.byte	-68
  73 002b B5       		.byte	-75
  74 002c AE       		.byte	-82
  75 002d A6       		.byte	-90
  76 002e 9F       		.byte	-97
  77 002f 97       		.byte	-105
  78 0030 8F       		.byte	-113
  79 0031 87       		.byte	-121
  80 0032 80       		.byte	-128
  81 0033 78       		.byte	120
  82 0034 70       		.byte	112
  83 0035 68       		.byte	104
  84 0036 60       		.byte	96
  85 0037 59       		.byte	89
  86 0038 51       		.byte	81
  87 0039 4A       		.byte	74
  88 003a 43       		.byte	67
  89 003b 3D       		.byte	61
  90 003c 36       		.byte	54
  91 003d 30       		.byte	48
  92 003e 2A       		.byte	42
  93 003f 24       		.byte	36
  94 0040 1F       		.byte	31
  95 0041 1A       		.byte	26
  96 0042 16       		.byte	22
  97 0043 12       		.byte	18
  98 0044 0E       		.byte	14
  99 0045 0B       		.byte	11
 100 0046 09       		.byte	9
 101 0047 06       		.byte	6
 102 0048 05       		.byte	5
 103 0049 03       		.byte	3
 104 004a 03       		.byte	3
 105 004b 03       		.byte	3
 106 004c 03       		.byte	3
 107 004d 03       		.byte	3
 108 004e 05       		.byte	5
 109 004f 06       		.byte	6
 110 0050 09       		.byte	9
 111 0051 0B       		.byte	11
 112 0052 0E       		.byte	14
 113 0053 12       		.byte	18
 114 0054 16       		.byte	22
ARM GAS  C:\Users\jthem\AppData\Local\Temp\ccxgQVsz.s 			page 3


 115 0055 1A       		.byte	26
 116 0056 1F       		.byte	31
 117 0057 24       		.byte	36
 118 0058 2A       		.byte	42
 119 0059 30       		.byte	48
 120 005a 36       		.byte	54
 121 005b 3D       		.byte	61
 122 005c 43       		.byte	67
 123 005d 4A       		.byte	74
 124 005e 51       		.byte	81
 125 005f 59       		.byte	89
 126 0060 60       		.byte	96
 127 0061 68       		.byte	104
 128 0062 70       		.byte	112
 129 0063 78       		.byte	120
 130              		.global	WaveDAC_1_wave2
 131              		.align	2
 132              		.type	WaveDAC_1_wave2, %object
 133              		.size	WaveDAC_1_wave2, 100
 134              	WaveDAC_1_wave2:
 135 0064 80       		.byte	-128
 136 0065 84       		.byte	-124
 137 0066 8A       		.byte	-118
 138 0067 8F       		.byte	-113
 139 0068 94       		.byte	-108
 140 0069 98       		.byte	-104
 141 006a 9E       		.byte	-98
 142 006b A2       		.byte	-94
 143 006c A8       		.byte	-88
 144 006d AC       		.byte	-84
 145 006e B2       		.byte	-78
 146 006f B6       		.byte	-74
 147 0070 BC       		.byte	-68
 148 0071 C0       		.byte	-64
 149 0072 C6       		.byte	-58
 150 0073 CA       		.byte	-54
 151 0074 D0       		.byte	-48
 152 0075 D5       		.byte	-43
 153 0076 DA       		.byte	-38
 154 0077 DE       		.byte	-34
 155 0078 E4       		.byte	-28
 156 0079 E8       		.byte	-24
 157 007a EE       		.byte	-18
 158 007b F2       		.byte	-14
 159 007c F8       		.byte	-8
 160 007d FC       		.byte	-4
 161 007e F8       		.byte	-8
 162 007f F2       		.byte	-14
 163 0080 EE       		.byte	-18
 164 0081 E8       		.byte	-24
 165 0082 E4       		.byte	-28
 166 0083 DE       		.byte	-34
 167 0084 DA       		.byte	-38
 168 0085 D4       		.byte	-44
 169 0086 D0       		.byte	-48
 170 0087 CA       		.byte	-54
 171 0088 C6       		.byte	-58
ARM GAS  C:\Users\jthem\AppData\Local\Temp\ccxgQVsz.s 			page 4


 172 0089 C0       		.byte	-64
 173 008a BC       		.byte	-68
 174 008b B6       		.byte	-74
 175 008c B2       		.byte	-78
 176 008d AD       		.byte	-83
 177 008e A8       		.byte	-88
 178 008f A2       		.byte	-94
 179 0090 9E       		.byte	-98
 180 0091 98       		.byte	-104
 181 0092 94       		.byte	-108
 182 0093 8F       		.byte	-113
 183 0094 8A       		.byte	-118
 184 0095 84       		.byte	-124
 185 0096 80       		.byte	-128
 186 0097 7A       		.byte	122
 187 0098 76       		.byte	118
 188 0099 70       		.byte	112
 189 009a 6B       		.byte	107
 190 009b 66       		.byte	102
 191 009c 61       		.byte	97
 192 009d 5D       		.byte	93
 193 009e 58       		.byte	88
 194 009f 53       		.byte	83
 195 00a0 4E       		.byte	78
 196 00a1 49       		.byte	73
 197 00a2 44       		.byte	68
 198 00a3 3E       		.byte	62
 199 00a4 39       		.byte	57
 200 00a5 34       		.byte	52
 201 00a6 2F       		.byte	47
 202 00a7 2A       		.byte	42
 203 00a8 25       		.byte	37
 204 00a9 21       		.byte	33
 205 00aa 1C       		.byte	28
 206 00ab 17       		.byte	23
 207 00ac 12       		.byte	18
 208 00ad 0D       		.byte	13
 209 00ae 08       		.byte	8
 210 00af 03       		.byte	3
 211 00b0 08       		.byte	8
 212 00b1 0D       		.byte	13
 213 00b2 12       		.byte	18
 214 00b3 17       		.byte	23
 215 00b4 1C       		.byte	28
 216 00b5 21       		.byte	33
 217 00b6 25       		.byte	37
 218 00b7 2A       		.byte	42
 219 00b8 2F       		.byte	47
 220 00b9 34       		.byte	52
 221 00ba 39       		.byte	57
 222 00bb 3E       		.byte	62
 223 00bc 44       		.byte	68
 224 00bd 49       		.byte	73
 225 00be 4E       		.byte	78
 226 00bf 53       		.byte	83
 227 00c0 58       		.byte	88
 228 00c1 5D       		.byte	93
ARM GAS  C:\Users\jthem\AppData\Local\Temp\ccxgQVsz.s 			page 5


 229 00c2 61       		.byte	97
 230 00c3 66       		.byte	102
 231 00c4 6B       		.byte	107
 232 00c5 70       		.byte	112
 233 00c6 76       		.byte	118
 234 00c7 7A       		.byte	122
 235              		.bss
 236              	WaveDAC_1_Wave1Chan:
 237 0001 00       		.space	1
 238              	WaveDAC_1_Wave2Chan:
 239 0002 00       		.space	1
 240              	WaveDAC_1_Wave1TD:
 241 0003 00       		.space	1
 242              	WaveDAC_1_Wave2TD:
 243 0004 00       		.space	1
 244              		.section	.text.WaveDAC_1_Init,"ax",%progbits
 245              		.align	2
 246              		.global	WaveDAC_1_Init
 247              		.thumb
 248              		.thumb_func
 249              		.type	WaveDAC_1_Init, %function
 250              	WaveDAC_1_Init:
 251              	.LFB0:
 252              		.file 1 ".\\Generated_Source\\PSoC5\\WaveDAC_1.c"
   1:.\Generated_Source\PSoC5/WaveDAC_1.c **** /*******************************************************************************
   2:.\Generated_Source\PSoC5/WaveDAC_1.c **** * File Name: WaveDAC_1.c
   3:.\Generated_Source\PSoC5/WaveDAC_1.c **** * Version 2.10
   4:.\Generated_Source\PSoC5/WaveDAC_1.c **** *
   5:.\Generated_Source\PSoC5/WaveDAC_1.c **** * Description:
   6:.\Generated_Source\PSoC5/WaveDAC_1.c **** *  This file provides the source code for the 8-bit Waveform DAC 
   7:.\Generated_Source\PSoC5/WaveDAC_1.c **** *  (WaveDAC8) Component.
   8:.\Generated_Source\PSoC5/WaveDAC_1.c **** *
   9:.\Generated_Source\PSoC5/WaveDAC_1.c **** ********************************************************************************
  10:.\Generated_Source\PSoC5/WaveDAC_1.c **** * Copyright 2013, Cypress Semiconductor Corporation.  All rights reserved.
  11:.\Generated_Source\PSoC5/WaveDAC_1.c **** * You may use this file only in accordance with the license, terms, conditions,
  12:.\Generated_Source\PSoC5/WaveDAC_1.c **** * disclaimers, and limitations in the end user license agreement accompanying
  13:.\Generated_Source\PSoC5/WaveDAC_1.c **** * the software package with which this file was provided.
  14:.\Generated_Source\PSoC5/WaveDAC_1.c **** *******************************************************************************/
  15:.\Generated_Source\PSoC5/WaveDAC_1.c **** 
  16:.\Generated_Source\PSoC5/WaveDAC_1.c **** #include "WaveDAC_1.h"
  17:.\Generated_Source\PSoC5/WaveDAC_1.c **** 
  18:.\Generated_Source\PSoC5/WaveDAC_1.c **** uint8  WaveDAC_1_initVar = 0u;
  19:.\Generated_Source\PSoC5/WaveDAC_1.c **** 
  20:.\Generated_Source\PSoC5/WaveDAC_1.c **** const uint8 CYCODE WaveDAC_1_wave1[WaveDAC_1_WAVE1_LENGTH] = { 128u,135u,143u,151u,159u,166u,174u,1
  21:.\Generated_Source\PSoC5/WaveDAC_1.c **** const uint8 CYCODE WaveDAC_1_wave2[WaveDAC_1_WAVE2_LENGTH] = { 128u,132u,138u,143u,148u,152u,158u,1
  22:.\Generated_Source\PSoC5/WaveDAC_1.c **** 
  23:.\Generated_Source\PSoC5/WaveDAC_1.c **** static uint8  WaveDAC_1_Wave1Chan;
  24:.\Generated_Source\PSoC5/WaveDAC_1.c **** static uint8  WaveDAC_1_Wave2Chan;
  25:.\Generated_Source\PSoC5/WaveDAC_1.c **** static uint8  WaveDAC_1_Wave1TD;
  26:.\Generated_Source\PSoC5/WaveDAC_1.c **** static uint8  WaveDAC_1_Wave2TD;
  27:.\Generated_Source\PSoC5/WaveDAC_1.c **** 
  28:.\Generated_Source\PSoC5/WaveDAC_1.c **** 
  29:.\Generated_Source\PSoC5/WaveDAC_1.c **** /*******************************************************************************
  30:.\Generated_Source\PSoC5/WaveDAC_1.c **** * Function Name: WaveDAC_1_Init
  31:.\Generated_Source\PSoC5/WaveDAC_1.c **** ********************************************************************************
  32:.\Generated_Source\PSoC5/WaveDAC_1.c **** *
  33:.\Generated_Source\PSoC5/WaveDAC_1.c **** * Summary:
ARM GAS  C:\Users\jthem\AppData\Local\Temp\ccxgQVsz.s 			page 6


  34:.\Generated_Source\PSoC5/WaveDAC_1.c **** *  Initializes component with parameters set in the customizer.
  35:.\Generated_Source\PSoC5/WaveDAC_1.c **** *
  36:.\Generated_Source\PSoC5/WaveDAC_1.c **** * Parameters:  
  37:.\Generated_Source\PSoC5/WaveDAC_1.c **** *  None
  38:.\Generated_Source\PSoC5/WaveDAC_1.c **** *
  39:.\Generated_Source\PSoC5/WaveDAC_1.c **** * Return: 
  40:.\Generated_Source\PSoC5/WaveDAC_1.c **** *  None
  41:.\Generated_Source\PSoC5/WaveDAC_1.c **** *
  42:.\Generated_Source\PSoC5/WaveDAC_1.c **** *******************************************************************************/
  43:.\Generated_Source\PSoC5/WaveDAC_1.c **** void WaveDAC_1_Init(void) 
  44:.\Generated_Source\PSoC5/WaveDAC_1.c **** {
 253              		.loc 1 44 0
 254              		.cfi_startproc
 255              		@ args = 0, pretend = 0, frame = 0
 256              		@ frame_needed = 1, uses_anonymous_args = 0
 257 0000 80B5     		push	{r7, lr}
 258              		.cfi_def_cfa_offset 8
 259              		.cfi_offset 7, -8
 260              		.cfi_offset 14, -4
 261 0002 00AF     		add	r7, sp, #0
 262              		.cfi_def_cfa_register 7
  45:.\Generated_Source\PSoC5/WaveDAC_1.c **** 	WaveDAC_1_VDAC8_Init();
 263              		.loc 1 45 0
 264 0004 FFF7FEFF 		bl	WaveDAC_1_VDAC8_Init
  46:.\Generated_Source\PSoC5/WaveDAC_1.c **** 	WaveDAC_1_VDAC8_SetSpeed(WaveDAC_1_HIGHSPEED);
 265              		.loc 1 46 0
 266 0008 0220     		movs	r0, #2
 267 000a FFF7FEFF 		bl	WaveDAC_1_VDAC8_SetSpeed
  47:.\Generated_Source\PSoC5/WaveDAC_1.c **** 	WaveDAC_1_VDAC8_SetRange(WaveDAC_1_DAC_RANGE);
 268              		.loc 1 47 0
 269 000e 0020     		movs	r0, #0
 270 0010 FFF7FEFF 		bl	WaveDAC_1_VDAC8_SetRange
  48:.\Generated_Source\PSoC5/WaveDAC_1.c **** 
  49:.\Generated_Source\PSoC5/WaveDAC_1.c **** 	#if(WaveDAC_1_DAC_MODE == WaveDAC_1_CURRENT_MODE)
  50:.\Generated_Source\PSoC5/WaveDAC_1.c **** 		WaveDAC_1_IDAC8_SetPolarity(WaveDAC_1_DAC_POL);
  51:.\Generated_Source\PSoC5/WaveDAC_1.c **** 	#endif /* WaveDAC_1_DAC_MODE == WaveDAC_1_CURRENT_MODE */
  52:.\Generated_Source\PSoC5/WaveDAC_1.c **** 
  53:.\Generated_Source\PSoC5/WaveDAC_1.c **** 	#if(WaveDAC_1_OUT_MODE == WaveDAC_1_BUFFER_MODE)
  54:.\Generated_Source\PSoC5/WaveDAC_1.c **** 	   WaveDAC_1_BuffAmp_Init();
  55:.\Generated_Source\PSoC5/WaveDAC_1.c **** 	#endif /* WaveDAC_1_OUT_MODE == WaveDAC_1_BUFFER_MODE */
  56:.\Generated_Source\PSoC5/WaveDAC_1.c **** 
  57:.\Generated_Source\PSoC5/WaveDAC_1.c **** 	/* Get the TD Number for the DMA channel 1 and 2   */
  58:.\Generated_Source\PSoC5/WaveDAC_1.c **** 	WaveDAC_1_Wave1TD = CyDmaTdAllocate();
 271              		.loc 1 58 0
 272 0014 FFF7FEFF 		bl	CyDmaTdAllocate
 273 0018 0346     		mov	r3, r0
 274 001a 1A46     		mov	r2, r3
 275 001c 084B     		ldr	r3, .L2
 276 001e 1A70     		strb	r2, [r3]
  59:.\Generated_Source\PSoC5/WaveDAC_1.c **** 	WaveDAC_1_Wave2TD = CyDmaTdAllocate();
 277              		.loc 1 59 0
 278 0020 FFF7FEFF 		bl	CyDmaTdAllocate
 279 0024 0346     		mov	r3, r0
 280 0026 1A46     		mov	r2, r3
 281 0028 064B     		ldr	r3, .L2+4
 282 002a 1A70     		strb	r2, [r3]
  60:.\Generated_Source\PSoC5/WaveDAC_1.c **** 	
ARM GAS  C:\Users\jthem\AppData\Local\Temp\ccxgQVsz.s 			page 7


  61:.\Generated_Source\PSoC5/WaveDAC_1.c **** 	/* Initialize waveform pointers  */
  62:.\Generated_Source\PSoC5/WaveDAC_1.c **** 	WaveDAC_1_Wave1Setup(WaveDAC_1_wave1, WaveDAC_1_WAVE1_LENGTH) ;
 283              		.loc 1 62 0
 284 002c 0648     		ldr	r0, .L2+8
 285 002e 6421     		movs	r1, #100
 286 0030 FFF7FEFF 		bl	WaveDAC_1_Wave1Setup
  63:.\Generated_Source\PSoC5/WaveDAC_1.c **** 	WaveDAC_1_Wave2Setup(WaveDAC_1_wave2, WaveDAC_1_WAVE2_LENGTH) ;
 287              		.loc 1 63 0
 288 0034 0548     		ldr	r0, .L2+12
 289 0036 6421     		movs	r1, #100
 290 0038 FFF7FEFF 		bl	WaveDAC_1_Wave2Setup
  64:.\Generated_Source\PSoC5/WaveDAC_1.c **** 	
  65:.\Generated_Source\PSoC5/WaveDAC_1.c **** 	/* Initialize the internal clock if one present  */
  66:.\Generated_Source\PSoC5/WaveDAC_1.c **** 	#if defined(WaveDAC_1_DacClk_PHASE)
  67:.\Generated_Source\PSoC5/WaveDAC_1.c **** 	   WaveDAC_1_DacClk_SetPhase(WaveDAC_1_CLK_PHASE_0nS);
  68:.\Generated_Source\PSoC5/WaveDAC_1.c **** 	#endif /* defined(WaveDAC_1_DacClk_PHASE) */
  69:.\Generated_Source\PSoC5/WaveDAC_1.c **** }
 291              		.loc 1 69 0
 292 003c 80BD     		pop	{r7, pc}
 293              	.L3:
 294 003e 00BF     		.align	2
 295              	.L2:
 296 0040 03000000 		.word	WaveDAC_1_Wave1TD
 297 0044 04000000 		.word	WaveDAC_1_Wave2TD
 298 0048 00000000 		.word	WaveDAC_1_wave1
 299 004c 00000000 		.word	WaveDAC_1_wave2
 300              		.cfi_endproc
 301              	.LFE0:
 302              		.size	WaveDAC_1_Init, .-WaveDAC_1_Init
 303              		.section	.text.WaveDAC_1_Enable,"ax",%progbits
 304              		.align	2
 305              		.global	WaveDAC_1_Enable
 306              		.thumb
 307              		.thumb_func
 308              		.type	WaveDAC_1_Enable, %function
 309              	WaveDAC_1_Enable:
 310              	.LFB1:
  70:.\Generated_Source\PSoC5/WaveDAC_1.c **** 
  71:.\Generated_Source\PSoC5/WaveDAC_1.c **** 
  72:.\Generated_Source\PSoC5/WaveDAC_1.c **** /*******************************************************************************
  73:.\Generated_Source\PSoC5/WaveDAC_1.c **** * Function Name: WaveDAC_1_Enable
  74:.\Generated_Source\PSoC5/WaveDAC_1.c **** ********************************************************************************
  75:.\Generated_Source\PSoC5/WaveDAC_1.c **** *  
  76:.\Generated_Source\PSoC5/WaveDAC_1.c **** * Summary: 
  77:.\Generated_Source\PSoC5/WaveDAC_1.c **** *  Enables the DAC block and DMA operation.
  78:.\Generated_Source\PSoC5/WaveDAC_1.c **** *
  79:.\Generated_Source\PSoC5/WaveDAC_1.c **** * Parameters:  
  80:.\Generated_Source\PSoC5/WaveDAC_1.c **** *  None
  81:.\Generated_Source\PSoC5/WaveDAC_1.c **** *
  82:.\Generated_Source\PSoC5/WaveDAC_1.c **** * Return: 
  83:.\Generated_Source\PSoC5/WaveDAC_1.c **** *  None
  84:.\Generated_Source\PSoC5/WaveDAC_1.c **** *
  85:.\Generated_Source\PSoC5/WaveDAC_1.c **** *******************************************************************************/
  86:.\Generated_Source\PSoC5/WaveDAC_1.c **** void WaveDAC_1_Enable(void) 
  87:.\Generated_Source\PSoC5/WaveDAC_1.c **** {
 311              		.loc 1 87 0
 312              		.cfi_startproc
ARM GAS  C:\Users\jthem\AppData\Local\Temp\ccxgQVsz.s 			page 8


 313              		@ args = 0, pretend = 0, frame = 0
 314              		@ frame_needed = 1, uses_anonymous_args = 0
 315 0000 80B5     		push	{r7, lr}
 316              		.cfi_def_cfa_offset 8
 317              		.cfi_offset 7, -8
 318              		.cfi_offset 14, -4
 319 0002 00AF     		add	r7, sp, #0
 320              		.cfi_def_cfa_register 7
  88:.\Generated_Source\PSoC5/WaveDAC_1.c **** 	WaveDAC_1_VDAC8_Enable();
 321              		.loc 1 88 0
 322 0004 FFF7FEFF 		bl	WaveDAC_1_VDAC8_Enable
  89:.\Generated_Source\PSoC5/WaveDAC_1.c **** 
  90:.\Generated_Source\PSoC5/WaveDAC_1.c **** 	#if(WaveDAC_1_OUT_MODE == WaveDAC_1_BUFFER_MODE)
  91:.\Generated_Source\PSoC5/WaveDAC_1.c **** 	   WaveDAC_1_BuffAmp_Enable();
  92:.\Generated_Source\PSoC5/WaveDAC_1.c **** 	#endif /* WaveDAC_1_OUT_MODE == WaveDAC_1_BUFFER_MODE */
  93:.\Generated_Source\PSoC5/WaveDAC_1.c **** 
  94:.\Generated_Source\PSoC5/WaveDAC_1.c **** 	/* 
  95:.\Generated_Source\PSoC5/WaveDAC_1.c **** 	* Enable the channel. It is configured to remember the TD value so that
  96:.\Generated_Source\PSoC5/WaveDAC_1.c **** 	* it can be restored from the place where it has been stopped.
  97:.\Generated_Source\PSoC5/WaveDAC_1.c **** 	*/
  98:.\Generated_Source\PSoC5/WaveDAC_1.c **** 	(void)CyDmaChEnable(WaveDAC_1_Wave1Chan, 1u);
 323              		.loc 1 98 0
 324 0008 074B     		ldr	r3, .L5
 325 000a 1B78     		ldrb	r3, [r3]	@ zero_extendqisi2
 326 000c 1846     		mov	r0, r3
 327 000e 0121     		movs	r1, #1
 328 0010 FFF7FEFF 		bl	CyDmaChEnable
  99:.\Generated_Source\PSoC5/WaveDAC_1.c **** 	(void)CyDmaChEnable(WaveDAC_1_Wave2Chan, 1u);
 329              		.loc 1 99 0
 330 0014 054B     		ldr	r3, .L5+4
 331 0016 1B78     		ldrb	r3, [r3]	@ zero_extendqisi2
 332 0018 1846     		mov	r0, r3
 333 001a 0121     		movs	r1, #1
 334 001c FFF7FEFF 		bl	CyDmaChEnable
 100:.\Generated_Source\PSoC5/WaveDAC_1.c **** 	
 101:.\Generated_Source\PSoC5/WaveDAC_1.c **** 	/* set the initial value */
 102:.\Generated_Source\PSoC5/WaveDAC_1.c **** 	WaveDAC_1_SetValue(0u);
 335              		.loc 1 102 0
 336 0020 0020     		movs	r0, #0
 337 0022 FFF7FEFF 		bl	WaveDAC_1_VDAC8_SetValue
 103:.\Generated_Source\PSoC5/WaveDAC_1.c **** 	
 104:.\Generated_Source\PSoC5/WaveDAC_1.c **** 	#if(WaveDAC_1_CLOCK_SRC == WaveDAC_1_CLOCK_INT)  	
 105:.\Generated_Source\PSoC5/WaveDAC_1.c **** 	   WaveDAC_1_DacClk_Start();
 106:.\Generated_Source\PSoC5/WaveDAC_1.c **** 	#endif /* WaveDAC_1_CLOCK_SRC == WaveDAC_1_CLOCK_INT */
 107:.\Generated_Source\PSoC5/WaveDAC_1.c **** }
 338              		.loc 1 107 0
 339 0026 80BD     		pop	{r7, pc}
 340              	.L6:
 341              		.align	2
 342              	.L5:
 343 0028 01000000 		.word	WaveDAC_1_Wave1Chan
 344 002c 02000000 		.word	WaveDAC_1_Wave2Chan
 345              		.cfi_endproc
 346              	.LFE1:
 347              		.size	WaveDAC_1_Enable, .-WaveDAC_1_Enable
 348              		.section	.text.WaveDAC_1_Start,"ax",%progbits
 349              		.align	2
ARM GAS  C:\Users\jthem\AppData\Local\Temp\ccxgQVsz.s 			page 9


 350              		.global	WaveDAC_1_Start
 351              		.thumb
 352              		.thumb_func
 353              		.type	WaveDAC_1_Start, %function
 354              	WaveDAC_1_Start:
 355              	.LFB2:
 108:.\Generated_Source\PSoC5/WaveDAC_1.c **** 
 109:.\Generated_Source\PSoC5/WaveDAC_1.c **** 
 110:.\Generated_Source\PSoC5/WaveDAC_1.c **** /*******************************************************************************
 111:.\Generated_Source\PSoC5/WaveDAC_1.c **** * Function Name: WaveDAC_1_Start
 112:.\Generated_Source\PSoC5/WaveDAC_1.c **** ********************************************************************************
 113:.\Generated_Source\PSoC5/WaveDAC_1.c **** *
 114:.\Generated_Source\PSoC5/WaveDAC_1.c **** * Summary:
 115:.\Generated_Source\PSoC5/WaveDAC_1.c **** *  The start function initializes the voltage DAC with the default values, 
 116:.\Generated_Source\PSoC5/WaveDAC_1.c **** *  and sets the power to the given level.  A power level of 0, is the same as 
 117:.\Generated_Source\PSoC5/WaveDAC_1.c **** *  executing the stop function.
 118:.\Generated_Source\PSoC5/WaveDAC_1.c **** *
 119:.\Generated_Source\PSoC5/WaveDAC_1.c **** * Parameters:  
 120:.\Generated_Source\PSoC5/WaveDAC_1.c **** *  None
 121:.\Generated_Source\PSoC5/WaveDAC_1.c **** *
 122:.\Generated_Source\PSoC5/WaveDAC_1.c **** * Return: 
 123:.\Generated_Source\PSoC5/WaveDAC_1.c **** *  None
 124:.\Generated_Source\PSoC5/WaveDAC_1.c **** *
 125:.\Generated_Source\PSoC5/WaveDAC_1.c **** * Reentrant:
 126:.\Generated_Source\PSoC5/WaveDAC_1.c **** *  No
 127:.\Generated_Source\PSoC5/WaveDAC_1.c **** *
 128:.\Generated_Source\PSoC5/WaveDAC_1.c **** *******************************************************************************/
 129:.\Generated_Source\PSoC5/WaveDAC_1.c **** void WaveDAC_1_Start(void) 
 130:.\Generated_Source\PSoC5/WaveDAC_1.c **** {
 356              		.loc 1 130 0
 357              		.cfi_startproc
 358              		@ args = 0, pretend = 0, frame = 0
 359              		@ frame_needed = 1, uses_anonymous_args = 0
 360 0000 80B5     		push	{r7, lr}
 361              		.cfi_def_cfa_offset 8
 362              		.cfi_offset 7, -8
 363              		.cfi_offset 14, -4
 364 0002 00AF     		add	r7, sp, #0
 365              		.cfi_def_cfa_register 7
 131:.\Generated_Source\PSoC5/WaveDAC_1.c **** 	/* If not Initialized then initialize all required hardware and software */
 132:.\Generated_Source\PSoC5/WaveDAC_1.c **** 	if(WaveDAC_1_initVar == 0u)
 366              		.loc 1 132 0
 367 0004 054B     		ldr	r3, .L9
 368 0006 1B78     		ldrb	r3, [r3]	@ zero_extendqisi2
 369 0008 002B     		cmp	r3, #0
 370 000a 04D1     		bne	.L8
 133:.\Generated_Source\PSoC5/WaveDAC_1.c **** 	{
 134:.\Generated_Source\PSoC5/WaveDAC_1.c **** 		WaveDAC_1_Init();
 371              		.loc 1 134 0
 372 000c FFF7FEFF 		bl	WaveDAC_1_Init
 135:.\Generated_Source\PSoC5/WaveDAC_1.c **** 		WaveDAC_1_initVar = 1u;
 373              		.loc 1 135 0
 374 0010 024B     		ldr	r3, .L9
 375 0012 0122     		movs	r2, #1
 376 0014 1A70     		strb	r2, [r3]
 377              	.L8:
 136:.\Generated_Source\PSoC5/WaveDAC_1.c **** 	}
ARM GAS  C:\Users\jthem\AppData\Local\Temp\ccxgQVsz.s 			page 10


 137:.\Generated_Source\PSoC5/WaveDAC_1.c **** 	
 138:.\Generated_Source\PSoC5/WaveDAC_1.c **** 	WaveDAC_1_Enable();
 378              		.loc 1 138 0
 379 0016 FFF7FEFF 		bl	WaveDAC_1_Enable
 139:.\Generated_Source\PSoC5/WaveDAC_1.c **** }
 380              		.loc 1 139 0
 381 001a 80BD     		pop	{r7, pc}
 382              	.L10:
 383              		.align	2
 384              	.L9:
 385 001c 00000000 		.word	WaveDAC_1_initVar
 386              		.cfi_endproc
 387              	.LFE2:
 388              		.size	WaveDAC_1_Start, .-WaveDAC_1_Start
 389              		.section	.text.WaveDAC_1_StartEx,"ax",%progbits
 390              		.align	2
 391              		.global	WaveDAC_1_StartEx
 392              		.thumb
 393              		.thumb_func
 394              		.type	WaveDAC_1_StartEx, %function
 395              	WaveDAC_1_StartEx:
 396              	.LFB3:
 140:.\Generated_Source\PSoC5/WaveDAC_1.c **** 
 141:.\Generated_Source\PSoC5/WaveDAC_1.c **** 
 142:.\Generated_Source\PSoC5/WaveDAC_1.c **** /*******************************************************************************
 143:.\Generated_Source\PSoC5/WaveDAC_1.c **** * Function Name: WaveDAC_1_StartEx
 144:.\Generated_Source\PSoC5/WaveDAC_1.c **** ********************************************************************************
 145:.\Generated_Source\PSoC5/WaveDAC_1.c **** *
 146:.\Generated_Source\PSoC5/WaveDAC_1.c **** * Summary:
 147:.\Generated_Source\PSoC5/WaveDAC_1.c **** *  The StartEx function sets pointers and sizes for both waveforms
 148:.\Generated_Source\PSoC5/WaveDAC_1.c **** *  and then starts the component.
 149:.\Generated_Source\PSoC5/WaveDAC_1.c **** *
 150:.\Generated_Source\PSoC5/WaveDAC_1.c **** * Parameters:  
 151:.\Generated_Source\PSoC5/WaveDAC_1.c **** *   uint8 * wavePtr1:     Pointer to the waveform 1 array.
 152:.\Generated_Source\PSoC5/WaveDAC_1.c **** *   uint16  sampleSize1:  The amount of samples in the waveform 1.
 153:.\Generated_Source\PSoC5/WaveDAC_1.c **** *   uint8 * wavePtr2:     Pointer to the waveform 2 array.
 154:.\Generated_Source\PSoC5/WaveDAC_1.c **** *   uint16  sampleSize2:  The amount of samples in the waveform 2.
 155:.\Generated_Source\PSoC5/WaveDAC_1.c **** *
 156:.\Generated_Source\PSoC5/WaveDAC_1.c **** * Return: 
 157:.\Generated_Source\PSoC5/WaveDAC_1.c **** *  None
 158:.\Generated_Source\PSoC5/WaveDAC_1.c **** *
 159:.\Generated_Source\PSoC5/WaveDAC_1.c **** * Reentrant:
 160:.\Generated_Source\PSoC5/WaveDAC_1.c **** *  No
 161:.\Generated_Source\PSoC5/WaveDAC_1.c **** *
 162:.\Generated_Source\PSoC5/WaveDAC_1.c **** *******************************************************************************/
 163:.\Generated_Source\PSoC5/WaveDAC_1.c **** void WaveDAC_1_StartEx(const uint8 * wavePtr1, uint16 sampleSize1, const uint8 * wavePtr2, uint16 s
 164:.\Generated_Source\PSoC5/WaveDAC_1.c **** 
 165:.\Generated_Source\PSoC5/WaveDAC_1.c **** {
 397              		.loc 1 165 0
 398              		.cfi_startproc
 399              		@ args = 0, pretend = 0, frame = 16
 400              		@ frame_needed = 1, uses_anonymous_args = 0
 401 0000 80B5     		push	{r7, lr}
 402              		.cfi_def_cfa_offset 8
 403              		.cfi_offset 7, -8
 404              		.cfi_offset 14, -4
 405 0002 84B0     		sub	sp, sp, #16
ARM GAS  C:\Users\jthem\AppData\Local\Temp\ccxgQVsz.s 			page 11


 406              		.cfi_def_cfa_offset 24
 407 0004 00AF     		add	r7, sp, #0
 408              		.cfi_def_cfa_register 7
 409 0006 F860     		str	r0, [r7, #12]
 410 0008 7A60     		str	r2, [r7, #4]
 411 000a 1A46     		mov	r2, r3
 412 000c 0B46     		mov	r3, r1	@ movhi
 413 000e 7B81     		strh	r3, [r7, #10]	@ movhi
 414 0010 1346     		mov	r3, r2	@ movhi
 415 0012 3B81     		strh	r3, [r7, #8]	@ movhi
 166:.\Generated_Source\PSoC5/WaveDAC_1.c **** 	WaveDAC_1_Wave1Setup(wavePtr1, sampleSize1);
 416              		.loc 1 166 0
 417 0014 7B89     		ldrh	r3, [r7, #10]
 418 0016 F868     		ldr	r0, [r7, #12]
 419 0018 1946     		mov	r1, r3
 420 001a FFF7FEFF 		bl	WaveDAC_1_Wave1Setup
 167:.\Generated_Source\PSoC5/WaveDAC_1.c **** 	WaveDAC_1_Wave2Setup(wavePtr2, sampleSize2);
 421              		.loc 1 167 0
 422 001e 3B89     		ldrh	r3, [r7, #8]
 423 0020 7868     		ldr	r0, [r7, #4]
 424 0022 1946     		mov	r1, r3
 425 0024 FFF7FEFF 		bl	WaveDAC_1_Wave2Setup
 168:.\Generated_Source\PSoC5/WaveDAC_1.c **** 	WaveDAC_1_Start();
 426              		.loc 1 168 0
 427 0028 FFF7FEFF 		bl	WaveDAC_1_Start
 169:.\Generated_Source\PSoC5/WaveDAC_1.c **** }
 428              		.loc 1 169 0
 429 002c 1037     		adds	r7, r7, #16
 430              		.cfi_def_cfa_offset 8
 431 002e BD46     		mov	sp, r7
 432              		.cfi_def_cfa_register 13
 433              		@ sp needed
 434 0030 80BD     		pop	{r7, pc}
 435              		.cfi_endproc
 436              	.LFE3:
 437              		.size	WaveDAC_1_StartEx, .-WaveDAC_1_StartEx
 438 0032 00BF     		.section	.text.WaveDAC_1_Stop,"ax",%progbits
 439              		.align	2
 440              		.global	WaveDAC_1_Stop
 441              		.thumb
 442              		.thumb_func
 443              		.type	WaveDAC_1_Stop, %function
 444              	WaveDAC_1_Stop:
 445              	.LFB4:
 170:.\Generated_Source\PSoC5/WaveDAC_1.c **** 
 171:.\Generated_Source\PSoC5/WaveDAC_1.c **** 
 172:.\Generated_Source\PSoC5/WaveDAC_1.c **** /*******************************************************************************
 173:.\Generated_Source\PSoC5/WaveDAC_1.c **** * Function Name: WaveDAC_1_Stop
 174:.\Generated_Source\PSoC5/WaveDAC_1.c **** ********************************************************************************
 175:.\Generated_Source\PSoC5/WaveDAC_1.c **** *
 176:.\Generated_Source\PSoC5/WaveDAC_1.c **** * Summary:
 177:.\Generated_Source\PSoC5/WaveDAC_1.c **** *  Stops the clock (if internal), disables the DMA channels
 178:.\Generated_Source\PSoC5/WaveDAC_1.c **** *  and powers down the DAC.
 179:.\Generated_Source\PSoC5/WaveDAC_1.c **** *
 180:.\Generated_Source\PSoC5/WaveDAC_1.c **** * Parameters:  
 181:.\Generated_Source\PSoC5/WaveDAC_1.c **** *  None  
 182:.\Generated_Source\PSoC5/WaveDAC_1.c **** *
ARM GAS  C:\Users\jthem\AppData\Local\Temp\ccxgQVsz.s 			page 12


 183:.\Generated_Source\PSoC5/WaveDAC_1.c **** * Return: 
 184:.\Generated_Source\PSoC5/WaveDAC_1.c **** *  None
 185:.\Generated_Source\PSoC5/WaveDAC_1.c **** *
 186:.\Generated_Source\PSoC5/WaveDAC_1.c **** *******************************************************************************/
 187:.\Generated_Source\PSoC5/WaveDAC_1.c **** void WaveDAC_1_Stop(void) 
 188:.\Generated_Source\PSoC5/WaveDAC_1.c **** {
 446              		.loc 1 188 0
 447              		.cfi_startproc
 448              		@ args = 0, pretend = 0, frame = 0
 449              		@ frame_needed = 1, uses_anonymous_args = 0
 450 0000 80B5     		push	{r7, lr}
 451              		.cfi_def_cfa_offset 8
 452              		.cfi_offset 7, -8
 453              		.cfi_offset 14, -4
 454 0002 00AF     		add	r7, sp, #0
 455              		.cfi_def_cfa_register 7
 189:.\Generated_Source\PSoC5/WaveDAC_1.c **** 	/* Turn off internal clock, if one present */
 190:.\Generated_Source\PSoC5/WaveDAC_1.c **** 	#if(WaveDAC_1_CLOCK_SRC == WaveDAC_1_CLOCK_INT)  	
 191:.\Generated_Source\PSoC5/WaveDAC_1.c **** 	   WaveDAC_1_DacClk_Stop();
 192:.\Generated_Source\PSoC5/WaveDAC_1.c **** 	#endif /* WaveDAC_1_CLOCK_SRC == WaveDAC_1_CLOCK_INT */
 193:.\Generated_Source\PSoC5/WaveDAC_1.c **** 	
 194:.\Generated_Source\PSoC5/WaveDAC_1.c **** 	/* Disble DMA channels */
 195:.\Generated_Source\PSoC5/WaveDAC_1.c **** 	(void)CyDmaChDisable(WaveDAC_1_Wave1Chan);
 456              		.loc 1 195 0
 457 0004 064B     		ldr	r3, .L13
 458 0006 1B78     		ldrb	r3, [r3]	@ zero_extendqisi2
 459 0008 1846     		mov	r0, r3
 460 000a FFF7FEFF 		bl	CyDmaChDisable
 196:.\Generated_Source\PSoC5/WaveDAC_1.c **** 	(void)CyDmaChDisable(WaveDAC_1_Wave2Chan);
 461              		.loc 1 196 0
 462 000e 054B     		ldr	r3, .L13+4
 463 0010 1B78     		ldrb	r3, [r3]	@ zero_extendqisi2
 464 0012 1846     		mov	r0, r3
 465 0014 FFF7FEFF 		bl	CyDmaChDisable
 197:.\Generated_Source\PSoC5/WaveDAC_1.c **** 
 198:.\Generated_Source\PSoC5/WaveDAC_1.c **** 	/* Disable power to DAC */
 199:.\Generated_Source\PSoC5/WaveDAC_1.c **** 	WaveDAC_1_VDAC8_Stop();
 466              		.loc 1 199 0
 467 0018 FFF7FEFF 		bl	WaveDAC_1_VDAC8_Stop
 200:.\Generated_Source\PSoC5/WaveDAC_1.c **** }
 468              		.loc 1 200 0
 469 001c 80BD     		pop	{r7, pc}
 470              	.L14:
 471 001e 00BF     		.align	2
 472              	.L13:
 473 0020 01000000 		.word	WaveDAC_1_Wave1Chan
 474 0024 02000000 		.word	WaveDAC_1_Wave2Chan
 475              		.cfi_endproc
 476              	.LFE4:
 477              		.size	WaveDAC_1_Stop, .-WaveDAC_1_Stop
 478              		.section	.text.WaveDAC_1_Wave1Setup,"ax",%progbits
 479              		.align	2
 480              		.global	WaveDAC_1_Wave1Setup
 481              		.thumb
 482              		.thumb_func
 483              		.type	WaveDAC_1_Wave1Setup, %function
 484              	WaveDAC_1_Wave1Setup:
ARM GAS  C:\Users\jthem\AppData\Local\Temp\ccxgQVsz.s 			page 13


 485              	.LFB5:
 201:.\Generated_Source\PSoC5/WaveDAC_1.c **** 
 202:.\Generated_Source\PSoC5/WaveDAC_1.c **** 
 203:.\Generated_Source\PSoC5/WaveDAC_1.c **** /*******************************************************************************
 204:.\Generated_Source\PSoC5/WaveDAC_1.c **** * Function Name: WaveDAC_1_Wave1Setup
 205:.\Generated_Source\PSoC5/WaveDAC_1.c **** ********************************************************************************
 206:.\Generated_Source\PSoC5/WaveDAC_1.c **** *
 207:.\Generated_Source\PSoC5/WaveDAC_1.c **** * Summary:
 208:.\Generated_Source\PSoC5/WaveDAC_1.c **** *  Sets pointer and size for waveform 1.                                    
 209:.\Generated_Source\PSoC5/WaveDAC_1.c **** *
 210:.\Generated_Source\PSoC5/WaveDAC_1.c **** * Parameters:  
 211:.\Generated_Source\PSoC5/WaveDAC_1.c **** *  uint8 * WavePtr:     Pointer to the waveform array.
 212:.\Generated_Source\PSoC5/WaveDAC_1.c **** *  uint16  SampleSize:  The amount of samples in the waveform.
 213:.\Generated_Source\PSoC5/WaveDAC_1.c **** *
 214:.\Generated_Source\PSoC5/WaveDAC_1.c **** * Return: 
 215:.\Generated_Source\PSoC5/WaveDAC_1.c **** *  None 
 216:.\Generated_Source\PSoC5/WaveDAC_1.c **** *
 217:.\Generated_Source\PSoC5/WaveDAC_1.c **** *******************************************************************************/
 218:.\Generated_Source\PSoC5/WaveDAC_1.c **** void WaveDAC_1_Wave1Setup(const uint8 * wavePtr, uint16 sampleSize)
 219:.\Generated_Source\PSoC5/WaveDAC_1.c **** 
 220:.\Generated_Source\PSoC5/WaveDAC_1.c **** {
 486              		.loc 1 220 0
 487              		.cfi_startproc
 488              		@ args = 0, pretend = 0, frame = 8
 489              		@ frame_needed = 1, uses_anonymous_args = 0
 490 0000 80B5     		push	{r7, lr}
 491              		.cfi_def_cfa_offset 8
 492              		.cfi_offset 7, -8
 493              		.cfi_offset 14, -4
 494 0002 82B0     		sub	sp, sp, #8
 495              		.cfi_def_cfa_offset 16
 496 0004 00AF     		add	r7, sp, #0
 497              		.cfi_def_cfa_register 7
 498 0006 7860     		str	r0, [r7, #4]
 499 0008 0B46     		mov	r3, r1
 500 000a 7B80     		strh	r3, [r7, #2]	@ movhi
 221:.\Generated_Source\PSoC5/WaveDAC_1.c **** 	#if (CY_PSOC3)
 222:.\Generated_Source\PSoC5/WaveDAC_1.c **** 		uint16 memoryType; /* determining the source memory type */
 223:.\Generated_Source\PSoC5/WaveDAC_1.c **** 		memoryType = (WaveDAC_1_HI16FLASHPTR == HI16(wavePtr)) ? HI16(CYDEV_FLS_BASE) : HI16(CYDEV_SRAM_B
 224:.\Generated_Source\PSoC5/WaveDAC_1.c **** 		
 225:.\Generated_Source\PSoC5/WaveDAC_1.c **** 		WaveDAC_1_Wave1Chan = WaveDAC_1_Wave1_DMA_DmaInitialize(
 226:.\Generated_Source\PSoC5/WaveDAC_1.c **** 		WaveDAC_1_Wave1_DMA_BYTES_PER_BURST, WaveDAC_1_Wave1_DMA_REQUEST_PER_BURST,
 227:.\Generated_Source\PSoC5/WaveDAC_1.c **** 		memoryType, HI16(CYDEV_PERIPH_BASE));
 228:.\Generated_Source\PSoC5/WaveDAC_1.c **** 	#else /* PSoC 5 */
 229:.\Generated_Source\PSoC5/WaveDAC_1.c **** 		WaveDAC_1_Wave1Chan = WaveDAC_1_Wave1_DMA_DmaInitialize(
 230:.\Generated_Source\PSoC5/WaveDAC_1.c **** 		WaveDAC_1_Wave1_DMA_BYTES_PER_BURST, WaveDAC_1_Wave1_DMA_REQUEST_PER_BURST,
 231:.\Generated_Source\PSoC5/WaveDAC_1.c **** 		HI16(wavePtr), HI16(WaveDAC_1_DAC8__D));
 501              		.loc 1 231 0
 502 000c 7B68     		ldr	r3, [r7, #4]
 503 000e 1B0C     		lsrs	r3, r3, #16
 229:.\Generated_Source\PSoC5/WaveDAC_1.c **** 		WaveDAC_1_Wave1_DMA_BYTES_PER_BURST, WaveDAC_1_Wave1_DMA_REQUEST_PER_BURST,
 504              		.loc 1 229 0
 505 0010 9BB2     		uxth	r3, r3
 506 0012 0120     		movs	r0, #1
 507 0014 0121     		movs	r1, #1
 508 0016 1A46     		mov	r2, r3
 509 0018 4FF48043 		mov	r3, #16384
ARM GAS  C:\Users\jthem\AppData\Local\Temp\ccxgQVsz.s 			page 14


 510 001c FFF7FEFF 		bl	WaveDAC_1_Wave1_DMA_DmaInitialize
 511 0020 0346     		mov	r3, r0
 512 0022 1A46     		mov	r2, r3
 513 0024 104B     		ldr	r3, .L16
 514 0026 1A70     		strb	r2, [r3]
 232:.\Generated_Source\PSoC5/WaveDAC_1.c **** 	#endif /* CY_PSOC3 */
 233:.\Generated_Source\PSoC5/WaveDAC_1.c **** 	
 234:.\Generated_Source\PSoC5/WaveDAC_1.c **** 	/*
 235:.\Generated_Source\PSoC5/WaveDAC_1.c **** 	* TD is looping on itself. 
 236:.\Generated_Source\PSoC5/WaveDAC_1.c ****     * Increment the source address, but not the destination address. 
 237:.\Generated_Source\PSoC5/WaveDAC_1.c **** 	*/
 238:.\Generated_Source\PSoC5/WaveDAC_1.c **** 	(void)CyDmaTdSetConfiguration(WaveDAC_1_Wave1TD, sampleSize, WaveDAC_1_Wave1TD, 
 515              		.loc 1 238 0
 516 0028 104B     		ldr	r3, .L16+4
 517 002a 1978     		ldrb	r1, [r3]	@ zero_extendqisi2
 518 002c 0F4B     		ldr	r3, .L16+4
 519 002e 1B78     		ldrb	r3, [r3]	@ zero_extendqisi2
 520 0030 7A88     		ldrh	r2, [r7, #2]
 521 0032 0846     		mov	r0, r1
 522 0034 1146     		mov	r1, r2
 523 0036 1A46     		mov	r2, r3
 524 0038 0123     		movs	r3, #1
 525 003a FFF7FEFF 		bl	CyDmaTdSetConfiguration
 239:.\Generated_Source\PSoC5/WaveDAC_1.c ****                                     (uint8)CY_DMA_TD_INC_SRC_ADR | (uint8)WaveDAC_1_Wave1_DMA__TD_T
 240:.\Generated_Source\PSoC5/WaveDAC_1.c **** 	
 241:.\Generated_Source\PSoC5/WaveDAC_1.c **** 	/* Set the TD source and destination address */
 242:.\Generated_Source\PSoC5/WaveDAC_1.c **** 	(void)CyDmaTdSetAddress(WaveDAC_1_Wave1TD, LO16((uint32)wavePtr), LO16(WaveDAC_1_DAC8__D));
 526              		.loc 1 242 0
 527 003e 0B4B     		ldr	r3, .L16+4
 528 0040 1A78     		ldrb	r2, [r3]	@ zero_extendqisi2
 529 0042 7B68     		ldr	r3, [r7, #4]
 530 0044 9BB2     		uxth	r3, r3
 531 0046 1046     		mov	r0, r2
 532 0048 1946     		mov	r1, r3
 533 004a 45F68232 		movw	r2, #23426
 534 004e FFF7FEFF 		bl	CyDmaTdSetAddress
 243:.\Generated_Source\PSoC5/WaveDAC_1.c **** 	
 244:.\Generated_Source\PSoC5/WaveDAC_1.c **** 	/* Associate the TD with the channel */
 245:.\Generated_Source\PSoC5/WaveDAC_1.c **** 	(void)CyDmaChSetInitialTd(WaveDAC_1_Wave1Chan, WaveDAC_1_Wave1TD);
 535              		.loc 1 245 0
 536 0052 054B     		ldr	r3, .L16
 537 0054 1A78     		ldrb	r2, [r3]	@ zero_extendqisi2
 538 0056 054B     		ldr	r3, .L16+4
 539 0058 1B78     		ldrb	r3, [r3]	@ zero_extendqisi2
 540 005a 1046     		mov	r0, r2
 541 005c 1946     		mov	r1, r3
 542 005e FFF7FEFF 		bl	CyDmaChSetInitialTd
 246:.\Generated_Source\PSoC5/WaveDAC_1.c **** }
 543              		.loc 1 246 0
 544 0062 0837     		adds	r7, r7, #8
 545              		.cfi_def_cfa_offset 8
 546 0064 BD46     		mov	sp, r7
 547              		.cfi_def_cfa_register 13
 548              		@ sp needed
 549 0066 80BD     		pop	{r7, pc}
 550              	.L17:
 551              		.align	2
ARM GAS  C:\Users\jthem\AppData\Local\Temp\ccxgQVsz.s 			page 15


 552              	.L16:
 553 0068 01000000 		.word	WaveDAC_1_Wave1Chan
 554 006c 03000000 		.word	WaveDAC_1_Wave1TD
 555              		.cfi_endproc
 556              	.LFE5:
 557              		.size	WaveDAC_1_Wave1Setup, .-WaveDAC_1_Wave1Setup
 558              		.section	.text.WaveDAC_1_Wave2Setup,"ax",%progbits
 559              		.align	2
 560              		.global	WaveDAC_1_Wave2Setup
 561              		.thumb
 562              		.thumb_func
 563              		.type	WaveDAC_1_Wave2Setup, %function
 564              	WaveDAC_1_Wave2Setup:
 565              	.LFB6:
 247:.\Generated_Source\PSoC5/WaveDAC_1.c **** 
 248:.\Generated_Source\PSoC5/WaveDAC_1.c **** 
 249:.\Generated_Source\PSoC5/WaveDAC_1.c **** /*******************************************************************************
 250:.\Generated_Source\PSoC5/WaveDAC_1.c **** * Function Name: WaveDAC_1_Wave2Setup
 251:.\Generated_Source\PSoC5/WaveDAC_1.c **** ********************************************************************************
 252:.\Generated_Source\PSoC5/WaveDAC_1.c **** *
 253:.\Generated_Source\PSoC5/WaveDAC_1.c **** * Summary:
 254:.\Generated_Source\PSoC5/WaveDAC_1.c **** *  Sets pointer and size for waveform 2.                                    
 255:.\Generated_Source\PSoC5/WaveDAC_1.c **** *
 256:.\Generated_Source\PSoC5/WaveDAC_1.c **** * Parameters:  
 257:.\Generated_Source\PSoC5/WaveDAC_1.c **** *  uint8 * WavePtr:     Pointer to the waveform array.
 258:.\Generated_Source\PSoC5/WaveDAC_1.c **** *  uint16  SampleSize:  The amount of samples in the waveform.
 259:.\Generated_Source\PSoC5/WaveDAC_1.c **** *
 260:.\Generated_Source\PSoC5/WaveDAC_1.c **** * Return: 
 261:.\Generated_Source\PSoC5/WaveDAC_1.c **** *  None
 262:.\Generated_Source\PSoC5/WaveDAC_1.c **** *
 263:.\Generated_Source\PSoC5/WaveDAC_1.c **** *******************************************************************************/
 264:.\Generated_Source\PSoC5/WaveDAC_1.c **** void WaveDAC_1_Wave2Setup(const uint8 * wavePtr, uint16 sampleSize)
 265:.\Generated_Source\PSoC5/WaveDAC_1.c ****  
 266:.\Generated_Source\PSoC5/WaveDAC_1.c **** {
 566              		.loc 1 266 0
 567              		.cfi_startproc
 568              		@ args = 0, pretend = 0, frame = 8
 569              		@ frame_needed = 1, uses_anonymous_args = 0
 570 0000 80B5     		push	{r7, lr}
 571              		.cfi_def_cfa_offset 8
 572              		.cfi_offset 7, -8
 573              		.cfi_offset 14, -4
 574 0002 82B0     		sub	sp, sp, #8
 575              		.cfi_def_cfa_offset 16
 576 0004 00AF     		add	r7, sp, #0
 577              		.cfi_def_cfa_register 7
 578 0006 7860     		str	r0, [r7, #4]
 579 0008 0B46     		mov	r3, r1
 580 000a 7B80     		strh	r3, [r7, #2]	@ movhi
 267:.\Generated_Source\PSoC5/WaveDAC_1.c **** 	#if (CY_PSOC3)
 268:.\Generated_Source\PSoC5/WaveDAC_1.c **** 		uint16 memoryType; /* determining the source memory type */
 269:.\Generated_Source\PSoC5/WaveDAC_1.c **** 		memoryType = (WaveDAC_1_HI16FLASHPTR == HI16(wavePtr)) ? HI16(CYDEV_FLS_BASE) : HI16(CYDEV_SRAM_B
 270:.\Generated_Source\PSoC5/WaveDAC_1.c **** 			
 271:.\Generated_Source\PSoC5/WaveDAC_1.c **** 		WaveDAC_1_Wave2Chan = WaveDAC_1_Wave2_DMA_DmaInitialize(
 272:.\Generated_Source\PSoC5/WaveDAC_1.c **** 		WaveDAC_1_Wave2_DMA_BYTES_PER_BURST, WaveDAC_1_Wave2_DMA_REQUEST_PER_BURST,
 273:.\Generated_Source\PSoC5/WaveDAC_1.c **** 		memoryType, HI16(CYDEV_PERIPH_BASE));
 274:.\Generated_Source\PSoC5/WaveDAC_1.c **** 	#else /* PSoC 5 */
ARM GAS  C:\Users\jthem\AppData\Local\Temp\ccxgQVsz.s 			page 16


 275:.\Generated_Source\PSoC5/WaveDAC_1.c **** 		WaveDAC_1_Wave2Chan = WaveDAC_1_Wave2_DMA_DmaInitialize(
 276:.\Generated_Source\PSoC5/WaveDAC_1.c **** 		WaveDAC_1_Wave2_DMA_BYTES_PER_BURST, WaveDAC_1_Wave2_DMA_REQUEST_PER_BURST,
 277:.\Generated_Source\PSoC5/WaveDAC_1.c **** 		HI16(wavePtr), HI16(WaveDAC_1_DAC8__D));
 581              		.loc 1 277 0
 582 000c 7B68     		ldr	r3, [r7, #4]
 583 000e 1B0C     		lsrs	r3, r3, #16
 275:.\Generated_Source\PSoC5/WaveDAC_1.c **** 		WaveDAC_1_Wave2_DMA_BYTES_PER_BURST, WaveDAC_1_Wave2_DMA_REQUEST_PER_BURST,
 584              		.loc 1 275 0
 585 0010 9BB2     		uxth	r3, r3
 586 0012 0120     		movs	r0, #1
 587 0014 0121     		movs	r1, #1
 588 0016 1A46     		mov	r2, r3
 589 0018 4FF48043 		mov	r3, #16384
 590 001c FFF7FEFF 		bl	WaveDAC_1_Wave2_DMA_DmaInitialize
 591 0020 0346     		mov	r3, r0
 592 0022 1A46     		mov	r2, r3
 593 0024 104B     		ldr	r3, .L19
 594 0026 1A70     		strb	r2, [r3]
 278:.\Generated_Source\PSoC5/WaveDAC_1.c **** 	#endif /* CY_PSOC3 */
 279:.\Generated_Source\PSoC5/WaveDAC_1.c **** 	
 280:.\Generated_Source\PSoC5/WaveDAC_1.c **** 	/*
 281:.\Generated_Source\PSoC5/WaveDAC_1.c **** 	* TD is looping on itself. 
 282:.\Generated_Source\PSoC5/WaveDAC_1.c **** 	* Increment the source address, but not the destination address. 
 283:.\Generated_Source\PSoC5/WaveDAC_1.c **** 	*/
 284:.\Generated_Source\PSoC5/WaveDAC_1.c **** 	(void)CyDmaTdSetConfiguration(WaveDAC_1_Wave2TD, sampleSize, WaveDAC_1_Wave2TD, 
 595              		.loc 1 284 0
 596 0028 104B     		ldr	r3, .L19+4
 597 002a 1978     		ldrb	r1, [r3]	@ zero_extendqisi2
 598 002c 0F4B     		ldr	r3, .L19+4
 599 002e 1B78     		ldrb	r3, [r3]	@ zero_extendqisi2
 600 0030 7A88     		ldrh	r2, [r7, #2]
 601 0032 0846     		mov	r0, r1
 602 0034 1146     		mov	r1, r2
 603 0036 1A46     		mov	r2, r3
 604 0038 0123     		movs	r3, #1
 605 003a FFF7FEFF 		bl	CyDmaTdSetConfiguration
 285:.\Generated_Source\PSoC5/WaveDAC_1.c ****                                     (uint8)CY_DMA_TD_INC_SRC_ADR | (uint8)WaveDAC_1_Wave2_DMA__TD_T
 286:.\Generated_Source\PSoC5/WaveDAC_1.c **** 	
 287:.\Generated_Source\PSoC5/WaveDAC_1.c **** 	/* Set the TD source and destination address */
 288:.\Generated_Source\PSoC5/WaveDAC_1.c **** 	(void)CyDmaTdSetAddress(WaveDAC_1_Wave2TD, LO16((uint32)wavePtr), LO16(WaveDAC_1_DAC8__D));
 606              		.loc 1 288 0
 607 003e 0B4B     		ldr	r3, .L19+4
 608 0040 1A78     		ldrb	r2, [r3]	@ zero_extendqisi2
 609 0042 7B68     		ldr	r3, [r7, #4]
 610 0044 9BB2     		uxth	r3, r3
 611 0046 1046     		mov	r0, r2
 612 0048 1946     		mov	r1, r3
 613 004a 45F68232 		movw	r2, #23426
 614 004e FFF7FEFF 		bl	CyDmaTdSetAddress
 289:.\Generated_Source\PSoC5/WaveDAC_1.c **** 	
 290:.\Generated_Source\PSoC5/WaveDAC_1.c **** 	/* Associate the TD with the channel */
 291:.\Generated_Source\PSoC5/WaveDAC_1.c **** 	(void)CyDmaChSetInitialTd(WaveDAC_1_Wave2Chan, WaveDAC_1_Wave2TD);
 615              		.loc 1 291 0
 616 0052 054B     		ldr	r3, .L19
 617 0054 1A78     		ldrb	r2, [r3]	@ zero_extendqisi2
 618 0056 054B     		ldr	r3, .L19+4
 619 0058 1B78     		ldrb	r3, [r3]	@ zero_extendqisi2
ARM GAS  C:\Users\jthem\AppData\Local\Temp\ccxgQVsz.s 			page 17


 620 005a 1046     		mov	r0, r2
 621 005c 1946     		mov	r1, r3
 622 005e FFF7FEFF 		bl	CyDmaChSetInitialTd
 292:.\Generated_Source\PSoC5/WaveDAC_1.c **** }
 623              		.loc 1 292 0
 624 0062 0837     		adds	r7, r7, #8
 625              		.cfi_def_cfa_offset 8
 626 0064 BD46     		mov	sp, r7
 627              		.cfi_def_cfa_register 13
 628              		@ sp needed
 629 0066 80BD     		pop	{r7, pc}
 630              	.L20:
 631              		.align	2
 632              	.L19:
 633 0068 02000000 		.word	WaveDAC_1_Wave2Chan
 634 006c 04000000 		.word	WaveDAC_1_Wave2TD
 635              		.cfi_endproc
 636              	.LFE6:
 637              		.size	WaveDAC_1_Wave2Setup, .-WaveDAC_1_Wave2Setup
 638              		.text
 639              	.Letext0:
 640              		.file 2 ".\\Generated_Source\\PSoC5\\cytypes.h"
 641              		.section	.debug_info,"",%progbits
 642              	.Ldebug_info0:
 643 0000 3D020000 		.4byte	0x23d
 644 0004 0400     		.2byte	0x4
 645 0006 00000000 		.4byte	.Ldebug_abbrev0
 646 000a 04       		.byte	0x4
 647 000b 01       		.uleb128 0x1
 648 000c E3010000 		.4byte	.LASF36
 649 0010 01       		.byte	0x1
 650 0011 FD000000 		.4byte	.LASF37
 651 0015 71020000 		.4byte	.LASF38
 652 0019 00000000 		.4byte	.Ldebug_ranges0+0
 653 001d 00000000 		.4byte	0
 654 0021 00000000 		.4byte	.Ldebug_line0
 655 0025 02       		.uleb128 0x2
 656 0026 01       		.byte	0x1
 657 0027 06       		.byte	0x6
 658 0028 CB020000 		.4byte	.LASF0
 659 002c 02       		.uleb128 0x2
 660 002d 01       		.byte	0x1
 661 002e 08       		.byte	0x8
 662 002f EF000000 		.4byte	.LASF1
 663 0033 02       		.uleb128 0x2
 664 0034 02       		.byte	0x2
 665 0035 05       		.byte	0x5
 666 0036 B8020000 		.4byte	.LASF2
 667 003a 02       		.uleb128 0x2
 668 003b 02       		.byte	0x2
 669 003c 07       		.byte	0x7
 670 003d 21000000 		.4byte	.LASF3
 671 0041 02       		.uleb128 0x2
 672 0042 04       		.byte	0x4
 673 0043 05       		.byte	0x5
 674 0044 C2020000 		.4byte	.LASF4
 675 0048 02       		.uleb128 0x2
ARM GAS  C:\Users\jthem\AppData\Local\Temp\ccxgQVsz.s 			page 18


 676 0049 04       		.byte	0x4
 677 004a 07       		.byte	0x7
 678 004b B1000000 		.4byte	.LASF5
 679 004f 02       		.uleb128 0x2
 680 0050 08       		.byte	0x8
 681 0051 05       		.byte	0x5
 682 0052 C1010000 		.4byte	.LASF6
 683 0056 02       		.uleb128 0x2
 684 0057 08       		.byte	0x8
 685 0058 07       		.byte	0x7
 686 0059 6D010000 		.4byte	.LASF7
 687 005d 03       		.uleb128 0x3
 688 005e 04       		.byte	0x4
 689 005f 05       		.byte	0x5
 690 0060 696E7400 		.ascii	"int\000"
 691 0064 02       		.uleb128 0x2
 692 0065 04       		.byte	0x4
 693 0066 07       		.byte	0x7
 694 0067 60010000 		.4byte	.LASF8
 695 006b 04       		.uleb128 0x4
 696 006c CB000000 		.4byte	.LASF9
 697 0070 02       		.byte	0x2
 698 0071 3801     		.2byte	0x138
 699 0073 2C000000 		.4byte	0x2c
 700 0077 04       		.uleb128 0x4
 701 0078 3D010000 		.4byte	.LASF10
 702 007c 02       		.byte	0x2
 703 007d 3901     		.2byte	0x139
 704 007f 3A000000 		.4byte	0x3a
 705 0083 04       		.uleb128 0x4
 706 0084 44010000 		.4byte	.LASF11
 707 0088 02       		.byte	0x2
 708 0089 3A01     		.2byte	0x13a
 709 008b 48000000 		.4byte	0x48
 710 008f 02       		.uleb128 0x2
 711 0090 04       		.byte	0x4
 712 0091 04       		.byte	0x4
 713 0092 6F000000 		.4byte	.LASF12
 714 0096 02       		.uleb128 0x2
 715 0097 08       		.byte	0x8
 716 0098 04       		.byte	0x4
 717 0099 36010000 		.4byte	.LASF13
 718 009d 02       		.uleb128 0x2
 719 009e 01       		.byte	0x1
 720 009f 08       		.byte	0x8
 721 00a0 DE010000 		.4byte	.LASF14
 722 00a4 02       		.uleb128 0x2
 723 00a5 04       		.byte	0x4
 724 00a6 07       		.byte	0x7
 725 00a7 B8010000 		.4byte	.LASF15
 726 00ab 05       		.uleb128 0x5
 727 00ac CF010000 		.4byte	.LASF16
 728 00b0 01       		.byte	0x1
 729 00b1 2B       		.byte	0x2b
 730 00b2 00000000 		.4byte	.LFB0
 731 00b6 50000000 		.4byte	.LFE0-.LFB0
 732 00ba 01       		.uleb128 0x1
ARM GAS  C:\Users\jthem\AppData\Local\Temp\ccxgQVsz.s 			page 19


 733 00bb 9C       		.byte	0x9c
 734 00bc 05       		.uleb128 0x5
 735 00bd A0000000 		.4byte	.LASF17
 736 00c1 01       		.byte	0x1
 737 00c2 56       		.byte	0x56
 738 00c3 00000000 		.4byte	.LFB1
 739 00c7 30000000 		.4byte	.LFE1-.LFB1
 740 00cb 01       		.uleb128 0x1
 741 00cc 9C       		.byte	0x9c
 742 00cd 05       		.uleb128 0x5
 743 00ce 96010000 		.4byte	.LASF18
 744 00d2 01       		.byte	0x1
 745 00d3 81       		.byte	0x81
 746 00d4 00000000 		.4byte	.LFB2
 747 00d8 20000000 		.4byte	.LFE2-.LFB2
 748 00dc 01       		.uleb128 0x1
 749 00dd 9C       		.byte	0x9c
 750 00de 06       		.uleb128 0x6
 751 00df 84010000 		.4byte	.LASF24
 752 00e3 01       		.byte	0x1
 753 00e4 A3       		.byte	0xa3
 754 00e5 00000000 		.4byte	.LFB3
 755 00e9 32000000 		.4byte	.LFE3-.LFB3
 756 00ed 01       		.uleb128 0x1
 757 00ee 9C       		.byte	0x9c
 758 00ef 2C010000 		.4byte	0x12c
 759 00f3 07       		.uleb128 0x7
 760 00f4 5D000000 		.4byte	.LASF19
 761 00f8 01       		.byte	0x1
 762 00f9 A3       		.byte	0xa3
 763 00fa 2C010000 		.4byte	0x12c
 764 00fe 02       		.uleb128 0x2
 765 00ff 91       		.byte	0x91
 766 0100 74       		.sleb128 -12
 767 0101 07       		.uleb128 0x7
 768 0102 D7020000 		.4byte	.LASF20
 769 0106 01       		.byte	0x1
 770 0107 A3       		.byte	0xa3
 771 0108 77000000 		.4byte	0x77
 772 010c 02       		.uleb128 0x2
 773 010d 91       		.byte	0x91
 774 010e 72       		.sleb128 -14
 775 010f 07       		.uleb128 0x7
 776 0110 66000000 		.4byte	.LASF21
 777 0114 01       		.byte	0x1
 778 0115 A3       		.byte	0xa3
 779 0116 2C010000 		.4byte	0x12c
 780 011a 02       		.uleb128 0x2
 781 011b 91       		.byte	0x91
 782 011c 6C       		.sleb128 -20
 783 011d 07       		.uleb128 0x7
 784 011e E3000000 		.4byte	.LASF22
 785 0122 01       		.byte	0x1
 786 0123 A3       		.byte	0xa3
 787 0124 77000000 		.4byte	0x77
 788 0128 02       		.uleb128 0x2
 789 0129 91       		.byte	0x91
ARM GAS  C:\Users\jthem\AppData\Local\Temp\ccxgQVsz.s 			page 20


 790 012a 70       		.sleb128 -16
 791 012b 00       		.byte	0
 792 012c 08       		.uleb128 0x8
 793 012d 04       		.byte	0x4
 794 012e 32010000 		.4byte	0x132
 795 0132 09       		.uleb128 0x9
 796 0133 6B000000 		.4byte	0x6b
 797 0137 05       		.uleb128 0x5
 798 0138 12000000 		.4byte	.LASF23
 799 013c 01       		.byte	0x1
 800 013d BB       		.byte	0xbb
 801 013e 00000000 		.4byte	.LFB4
 802 0142 28000000 		.4byte	.LFE4-.LFB4
 803 0146 01       		.uleb128 0x1
 804 0147 9C       		.byte	0x9c
 805 0148 06       		.uleb128 0x6
 806 0149 34000000 		.4byte	.LASF25
 807 014d 01       		.byte	0x1
 808 014e DA       		.byte	0xda
 809 014f 00000000 		.4byte	.LFB5
 810 0153 70000000 		.4byte	.LFE5-.LFB5
 811 0157 01       		.uleb128 0x1
 812 0158 9C       		.byte	0x9c
 813 0159 7A010000 		.4byte	0x17a
 814 015d 07       		.uleb128 0x7
 815 015e C3000000 		.4byte	.LASF26
 816 0162 01       		.byte	0x1
 817 0163 DA       		.byte	0xda
 818 0164 2C010000 		.4byte	0x12c
 819 0168 02       		.uleb128 0x2
 820 0169 91       		.byte	0x91
 821 016a 74       		.sleb128 -12
 822 016b 07       		.uleb128 0x7
 823 016c 95000000 		.4byte	.LASF27
 824 0170 01       		.byte	0x1
 825 0171 DA       		.byte	0xda
 826 0172 77000000 		.4byte	0x77
 827 0176 02       		.uleb128 0x2
 828 0177 91       		.byte	0x91
 829 0178 72       		.sleb128 -14
 830 0179 00       		.byte	0
 831 017a 0A       		.uleb128 0xa
 832 017b 4B010000 		.4byte	.LASF28
 833 017f 01       		.byte	0x1
 834 0180 0801     		.2byte	0x108
 835 0182 00000000 		.4byte	.LFB6
 836 0186 70000000 		.4byte	.LFE6-.LFB6
 837 018a 01       		.uleb128 0x1
 838 018b 9C       		.byte	0x9c
 839 018c AF010000 		.4byte	0x1af
 840 0190 0B       		.uleb128 0xb
 841 0191 C3000000 		.4byte	.LASF26
 842 0195 01       		.byte	0x1
 843 0196 0801     		.2byte	0x108
 844 0198 2C010000 		.4byte	0x12c
 845 019c 02       		.uleb128 0x2
 846 019d 91       		.byte	0x91
ARM GAS  C:\Users\jthem\AppData\Local\Temp\ccxgQVsz.s 			page 21


 847 019e 74       		.sleb128 -12
 848 019f 0B       		.uleb128 0xb
 849 01a0 95000000 		.4byte	.LASF27
 850 01a4 01       		.byte	0x1
 851 01a5 0801     		.2byte	0x108
 852 01a7 77000000 		.4byte	0x77
 853 01ab 02       		.uleb128 0x2
 854 01ac 91       		.byte	0x91
 855 01ad 72       		.sleb128 -14
 856 01ae 00       		.byte	0
 857 01af 0C       		.uleb128 0xc
 858 01b0 49000000 		.4byte	.LASF29
 859 01b4 01       		.byte	0x1
 860 01b5 17       		.byte	0x17
 861 01b6 6B000000 		.4byte	0x6b
 862 01ba 05       		.uleb128 0x5
 863 01bb 03       		.byte	0x3
 864 01bc 01000000 		.4byte	WaveDAC_1_Wave1Chan
 865 01c0 0C       		.uleb128 0xc
 866 01c1 22010000 		.4byte	.LASF30
 867 01c5 01       		.byte	0x1
 868 01c6 18       		.byte	0x18
 869 01c7 6B000000 		.4byte	0x6b
 870 01cb 05       		.uleb128 0x5
 871 01cc 03       		.byte	0x3
 872 01cd 02000000 		.4byte	WaveDAC_1_Wave2Chan
 873 01d1 0C       		.uleb128 0xc
 874 01d2 A6010000 		.4byte	.LASF31
 875 01d6 01       		.byte	0x1
 876 01d7 19       		.byte	0x19
 877 01d8 6B000000 		.4byte	0x6b
 878 01dc 05       		.uleb128 0x5
 879 01dd 03       		.byte	0x3
 880 01de 03000000 		.4byte	WaveDAC_1_Wave1TD
 881 01e2 0C       		.uleb128 0xc
 882 01e3 00000000 		.4byte	.LASF32
 883 01e7 01       		.byte	0x1
 884 01e8 1A       		.byte	0x1a
 885 01e9 6B000000 		.4byte	0x6b
 886 01ed 05       		.uleb128 0x5
 887 01ee 03       		.byte	0x3
 888 01ef 04000000 		.4byte	WaveDAC_1_Wave2TD
 889 01f3 0D       		.uleb128 0xd
 890 01f4 D1000000 		.4byte	.LASF33
 891 01f8 01       		.byte	0x1
 892 01f9 12       		.byte	0x12
 893 01fa 6B000000 		.4byte	0x6b
 894 01fe 05       		.uleb128 0x5
 895 01ff 03       		.byte	0x3
 896 0200 00000000 		.4byte	WaveDAC_1_initVar
 897 0204 0E       		.uleb128 0xe
 898 0205 6B000000 		.4byte	0x6b
 899 0209 14020000 		.4byte	0x214
 900 020d 0F       		.uleb128 0xf
 901 020e A4000000 		.4byte	0xa4
 902 0212 63       		.byte	0x63
 903 0213 00       		.byte	0
ARM GAS  C:\Users\jthem\AppData\Local\Temp\ccxgQVsz.s 			page 22


 904 0214 0D       		.uleb128 0xd
 905 0215 75000000 		.4byte	.LASF34
 906 0219 01       		.byte	0x1
 907 021a 14       		.byte	0x14
 908 021b 25020000 		.4byte	0x225
 909 021f 05       		.uleb128 0x5
 910 0220 03       		.byte	0x3
 911 0221 00000000 		.4byte	WaveDAC_1_wave1
 912 0225 09       		.uleb128 0x9
 913 0226 04020000 		.4byte	0x204
 914 022a 0D       		.uleb128 0xd
 915 022b 85000000 		.4byte	.LASF35
 916 022f 01       		.byte	0x1
 917 0230 15       		.byte	0x15
 918 0231 3B020000 		.4byte	0x23b
 919 0235 05       		.uleb128 0x5
 920 0236 03       		.byte	0x3
 921 0237 00000000 		.4byte	WaveDAC_1_wave2
 922 023b 09       		.uleb128 0x9
 923 023c 04020000 		.4byte	0x204
 924 0240 00       		.byte	0
 925              		.section	.debug_abbrev,"",%progbits
 926              	.Ldebug_abbrev0:
 927 0000 01       		.uleb128 0x1
 928 0001 11       		.uleb128 0x11
 929 0002 01       		.byte	0x1
 930 0003 25       		.uleb128 0x25
 931 0004 0E       		.uleb128 0xe
 932 0005 13       		.uleb128 0x13
 933 0006 0B       		.uleb128 0xb
 934 0007 03       		.uleb128 0x3
 935 0008 0E       		.uleb128 0xe
 936 0009 1B       		.uleb128 0x1b
 937 000a 0E       		.uleb128 0xe
 938 000b 55       		.uleb128 0x55
 939 000c 17       		.uleb128 0x17
 940 000d 11       		.uleb128 0x11
 941 000e 01       		.uleb128 0x1
 942 000f 10       		.uleb128 0x10
 943 0010 17       		.uleb128 0x17
 944 0011 00       		.byte	0
 945 0012 00       		.byte	0
 946 0013 02       		.uleb128 0x2
 947 0014 24       		.uleb128 0x24
 948 0015 00       		.byte	0
 949 0016 0B       		.uleb128 0xb
 950 0017 0B       		.uleb128 0xb
 951 0018 3E       		.uleb128 0x3e
 952 0019 0B       		.uleb128 0xb
 953 001a 03       		.uleb128 0x3
 954 001b 0E       		.uleb128 0xe
 955 001c 00       		.byte	0
 956 001d 00       		.byte	0
 957 001e 03       		.uleb128 0x3
 958 001f 24       		.uleb128 0x24
 959 0020 00       		.byte	0
 960 0021 0B       		.uleb128 0xb
ARM GAS  C:\Users\jthem\AppData\Local\Temp\ccxgQVsz.s 			page 23


 961 0022 0B       		.uleb128 0xb
 962 0023 3E       		.uleb128 0x3e
 963 0024 0B       		.uleb128 0xb
 964 0025 03       		.uleb128 0x3
 965 0026 08       		.uleb128 0x8
 966 0027 00       		.byte	0
 967 0028 00       		.byte	0
 968 0029 04       		.uleb128 0x4
 969 002a 16       		.uleb128 0x16
 970 002b 00       		.byte	0
 971 002c 03       		.uleb128 0x3
 972 002d 0E       		.uleb128 0xe
 973 002e 3A       		.uleb128 0x3a
 974 002f 0B       		.uleb128 0xb
 975 0030 3B       		.uleb128 0x3b
 976 0031 05       		.uleb128 0x5
 977 0032 49       		.uleb128 0x49
 978 0033 13       		.uleb128 0x13
 979 0034 00       		.byte	0
 980 0035 00       		.byte	0
 981 0036 05       		.uleb128 0x5
 982 0037 2E       		.uleb128 0x2e
 983 0038 00       		.byte	0
 984 0039 3F       		.uleb128 0x3f
 985 003a 19       		.uleb128 0x19
 986 003b 03       		.uleb128 0x3
 987 003c 0E       		.uleb128 0xe
 988 003d 3A       		.uleb128 0x3a
 989 003e 0B       		.uleb128 0xb
 990 003f 3B       		.uleb128 0x3b
 991 0040 0B       		.uleb128 0xb
 992 0041 27       		.uleb128 0x27
 993 0042 19       		.uleb128 0x19
 994 0043 11       		.uleb128 0x11
 995 0044 01       		.uleb128 0x1
 996 0045 12       		.uleb128 0x12
 997 0046 06       		.uleb128 0x6
 998 0047 40       		.uleb128 0x40
 999 0048 18       		.uleb128 0x18
 1000 0049 9642     		.uleb128 0x2116
 1001 004b 19       		.uleb128 0x19
 1002 004c 00       		.byte	0
 1003 004d 00       		.byte	0
 1004 004e 06       		.uleb128 0x6
 1005 004f 2E       		.uleb128 0x2e
 1006 0050 01       		.byte	0x1
 1007 0051 3F       		.uleb128 0x3f
 1008 0052 19       		.uleb128 0x19
 1009 0053 03       		.uleb128 0x3
 1010 0054 0E       		.uleb128 0xe
 1011 0055 3A       		.uleb128 0x3a
 1012 0056 0B       		.uleb128 0xb
 1013 0057 3B       		.uleb128 0x3b
 1014 0058 0B       		.uleb128 0xb
 1015 0059 27       		.uleb128 0x27
 1016 005a 19       		.uleb128 0x19
 1017 005b 11       		.uleb128 0x11
ARM GAS  C:\Users\jthem\AppData\Local\Temp\ccxgQVsz.s 			page 24


 1018 005c 01       		.uleb128 0x1
 1019 005d 12       		.uleb128 0x12
 1020 005e 06       		.uleb128 0x6
 1021 005f 40       		.uleb128 0x40
 1022 0060 18       		.uleb128 0x18
 1023 0061 9642     		.uleb128 0x2116
 1024 0063 19       		.uleb128 0x19
 1025 0064 01       		.uleb128 0x1
 1026 0065 13       		.uleb128 0x13
 1027 0066 00       		.byte	0
 1028 0067 00       		.byte	0
 1029 0068 07       		.uleb128 0x7
 1030 0069 05       		.uleb128 0x5
 1031 006a 00       		.byte	0
 1032 006b 03       		.uleb128 0x3
 1033 006c 0E       		.uleb128 0xe
 1034 006d 3A       		.uleb128 0x3a
 1035 006e 0B       		.uleb128 0xb
 1036 006f 3B       		.uleb128 0x3b
 1037 0070 0B       		.uleb128 0xb
 1038 0071 49       		.uleb128 0x49
 1039 0072 13       		.uleb128 0x13
 1040 0073 02       		.uleb128 0x2
 1041 0074 18       		.uleb128 0x18
 1042 0075 00       		.byte	0
 1043 0076 00       		.byte	0
 1044 0077 08       		.uleb128 0x8
 1045 0078 0F       		.uleb128 0xf
 1046 0079 00       		.byte	0
 1047 007a 0B       		.uleb128 0xb
 1048 007b 0B       		.uleb128 0xb
 1049 007c 49       		.uleb128 0x49
 1050 007d 13       		.uleb128 0x13
 1051 007e 00       		.byte	0
 1052 007f 00       		.byte	0
 1053 0080 09       		.uleb128 0x9
 1054 0081 26       		.uleb128 0x26
 1055 0082 00       		.byte	0
 1056 0083 49       		.uleb128 0x49
 1057 0084 13       		.uleb128 0x13
 1058 0085 00       		.byte	0
 1059 0086 00       		.byte	0
 1060 0087 0A       		.uleb128 0xa
 1061 0088 2E       		.uleb128 0x2e
 1062 0089 01       		.byte	0x1
 1063 008a 3F       		.uleb128 0x3f
 1064 008b 19       		.uleb128 0x19
 1065 008c 03       		.uleb128 0x3
 1066 008d 0E       		.uleb128 0xe
 1067 008e 3A       		.uleb128 0x3a
 1068 008f 0B       		.uleb128 0xb
 1069 0090 3B       		.uleb128 0x3b
 1070 0091 05       		.uleb128 0x5
 1071 0092 27       		.uleb128 0x27
 1072 0093 19       		.uleb128 0x19
 1073 0094 11       		.uleb128 0x11
 1074 0095 01       		.uleb128 0x1
ARM GAS  C:\Users\jthem\AppData\Local\Temp\ccxgQVsz.s 			page 25


 1075 0096 12       		.uleb128 0x12
 1076 0097 06       		.uleb128 0x6
 1077 0098 40       		.uleb128 0x40
 1078 0099 18       		.uleb128 0x18
 1079 009a 9642     		.uleb128 0x2116
 1080 009c 19       		.uleb128 0x19
 1081 009d 01       		.uleb128 0x1
 1082 009e 13       		.uleb128 0x13
 1083 009f 00       		.byte	0
 1084 00a0 00       		.byte	0
 1085 00a1 0B       		.uleb128 0xb
 1086 00a2 05       		.uleb128 0x5
 1087 00a3 00       		.byte	0
 1088 00a4 03       		.uleb128 0x3
 1089 00a5 0E       		.uleb128 0xe
 1090 00a6 3A       		.uleb128 0x3a
 1091 00a7 0B       		.uleb128 0xb
 1092 00a8 3B       		.uleb128 0x3b
 1093 00a9 05       		.uleb128 0x5
 1094 00aa 49       		.uleb128 0x49
 1095 00ab 13       		.uleb128 0x13
 1096 00ac 02       		.uleb128 0x2
 1097 00ad 18       		.uleb128 0x18
 1098 00ae 00       		.byte	0
 1099 00af 00       		.byte	0
 1100 00b0 0C       		.uleb128 0xc
 1101 00b1 34       		.uleb128 0x34
 1102 00b2 00       		.byte	0
 1103 00b3 03       		.uleb128 0x3
 1104 00b4 0E       		.uleb128 0xe
 1105 00b5 3A       		.uleb128 0x3a
 1106 00b6 0B       		.uleb128 0xb
 1107 00b7 3B       		.uleb128 0x3b
 1108 00b8 0B       		.uleb128 0xb
 1109 00b9 49       		.uleb128 0x49
 1110 00ba 13       		.uleb128 0x13
 1111 00bb 02       		.uleb128 0x2
 1112 00bc 18       		.uleb128 0x18
 1113 00bd 00       		.byte	0
 1114 00be 00       		.byte	0
 1115 00bf 0D       		.uleb128 0xd
 1116 00c0 34       		.uleb128 0x34
 1117 00c1 00       		.byte	0
 1118 00c2 03       		.uleb128 0x3
 1119 00c3 0E       		.uleb128 0xe
 1120 00c4 3A       		.uleb128 0x3a
 1121 00c5 0B       		.uleb128 0xb
 1122 00c6 3B       		.uleb128 0x3b
 1123 00c7 0B       		.uleb128 0xb
 1124 00c8 49       		.uleb128 0x49
 1125 00c9 13       		.uleb128 0x13
 1126 00ca 3F       		.uleb128 0x3f
 1127 00cb 19       		.uleb128 0x19
 1128 00cc 02       		.uleb128 0x2
 1129 00cd 18       		.uleb128 0x18
 1130 00ce 00       		.byte	0
 1131 00cf 00       		.byte	0
ARM GAS  C:\Users\jthem\AppData\Local\Temp\ccxgQVsz.s 			page 26


 1132 00d0 0E       		.uleb128 0xe
 1133 00d1 01       		.uleb128 0x1
 1134 00d2 01       		.byte	0x1
 1135 00d3 49       		.uleb128 0x49
 1136 00d4 13       		.uleb128 0x13
 1137 00d5 01       		.uleb128 0x1
 1138 00d6 13       		.uleb128 0x13
 1139 00d7 00       		.byte	0
 1140 00d8 00       		.byte	0
 1141 00d9 0F       		.uleb128 0xf
 1142 00da 21       		.uleb128 0x21
 1143 00db 00       		.byte	0
 1144 00dc 49       		.uleb128 0x49
 1145 00dd 13       		.uleb128 0x13
 1146 00de 2F       		.uleb128 0x2f
 1147 00df 0B       		.uleb128 0xb
 1148 00e0 00       		.byte	0
 1149 00e1 00       		.byte	0
 1150 00e2 00       		.byte	0
 1151              		.section	.debug_aranges,"",%progbits
 1152 0000 4C000000 		.4byte	0x4c
 1153 0004 0200     		.2byte	0x2
 1154 0006 00000000 		.4byte	.Ldebug_info0
 1155 000a 04       		.byte	0x4
 1156 000b 00       		.byte	0
 1157 000c 0000     		.2byte	0
 1158 000e 0000     		.2byte	0
 1159 0010 00000000 		.4byte	.LFB0
 1160 0014 50000000 		.4byte	.LFE0-.LFB0
 1161 0018 00000000 		.4byte	.LFB1
 1162 001c 30000000 		.4byte	.LFE1-.LFB1
 1163 0020 00000000 		.4byte	.LFB2
 1164 0024 20000000 		.4byte	.LFE2-.LFB2
 1165 0028 00000000 		.4byte	.LFB3
 1166 002c 32000000 		.4byte	.LFE3-.LFB3
 1167 0030 00000000 		.4byte	.LFB4
 1168 0034 28000000 		.4byte	.LFE4-.LFB4
 1169 0038 00000000 		.4byte	.LFB5
 1170 003c 70000000 		.4byte	.LFE5-.LFB5
 1171 0040 00000000 		.4byte	.LFB6
 1172 0044 70000000 		.4byte	.LFE6-.LFB6
 1173 0048 00000000 		.4byte	0
 1174 004c 00000000 		.4byte	0
 1175              		.section	.debug_ranges,"",%progbits
 1176              	.Ldebug_ranges0:
 1177 0000 00000000 		.4byte	.LFB0
 1178 0004 50000000 		.4byte	.LFE0
 1179 0008 00000000 		.4byte	.LFB1
 1180 000c 30000000 		.4byte	.LFE1
 1181 0010 00000000 		.4byte	.LFB2
 1182 0014 20000000 		.4byte	.LFE2
 1183 0018 00000000 		.4byte	.LFB3
 1184 001c 32000000 		.4byte	.LFE3
 1185 0020 00000000 		.4byte	.LFB4
 1186 0024 28000000 		.4byte	.LFE4
 1187 0028 00000000 		.4byte	.LFB5
 1188 002c 70000000 		.4byte	.LFE5
ARM GAS  C:\Users\jthem\AppData\Local\Temp\ccxgQVsz.s 			page 27


 1189 0030 00000000 		.4byte	.LFB6
 1190 0034 70000000 		.4byte	.LFE6
 1191 0038 00000000 		.4byte	0
 1192 003c 00000000 		.4byte	0
 1193              		.section	.debug_line,"",%progbits
 1194              	.Ldebug_line0:
 1195 0000 EF000000 		.section	.debug_str,"MS",%progbits,1
 1195      02004800 
 1195      00000201 
 1195      FB0E0D00 
 1195      01010101 
 1196              	.LASF32:
 1197 0000 57617665 		.ascii	"WaveDAC_1_Wave2TD\000"
 1197      4441435F 
 1197      315F5761 
 1197      76653254 
 1197      4400
 1198              	.LASF23:
 1199 0012 57617665 		.ascii	"WaveDAC_1_Stop\000"
 1199      4441435F 
 1199      315F5374 
 1199      6F7000
 1200              	.LASF3:
 1201 0021 73686F72 		.ascii	"short unsigned int\000"
 1201      7420756E 
 1201      7369676E 
 1201      65642069 
 1201      6E7400
 1202              	.LASF25:
 1203 0034 57617665 		.ascii	"WaveDAC_1_Wave1Setup\000"
 1203      4441435F 
 1203      315F5761 
 1203      76653153 
 1203      65747570 
 1204              	.LASF29:
 1205 0049 57617665 		.ascii	"WaveDAC_1_Wave1Chan\000"
 1205      4441435F 
 1205      315F5761 
 1205      76653143 
 1205      68616E00 
 1206              	.LASF19:
 1207 005d 77617665 		.ascii	"wavePtr1\000"
 1207      50747231 
 1207      00
 1208              	.LASF21:
 1209 0066 77617665 		.ascii	"wavePtr2\000"
 1209      50747232 
 1209      00
 1210              	.LASF12:
 1211 006f 666C6F61 		.ascii	"float\000"
 1211      7400
 1212              	.LASF34:
 1213 0075 57617665 		.ascii	"WaveDAC_1_wave1\000"
 1213      4441435F 
 1213      315F7761 
 1213      76653100 
 1214              	.LASF35:
ARM GAS  C:\Users\jthem\AppData\Local\Temp\ccxgQVsz.s 			page 28


 1215 0085 57617665 		.ascii	"WaveDAC_1_wave2\000"
 1215      4441435F 
 1215      315F7761 
 1215      76653200 
 1216              	.LASF27:
 1217 0095 73616D70 		.ascii	"sampleSize\000"
 1217      6C655369 
 1217      7A6500
 1218              	.LASF17:
 1219 00a0 57617665 		.ascii	"WaveDAC_1_Enable\000"
 1219      4441435F 
 1219      315F456E 
 1219      61626C65 
 1219      00
 1220              	.LASF5:
 1221 00b1 6C6F6E67 		.ascii	"long unsigned int\000"
 1221      20756E73 
 1221      69676E65 
 1221      6420696E 
 1221      7400
 1222              	.LASF26:
 1223 00c3 77617665 		.ascii	"wavePtr\000"
 1223      50747200 
 1224              	.LASF9:
 1225 00cb 75696E74 		.ascii	"uint8\000"
 1225      3800
 1226              	.LASF33:
 1227 00d1 57617665 		.ascii	"WaveDAC_1_initVar\000"
 1227      4441435F 
 1227      315F696E 
 1227      69745661 
 1227      7200
 1228              	.LASF22:
 1229 00e3 73616D70 		.ascii	"sampleSize2\000"
 1229      6C655369 
 1229      7A653200 
 1230              	.LASF1:
 1231 00ef 756E7369 		.ascii	"unsigned char\000"
 1231      676E6564 
 1231      20636861 
 1231      7200
 1232              	.LASF37:
 1233 00fd 2E5C4765 		.ascii	".\\Generated_Source\\PSoC5\\WaveDAC_1.c\000"
 1233      6E657261 
 1233      7465645F 
 1233      536F7572 
 1233      63655C50 
 1234              	.LASF30:
 1235 0122 57617665 		.ascii	"WaveDAC_1_Wave2Chan\000"
 1235      4441435F 
 1235      315F5761 
 1235      76653243 
 1235      68616E00 
 1236              	.LASF13:
 1237 0136 646F7562 		.ascii	"double\000"
 1237      6C6500
 1238              	.LASF10:
ARM GAS  C:\Users\jthem\AppData\Local\Temp\ccxgQVsz.s 			page 29


 1239 013d 75696E74 		.ascii	"uint16\000"
 1239      313600
 1240              	.LASF11:
 1241 0144 75696E74 		.ascii	"uint32\000"
 1241      333200
 1242              	.LASF28:
 1243 014b 57617665 		.ascii	"WaveDAC_1_Wave2Setup\000"
 1243      4441435F 
 1243      315F5761 
 1243      76653253 
 1243      65747570 
 1244              	.LASF8:
 1245 0160 756E7369 		.ascii	"unsigned int\000"
 1245      676E6564 
 1245      20696E74 
 1245      00
 1246              	.LASF7:
 1247 016d 6C6F6E67 		.ascii	"long long unsigned int\000"
 1247      206C6F6E 
 1247      6720756E 
 1247      7369676E 
 1247      65642069 
 1248              	.LASF24:
 1249 0184 57617665 		.ascii	"WaveDAC_1_StartEx\000"
 1249      4441435F 
 1249      315F5374 
 1249      61727445 
 1249      7800
 1250              	.LASF18:
 1251 0196 57617665 		.ascii	"WaveDAC_1_Start\000"
 1251      4441435F 
 1251      315F5374 
 1251      61727400 
 1252              	.LASF31:
 1253 01a6 57617665 		.ascii	"WaveDAC_1_Wave1TD\000"
 1253      4441435F 
 1253      315F5761 
 1253      76653154 
 1253      4400
 1254              	.LASF15:
 1255 01b8 73697A65 		.ascii	"sizetype\000"
 1255      74797065 
 1255      00
 1256              	.LASF6:
 1257 01c1 6C6F6E67 		.ascii	"long long int\000"
 1257      206C6F6E 
 1257      6720696E 
 1257      7400
 1258              	.LASF16:
 1259 01cf 57617665 		.ascii	"WaveDAC_1_Init\000"
 1259      4441435F 
 1259      315F496E 
 1259      697400
 1260              	.LASF14:
 1261 01de 63686172 		.ascii	"char\000"
 1261      00
 1262              	.LASF36:
ARM GAS  C:\Users\jthem\AppData\Local\Temp\ccxgQVsz.s 			page 30


 1263 01e3 474E5520 		.ascii	"GNU C 4.9.3 20150303 (release) [ARM/embedded-4_9-br"
 1263      4320342E 
 1263      392E3320 
 1263      32303135 
 1263      30333033 
 1264 0216 616E6368 		.ascii	"anch revision 221220] -mcpu=cortex-m3 -mthumb -g -O"
 1264      20726576 
 1264      6973696F 
 1264      6E203232 
 1264      31323230 
 1265 0249 30202D66 		.ascii	"0 -ffunction-sections -ffat-lto-objects\000"
 1265      66756E63 
 1265      74696F6E 
 1265      2D736563 
 1265      74696F6E 
 1266              	.LASF38:
 1267 0271 433A5C55 		.ascii	"C:\\Users\\jthem\\Documents\\PSoC Creator\\PWMExamp"
 1267      73657273 
 1267      5C6A7468 
 1267      656D5C44 
 1267      6F63756D 
 1268 029f 6C653031 		.ascii	"le01\\EasyBoard_5LP.cydsn\000"
 1268      5C456173 
 1268      79426F61 
 1268      72645F35 
 1268      4C502E63 
 1269              	.LASF2:
 1270 02b8 73686F72 		.ascii	"short int\000"
 1270      7420696E 
 1270      7400
 1271              	.LASF4:
 1272 02c2 6C6F6E67 		.ascii	"long int\000"
 1272      20696E74 
 1272      00
 1273              	.LASF0:
 1274 02cb 7369676E 		.ascii	"signed char\000"
 1274      65642063 
 1274      68617200 
 1275              	.LASF20:
 1276 02d7 73616D70 		.ascii	"sampleSize1\000"
 1276      6C655369 
 1276      7A653100 
 1277              		.ident	"GCC: (GNU Tools for ARM Embedded Processors) 4.9.3 20150303 (release) [ARM/embedded-4_9-br
