ARM GAS  C:\Users\jthem\AppData\Local\Temp\cc5NVX1o.s 			page 1


   1              		.syntax unified
   2              		.cpu cortex-m3
   3              		.fpu softvfp
   4              		.eabi_attribute 20, 1
   5              		.eabi_attribute 21, 1
   6              		.eabi_attribute 23, 3
   7              		.eabi_attribute 24, 1
   8              		.eabi_attribute 25, 1
   9              		.eabi_attribute 26, 1
  10              		.eabi_attribute 30, 6
  11              		.eabi_attribute 34, 1
  12              		.eabi_attribute 18, 4
  13              		.thumb
  14              		.file	"WaveDAC_0_High.c"
  15              		.text
  16              	.Ltext0:
  17              		.cfi_sections	.debug_frame
  18              		.global	WaveDAC_0_High_initVar
  19              		.bss
  20              		.type	WaveDAC_0_High_initVar, %object
  21              		.size	WaveDAC_0_High_initVar, 1
  22              	WaveDAC_0_High_initVar:
  23 0000 00       		.space	1
  24              		.global	WaveDAC_0_High_wave1
  25              		.section	.rodata
  26              		.align	2
  27              		.type	WaveDAC_0_High_wave1, %object
  28              		.size	WaveDAC_0_High_wave1, 10
  29              	WaveDAC_0_High_wave1:
  30 0000 02       		.byte	2
  31 0001 1E       		.byte	30
  32 0002 3A       		.byte	58
  33 0003 56       		.byte	86
  34 0004 72       		.byte	114
  35 0005 8D       		.byte	-115
  36 0006 A9       		.byte	-87
  37 0007 C5       		.byte	-59
  38 0008 E1       		.byte	-31
  39 0009 FC       		.byte	-4
  40              		.global	WaveDAC_0_High_wave2
  41 000a 0000     		.align	2
  42              		.type	WaveDAC_0_High_wave2, %object
  43              		.size	WaveDAC_0_High_wave2, 100
  44              	WaveDAC_0_High_wave2:
  45 000c 80       		.byte	-128
  46 000d 84       		.byte	-124
  47 000e 8A       		.byte	-118
  48 000f 8E       		.byte	-114
  49 0010 94       		.byte	-108
  50 0011 98       		.byte	-104
  51 0012 9E       		.byte	-98
  52 0013 A2       		.byte	-94
  53 0014 A8       		.byte	-88
  54 0015 AC       		.byte	-84
  55 0016 B2       		.byte	-78
  56 0017 B6       		.byte	-74
  57 0018 BC       		.byte	-68
ARM GAS  C:\Users\jthem\AppData\Local\Temp\cc5NVX1o.s 			page 2


  58 0019 C0       		.byte	-64
  59 001a C6       		.byte	-58
  60 001b CA       		.byte	-54
  61 001c D0       		.byte	-48
  62 001d D4       		.byte	-44
  63 001e DA       		.byte	-38
  64 001f DE       		.byte	-34
  65 0020 E4       		.byte	-28
  66 0021 E8       		.byte	-24
  67 0022 EE       		.byte	-18
  68 0023 F2       		.byte	-14
  69 0024 F8       		.byte	-8
  70 0025 FC       		.byte	-4
  71 0026 F8       		.byte	-8
  72 0027 F2       		.byte	-14
  73 0028 EE       		.byte	-18
  74 0029 E8       		.byte	-24
  75 002a E4       		.byte	-28
  76 002b DE       		.byte	-34
  77 002c DA       		.byte	-38
  78 002d D4       		.byte	-44
  79 002e D0       		.byte	-48
  80 002f CA       		.byte	-54
  81 0030 C6       		.byte	-58
  82 0031 C0       		.byte	-64
  83 0032 BC       		.byte	-68
  84 0033 B6       		.byte	-74
  85 0034 B2       		.byte	-78
  86 0035 AC       		.byte	-84
  87 0036 A8       		.byte	-88
  88 0037 A2       		.byte	-94
  89 0038 9E       		.byte	-98
  90 0039 98       		.byte	-104
  91 003a 94       		.byte	-108
  92 003b 8E       		.byte	-114
  93 003c 8A       		.byte	-118
  94 003d 84       		.byte	-124
  95 003e 80       		.byte	-128
  96 003f 7A       		.byte	122
  97 0040 76       		.byte	118
  98 0041 70       		.byte	112
  99 0042 6B       		.byte	107
 100 0043 66       		.byte	102
 101 0044 61       		.byte	97
 102 0045 5D       		.byte	93
 103 0046 58       		.byte	88
 104 0047 53       		.byte	83
 105 0048 4E       		.byte	78
 106 0049 48       		.byte	72
 107 004a 44       		.byte	68
 108 004b 3E       		.byte	62
 109 004c 3A       		.byte	58
 110 004d 34       		.byte	52
 111 004e 2F       		.byte	47
 112 004f 2A       		.byte	42
 113 0050 25       		.byte	37
 114 0051 21       		.byte	33
ARM GAS  C:\Users\jthem\AppData\Local\Temp\cc5NVX1o.s 			page 3


 115 0052 1C       		.byte	28
 116 0053 17       		.byte	23
 117 0054 12       		.byte	18
 118 0055 0C       		.byte	12
 119 0056 08       		.byte	8
 120 0057 02       		.byte	2
 121 0058 08       		.byte	8
 122 0059 0D       		.byte	13
 123 005a 12       		.byte	18
 124 005b 17       		.byte	23
 125 005c 1C       		.byte	28
 126 005d 21       		.byte	33
 127 005e 25       		.byte	37
 128 005f 2A       		.byte	42
 129 0060 2F       		.byte	47
 130 0061 34       		.byte	52
 131 0062 3A       		.byte	58
 132 0063 3E       		.byte	62
 133 0064 44       		.byte	68
 134 0065 48       		.byte	72
 135 0066 4E       		.byte	78
 136 0067 53       		.byte	83
 137 0068 58       		.byte	88
 138 0069 5D       		.byte	93
 139 006a 61       		.byte	97
 140 006b 66       		.byte	102
 141 006c 6B       		.byte	107
 142 006d 70       		.byte	112
 143 006e 75       		.byte	117
 144 006f 7A       		.byte	122
 145              		.bss
 146              	WaveDAC_0_High_Wave1Chan:
 147 0001 00       		.space	1
 148              	WaveDAC_0_High_Wave2Chan:
 149 0002 00       		.space	1
 150              	WaveDAC_0_High_Wave1TD:
 151 0003 00       		.space	1
 152              	WaveDAC_0_High_Wave2TD:
 153 0004 00       		.space	1
 154              		.section	.text.WaveDAC_0_High_Init,"ax",%progbits
 155              		.align	2
 156              		.global	WaveDAC_0_High_Init
 157              		.thumb
 158              		.thumb_func
 159              		.type	WaveDAC_0_High_Init, %function
 160              	WaveDAC_0_High_Init:
 161              	.LFB0:
 162              		.file 1 ".\\Generated_Source\\PSoC5\\WaveDAC_0_High.c"
   1:.\Generated_Source\PSoC5/WaveDAC_0_High.c **** /*******************************************************************************
   2:.\Generated_Source\PSoC5/WaveDAC_0_High.c **** * File Name: WaveDAC_0_High.c
   3:.\Generated_Source\PSoC5/WaveDAC_0_High.c **** * Version 2.10
   4:.\Generated_Source\PSoC5/WaveDAC_0_High.c **** *
   5:.\Generated_Source\PSoC5/WaveDAC_0_High.c **** * Description:
   6:.\Generated_Source\PSoC5/WaveDAC_0_High.c **** *  This file provides the source code for the 8-bit Waveform DAC 
   7:.\Generated_Source\PSoC5/WaveDAC_0_High.c **** *  (WaveDAC8) Component.
   8:.\Generated_Source\PSoC5/WaveDAC_0_High.c **** *
   9:.\Generated_Source\PSoC5/WaveDAC_0_High.c **** ********************************************************************************
ARM GAS  C:\Users\jthem\AppData\Local\Temp\cc5NVX1o.s 			page 4


  10:.\Generated_Source\PSoC5/WaveDAC_0_High.c **** * Copyright 2013, Cypress Semiconductor Corporation.  All rights reserved.
  11:.\Generated_Source\PSoC5/WaveDAC_0_High.c **** * You may use this file only in accordance with the license, terms, conditions,
  12:.\Generated_Source\PSoC5/WaveDAC_0_High.c **** * disclaimers, and limitations in the end user license agreement accompanying
  13:.\Generated_Source\PSoC5/WaveDAC_0_High.c **** * the software package with which this file was provided.
  14:.\Generated_Source\PSoC5/WaveDAC_0_High.c **** *******************************************************************************/
  15:.\Generated_Source\PSoC5/WaveDAC_0_High.c **** 
  16:.\Generated_Source\PSoC5/WaveDAC_0_High.c **** #include "WaveDAC_0_High.h"
  17:.\Generated_Source\PSoC5/WaveDAC_0_High.c **** 
  18:.\Generated_Source\PSoC5/WaveDAC_0_High.c **** uint8  WaveDAC_0_High_initVar = 0u;
  19:.\Generated_Source\PSoC5/WaveDAC_0_High.c **** 
  20:.\Generated_Source\PSoC5/WaveDAC_0_High.c **** const uint8 CYCODE WaveDAC_0_High_wave1[WaveDAC_0_High_WAVE1_LENGTH] = { 2u,30u,58u,86u,114u,141u,1
  21:.\Generated_Source\PSoC5/WaveDAC_0_High.c **** const uint8 CYCODE WaveDAC_0_High_wave2[WaveDAC_0_High_WAVE2_LENGTH] = { 128u,132u,138u,142u,148u,1
  22:.\Generated_Source\PSoC5/WaveDAC_0_High.c **** 
  23:.\Generated_Source\PSoC5/WaveDAC_0_High.c **** static uint8  WaveDAC_0_High_Wave1Chan;
  24:.\Generated_Source\PSoC5/WaveDAC_0_High.c **** static uint8  WaveDAC_0_High_Wave2Chan;
  25:.\Generated_Source\PSoC5/WaveDAC_0_High.c **** static uint8  WaveDAC_0_High_Wave1TD;
  26:.\Generated_Source\PSoC5/WaveDAC_0_High.c **** static uint8  WaveDAC_0_High_Wave2TD;
  27:.\Generated_Source\PSoC5/WaveDAC_0_High.c **** 
  28:.\Generated_Source\PSoC5/WaveDAC_0_High.c **** 
  29:.\Generated_Source\PSoC5/WaveDAC_0_High.c **** /*******************************************************************************
  30:.\Generated_Source\PSoC5/WaveDAC_0_High.c **** * Function Name: WaveDAC_0_High_Init
  31:.\Generated_Source\PSoC5/WaveDAC_0_High.c **** ********************************************************************************
  32:.\Generated_Source\PSoC5/WaveDAC_0_High.c **** *
  33:.\Generated_Source\PSoC5/WaveDAC_0_High.c **** * Summary:
  34:.\Generated_Source\PSoC5/WaveDAC_0_High.c **** *  Initializes component with parameters set in the customizer.
  35:.\Generated_Source\PSoC5/WaveDAC_0_High.c **** *
  36:.\Generated_Source\PSoC5/WaveDAC_0_High.c **** * Parameters:  
  37:.\Generated_Source\PSoC5/WaveDAC_0_High.c **** *  None
  38:.\Generated_Source\PSoC5/WaveDAC_0_High.c **** *
  39:.\Generated_Source\PSoC5/WaveDAC_0_High.c **** * Return: 
  40:.\Generated_Source\PSoC5/WaveDAC_0_High.c **** *  None
  41:.\Generated_Source\PSoC5/WaveDAC_0_High.c **** *
  42:.\Generated_Source\PSoC5/WaveDAC_0_High.c **** *******************************************************************************/
  43:.\Generated_Source\PSoC5/WaveDAC_0_High.c **** void WaveDAC_0_High_Init(void) 
  44:.\Generated_Source\PSoC5/WaveDAC_0_High.c **** {
 163              		.loc 1 44 0
 164              		.cfi_startproc
 165              		@ args = 0, pretend = 0, frame = 0
 166              		@ frame_needed = 1, uses_anonymous_args = 0
 167 0000 80B5     		push	{r7, lr}
 168              		.cfi_def_cfa_offset 8
 169              		.cfi_offset 7, -8
 170              		.cfi_offset 14, -4
 171 0002 00AF     		add	r7, sp, #0
 172              		.cfi_def_cfa_register 7
  45:.\Generated_Source\PSoC5/WaveDAC_0_High.c **** 	WaveDAC_0_High_IDAC8_Init();
 173              		.loc 1 45 0
 174 0004 FFF7FEFF 		bl	WaveDAC_0_High_IDAC8_Init
  46:.\Generated_Source\PSoC5/WaveDAC_0_High.c **** 	WaveDAC_0_High_IDAC8_SetSpeed(WaveDAC_0_High_HIGHSPEED);
 175              		.loc 1 46 0
 176 0008 0220     		movs	r0, #2
 177 000a FFF7FEFF 		bl	WaveDAC_0_High_IDAC8_SetSpeed
  47:.\Generated_Source\PSoC5/WaveDAC_0_High.c **** 	WaveDAC_0_High_IDAC8_SetRange(WaveDAC_0_High_DAC_RANGE);
 178              		.loc 1 47 0
 179 000e 0420     		movs	r0, #4
 180 0010 FFF7FEFF 		bl	WaveDAC_0_High_IDAC8_SetRange
  48:.\Generated_Source\PSoC5/WaveDAC_0_High.c **** 
ARM GAS  C:\Users\jthem\AppData\Local\Temp\cc5NVX1o.s 			page 5


  49:.\Generated_Source\PSoC5/WaveDAC_0_High.c **** 	#if(WaveDAC_0_High_DAC_MODE == WaveDAC_0_High_CURRENT_MODE)
  50:.\Generated_Source\PSoC5/WaveDAC_0_High.c **** 		WaveDAC_0_High_IDAC8_SetPolarity(WaveDAC_0_High_DAC_POL);
 181              		.loc 1 50 0
 182 0014 0020     		movs	r0, #0
 183 0016 FFF7FEFF 		bl	WaveDAC_0_High_IDAC8_SetPolarity
  51:.\Generated_Source\PSoC5/WaveDAC_0_High.c **** 	#endif /* WaveDAC_0_High_DAC_MODE == WaveDAC_0_High_CURRENT_MODE */
  52:.\Generated_Source\PSoC5/WaveDAC_0_High.c **** 
  53:.\Generated_Source\PSoC5/WaveDAC_0_High.c **** 	#if(WaveDAC_0_High_OUT_MODE == WaveDAC_0_High_BUFFER_MODE)
  54:.\Generated_Source\PSoC5/WaveDAC_0_High.c **** 	   WaveDAC_0_High_BuffAmp_Init();
  55:.\Generated_Source\PSoC5/WaveDAC_0_High.c **** 	#endif /* WaveDAC_0_High_OUT_MODE == WaveDAC_0_High_BUFFER_MODE */
  56:.\Generated_Source\PSoC5/WaveDAC_0_High.c **** 
  57:.\Generated_Source\PSoC5/WaveDAC_0_High.c **** 	/* Get the TD Number for the DMA channel 1 and 2   */
  58:.\Generated_Source\PSoC5/WaveDAC_0_High.c **** 	WaveDAC_0_High_Wave1TD = CyDmaTdAllocate();
 184              		.loc 1 58 0
 185 001a FFF7FEFF 		bl	CyDmaTdAllocate
 186 001e 0346     		mov	r3, r0
 187 0020 1A46     		mov	r2, r3
 188 0022 084B     		ldr	r3, .L2
 189 0024 1A70     		strb	r2, [r3]
  59:.\Generated_Source\PSoC5/WaveDAC_0_High.c **** 	WaveDAC_0_High_Wave2TD = CyDmaTdAllocate();
 190              		.loc 1 59 0
 191 0026 FFF7FEFF 		bl	CyDmaTdAllocate
 192 002a 0346     		mov	r3, r0
 193 002c 1A46     		mov	r2, r3
 194 002e 064B     		ldr	r3, .L2+4
 195 0030 1A70     		strb	r2, [r3]
  60:.\Generated_Source\PSoC5/WaveDAC_0_High.c **** 	
  61:.\Generated_Source\PSoC5/WaveDAC_0_High.c **** 	/* Initialize waveform pointers  */
  62:.\Generated_Source\PSoC5/WaveDAC_0_High.c **** 	WaveDAC_0_High_Wave1Setup(WaveDAC_0_High_wave1, WaveDAC_0_High_WAVE1_LENGTH) ;
 196              		.loc 1 62 0
 197 0032 0648     		ldr	r0, .L2+8
 198 0034 0A21     		movs	r1, #10
 199 0036 FFF7FEFF 		bl	WaveDAC_0_High_Wave1Setup
  63:.\Generated_Source\PSoC5/WaveDAC_0_High.c **** 	WaveDAC_0_High_Wave2Setup(WaveDAC_0_High_wave2, WaveDAC_0_High_WAVE2_LENGTH) ;
 200              		.loc 1 63 0
 201 003a 0548     		ldr	r0, .L2+12
 202 003c 6421     		movs	r1, #100
 203 003e FFF7FEFF 		bl	WaveDAC_0_High_Wave2Setup
  64:.\Generated_Source\PSoC5/WaveDAC_0_High.c **** 	
  65:.\Generated_Source\PSoC5/WaveDAC_0_High.c **** 	/* Initialize the internal clock if one present  */
  66:.\Generated_Source\PSoC5/WaveDAC_0_High.c **** 	#if defined(WaveDAC_0_High_DacClk_PHASE)
  67:.\Generated_Source\PSoC5/WaveDAC_0_High.c **** 	   WaveDAC_0_High_DacClk_SetPhase(WaveDAC_0_High_CLK_PHASE_0nS);
  68:.\Generated_Source\PSoC5/WaveDAC_0_High.c **** 	#endif /* defined(WaveDAC_0_High_DacClk_PHASE) */
  69:.\Generated_Source\PSoC5/WaveDAC_0_High.c **** }
 204              		.loc 1 69 0
 205 0042 80BD     		pop	{r7, pc}
 206              	.L3:
 207              		.align	2
 208              	.L2:
 209 0044 03000000 		.word	WaveDAC_0_High_Wave1TD
 210 0048 04000000 		.word	WaveDAC_0_High_Wave2TD
 211 004c 00000000 		.word	WaveDAC_0_High_wave1
 212 0050 00000000 		.word	WaveDAC_0_High_wave2
 213              		.cfi_endproc
 214              	.LFE0:
 215              		.size	WaveDAC_0_High_Init, .-WaveDAC_0_High_Init
 216              		.section	.text.WaveDAC_0_High_Enable,"ax",%progbits
ARM GAS  C:\Users\jthem\AppData\Local\Temp\cc5NVX1o.s 			page 6


 217              		.align	2
 218              		.global	WaveDAC_0_High_Enable
 219              		.thumb
 220              		.thumb_func
 221              		.type	WaveDAC_0_High_Enable, %function
 222              	WaveDAC_0_High_Enable:
 223              	.LFB1:
  70:.\Generated_Source\PSoC5/WaveDAC_0_High.c **** 
  71:.\Generated_Source\PSoC5/WaveDAC_0_High.c **** 
  72:.\Generated_Source\PSoC5/WaveDAC_0_High.c **** /*******************************************************************************
  73:.\Generated_Source\PSoC5/WaveDAC_0_High.c **** * Function Name: WaveDAC_0_High_Enable
  74:.\Generated_Source\PSoC5/WaveDAC_0_High.c **** ********************************************************************************
  75:.\Generated_Source\PSoC5/WaveDAC_0_High.c **** *  
  76:.\Generated_Source\PSoC5/WaveDAC_0_High.c **** * Summary: 
  77:.\Generated_Source\PSoC5/WaveDAC_0_High.c **** *  Enables the DAC block and DMA operation.
  78:.\Generated_Source\PSoC5/WaveDAC_0_High.c **** *
  79:.\Generated_Source\PSoC5/WaveDAC_0_High.c **** * Parameters:  
  80:.\Generated_Source\PSoC5/WaveDAC_0_High.c **** *  None
  81:.\Generated_Source\PSoC5/WaveDAC_0_High.c **** *
  82:.\Generated_Source\PSoC5/WaveDAC_0_High.c **** * Return: 
  83:.\Generated_Source\PSoC5/WaveDAC_0_High.c **** *  None
  84:.\Generated_Source\PSoC5/WaveDAC_0_High.c **** *
  85:.\Generated_Source\PSoC5/WaveDAC_0_High.c **** *******************************************************************************/
  86:.\Generated_Source\PSoC5/WaveDAC_0_High.c **** void WaveDAC_0_High_Enable(void) 
  87:.\Generated_Source\PSoC5/WaveDAC_0_High.c **** {
 224              		.loc 1 87 0
 225              		.cfi_startproc
 226              		@ args = 0, pretend = 0, frame = 0
 227              		@ frame_needed = 1, uses_anonymous_args = 0
 228 0000 80B5     		push	{r7, lr}
 229              		.cfi_def_cfa_offset 8
 230              		.cfi_offset 7, -8
 231              		.cfi_offset 14, -4
 232 0002 00AF     		add	r7, sp, #0
 233              		.cfi_def_cfa_register 7
  88:.\Generated_Source\PSoC5/WaveDAC_0_High.c **** 	WaveDAC_0_High_IDAC8_Enable();
 234              		.loc 1 88 0
 235 0004 FFF7FEFF 		bl	WaveDAC_0_High_IDAC8_Enable
  89:.\Generated_Source\PSoC5/WaveDAC_0_High.c **** 
  90:.\Generated_Source\PSoC5/WaveDAC_0_High.c **** 	#if(WaveDAC_0_High_OUT_MODE == WaveDAC_0_High_BUFFER_MODE)
  91:.\Generated_Source\PSoC5/WaveDAC_0_High.c **** 	   WaveDAC_0_High_BuffAmp_Enable();
  92:.\Generated_Source\PSoC5/WaveDAC_0_High.c **** 	#endif /* WaveDAC_0_High_OUT_MODE == WaveDAC_0_High_BUFFER_MODE */
  93:.\Generated_Source\PSoC5/WaveDAC_0_High.c **** 
  94:.\Generated_Source\PSoC5/WaveDAC_0_High.c **** 	/* 
  95:.\Generated_Source\PSoC5/WaveDAC_0_High.c **** 	* Enable the channel. It is configured to remember the TD value so that
  96:.\Generated_Source\PSoC5/WaveDAC_0_High.c **** 	* it can be restored from the place where it has been stopped.
  97:.\Generated_Source\PSoC5/WaveDAC_0_High.c **** 	*/
  98:.\Generated_Source\PSoC5/WaveDAC_0_High.c **** 	(void)CyDmaChEnable(WaveDAC_0_High_Wave1Chan, 1u);
 236              		.loc 1 98 0
 237 0008 074B     		ldr	r3, .L5
 238 000a 1B78     		ldrb	r3, [r3]	@ zero_extendqisi2
 239 000c 1846     		mov	r0, r3
 240 000e 0121     		movs	r1, #1
 241 0010 FFF7FEFF 		bl	CyDmaChEnable
  99:.\Generated_Source\PSoC5/WaveDAC_0_High.c **** 	(void)CyDmaChEnable(WaveDAC_0_High_Wave2Chan, 1u);
 242              		.loc 1 99 0
 243 0014 054B     		ldr	r3, .L5+4
ARM GAS  C:\Users\jthem\AppData\Local\Temp\cc5NVX1o.s 			page 7


 244 0016 1B78     		ldrb	r3, [r3]	@ zero_extendqisi2
 245 0018 1846     		mov	r0, r3
 246 001a 0121     		movs	r1, #1
 247 001c FFF7FEFF 		bl	CyDmaChEnable
 100:.\Generated_Source\PSoC5/WaveDAC_0_High.c **** 	
 101:.\Generated_Source\PSoC5/WaveDAC_0_High.c **** 	/* set the initial value */
 102:.\Generated_Source\PSoC5/WaveDAC_0_High.c **** 	WaveDAC_0_High_SetValue(0u);
 248              		.loc 1 102 0
 249 0020 0020     		movs	r0, #0
 250 0022 FFF7FEFF 		bl	WaveDAC_0_High_IDAC8_SetValue
 103:.\Generated_Source\PSoC5/WaveDAC_0_High.c **** 	
 104:.\Generated_Source\PSoC5/WaveDAC_0_High.c **** 	#if(WaveDAC_0_High_CLOCK_SRC == WaveDAC_0_High_CLOCK_INT)  	
 105:.\Generated_Source\PSoC5/WaveDAC_0_High.c **** 	   WaveDAC_0_High_DacClk_Start();
 106:.\Generated_Source\PSoC5/WaveDAC_0_High.c **** 	#endif /* WaveDAC_0_High_CLOCK_SRC == WaveDAC_0_High_CLOCK_INT */
 107:.\Generated_Source\PSoC5/WaveDAC_0_High.c **** }
 251              		.loc 1 107 0
 252 0026 80BD     		pop	{r7, pc}
 253              	.L6:
 254              		.align	2
 255              	.L5:
 256 0028 01000000 		.word	WaveDAC_0_High_Wave1Chan
 257 002c 02000000 		.word	WaveDAC_0_High_Wave2Chan
 258              		.cfi_endproc
 259              	.LFE1:
 260              		.size	WaveDAC_0_High_Enable, .-WaveDAC_0_High_Enable
 261              		.section	.text.WaveDAC_0_High_Start,"ax",%progbits
 262              		.align	2
 263              		.global	WaveDAC_0_High_Start
 264              		.thumb
 265              		.thumb_func
 266              		.type	WaveDAC_0_High_Start, %function
 267              	WaveDAC_0_High_Start:
 268              	.LFB2:
 108:.\Generated_Source\PSoC5/WaveDAC_0_High.c **** 
 109:.\Generated_Source\PSoC5/WaveDAC_0_High.c **** 
 110:.\Generated_Source\PSoC5/WaveDAC_0_High.c **** /*******************************************************************************
 111:.\Generated_Source\PSoC5/WaveDAC_0_High.c **** * Function Name: WaveDAC_0_High_Start
 112:.\Generated_Source\PSoC5/WaveDAC_0_High.c **** ********************************************************************************
 113:.\Generated_Source\PSoC5/WaveDAC_0_High.c **** *
 114:.\Generated_Source\PSoC5/WaveDAC_0_High.c **** * Summary:
 115:.\Generated_Source\PSoC5/WaveDAC_0_High.c **** *  The start function initializes the voltage DAC with the default values, 
 116:.\Generated_Source\PSoC5/WaveDAC_0_High.c **** *  and sets the power to the given level.  A power level of 0, is the same as 
 117:.\Generated_Source\PSoC5/WaveDAC_0_High.c **** *  executing the stop function.
 118:.\Generated_Source\PSoC5/WaveDAC_0_High.c **** *
 119:.\Generated_Source\PSoC5/WaveDAC_0_High.c **** * Parameters:  
 120:.\Generated_Source\PSoC5/WaveDAC_0_High.c **** *  None
 121:.\Generated_Source\PSoC5/WaveDAC_0_High.c **** *
 122:.\Generated_Source\PSoC5/WaveDAC_0_High.c **** * Return: 
 123:.\Generated_Source\PSoC5/WaveDAC_0_High.c **** *  None
 124:.\Generated_Source\PSoC5/WaveDAC_0_High.c **** *
 125:.\Generated_Source\PSoC5/WaveDAC_0_High.c **** * Reentrant:
 126:.\Generated_Source\PSoC5/WaveDAC_0_High.c **** *  No
 127:.\Generated_Source\PSoC5/WaveDAC_0_High.c **** *
 128:.\Generated_Source\PSoC5/WaveDAC_0_High.c **** *******************************************************************************/
 129:.\Generated_Source\PSoC5/WaveDAC_0_High.c **** void WaveDAC_0_High_Start(void) 
 130:.\Generated_Source\PSoC5/WaveDAC_0_High.c **** {
 269              		.loc 1 130 0
ARM GAS  C:\Users\jthem\AppData\Local\Temp\cc5NVX1o.s 			page 8


 270              		.cfi_startproc
 271              		@ args = 0, pretend = 0, frame = 0
 272              		@ frame_needed = 1, uses_anonymous_args = 0
 273 0000 80B5     		push	{r7, lr}
 274              		.cfi_def_cfa_offset 8
 275              		.cfi_offset 7, -8
 276              		.cfi_offset 14, -4
 277 0002 00AF     		add	r7, sp, #0
 278              		.cfi_def_cfa_register 7
 131:.\Generated_Source\PSoC5/WaveDAC_0_High.c **** 	/* If not Initialized then initialize all required hardware and software */
 132:.\Generated_Source\PSoC5/WaveDAC_0_High.c **** 	if(WaveDAC_0_High_initVar == 0u)
 279              		.loc 1 132 0
 280 0004 054B     		ldr	r3, .L9
 281 0006 1B78     		ldrb	r3, [r3]	@ zero_extendqisi2
 282 0008 002B     		cmp	r3, #0
 283 000a 04D1     		bne	.L8
 133:.\Generated_Source\PSoC5/WaveDAC_0_High.c **** 	{
 134:.\Generated_Source\PSoC5/WaveDAC_0_High.c **** 		WaveDAC_0_High_Init();
 284              		.loc 1 134 0
 285 000c FFF7FEFF 		bl	WaveDAC_0_High_Init
 135:.\Generated_Source\PSoC5/WaveDAC_0_High.c **** 		WaveDAC_0_High_initVar = 1u;
 286              		.loc 1 135 0
 287 0010 024B     		ldr	r3, .L9
 288 0012 0122     		movs	r2, #1
 289 0014 1A70     		strb	r2, [r3]
 290              	.L8:
 136:.\Generated_Source\PSoC5/WaveDAC_0_High.c **** 	}
 137:.\Generated_Source\PSoC5/WaveDAC_0_High.c **** 	
 138:.\Generated_Source\PSoC5/WaveDAC_0_High.c **** 	WaveDAC_0_High_Enable();
 291              		.loc 1 138 0
 292 0016 FFF7FEFF 		bl	WaveDAC_0_High_Enable
 139:.\Generated_Source\PSoC5/WaveDAC_0_High.c **** }
 293              		.loc 1 139 0
 294 001a 80BD     		pop	{r7, pc}
 295              	.L10:
 296              		.align	2
 297              	.L9:
 298 001c 00000000 		.word	WaveDAC_0_High_initVar
 299              		.cfi_endproc
 300              	.LFE2:
 301              		.size	WaveDAC_0_High_Start, .-WaveDAC_0_High_Start
 302              		.section	.text.WaveDAC_0_High_StartEx,"ax",%progbits
 303              		.align	2
 304              		.global	WaveDAC_0_High_StartEx
 305              		.thumb
 306              		.thumb_func
 307              		.type	WaveDAC_0_High_StartEx, %function
 308              	WaveDAC_0_High_StartEx:
 309              	.LFB3:
 140:.\Generated_Source\PSoC5/WaveDAC_0_High.c **** 
 141:.\Generated_Source\PSoC5/WaveDAC_0_High.c **** 
 142:.\Generated_Source\PSoC5/WaveDAC_0_High.c **** /*******************************************************************************
 143:.\Generated_Source\PSoC5/WaveDAC_0_High.c **** * Function Name: WaveDAC_0_High_StartEx
 144:.\Generated_Source\PSoC5/WaveDAC_0_High.c **** ********************************************************************************
 145:.\Generated_Source\PSoC5/WaveDAC_0_High.c **** *
 146:.\Generated_Source\PSoC5/WaveDAC_0_High.c **** * Summary:
 147:.\Generated_Source\PSoC5/WaveDAC_0_High.c **** *  The StartEx function sets pointers and sizes for both waveforms
ARM GAS  C:\Users\jthem\AppData\Local\Temp\cc5NVX1o.s 			page 9


 148:.\Generated_Source\PSoC5/WaveDAC_0_High.c **** *  and then starts the component.
 149:.\Generated_Source\PSoC5/WaveDAC_0_High.c **** *
 150:.\Generated_Source\PSoC5/WaveDAC_0_High.c **** * Parameters:  
 151:.\Generated_Source\PSoC5/WaveDAC_0_High.c **** *   uint8 * wavePtr1:     Pointer to the waveform 1 array.
 152:.\Generated_Source\PSoC5/WaveDAC_0_High.c **** *   uint16  sampleSize1:  The amount of samples in the waveform 1.
 153:.\Generated_Source\PSoC5/WaveDAC_0_High.c **** *   uint8 * wavePtr2:     Pointer to the waveform 2 array.
 154:.\Generated_Source\PSoC5/WaveDAC_0_High.c **** *   uint16  sampleSize2:  The amount of samples in the waveform 2.
 155:.\Generated_Source\PSoC5/WaveDAC_0_High.c **** *
 156:.\Generated_Source\PSoC5/WaveDAC_0_High.c **** * Return: 
 157:.\Generated_Source\PSoC5/WaveDAC_0_High.c **** *  None
 158:.\Generated_Source\PSoC5/WaveDAC_0_High.c **** *
 159:.\Generated_Source\PSoC5/WaveDAC_0_High.c **** * Reentrant:
 160:.\Generated_Source\PSoC5/WaveDAC_0_High.c **** *  No
 161:.\Generated_Source\PSoC5/WaveDAC_0_High.c **** *
 162:.\Generated_Source\PSoC5/WaveDAC_0_High.c **** *******************************************************************************/
 163:.\Generated_Source\PSoC5/WaveDAC_0_High.c **** void WaveDAC_0_High_StartEx(const uint8 * wavePtr1, uint16 sampleSize1, const uint8 * wavePtr2, uin
 164:.\Generated_Source\PSoC5/WaveDAC_0_High.c **** 
 165:.\Generated_Source\PSoC5/WaveDAC_0_High.c **** {
 310              		.loc 1 165 0
 311              		.cfi_startproc
 312              		@ args = 0, pretend = 0, frame = 16
 313              		@ frame_needed = 1, uses_anonymous_args = 0
 314 0000 80B5     		push	{r7, lr}
 315              		.cfi_def_cfa_offset 8
 316              		.cfi_offset 7, -8
 317              		.cfi_offset 14, -4
 318 0002 84B0     		sub	sp, sp, #16
 319              		.cfi_def_cfa_offset 24
 320 0004 00AF     		add	r7, sp, #0
 321              		.cfi_def_cfa_register 7
 322 0006 F860     		str	r0, [r7, #12]
 323 0008 7A60     		str	r2, [r7, #4]
 324 000a 1A46     		mov	r2, r3
 325 000c 0B46     		mov	r3, r1	@ movhi
 326 000e 7B81     		strh	r3, [r7, #10]	@ movhi
 327 0010 1346     		mov	r3, r2	@ movhi
 328 0012 3B81     		strh	r3, [r7, #8]	@ movhi
 166:.\Generated_Source\PSoC5/WaveDAC_0_High.c **** 	WaveDAC_0_High_Wave1Setup(wavePtr1, sampleSize1);
 329              		.loc 1 166 0
 330 0014 7B89     		ldrh	r3, [r7, #10]
 331 0016 F868     		ldr	r0, [r7, #12]
 332 0018 1946     		mov	r1, r3
 333 001a FFF7FEFF 		bl	WaveDAC_0_High_Wave1Setup
 167:.\Generated_Source\PSoC5/WaveDAC_0_High.c **** 	WaveDAC_0_High_Wave2Setup(wavePtr2, sampleSize2);
 334              		.loc 1 167 0
 335 001e 3B89     		ldrh	r3, [r7, #8]
 336 0020 7868     		ldr	r0, [r7, #4]
 337 0022 1946     		mov	r1, r3
 338 0024 FFF7FEFF 		bl	WaveDAC_0_High_Wave2Setup
 168:.\Generated_Source\PSoC5/WaveDAC_0_High.c **** 	WaveDAC_0_High_Start();
 339              		.loc 1 168 0
 340 0028 FFF7FEFF 		bl	WaveDAC_0_High_Start
 169:.\Generated_Source\PSoC5/WaveDAC_0_High.c **** }
 341              		.loc 1 169 0
 342 002c 1037     		adds	r7, r7, #16
 343              		.cfi_def_cfa_offset 8
 344 002e BD46     		mov	sp, r7
ARM GAS  C:\Users\jthem\AppData\Local\Temp\cc5NVX1o.s 			page 10


 345              		.cfi_def_cfa_register 13
 346              		@ sp needed
 347 0030 80BD     		pop	{r7, pc}
 348              		.cfi_endproc
 349              	.LFE3:
 350              		.size	WaveDAC_0_High_StartEx, .-WaveDAC_0_High_StartEx
 351 0032 00BF     		.section	.text.WaveDAC_0_High_Stop,"ax",%progbits
 352              		.align	2
 353              		.global	WaveDAC_0_High_Stop
 354              		.thumb
 355              		.thumb_func
 356              		.type	WaveDAC_0_High_Stop, %function
 357              	WaveDAC_0_High_Stop:
 358              	.LFB4:
 170:.\Generated_Source\PSoC5/WaveDAC_0_High.c **** 
 171:.\Generated_Source\PSoC5/WaveDAC_0_High.c **** 
 172:.\Generated_Source\PSoC5/WaveDAC_0_High.c **** /*******************************************************************************
 173:.\Generated_Source\PSoC5/WaveDAC_0_High.c **** * Function Name: WaveDAC_0_High_Stop
 174:.\Generated_Source\PSoC5/WaveDAC_0_High.c **** ********************************************************************************
 175:.\Generated_Source\PSoC5/WaveDAC_0_High.c **** *
 176:.\Generated_Source\PSoC5/WaveDAC_0_High.c **** * Summary:
 177:.\Generated_Source\PSoC5/WaveDAC_0_High.c **** *  Stops the clock (if internal), disables the DMA channels
 178:.\Generated_Source\PSoC5/WaveDAC_0_High.c **** *  and powers down the DAC.
 179:.\Generated_Source\PSoC5/WaveDAC_0_High.c **** *
 180:.\Generated_Source\PSoC5/WaveDAC_0_High.c **** * Parameters:  
 181:.\Generated_Source\PSoC5/WaveDAC_0_High.c **** *  None  
 182:.\Generated_Source\PSoC5/WaveDAC_0_High.c **** *
 183:.\Generated_Source\PSoC5/WaveDAC_0_High.c **** * Return: 
 184:.\Generated_Source\PSoC5/WaveDAC_0_High.c **** *  None
 185:.\Generated_Source\PSoC5/WaveDAC_0_High.c **** *
 186:.\Generated_Source\PSoC5/WaveDAC_0_High.c **** *******************************************************************************/
 187:.\Generated_Source\PSoC5/WaveDAC_0_High.c **** void WaveDAC_0_High_Stop(void) 
 188:.\Generated_Source\PSoC5/WaveDAC_0_High.c **** {
 359              		.loc 1 188 0
 360              		.cfi_startproc
 361              		@ args = 0, pretend = 0, frame = 0
 362              		@ frame_needed = 1, uses_anonymous_args = 0
 363 0000 80B5     		push	{r7, lr}
 364              		.cfi_def_cfa_offset 8
 365              		.cfi_offset 7, -8
 366              		.cfi_offset 14, -4
 367 0002 00AF     		add	r7, sp, #0
 368              		.cfi_def_cfa_register 7
 189:.\Generated_Source\PSoC5/WaveDAC_0_High.c **** 	/* Turn off internal clock, if one present */
 190:.\Generated_Source\PSoC5/WaveDAC_0_High.c **** 	#if(WaveDAC_0_High_CLOCK_SRC == WaveDAC_0_High_CLOCK_INT)  	
 191:.\Generated_Source\PSoC5/WaveDAC_0_High.c **** 	   WaveDAC_0_High_DacClk_Stop();
 192:.\Generated_Source\PSoC5/WaveDAC_0_High.c **** 	#endif /* WaveDAC_0_High_CLOCK_SRC == WaveDAC_0_High_CLOCK_INT */
 193:.\Generated_Source\PSoC5/WaveDAC_0_High.c **** 	
 194:.\Generated_Source\PSoC5/WaveDAC_0_High.c **** 	/* Disble DMA channels */
 195:.\Generated_Source\PSoC5/WaveDAC_0_High.c **** 	(void)CyDmaChDisable(WaveDAC_0_High_Wave1Chan);
 369              		.loc 1 195 0
 370 0004 064B     		ldr	r3, .L13
 371 0006 1B78     		ldrb	r3, [r3]	@ zero_extendqisi2
 372 0008 1846     		mov	r0, r3
 373 000a FFF7FEFF 		bl	CyDmaChDisable
 196:.\Generated_Source\PSoC5/WaveDAC_0_High.c **** 	(void)CyDmaChDisable(WaveDAC_0_High_Wave2Chan);
 374              		.loc 1 196 0
ARM GAS  C:\Users\jthem\AppData\Local\Temp\cc5NVX1o.s 			page 11


 375 000e 054B     		ldr	r3, .L13+4
 376 0010 1B78     		ldrb	r3, [r3]	@ zero_extendqisi2
 377 0012 1846     		mov	r0, r3
 378 0014 FFF7FEFF 		bl	CyDmaChDisable
 197:.\Generated_Source\PSoC5/WaveDAC_0_High.c **** 
 198:.\Generated_Source\PSoC5/WaveDAC_0_High.c **** 	/* Disable power to DAC */
 199:.\Generated_Source\PSoC5/WaveDAC_0_High.c **** 	WaveDAC_0_High_IDAC8_Stop();
 379              		.loc 1 199 0
 380 0018 FFF7FEFF 		bl	WaveDAC_0_High_IDAC8_Stop
 200:.\Generated_Source\PSoC5/WaveDAC_0_High.c **** }
 381              		.loc 1 200 0
 382 001c 80BD     		pop	{r7, pc}
 383              	.L14:
 384 001e 00BF     		.align	2
 385              	.L13:
 386 0020 01000000 		.word	WaveDAC_0_High_Wave1Chan
 387 0024 02000000 		.word	WaveDAC_0_High_Wave2Chan
 388              		.cfi_endproc
 389              	.LFE4:
 390              		.size	WaveDAC_0_High_Stop, .-WaveDAC_0_High_Stop
 391              		.section	.text.WaveDAC_0_High_Wave1Setup,"ax",%progbits
 392              		.align	2
 393              		.global	WaveDAC_0_High_Wave1Setup
 394              		.thumb
 395              		.thumb_func
 396              		.type	WaveDAC_0_High_Wave1Setup, %function
 397              	WaveDAC_0_High_Wave1Setup:
 398              	.LFB5:
 201:.\Generated_Source\PSoC5/WaveDAC_0_High.c **** 
 202:.\Generated_Source\PSoC5/WaveDAC_0_High.c **** 
 203:.\Generated_Source\PSoC5/WaveDAC_0_High.c **** /*******************************************************************************
 204:.\Generated_Source\PSoC5/WaveDAC_0_High.c **** * Function Name: WaveDAC_0_High_Wave1Setup
 205:.\Generated_Source\PSoC5/WaveDAC_0_High.c **** ********************************************************************************
 206:.\Generated_Source\PSoC5/WaveDAC_0_High.c **** *
 207:.\Generated_Source\PSoC5/WaveDAC_0_High.c **** * Summary:
 208:.\Generated_Source\PSoC5/WaveDAC_0_High.c **** *  Sets pointer and size for waveform 1.                                    
 209:.\Generated_Source\PSoC5/WaveDAC_0_High.c **** *
 210:.\Generated_Source\PSoC5/WaveDAC_0_High.c **** * Parameters:  
 211:.\Generated_Source\PSoC5/WaveDAC_0_High.c **** *  uint8 * WavePtr:     Pointer to the waveform array.
 212:.\Generated_Source\PSoC5/WaveDAC_0_High.c **** *  uint16  SampleSize:  The amount of samples in the waveform.
 213:.\Generated_Source\PSoC5/WaveDAC_0_High.c **** *
 214:.\Generated_Source\PSoC5/WaveDAC_0_High.c **** * Return: 
 215:.\Generated_Source\PSoC5/WaveDAC_0_High.c **** *  None 
 216:.\Generated_Source\PSoC5/WaveDAC_0_High.c **** *
 217:.\Generated_Source\PSoC5/WaveDAC_0_High.c **** *******************************************************************************/
 218:.\Generated_Source\PSoC5/WaveDAC_0_High.c **** void WaveDAC_0_High_Wave1Setup(const uint8 * wavePtr, uint16 sampleSize)
 219:.\Generated_Source\PSoC5/WaveDAC_0_High.c **** 
 220:.\Generated_Source\PSoC5/WaveDAC_0_High.c **** {
 399              		.loc 1 220 0
 400              		.cfi_startproc
 401              		@ args = 0, pretend = 0, frame = 8
 402              		@ frame_needed = 1, uses_anonymous_args = 0
 403 0000 80B5     		push	{r7, lr}
 404              		.cfi_def_cfa_offset 8
 405              		.cfi_offset 7, -8
 406              		.cfi_offset 14, -4
 407 0002 82B0     		sub	sp, sp, #8
ARM GAS  C:\Users\jthem\AppData\Local\Temp\cc5NVX1o.s 			page 12


 408              		.cfi_def_cfa_offset 16
 409 0004 00AF     		add	r7, sp, #0
 410              		.cfi_def_cfa_register 7
 411 0006 7860     		str	r0, [r7, #4]
 412 0008 0B46     		mov	r3, r1
 413 000a 7B80     		strh	r3, [r7, #2]	@ movhi
 221:.\Generated_Source\PSoC5/WaveDAC_0_High.c **** 	#if (CY_PSOC3)
 222:.\Generated_Source\PSoC5/WaveDAC_0_High.c **** 		uint16 memoryType; /* determining the source memory type */
 223:.\Generated_Source\PSoC5/WaveDAC_0_High.c **** 		memoryType = (WaveDAC_0_High_HI16FLASHPTR == HI16(wavePtr)) ? HI16(CYDEV_FLS_BASE) : HI16(CYDEV_S
 224:.\Generated_Source\PSoC5/WaveDAC_0_High.c **** 		
 225:.\Generated_Source\PSoC5/WaveDAC_0_High.c **** 		WaveDAC_0_High_Wave1Chan = WaveDAC_0_High_Wave1_DMA_DmaInitialize(
 226:.\Generated_Source\PSoC5/WaveDAC_0_High.c **** 		WaveDAC_0_High_Wave1_DMA_BYTES_PER_BURST, WaveDAC_0_High_Wave1_DMA_REQUEST_PER_BURST,
 227:.\Generated_Source\PSoC5/WaveDAC_0_High.c **** 		memoryType, HI16(CYDEV_PERIPH_BASE));
 228:.\Generated_Source\PSoC5/WaveDAC_0_High.c **** 	#else /* PSoC 5 */
 229:.\Generated_Source\PSoC5/WaveDAC_0_High.c **** 		WaveDAC_0_High_Wave1Chan = WaveDAC_0_High_Wave1_DMA_DmaInitialize(
 230:.\Generated_Source\PSoC5/WaveDAC_0_High.c **** 		WaveDAC_0_High_Wave1_DMA_BYTES_PER_BURST, WaveDAC_0_High_Wave1_DMA_REQUEST_PER_BURST,
 231:.\Generated_Source\PSoC5/WaveDAC_0_High.c **** 		HI16(wavePtr), HI16(WaveDAC_0_High_DAC8__D));
 414              		.loc 1 231 0
 415 000c 7B68     		ldr	r3, [r7, #4]
 416 000e 1B0C     		lsrs	r3, r3, #16
 229:.\Generated_Source\PSoC5/WaveDAC_0_High.c **** 		WaveDAC_0_High_Wave1_DMA_BYTES_PER_BURST, WaveDAC_0_High_Wave1_DMA_REQUEST_PER_BURST,
 417              		.loc 1 229 0
 418 0010 9BB2     		uxth	r3, r3
 419 0012 0120     		movs	r0, #1
 420 0014 0121     		movs	r1, #1
 421 0016 1A46     		mov	r2, r3
 422 0018 4FF48043 		mov	r3, #16384
 423 001c FFF7FEFF 		bl	WaveDAC_0_High_Wave1_DMA_DmaInitialize
 424 0020 0346     		mov	r3, r0
 425 0022 1A46     		mov	r2, r3
 426 0024 104B     		ldr	r3, .L16
 427 0026 1A70     		strb	r2, [r3]
 232:.\Generated_Source\PSoC5/WaveDAC_0_High.c **** 	#endif /* CY_PSOC3 */
 233:.\Generated_Source\PSoC5/WaveDAC_0_High.c **** 	
 234:.\Generated_Source\PSoC5/WaveDAC_0_High.c **** 	/*
 235:.\Generated_Source\PSoC5/WaveDAC_0_High.c **** 	* TD is looping on itself. 
 236:.\Generated_Source\PSoC5/WaveDAC_0_High.c ****     * Increment the source address, but not the destination address. 
 237:.\Generated_Source\PSoC5/WaveDAC_0_High.c **** 	*/
 238:.\Generated_Source\PSoC5/WaveDAC_0_High.c **** 	(void)CyDmaTdSetConfiguration(WaveDAC_0_High_Wave1TD, sampleSize, WaveDAC_0_High_Wave1TD, 
 428              		.loc 1 238 0
 429 0028 104B     		ldr	r3, .L16+4
 430 002a 1978     		ldrb	r1, [r3]	@ zero_extendqisi2
 431 002c 0F4B     		ldr	r3, .L16+4
 432 002e 1B78     		ldrb	r3, [r3]	@ zero_extendqisi2
 433 0030 7A88     		ldrh	r2, [r7, #2]
 434 0032 0846     		mov	r0, r1
 435 0034 1146     		mov	r1, r2
 436 0036 1A46     		mov	r2, r3
 437 0038 0123     		movs	r3, #1
 438 003a FFF7FEFF 		bl	CyDmaTdSetConfiguration
 239:.\Generated_Source\PSoC5/WaveDAC_0_High.c ****                                     (uint8)CY_DMA_TD_INC_SRC_ADR | (uint8)WaveDAC_0_High_Wave1_DMA_
 240:.\Generated_Source\PSoC5/WaveDAC_0_High.c **** 	
 241:.\Generated_Source\PSoC5/WaveDAC_0_High.c **** 	/* Set the TD source and destination address */
 242:.\Generated_Source\PSoC5/WaveDAC_0_High.c **** 	(void)CyDmaTdSetAddress(WaveDAC_0_High_Wave1TD, LO16((uint32)wavePtr), LO16(WaveDAC_0_High_DAC8__D
 439              		.loc 1 242 0
 440 003e 0B4B     		ldr	r3, .L16+4
 441 0040 1A78     		ldrb	r2, [r3]	@ zero_extendqisi2
ARM GAS  C:\Users\jthem\AppData\Local\Temp\cc5NVX1o.s 			page 13


 442 0042 7B68     		ldr	r3, [r7, #4]
 443 0044 9BB2     		uxth	r3, r3
 444 0046 1046     		mov	r0, r2
 445 0048 1946     		mov	r1, r3
 446 004a 45F68332 		movw	r2, #23427
 447 004e FFF7FEFF 		bl	CyDmaTdSetAddress
 243:.\Generated_Source\PSoC5/WaveDAC_0_High.c **** 	
 244:.\Generated_Source\PSoC5/WaveDAC_0_High.c **** 	/* Associate the TD with the channel */
 245:.\Generated_Source\PSoC5/WaveDAC_0_High.c **** 	(void)CyDmaChSetInitialTd(WaveDAC_0_High_Wave1Chan, WaveDAC_0_High_Wave1TD);
 448              		.loc 1 245 0
 449 0052 054B     		ldr	r3, .L16
 450 0054 1A78     		ldrb	r2, [r3]	@ zero_extendqisi2
 451 0056 054B     		ldr	r3, .L16+4
 452 0058 1B78     		ldrb	r3, [r3]	@ zero_extendqisi2
 453 005a 1046     		mov	r0, r2
 454 005c 1946     		mov	r1, r3
 455 005e FFF7FEFF 		bl	CyDmaChSetInitialTd
 246:.\Generated_Source\PSoC5/WaveDAC_0_High.c **** }
 456              		.loc 1 246 0
 457 0062 0837     		adds	r7, r7, #8
 458              		.cfi_def_cfa_offset 8
 459 0064 BD46     		mov	sp, r7
 460              		.cfi_def_cfa_register 13
 461              		@ sp needed
 462 0066 80BD     		pop	{r7, pc}
 463              	.L17:
 464              		.align	2
 465              	.L16:
 466 0068 01000000 		.word	WaveDAC_0_High_Wave1Chan
 467 006c 03000000 		.word	WaveDAC_0_High_Wave1TD
 468              		.cfi_endproc
 469              	.LFE5:
 470              		.size	WaveDAC_0_High_Wave1Setup, .-WaveDAC_0_High_Wave1Setup
 471              		.section	.text.WaveDAC_0_High_Wave2Setup,"ax",%progbits
 472              		.align	2
 473              		.global	WaveDAC_0_High_Wave2Setup
 474              		.thumb
 475              		.thumb_func
 476              		.type	WaveDAC_0_High_Wave2Setup, %function
 477              	WaveDAC_0_High_Wave2Setup:
 478              	.LFB6:
 247:.\Generated_Source\PSoC5/WaveDAC_0_High.c **** 
 248:.\Generated_Source\PSoC5/WaveDAC_0_High.c **** 
 249:.\Generated_Source\PSoC5/WaveDAC_0_High.c **** /*******************************************************************************
 250:.\Generated_Source\PSoC5/WaveDAC_0_High.c **** * Function Name: WaveDAC_0_High_Wave2Setup
 251:.\Generated_Source\PSoC5/WaveDAC_0_High.c **** ********************************************************************************
 252:.\Generated_Source\PSoC5/WaveDAC_0_High.c **** *
 253:.\Generated_Source\PSoC5/WaveDAC_0_High.c **** * Summary:
 254:.\Generated_Source\PSoC5/WaveDAC_0_High.c **** *  Sets pointer and size for waveform 2.                                    
 255:.\Generated_Source\PSoC5/WaveDAC_0_High.c **** *
 256:.\Generated_Source\PSoC5/WaveDAC_0_High.c **** * Parameters:  
 257:.\Generated_Source\PSoC5/WaveDAC_0_High.c **** *  uint8 * WavePtr:     Pointer to the waveform array.
 258:.\Generated_Source\PSoC5/WaveDAC_0_High.c **** *  uint16  SampleSize:  The amount of samples in the waveform.
 259:.\Generated_Source\PSoC5/WaveDAC_0_High.c **** *
 260:.\Generated_Source\PSoC5/WaveDAC_0_High.c **** * Return: 
 261:.\Generated_Source\PSoC5/WaveDAC_0_High.c **** *  None
 262:.\Generated_Source\PSoC5/WaveDAC_0_High.c **** *
ARM GAS  C:\Users\jthem\AppData\Local\Temp\cc5NVX1o.s 			page 14


 263:.\Generated_Source\PSoC5/WaveDAC_0_High.c **** *******************************************************************************/
 264:.\Generated_Source\PSoC5/WaveDAC_0_High.c **** void WaveDAC_0_High_Wave2Setup(const uint8 * wavePtr, uint16 sampleSize)
 265:.\Generated_Source\PSoC5/WaveDAC_0_High.c ****  
 266:.\Generated_Source\PSoC5/WaveDAC_0_High.c **** {
 479              		.loc 1 266 0
 480              		.cfi_startproc
 481              		@ args = 0, pretend = 0, frame = 8
 482              		@ frame_needed = 1, uses_anonymous_args = 0
 483 0000 80B5     		push	{r7, lr}
 484              		.cfi_def_cfa_offset 8
 485              		.cfi_offset 7, -8
 486              		.cfi_offset 14, -4
 487 0002 82B0     		sub	sp, sp, #8
 488              		.cfi_def_cfa_offset 16
 489 0004 00AF     		add	r7, sp, #0
 490              		.cfi_def_cfa_register 7
 491 0006 7860     		str	r0, [r7, #4]
 492 0008 0B46     		mov	r3, r1
 493 000a 7B80     		strh	r3, [r7, #2]	@ movhi
 267:.\Generated_Source\PSoC5/WaveDAC_0_High.c **** 	#if (CY_PSOC3)
 268:.\Generated_Source\PSoC5/WaveDAC_0_High.c **** 		uint16 memoryType; /* determining the source memory type */
 269:.\Generated_Source\PSoC5/WaveDAC_0_High.c **** 		memoryType = (WaveDAC_0_High_HI16FLASHPTR == HI16(wavePtr)) ? HI16(CYDEV_FLS_BASE) : HI16(CYDEV_S
 270:.\Generated_Source\PSoC5/WaveDAC_0_High.c **** 			
 271:.\Generated_Source\PSoC5/WaveDAC_0_High.c **** 		WaveDAC_0_High_Wave2Chan = WaveDAC_0_High_Wave2_DMA_DmaInitialize(
 272:.\Generated_Source\PSoC5/WaveDAC_0_High.c **** 		WaveDAC_0_High_Wave2_DMA_BYTES_PER_BURST, WaveDAC_0_High_Wave2_DMA_REQUEST_PER_BURST,
 273:.\Generated_Source\PSoC5/WaveDAC_0_High.c **** 		memoryType, HI16(CYDEV_PERIPH_BASE));
 274:.\Generated_Source\PSoC5/WaveDAC_0_High.c **** 	#else /* PSoC 5 */
 275:.\Generated_Source\PSoC5/WaveDAC_0_High.c **** 		WaveDAC_0_High_Wave2Chan = WaveDAC_0_High_Wave2_DMA_DmaInitialize(
 276:.\Generated_Source\PSoC5/WaveDAC_0_High.c **** 		WaveDAC_0_High_Wave2_DMA_BYTES_PER_BURST, WaveDAC_0_High_Wave2_DMA_REQUEST_PER_BURST,
 277:.\Generated_Source\PSoC5/WaveDAC_0_High.c **** 		HI16(wavePtr), HI16(WaveDAC_0_High_DAC8__D));
 494              		.loc 1 277 0
 495 000c 7B68     		ldr	r3, [r7, #4]
 496 000e 1B0C     		lsrs	r3, r3, #16
 275:.\Generated_Source\PSoC5/WaveDAC_0_High.c **** 		WaveDAC_0_High_Wave2_DMA_BYTES_PER_BURST, WaveDAC_0_High_Wave2_DMA_REQUEST_PER_BURST,
 497              		.loc 1 275 0
 498 0010 9BB2     		uxth	r3, r3
 499 0012 0120     		movs	r0, #1
 500 0014 0121     		movs	r1, #1
 501 0016 1A46     		mov	r2, r3
 502 0018 4FF48043 		mov	r3, #16384
 503 001c FFF7FEFF 		bl	WaveDAC_0_High_Wave2_DMA_DmaInitialize
 504 0020 0346     		mov	r3, r0
 505 0022 1A46     		mov	r2, r3
 506 0024 104B     		ldr	r3, .L19
 507 0026 1A70     		strb	r2, [r3]
 278:.\Generated_Source\PSoC5/WaveDAC_0_High.c **** 	#endif /* CY_PSOC3 */
 279:.\Generated_Source\PSoC5/WaveDAC_0_High.c **** 	
 280:.\Generated_Source\PSoC5/WaveDAC_0_High.c **** 	/*
 281:.\Generated_Source\PSoC5/WaveDAC_0_High.c **** 	* TD is looping on itself. 
 282:.\Generated_Source\PSoC5/WaveDAC_0_High.c **** 	* Increment the source address, but not the destination address. 
 283:.\Generated_Source\PSoC5/WaveDAC_0_High.c **** 	*/
 284:.\Generated_Source\PSoC5/WaveDAC_0_High.c **** 	(void)CyDmaTdSetConfiguration(WaveDAC_0_High_Wave2TD, sampleSize, WaveDAC_0_High_Wave2TD, 
 508              		.loc 1 284 0
 509 0028 104B     		ldr	r3, .L19+4
 510 002a 1978     		ldrb	r1, [r3]	@ zero_extendqisi2
 511 002c 0F4B     		ldr	r3, .L19+4
 512 002e 1B78     		ldrb	r3, [r3]	@ zero_extendqisi2
ARM GAS  C:\Users\jthem\AppData\Local\Temp\cc5NVX1o.s 			page 15


 513 0030 7A88     		ldrh	r2, [r7, #2]
 514 0032 0846     		mov	r0, r1
 515 0034 1146     		mov	r1, r2
 516 0036 1A46     		mov	r2, r3
 517 0038 0123     		movs	r3, #1
 518 003a FFF7FEFF 		bl	CyDmaTdSetConfiguration
 285:.\Generated_Source\PSoC5/WaveDAC_0_High.c ****                                     (uint8)CY_DMA_TD_INC_SRC_ADR | (uint8)WaveDAC_0_High_Wave2_DMA_
 286:.\Generated_Source\PSoC5/WaveDAC_0_High.c **** 	
 287:.\Generated_Source\PSoC5/WaveDAC_0_High.c **** 	/* Set the TD source and destination address */
 288:.\Generated_Source\PSoC5/WaveDAC_0_High.c **** 	(void)CyDmaTdSetAddress(WaveDAC_0_High_Wave2TD, LO16((uint32)wavePtr), LO16(WaveDAC_0_High_DAC8__D
 519              		.loc 1 288 0
 520 003e 0B4B     		ldr	r3, .L19+4
 521 0040 1A78     		ldrb	r2, [r3]	@ zero_extendqisi2
 522 0042 7B68     		ldr	r3, [r7, #4]
 523 0044 9BB2     		uxth	r3, r3
 524 0046 1046     		mov	r0, r2
 525 0048 1946     		mov	r1, r3
 526 004a 45F68332 		movw	r2, #23427
 527 004e FFF7FEFF 		bl	CyDmaTdSetAddress
 289:.\Generated_Source\PSoC5/WaveDAC_0_High.c **** 	
 290:.\Generated_Source\PSoC5/WaveDAC_0_High.c **** 	/* Associate the TD with the channel */
 291:.\Generated_Source\PSoC5/WaveDAC_0_High.c **** 	(void)CyDmaChSetInitialTd(WaveDAC_0_High_Wave2Chan, WaveDAC_0_High_Wave2TD);
 528              		.loc 1 291 0
 529 0052 054B     		ldr	r3, .L19
 530 0054 1A78     		ldrb	r2, [r3]	@ zero_extendqisi2
 531 0056 054B     		ldr	r3, .L19+4
 532 0058 1B78     		ldrb	r3, [r3]	@ zero_extendqisi2
 533 005a 1046     		mov	r0, r2
 534 005c 1946     		mov	r1, r3
 535 005e FFF7FEFF 		bl	CyDmaChSetInitialTd
 292:.\Generated_Source\PSoC5/WaveDAC_0_High.c **** }
 536              		.loc 1 292 0
 537 0062 0837     		adds	r7, r7, #8
 538              		.cfi_def_cfa_offset 8
 539 0064 BD46     		mov	sp, r7
 540              		.cfi_def_cfa_register 13
 541              		@ sp needed
 542 0066 80BD     		pop	{r7, pc}
 543              	.L20:
 544              		.align	2
 545              	.L19:
 546 0068 02000000 		.word	WaveDAC_0_High_Wave2Chan
 547 006c 04000000 		.word	WaveDAC_0_High_Wave2TD
 548              		.cfi_endproc
 549              	.LFE6:
 550              		.size	WaveDAC_0_High_Wave2Setup, .-WaveDAC_0_High_Wave2Setup
 551              		.text
 552              	.Letext0:
 553              		.file 2 ".\\Generated_Source\\PSoC5\\cytypes.h"
 554              		.section	.debug_info,"",%progbits
 555              	.Ldebug_info0:
 556 0000 4D020000 		.4byte	0x24d
 557 0004 0400     		.2byte	0x4
 558 0006 00000000 		.4byte	.Ldebug_abbrev0
 559 000a 04       		.byte	0x4
 560 000b 01       		.uleb128 0x1
 561 000c 30010000 		.4byte	.LASF36
ARM GAS  C:\Users\jthem\AppData\Local\Temp\cc5NVX1o.s 			page 16


 562 0010 01       		.byte	0x1
 563 0011 41000000 		.4byte	.LASF37
 564 0015 C5010000 		.4byte	.LASF38
 565 0019 00000000 		.4byte	.Ldebug_ranges0+0
 566 001d 00000000 		.4byte	0
 567 0021 00000000 		.4byte	.Ldebug_line0
 568 0025 02       		.uleb128 0x2
 569 0026 01       		.byte	0x1
 570 0027 06       		.byte	0x6
 571 0028 05030000 		.4byte	.LASF0
 572 002c 02       		.uleb128 0x2
 573 002d 01       		.byte	0x1
 574 002e 08       		.byte	0x8
 575 002f 22010000 		.4byte	.LASF1
 576 0033 02       		.uleb128 0x2
 577 0034 02       		.byte	0x2
 578 0035 05       		.byte	0x5
 579 0036 DC020000 		.4byte	.LASF2
 580 003a 02       		.uleb128 0x2
 581 003b 02       		.byte	0x2
 582 003c 07       		.byte	0x7
 583 003d 2E000000 		.4byte	.LASF3
 584 0041 02       		.uleb128 0x2
 585 0042 04       		.byte	0x4
 586 0043 05       		.byte	0x5
 587 0044 FC020000 		.4byte	.LASF4
 588 0048 02       		.uleb128 0x2
 589 0049 04       		.byte	0x4
 590 004a 07       		.byte	0x7
 591 004b D1000000 		.4byte	.LASF5
 592 004f 02       		.uleb128 0x2
 593 0050 08       		.byte	0x8
 594 0051 05       		.byte	0x5
 595 0052 C9020000 		.4byte	.LASF6
 596 0056 02       		.uleb128 0x2
 597 0057 08       		.byte	0x8
 598 0058 07       		.byte	0x7
 599 0059 38020000 		.4byte	.LASF7
 600 005d 03       		.uleb128 0x3
 601 005e 04       		.byte	0x4
 602 005f 05       		.byte	0x5
 603 0060 696E7400 		.ascii	"int\000"
 604 0064 02       		.uleb128 0x2
 605 0065 04       		.byte	0x4
 606 0066 07       		.byte	0x7
 607 0067 16020000 		.4byte	.LASF8
 608 006b 04       		.uleb128 0x4
 609 006c EB000000 		.4byte	.LASF9
 610 0070 02       		.byte	0x2
 611 0071 3801     		.2byte	0x138
 612 0073 2C000000 		.4byte	0x2c
 613 0077 04       		.uleb128 0x4
 614 0078 08020000 		.4byte	.LASF10
 615 007c 02       		.byte	0x2
 616 007d 3901     		.2byte	0x139
 617 007f 3A000000 		.4byte	0x3a
 618 0083 04       		.uleb128 0x4
ARM GAS  C:\Users\jthem\AppData\Local\Temp\cc5NVX1o.s 			page 17


 619 0084 0F020000 		.4byte	.LASF11
 620 0088 02       		.byte	0x2
 621 0089 3A01     		.2byte	0x13a
 622 008b 48000000 		.4byte	0x48
 623 008f 02       		.uleb128 0x2
 624 0090 04       		.byte	0x4
 625 0091 04       		.byte	0x4
 626 0092 92000000 		.4byte	.LASF12
 627 0096 02       		.uleb128 0x2
 628 0097 08       		.byte	0x8
 629 0098 04       		.byte	0x4
 630 0099 BE010000 		.4byte	.LASF13
 631 009d 02       		.uleb128 0x2
 632 009e 01       		.byte	0x1
 633 009f 08       		.byte	0x8
 634 00a0 D7020000 		.4byte	.LASF14
 635 00a4 02       		.uleb128 0x2
 636 00a5 04       		.byte	0x4
 637 00a6 07       		.byte	0x7
 638 00a7 AB020000 		.4byte	.LASF15
 639 00ab 05       		.uleb128 0x5
 640 00ac 80020000 		.4byte	.LASF16
 641 00b0 01       		.byte	0x1
 642 00b1 2B       		.byte	0x2b
 643 00b2 00000000 		.4byte	.LFB0
 644 00b6 54000000 		.4byte	.LFE0-.LFB0
 645 00ba 01       		.uleb128 0x1
 646 00bb 9C       		.byte	0x9c
 647 00bc 05       		.uleb128 0x5
 648 00bd E6020000 		.4byte	.LASF17
 649 00c1 01       		.byte	0x1
 650 00c2 56       		.byte	0x56
 651 00c3 00000000 		.4byte	.LFB1
 652 00c7 30000000 		.4byte	.LFE1-.LFB1
 653 00cb 01       		.uleb128 0x1
 654 00cc 9C       		.byte	0x9c
 655 00cd 05       		.uleb128 0x5
 656 00ce 23020000 		.4byte	.LASF18
 657 00d2 01       		.byte	0x1
 658 00d3 81       		.byte	0x81
 659 00d4 00000000 		.4byte	.LFB2
 660 00d8 20000000 		.4byte	.LFE2-.LFB2
 661 00dc 01       		.uleb128 0x1
 662 00dd 9C       		.byte	0x9c
 663 00de 06       		.uleb128 0x6
 664 00df BA000000 		.4byte	.LASF24
 665 00e3 01       		.byte	0x1
 666 00e4 A3       		.byte	0xa3
 667 00e5 00000000 		.4byte	.LFB3
 668 00e9 32000000 		.4byte	.LFE3-.LFB3
 669 00ed 01       		.uleb128 0x1
 670 00ee 9C       		.byte	0x9c
 671 00ef 2C010000 		.4byte	0x12c
 672 00f3 07       		.uleb128 0x7
 673 00f4 6B000000 		.4byte	.LASF19
 674 00f8 01       		.byte	0x1
 675 00f9 A3       		.byte	0xa3
ARM GAS  C:\Users\jthem\AppData\Local\Temp\cc5NVX1o.s 			page 18


 676 00fa 2C010000 		.4byte	0x12c
 677 00fe 02       		.uleb128 0x2
 678 00ff 91       		.byte	0x91
 679 0100 74       		.sleb128 -12
 680 0101 07       		.uleb128 0x7
 681 0102 0A010000 		.4byte	.LASF20
 682 0106 01       		.byte	0x1
 683 0107 A3       		.byte	0xa3
 684 0108 77000000 		.4byte	0x77
 685 010c 02       		.uleb128 0x2
 686 010d 91       		.byte	0x91
 687 010e 72       		.sleb128 -14
 688 010f 07       		.uleb128 0x7
 689 0110 74000000 		.4byte	.LASF21
 690 0114 01       		.byte	0x1
 691 0115 A3       		.byte	0xa3
 692 0116 2C010000 		.4byte	0x12c
 693 011a 02       		.uleb128 0x2
 694 011b 91       		.byte	0x91
 695 011c 6C       		.sleb128 -20
 696 011d 07       		.uleb128 0x7
 697 011e 16010000 		.4byte	.LASF22
 698 0122 01       		.byte	0x1
 699 0123 A3       		.byte	0xa3
 700 0124 77000000 		.4byte	0x77
 701 0128 02       		.uleb128 0x2
 702 0129 91       		.byte	0x91
 703 012a 70       		.sleb128 -16
 704 012b 00       		.byte	0
 705 012c 08       		.uleb128 0x8
 706 012d 04       		.byte	0x4
 707 012e 32010000 		.4byte	0x132
 708 0132 09       		.uleb128 0x9
 709 0133 6B000000 		.4byte	0x6b
 710 0137 05       		.uleb128 0x5
 711 0138 1A000000 		.4byte	.LASF23
 712 013c 01       		.byte	0x1
 713 013d BB       		.byte	0xbb
 714 013e 00000000 		.4byte	.LFB4
 715 0142 28000000 		.4byte	.LFE4-.LFB4
 716 0146 01       		.uleb128 0x1
 717 0147 9C       		.byte	0x9c
 718 0148 06       		.uleb128 0x6
 719 0149 66020000 		.4byte	.LASF25
 720 014d 01       		.byte	0x1
 721 014e DA       		.byte	0xda
 722 014f 00000000 		.4byte	.LFB5
 723 0153 70000000 		.4byte	.LFE5-.LFB5
 724 0157 01       		.uleb128 0x1
 725 0158 9C       		.byte	0x9c
 726 0159 7A010000 		.4byte	0x17a
 727 015d 07       		.uleb128 0x7
 728 015e E3000000 		.4byte	.LASF26
 729 0162 01       		.byte	0x1
 730 0163 DA       		.byte	0xda
 731 0164 2C010000 		.4byte	0x12c
 732 0168 02       		.uleb128 0x2
ARM GAS  C:\Users\jthem\AppData\Local\Temp\cc5NVX1o.s 			page 19


 733 0169 91       		.byte	0x91
 734 016a 74       		.sleb128 -12
 735 016b 07       		.uleb128 0x7
 736 016c AF000000 		.4byte	.LASF27
 737 0170 01       		.byte	0x1
 738 0171 DA       		.byte	0xda
 739 0172 77000000 		.4byte	0x77
 740 0176 02       		.uleb128 0x2
 741 0177 91       		.byte	0x91
 742 0178 72       		.sleb128 -14
 743 0179 00       		.byte	0
 744 017a 0A       		.uleb128 0xa
 745 017b 00000000 		.4byte	.LASF28
 746 017f 01       		.byte	0x1
 747 0180 0801     		.2byte	0x108
 748 0182 00000000 		.4byte	.LFB6
 749 0186 70000000 		.4byte	.LFE6-.LFB6
 750 018a 01       		.uleb128 0x1
 751 018b 9C       		.byte	0x9c
 752 018c AF010000 		.4byte	0x1af
 753 0190 0B       		.uleb128 0xb
 754 0191 E3000000 		.4byte	.LASF26
 755 0195 01       		.byte	0x1
 756 0196 0801     		.2byte	0x108
 757 0198 2C010000 		.4byte	0x12c
 758 019c 02       		.uleb128 0x2
 759 019d 91       		.byte	0x91
 760 019e 74       		.sleb128 -12
 761 019f 0B       		.uleb128 0xb
 762 01a0 AF000000 		.4byte	.LASF27
 763 01a4 01       		.byte	0x1
 764 01a5 0801     		.2byte	0x108
 765 01a7 77000000 		.4byte	0x77
 766 01ab 02       		.uleb128 0x2
 767 01ac 91       		.byte	0x91
 768 01ad 72       		.sleb128 -14
 769 01ae 00       		.byte	0
 770 01af 0C       		.uleb128 0xc
 771 01b0 11030000 		.4byte	.LASF29
 772 01b4 01       		.byte	0x1
 773 01b5 17       		.byte	0x17
 774 01b6 6B000000 		.4byte	0x6b
 775 01ba 05       		.uleb128 0x5
 776 01bb 03       		.byte	0x3
 777 01bc 01000000 		.4byte	WaveDAC_0_High_Wave1Chan
 778 01c0 0C       		.uleb128 0xc
 779 01c1 F1000000 		.4byte	.LASF30
 780 01c5 01       		.byte	0x1
 781 01c6 18       		.byte	0x18
 782 01c7 6B000000 		.4byte	0x6b
 783 01cb 05       		.uleb128 0x5
 784 01cc 03       		.byte	0x3
 785 01cd 02000000 		.4byte	WaveDAC_0_High_Wave2Chan
 786 01d1 0C       		.uleb128 0xc
 787 01d2 98000000 		.4byte	.LASF31
 788 01d6 01       		.byte	0x1
 789 01d7 19       		.byte	0x19
ARM GAS  C:\Users\jthem\AppData\Local\Temp\cc5NVX1o.s 			page 20


 790 01d8 6B000000 		.4byte	0x6b
 791 01dc 05       		.uleb128 0x5
 792 01dd 03       		.byte	0x3
 793 01de 03000000 		.4byte	WaveDAC_0_High_Wave1TD
 794 01e2 0C       		.uleb128 0xc
 795 01e3 4F020000 		.4byte	.LASF32
 796 01e7 01       		.byte	0x1
 797 01e8 1A       		.byte	0x1a
 798 01e9 6B000000 		.4byte	0x6b
 799 01ed 05       		.uleb128 0x5
 800 01ee 03       		.byte	0x3
 801 01ef 04000000 		.4byte	WaveDAC_0_High_Wave2TD
 802 01f3 0D       		.uleb128 0xd
 803 01f4 94020000 		.4byte	.LASF33
 804 01f8 01       		.byte	0x1
 805 01f9 12       		.byte	0x12
 806 01fa 6B000000 		.4byte	0x6b
 807 01fe 05       		.uleb128 0x5
 808 01ff 03       		.byte	0x3
 809 0200 00000000 		.4byte	WaveDAC_0_High_initVar
 810 0204 0E       		.uleb128 0xe
 811 0205 6B000000 		.4byte	0x6b
 812 0209 14020000 		.4byte	0x214
 813 020d 0F       		.uleb128 0xf
 814 020e A4000000 		.4byte	0xa4
 815 0212 09       		.byte	0x9
 816 0213 00       		.byte	0
 817 0214 0D       		.uleb128 0xd
 818 0215 B4020000 		.4byte	.LASF34
 819 0219 01       		.byte	0x1
 820 021a 14       		.byte	0x14
 821 021b 25020000 		.4byte	0x225
 822 021f 05       		.uleb128 0x5
 823 0220 03       		.byte	0x3
 824 0221 00000000 		.4byte	WaveDAC_0_High_wave1
 825 0225 09       		.uleb128 0x9
 826 0226 04020000 		.4byte	0x204
 827 022a 0E       		.uleb128 0xe
 828 022b 6B000000 		.4byte	0x6b
 829 022f 3A020000 		.4byte	0x23a
 830 0233 0F       		.uleb128 0xf
 831 0234 A4000000 		.4byte	0xa4
 832 0238 63       		.byte	0x63
 833 0239 00       		.byte	0
 834 023a 0D       		.uleb128 0xd
 835 023b 7D000000 		.4byte	.LASF35
 836 023f 01       		.byte	0x1
 837 0240 15       		.byte	0x15
 838 0241 4B020000 		.4byte	0x24b
 839 0245 05       		.uleb128 0x5
 840 0246 03       		.byte	0x3
 841 0247 00000000 		.4byte	WaveDAC_0_High_wave2
 842 024b 09       		.uleb128 0x9
 843 024c 2A020000 		.4byte	0x22a
 844 0250 00       		.byte	0
 845              		.section	.debug_abbrev,"",%progbits
 846              	.Ldebug_abbrev0:
ARM GAS  C:\Users\jthem\AppData\Local\Temp\cc5NVX1o.s 			page 21


 847 0000 01       		.uleb128 0x1
 848 0001 11       		.uleb128 0x11
 849 0002 01       		.byte	0x1
 850 0003 25       		.uleb128 0x25
 851 0004 0E       		.uleb128 0xe
 852 0005 13       		.uleb128 0x13
 853 0006 0B       		.uleb128 0xb
 854 0007 03       		.uleb128 0x3
 855 0008 0E       		.uleb128 0xe
 856 0009 1B       		.uleb128 0x1b
 857 000a 0E       		.uleb128 0xe
 858 000b 55       		.uleb128 0x55
 859 000c 17       		.uleb128 0x17
 860 000d 11       		.uleb128 0x11
 861 000e 01       		.uleb128 0x1
 862 000f 10       		.uleb128 0x10
 863 0010 17       		.uleb128 0x17
 864 0011 00       		.byte	0
 865 0012 00       		.byte	0
 866 0013 02       		.uleb128 0x2
 867 0014 24       		.uleb128 0x24
 868 0015 00       		.byte	0
 869 0016 0B       		.uleb128 0xb
 870 0017 0B       		.uleb128 0xb
 871 0018 3E       		.uleb128 0x3e
 872 0019 0B       		.uleb128 0xb
 873 001a 03       		.uleb128 0x3
 874 001b 0E       		.uleb128 0xe
 875 001c 00       		.byte	0
 876 001d 00       		.byte	0
 877 001e 03       		.uleb128 0x3
 878 001f 24       		.uleb128 0x24
 879 0020 00       		.byte	0
 880 0021 0B       		.uleb128 0xb
 881 0022 0B       		.uleb128 0xb
 882 0023 3E       		.uleb128 0x3e
 883 0024 0B       		.uleb128 0xb
 884 0025 03       		.uleb128 0x3
 885 0026 08       		.uleb128 0x8
 886 0027 00       		.byte	0
 887 0028 00       		.byte	0
 888 0029 04       		.uleb128 0x4
 889 002a 16       		.uleb128 0x16
 890 002b 00       		.byte	0
 891 002c 03       		.uleb128 0x3
 892 002d 0E       		.uleb128 0xe
 893 002e 3A       		.uleb128 0x3a
 894 002f 0B       		.uleb128 0xb
 895 0030 3B       		.uleb128 0x3b
 896 0031 05       		.uleb128 0x5
 897 0032 49       		.uleb128 0x49
 898 0033 13       		.uleb128 0x13
 899 0034 00       		.byte	0
 900 0035 00       		.byte	0
 901 0036 05       		.uleb128 0x5
 902 0037 2E       		.uleb128 0x2e
 903 0038 00       		.byte	0
ARM GAS  C:\Users\jthem\AppData\Local\Temp\cc5NVX1o.s 			page 22


 904 0039 3F       		.uleb128 0x3f
 905 003a 19       		.uleb128 0x19
 906 003b 03       		.uleb128 0x3
 907 003c 0E       		.uleb128 0xe
 908 003d 3A       		.uleb128 0x3a
 909 003e 0B       		.uleb128 0xb
 910 003f 3B       		.uleb128 0x3b
 911 0040 0B       		.uleb128 0xb
 912 0041 27       		.uleb128 0x27
 913 0042 19       		.uleb128 0x19
 914 0043 11       		.uleb128 0x11
 915 0044 01       		.uleb128 0x1
 916 0045 12       		.uleb128 0x12
 917 0046 06       		.uleb128 0x6
 918 0047 40       		.uleb128 0x40
 919 0048 18       		.uleb128 0x18
 920 0049 9642     		.uleb128 0x2116
 921 004b 19       		.uleb128 0x19
 922 004c 00       		.byte	0
 923 004d 00       		.byte	0
 924 004e 06       		.uleb128 0x6
 925 004f 2E       		.uleb128 0x2e
 926 0050 01       		.byte	0x1
 927 0051 3F       		.uleb128 0x3f
 928 0052 19       		.uleb128 0x19
 929 0053 03       		.uleb128 0x3
 930 0054 0E       		.uleb128 0xe
 931 0055 3A       		.uleb128 0x3a
 932 0056 0B       		.uleb128 0xb
 933 0057 3B       		.uleb128 0x3b
 934 0058 0B       		.uleb128 0xb
 935 0059 27       		.uleb128 0x27
 936 005a 19       		.uleb128 0x19
 937 005b 11       		.uleb128 0x11
 938 005c 01       		.uleb128 0x1
 939 005d 12       		.uleb128 0x12
 940 005e 06       		.uleb128 0x6
 941 005f 40       		.uleb128 0x40
 942 0060 18       		.uleb128 0x18
 943 0061 9642     		.uleb128 0x2116
 944 0063 19       		.uleb128 0x19
 945 0064 01       		.uleb128 0x1
 946 0065 13       		.uleb128 0x13
 947 0066 00       		.byte	0
 948 0067 00       		.byte	0
 949 0068 07       		.uleb128 0x7
 950 0069 05       		.uleb128 0x5
 951 006a 00       		.byte	0
 952 006b 03       		.uleb128 0x3
 953 006c 0E       		.uleb128 0xe
 954 006d 3A       		.uleb128 0x3a
 955 006e 0B       		.uleb128 0xb
 956 006f 3B       		.uleb128 0x3b
 957 0070 0B       		.uleb128 0xb
 958 0071 49       		.uleb128 0x49
 959 0072 13       		.uleb128 0x13
 960 0073 02       		.uleb128 0x2
ARM GAS  C:\Users\jthem\AppData\Local\Temp\cc5NVX1o.s 			page 23


 961 0074 18       		.uleb128 0x18
 962 0075 00       		.byte	0
 963 0076 00       		.byte	0
 964 0077 08       		.uleb128 0x8
 965 0078 0F       		.uleb128 0xf
 966 0079 00       		.byte	0
 967 007a 0B       		.uleb128 0xb
 968 007b 0B       		.uleb128 0xb
 969 007c 49       		.uleb128 0x49
 970 007d 13       		.uleb128 0x13
 971 007e 00       		.byte	0
 972 007f 00       		.byte	0
 973 0080 09       		.uleb128 0x9
 974 0081 26       		.uleb128 0x26
 975 0082 00       		.byte	0
 976 0083 49       		.uleb128 0x49
 977 0084 13       		.uleb128 0x13
 978 0085 00       		.byte	0
 979 0086 00       		.byte	0
 980 0087 0A       		.uleb128 0xa
 981 0088 2E       		.uleb128 0x2e
 982 0089 01       		.byte	0x1
 983 008a 3F       		.uleb128 0x3f
 984 008b 19       		.uleb128 0x19
 985 008c 03       		.uleb128 0x3
 986 008d 0E       		.uleb128 0xe
 987 008e 3A       		.uleb128 0x3a
 988 008f 0B       		.uleb128 0xb
 989 0090 3B       		.uleb128 0x3b
 990 0091 05       		.uleb128 0x5
 991 0092 27       		.uleb128 0x27
 992 0093 19       		.uleb128 0x19
 993 0094 11       		.uleb128 0x11
 994 0095 01       		.uleb128 0x1
 995 0096 12       		.uleb128 0x12
 996 0097 06       		.uleb128 0x6
 997 0098 40       		.uleb128 0x40
 998 0099 18       		.uleb128 0x18
 999 009a 9642     		.uleb128 0x2116
 1000 009c 19       		.uleb128 0x19
 1001 009d 01       		.uleb128 0x1
 1002 009e 13       		.uleb128 0x13
 1003 009f 00       		.byte	0
 1004 00a0 00       		.byte	0
 1005 00a1 0B       		.uleb128 0xb
 1006 00a2 05       		.uleb128 0x5
 1007 00a3 00       		.byte	0
 1008 00a4 03       		.uleb128 0x3
 1009 00a5 0E       		.uleb128 0xe
 1010 00a6 3A       		.uleb128 0x3a
 1011 00a7 0B       		.uleb128 0xb
 1012 00a8 3B       		.uleb128 0x3b
 1013 00a9 05       		.uleb128 0x5
 1014 00aa 49       		.uleb128 0x49
 1015 00ab 13       		.uleb128 0x13
 1016 00ac 02       		.uleb128 0x2
 1017 00ad 18       		.uleb128 0x18
ARM GAS  C:\Users\jthem\AppData\Local\Temp\cc5NVX1o.s 			page 24


 1018 00ae 00       		.byte	0
 1019 00af 00       		.byte	0
 1020 00b0 0C       		.uleb128 0xc
 1021 00b1 34       		.uleb128 0x34
 1022 00b2 00       		.byte	0
 1023 00b3 03       		.uleb128 0x3
 1024 00b4 0E       		.uleb128 0xe
 1025 00b5 3A       		.uleb128 0x3a
 1026 00b6 0B       		.uleb128 0xb
 1027 00b7 3B       		.uleb128 0x3b
 1028 00b8 0B       		.uleb128 0xb
 1029 00b9 49       		.uleb128 0x49
 1030 00ba 13       		.uleb128 0x13
 1031 00bb 02       		.uleb128 0x2
 1032 00bc 18       		.uleb128 0x18
 1033 00bd 00       		.byte	0
 1034 00be 00       		.byte	0
 1035 00bf 0D       		.uleb128 0xd
 1036 00c0 34       		.uleb128 0x34
 1037 00c1 00       		.byte	0
 1038 00c2 03       		.uleb128 0x3
 1039 00c3 0E       		.uleb128 0xe
 1040 00c4 3A       		.uleb128 0x3a
 1041 00c5 0B       		.uleb128 0xb
 1042 00c6 3B       		.uleb128 0x3b
 1043 00c7 0B       		.uleb128 0xb
 1044 00c8 49       		.uleb128 0x49
 1045 00c9 13       		.uleb128 0x13
 1046 00ca 3F       		.uleb128 0x3f
 1047 00cb 19       		.uleb128 0x19
 1048 00cc 02       		.uleb128 0x2
 1049 00cd 18       		.uleb128 0x18
 1050 00ce 00       		.byte	0
 1051 00cf 00       		.byte	0
 1052 00d0 0E       		.uleb128 0xe
 1053 00d1 01       		.uleb128 0x1
 1054 00d2 01       		.byte	0x1
 1055 00d3 49       		.uleb128 0x49
 1056 00d4 13       		.uleb128 0x13
 1057 00d5 01       		.uleb128 0x1
 1058 00d6 13       		.uleb128 0x13
 1059 00d7 00       		.byte	0
 1060 00d8 00       		.byte	0
 1061 00d9 0F       		.uleb128 0xf
 1062 00da 21       		.uleb128 0x21
 1063 00db 00       		.byte	0
 1064 00dc 49       		.uleb128 0x49
 1065 00dd 13       		.uleb128 0x13
 1066 00de 2F       		.uleb128 0x2f
 1067 00df 0B       		.uleb128 0xb
 1068 00e0 00       		.byte	0
 1069 00e1 00       		.byte	0
 1070 00e2 00       		.byte	0
 1071              		.section	.debug_aranges,"",%progbits
 1072 0000 4C000000 		.4byte	0x4c
 1073 0004 0200     		.2byte	0x2
 1074 0006 00000000 		.4byte	.Ldebug_info0
ARM GAS  C:\Users\jthem\AppData\Local\Temp\cc5NVX1o.s 			page 25


 1075 000a 04       		.byte	0x4
 1076 000b 00       		.byte	0
 1077 000c 0000     		.2byte	0
 1078 000e 0000     		.2byte	0
 1079 0010 00000000 		.4byte	.LFB0
 1080 0014 54000000 		.4byte	.LFE0-.LFB0
 1081 0018 00000000 		.4byte	.LFB1
 1082 001c 30000000 		.4byte	.LFE1-.LFB1
 1083 0020 00000000 		.4byte	.LFB2
 1084 0024 20000000 		.4byte	.LFE2-.LFB2
 1085 0028 00000000 		.4byte	.LFB3
 1086 002c 32000000 		.4byte	.LFE3-.LFB3
 1087 0030 00000000 		.4byte	.LFB4
 1088 0034 28000000 		.4byte	.LFE4-.LFB4
 1089 0038 00000000 		.4byte	.LFB5
 1090 003c 70000000 		.4byte	.LFE5-.LFB5
 1091 0040 00000000 		.4byte	.LFB6
 1092 0044 70000000 		.4byte	.LFE6-.LFB6
 1093 0048 00000000 		.4byte	0
 1094 004c 00000000 		.4byte	0
 1095              		.section	.debug_ranges,"",%progbits
 1096              	.Ldebug_ranges0:
 1097 0000 00000000 		.4byte	.LFB0
 1098 0004 54000000 		.4byte	.LFE0
 1099 0008 00000000 		.4byte	.LFB1
 1100 000c 30000000 		.4byte	.LFE1
 1101 0010 00000000 		.4byte	.LFB2
 1102 0014 20000000 		.4byte	.LFE2
 1103 0018 00000000 		.4byte	.LFB3
 1104 001c 32000000 		.4byte	.LFE3
 1105 0020 00000000 		.4byte	.LFB4
 1106 0024 28000000 		.4byte	.LFE4
 1107 0028 00000000 		.4byte	.LFB5
 1108 002c 70000000 		.4byte	.LFE5
 1109 0030 00000000 		.4byte	.LFB6
 1110 0034 70000000 		.4byte	.LFE6
 1111 0038 00000000 		.4byte	0
 1112 003c 00000000 		.4byte	0
 1113              		.section	.debug_line,"",%progbits
 1114              	.Ldebug_line0:
 1115 0000 F3000000 		.section	.debug_str,"MS",%progbits,1
 1115      02004D00 
 1115      00000201 
 1115      FB0E0D00 
 1115      01010101 
 1116              	.LASF28:
 1117 0000 57617665 		.ascii	"WaveDAC_0_High_Wave2Setup\000"
 1117      4441435F 
 1117      305F4869 
 1117      67685F57 
 1117      61766532 
 1118              	.LASF23:
 1119 001a 57617665 		.ascii	"WaveDAC_0_High_Stop\000"
 1119      4441435F 
 1119      305F4869 
 1119      67685F53 
 1119      746F7000 
ARM GAS  C:\Users\jthem\AppData\Local\Temp\cc5NVX1o.s 			page 26


 1120              	.LASF3:
 1121 002e 73686F72 		.ascii	"short unsigned int\000"
 1121      7420756E 
 1121      7369676E 
 1121      65642069 
 1121      6E7400
 1122              	.LASF37:
 1123 0041 2E5C4765 		.ascii	".\\Generated_Source\\PSoC5\\WaveDAC_0_High.c\000"
 1123      6E657261 
 1123      7465645F 
 1123      536F7572 
 1123      63655C50 
 1124              	.LASF19:
 1125 006b 77617665 		.ascii	"wavePtr1\000"
 1125      50747231 
 1125      00
 1126              	.LASF21:
 1127 0074 77617665 		.ascii	"wavePtr2\000"
 1127      50747232 
 1127      00
 1128              	.LASF35:
 1129 007d 57617665 		.ascii	"WaveDAC_0_High_wave2\000"
 1129      4441435F 
 1129      305F4869 
 1129      67685F77 
 1129      61766532 
 1130              	.LASF12:
 1131 0092 666C6F61 		.ascii	"float\000"
 1131      7400
 1132              	.LASF31:
 1133 0098 57617665 		.ascii	"WaveDAC_0_High_Wave1TD\000"
 1133      4441435F 
 1133      305F4869 
 1133      67685F57 
 1133      61766531 
 1134              	.LASF27:
 1135 00af 73616D70 		.ascii	"sampleSize\000"
 1135      6C655369 
 1135      7A6500
 1136              	.LASF24:
 1137 00ba 57617665 		.ascii	"WaveDAC_0_High_StartEx\000"
 1137      4441435F 
 1137      305F4869 
 1137      67685F53 
 1137      74617274 
 1138              	.LASF5:
 1139 00d1 6C6F6E67 		.ascii	"long unsigned int\000"
 1139      20756E73 
 1139      69676E65 
 1139      6420696E 
 1139      7400
 1140              	.LASF26:
 1141 00e3 77617665 		.ascii	"wavePtr\000"
 1141      50747200 
 1142              	.LASF9:
 1143 00eb 75696E74 		.ascii	"uint8\000"
 1143      3800
ARM GAS  C:\Users\jthem\AppData\Local\Temp\cc5NVX1o.s 			page 27


 1144              	.LASF30:
 1145 00f1 57617665 		.ascii	"WaveDAC_0_High_Wave2Chan\000"
 1145      4441435F 
 1145      305F4869 
 1145      67685F57 
 1145      61766532 
 1146              	.LASF20:
 1147 010a 73616D70 		.ascii	"sampleSize1\000"
 1147      6C655369 
 1147      7A653100 
 1148              	.LASF22:
 1149 0116 73616D70 		.ascii	"sampleSize2\000"
 1149      6C655369 
 1149      7A653200 
 1150              	.LASF1:
 1151 0122 756E7369 		.ascii	"unsigned char\000"
 1151      676E6564 
 1151      20636861 
 1151      7200
 1152              	.LASF36:
 1153 0130 474E5520 		.ascii	"GNU C 4.9.3 20150303 (release) [ARM/embedded-4_9-br"
 1153      4320342E 
 1153      392E3320 
 1153      32303135 
 1153      30333033 
 1154 0163 616E6368 		.ascii	"anch revision 221220] -mcpu=cortex-m3 -mthumb -g -O"
 1154      20726576 
 1154      6973696F 
 1154      6E203232 
 1154      31323230 
 1155 0196 30202D66 		.ascii	"0 -ffunction-sections -ffat-lto-objects\000"
 1155      66756E63 
 1155      74696F6E 
 1155      2D736563 
 1155      74696F6E 
 1156              	.LASF13:
 1157 01be 646F7562 		.ascii	"double\000"
 1157      6C6500
 1158              	.LASF38:
 1159 01c5 433A5C55 		.ascii	"C:\\Users\\jthem\\Documents\\PSoC Creator\\PWMExamp"
 1159      73657273 
 1159      5C6A7468 
 1159      656D5C44 
 1159      6F63756D 
 1160 01f3 6C653031 		.ascii	"le01\\EasyBoard.cydsn\000"
 1160      5C456173 
 1160      79426F61 
 1160      72642E63 
 1160      7964736E 
 1161              	.LASF10:
 1162 0208 75696E74 		.ascii	"uint16\000"
 1162      313600
 1163              	.LASF11:
 1164 020f 75696E74 		.ascii	"uint32\000"
 1164      333200
 1165              	.LASF8:
 1166 0216 756E7369 		.ascii	"unsigned int\000"
ARM GAS  C:\Users\jthem\AppData\Local\Temp\cc5NVX1o.s 			page 28


 1166      676E6564 
 1166      20696E74 
 1166      00
 1167              	.LASF18:
 1168 0223 57617665 		.ascii	"WaveDAC_0_High_Start\000"
 1168      4441435F 
 1168      305F4869 
 1168      67685F53 
 1168      74617274 
 1169              	.LASF7:
 1170 0238 6C6F6E67 		.ascii	"long long unsigned int\000"
 1170      206C6F6E 
 1170      6720756E 
 1170      7369676E 
 1170      65642069 
 1171              	.LASF32:
 1172 024f 57617665 		.ascii	"WaveDAC_0_High_Wave2TD\000"
 1172      4441435F 
 1172      305F4869 
 1172      67685F57 
 1172      61766532 
 1173              	.LASF25:
 1174 0266 57617665 		.ascii	"WaveDAC_0_High_Wave1Setup\000"
 1174      4441435F 
 1174      305F4869 
 1174      67685F57 
 1174      61766531 
 1175              	.LASF16:
 1176 0280 57617665 		.ascii	"WaveDAC_0_High_Init\000"
 1176      4441435F 
 1176      305F4869 
 1176      67685F49 
 1176      6E697400 
 1177              	.LASF33:
 1178 0294 57617665 		.ascii	"WaveDAC_0_High_initVar\000"
 1178      4441435F 
 1178      305F4869 
 1178      67685F69 
 1178      6E697456 
 1179              	.LASF15:
 1180 02ab 73697A65 		.ascii	"sizetype\000"
 1180      74797065 
 1180      00
 1181              	.LASF34:
 1182 02b4 57617665 		.ascii	"WaveDAC_0_High_wave1\000"
 1182      4441435F 
 1182      305F4869 
 1182      67685F77 
 1182      61766531 
 1183              	.LASF6:
 1184 02c9 6C6F6E67 		.ascii	"long long int\000"
 1184      206C6F6E 
 1184      6720696E 
 1184      7400
 1185              	.LASF14:
 1186 02d7 63686172 		.ascii	"char\000"
 1186      00
ARM GAS  C:\Users\jthem\AppData\Local\Temp\cc5NVX1o.s 			page 29


 1187              	.LASF2:
 1188 02dc 73686F72 		.ascii	"short int\000"
 1188      7420696E 
 1188      7400
 1189              	.LASF17:
 1190 02e6 57617665 		.ascii	"WaveDAC_0_High_Enable\000"
 1190      4441435F 
 1190      305F4869 
 1190      67685F45 
 1190      6E61626C 
 1191              	.LASF4:
 1192 02fc 6C6F6E67 		.ascii	"long int\000"
 1192      20696E74 
 1192      00
 1193              	.LASF0:
 1194 0305 7369676E 		.ascii	"signed char\000"
 1194      65642063 
 1194      68617200 
 1195              	.LASF29:
 1196 0311 57617665 		.ascii	"WaveDAC_0_High_Wave1Chan\000"
 1196      4441435F 
 1196      305F4869 
 1196      67685F57 
 1196      61766531 
 1197              		.ident	"GCC: (GNU Tools for ARM Embedded Processors) 4.9.3 20150303 (release) [ARM/embedded-4_9-br
